https://www.airbnb.com/rooms/5550013,200,Moskva, Moscow, Russia
https://www.airbnb.com/rooms/5550014,200,Palmdale, CA, United States
https://www.airbnb.com/rooms/5550015,200,Courtenay, British Columbia, Canada
https://www.airbnb.com/rooms/5550037,200,Tacoma, WA, United States
https://www.airbnb.com/rooms/5550046,200,Stuyvesant, NY, United States
https://www.airbnb.com/rooms/5550049,200,Oakville, Ontario, Canada
https://www.airbnb.com/rooms/5550051,200,Monte Petrosu, Sardegna, Italy
https://www.airbnb.com/rooms/5550070,200,Minneapolis, MN, United States
https://www.airbnb.com/rooms/5550072,200,Ventura, CA, United States
https://www.airbnb.com/rooms/5550079,200,Cusco, Cuzco, Peru
https://www.airbnb.com/rooms/5550091,200,Chicago, IL, United States
https://www.airbnb.com/rooms/5550107,200,Morin-Heights, Québec, Canada
https://www.airbnb.com/rooms/5550110,200,San Francisco, CA, United States
https://www.airbnb.com/rooms/5550113,200,West Jakarta, Special Capital Region of Jakarta, Indonesia
https://www.airbnb.com/rooms/5550130,200,Denpasar City, Bali, Indonesia
https://www.airbnb.com/rooms/5550138,200,Ciudad de México, Distrito Federal, Mexico
https://www.airbnb.com/rooms/5550143,200,Northampton, MA, United States
https://www.airbnb.com/rooms/5550144,200,Bondi Beach, NSW, Australia
https://www.airbnb.com/rooms/5550145,200,마포구, Seoul, South Korea
https://www.airbnb.com/rooms/5550147,200,Onna Nakama, Okinawa Prefecture, Japan
https://www.airbnb.com/rooms/5550152,200,Maynila, NCR, Philippines
https://www.airbnb.com/rooms/5550156,200,Taipei, Taiwan
https://www.airbnb.com/rooms/5550161,200,Cádiz, AL, Spain
https://www.airbnb.com/rooms/5550164,200,창원시 마산합포구, 경상남도, South Korea
https://www.airbnb.com/rooms/5550173,200,Dromana, VIC, Australia
https://www.airbnb.com/rooms/5550175,200,Mission Beach, QLD, Australia
https://www.airbnb.com/rooms/5550187,200,Lahaina, HI, United States
https://www.airbnb.com/rooms/5550192,200,Las Vegas, NV, United States
https://www.airbnb.com/rooms/5550197,200,tp. Đà Lạt, Lâm Đồng, Vietnam
https://www.airbnb.com/rooms/5550198,200,, Jeju, South Korea
https://www.airbnb.com/rooms/5550200,200,Rio de Janeiro, State of Rio de Janeiro, Brazil
https://www.airbnb.com/rooms/5550201,200,San Borja, Lima, Peru
https://www.airbnb.com/rooms/5550215,200,Kandanga, Queensland, Australia
https://www.airbnb.com/rooms/5550231,200,Muang Pattaya, Chang Wat Chon Buri, Thailand
https://www.airbnb.com/rooms/5550236,200,New York, NY, United States
https://www.airbnb.com/rooms/5550243,200,Orient, NY, United States
https://www.airbnb.com/rooms/5550248,200,San Francisco, CA, United States
https://www.airbnb.com/rooms/5550252,200,Vigo, Galicia, Spain
https://www.airbnb.com/rooms/5550256,200,Managua, Managua, Nicaragua
https://www.airbnb.com/rooms/5550271,200,, Jeju, South Korea
https://www.airbnb.com/rooms/5550273,200,Playa del Carmen, Quintana Roo, Mexico
https://www.airbnb.com/rooms/5550275,200,Nanjing Shi, Jiangsu Sheng, China
https://www.airbnb.com/rooms/5550280,200,Austin, TX, United States
https://www.airbnb.com/rooms/5550297,200,Kuta Utara, Bali, Indonesia
https://www.airbnb.com/rooms/5550302,200,, Jeju, South Korea
https://www.airbnb.com/rooms/5550305,200,Foley, AL, United States
https://www.airbnb.com/rooms/5550317,200,Redwood City, CA, United States
https://www.airbnb.com/rooms/5550330,200,, Jeju, South Korea
https://www.airbnb.com/rooms/5550331,200,Nepean, Ontario, Canada
https://www.airbnb.com/rooms/5550338,200,Brooklyn, NY, United States
https://www.airbnb.com/rooms/5550340,200,Augusta, GA, United States
https://www.airbnb.com/rooms/5550341,200, Seogwipo-si, Jeju, South Korea
https://www.airbnb.com/rooms/5550360,200,South Park Township, PA, United States
https://www.airbnb.com/rooms/5550363,200,Darlinghurst, NSW, Australia
https://www.airbnb.com/rooms/5550366,200,Longbush, Wellington, New Zealand
https://www.airbnb.com/rooms/5550368,200,Vancouver, BC, Canada
https://www.airbnb.com/rooms/5550369,200,South Tangerang, Banten, Indonesia
https://www.airbnb.com/rooms/5550373,200,Taichung City Xitun District, Taiwan, Taiwan
https://www.airbnb.com/rooms/5550375,200,Austin, TX, United States
https://www.airbnb.com/rooms/5550377,200,New York, NY, United States
https://www.airbnb.com/rooms/5550387,200,Waiheke Island, Auckland, New Zealand
https://www.airbnb.com/rooms/5550391,200,Praia Grande, São Paulo, Brazil
https://www.airbnb.com/rooms/5550394,200,Toronto, ON, Canada
https://www.airbnb.com/rooms/5550398,200,Oak Bluffs, MA, United States
https://www.airbnb.com/rooms/5550400,200,San Miguel de Allende, Guanajuato, Mexico
https://www.airbnb.com/rooms/5550402,200,Bahias de Huatulco, Oaxaca, Mexico
https://www.airbnb.com/rooms/5550407,200,Chalmette, LA, United States
https://www.airbnb.com/rooms/5550427,200,Pukekohe, Auckland, New Zealand
https://www.airbnb.com/rooms/5550441,200,Quezon City, Metro Manila, Philippines
https://www.airbnb.com/rooms/5550444,200,Fredericksburg, TX, United States
https://www.airbnb.com/rooms/5550452,200,Parksville, BC, Canada
https://www.airbnb.com/rooms/5550462,200,Paris, Île-de-France, France
https://www.airbnb.com/rooms/5550578,200,São Paulo, São Paulo, Brazil
https://www.airbnb.com/rooms/5550610,200,Silver City, NM, United States
https://www.airbnb.com/rooms/5550617,200,Isabela, Isabela, Puerto Rico
https://www.airbnb.com/rooms/5550618,200,South Yarra, VIC, Australia
https://www.airbnb.com/rooms/5550623,200,Georgian Bay, Ontario, Canada
https://www.airbnb.com/rooms/5550631,200,The Villages, FL, United States
https://www.airbnb.com/rooms/5550633,200,Guangzhou Shi, Guangdong Sheng, China
https://www.airbnb.com/rooms/5550639,200,San Diego, CA, United States
https://www.airbnb.com/rooms/5550646,200,Tampa, FL, United States
https://www.airbnb.com/rooms/5550652,200,New Farm, QLD, Australia
https://www.airbnb.com/rooms/5550660,200,Kailua-Kona, HI, United States
https://www.airbnb.com/rooms/5550668,200,Carlton, OR, United States
https://www.airbnb.com/rooms/5550670,200,Somerville, MA, United States
https://www.airbnb.com/rooms/5550680,200,Pomarangai, Waikato, New Zealand
https://www.airbnb.com/rooms/5550695,200,Minato-ku, Tōkyō-to, Japan
https://www.airbnb.com/rooms/5550707,200,Quorrobolong, NSW, Australia
https://www.airbnb.com/rooms/5550708,200,New Berrima, New South Wales, Australia
https://www.airbnb.com/rooms/5550717,200,Miami Beach, FL, United States
https://www.airbnb.com/rooms/5550718,200,Mangsit, Nusa Tenggara Barat, Indonesia
https://www.airbnb.com/rooms/5550730,200,Portland, OR, United States
https://www.airbnb.com/rooms/5550739,200,Cabo San Lucas, Baja California Sur, Mexico
https://www.airbnb.com/rooms/5550742,200,Austin, TX, United States
https://www.airbnb.com/rooms/5550749,200,Ithaca, NY, United States
https://www.airbnb.com/rooms/5550753,200,East District, Tainan City, Taiwan
https://www.airbnb.com/rooms/5550755,200,台南市, 台南市, Taiwan
https://www.airbnb.com/rooms/5550756,200,台南市, 台南市, Taiwan
https://www.airbnb.com/rooms/5550757,200,台南市, 東區, Taiwan
https://www.airbnb.com/rooms/5550758,200,Toronto, ON, Canada
https://www.airbnb.com/rooms/5550759,200,Rosemead, CA, United States
https://www.airbnb.com/rooms/5550777,200,Auckland, Auckland, New Zealand
https://www.airbnb.com/rooms/5550781,200,Muang Pattaya, Chang Wat Chon Buri, Thailand
https://www.airbnb.com/rooms/5550789,200,Boracay, Philippines
https://www.airbnb.com/rooms/5550794,200,Puerto Vallarta, Jalisco, Mexico
https://www.airbnb.com/rooms/5550803,200,Sanur, Bali, Indonesia
https://www.airbnb.com/rooms/5550804,200,Temora, NSW, Australia
https://www.airbnb.com/rooms/5550807,200,Austin, TX, United States
https://www.airbnb.com/rooms/5550817,200,University Place, WA, United States
https://www.airbnb.com/rooms/5550824,200,Trinity Beach, Queensland, Australia
https://www.airbnb.com/rooms/5550843,200,Squamish, BC, Canada
https://www.airbnb.com/rooms/5550851,200,Savannah, GA, United States
https://www.airbnb.com/rooms/5550853,200,Bogotá, Bogotá, Colombia
https://www.airbnb.com/rooms/5550855,200,Costa Mesa, CA, United States
https://www.airbnb.com/rooms/5550860,200,Philadelphia, PA, United States
https://www.airbnb.com/rooms/5550977,200,Lewisham, NSW, Australia
https://www.airbnb.com/rooms/5550987,200,台南市, 台南市, Taiwan
https://www.airbnb.com/rooms/5550988,200,台南市, 台南市, Taiwan
https://www.airbnb.com/rooms/5551022,200,Sanur, Bali, Indonesia
https://www.airbnb.com/rooms/5551027,200,Christchurch, Canterbury, New Zealand
https://www.airbnb.com/rooms/5551041,200,Orenburg, Orenburgskaya oblast&#x27;, Russia
https://www.airbnb.com/rooms/5551043,200,Cebu City, Mandaue Tipolo, Central Visayas, Philippines
https://www.airbnb.com/rooms/5551046,200,大理, 云南, China
https://www.airbnb.com/rooms/5551048,200,Long Beach, CA, United States
https://www.airbnb.com/rooms/5551051,200,İstanbul, İstanbul, Turkey
https://www.airbnb.com/rooms/5551052,200,Kuala Lumpur, Wilayah Persekutuan Kuala Lumpur, Malaysia
https://www.airbnb.com/rooms/5551063,200,South Yarra, Victoria, Australia
https://www.airbnb.com/rooms/5551068,200,Chevy Chase, MD, United States
https://www.airbnb.com/rooms/5551073,200,Bangkok, Thailand, Thailand
https://www.airbnb.com/rooms/5551076,200,Elsternwick, VIC, Australia
https://www.airbnb.com/rooms/5551189,200,Guilin, Guangxi, China
https://www.airbnb.com/rooms/5551199,200,Houston, TX, United States
https://www.airbnb.com/rooms/5551207,200,San Rafael, CA, United States
https://www.airbnb.com/rooms/5551210,200,Nannup, WA, Australia
https://www.airbnb.com/rooms/5551215,200,Kihei, HI, United States
https://www.airbnb.com/rooms/5551224,200,Jeju-si, Jeju-do, South Korea
https://www.airbnb.com/rooms/5551230,200,Launceston, TAS, Australia
https://www.airbnb.com/rooms/5551239,200,Jeju-si, Jeju-do, South Korea
https://www.airbnb.com/rooms/5551248,200,New York, NY, United States
https://www.airbnb.com/rooms/5551249,200,Miami, FL, United States
https://www.airbnb.com/rooms/5551257,200,Vilnius, Vilniaus apskritis, Lithuania
https://www.airbnb.com/rooms/5551259,200,Jeju-si, Jeju-do, South Korea
https://www.airbnb.com/rooms/5551265,200,Tel Aviv-Yafo, Tel Aviv District, Israel
https://www.airbnb.com/rooms/5551269,200,Kabupaten Badung, Bali, Indonesia
https://www.airbnb.com/rooms/5551271,200,Kampot, Cambodia, Kampot, Cambodia
https://www.airbnb.com/rooms/5551272,200,Jeju-si, Jeju-do, South Korea
https://www.airbnb.com/rooms/5551273,200,Kyoto, Kyoto Prefecture, Japan
https://www.airbnb.com/rooms/5551276,200,Varsity Lakes, QLD, Australia
https://www.airbnb.com/rooms/5551280,200,Guéret, Limousin, France
https://www.airbnb.com/rooms/5551281,200,Paris, IDF, France
https://www.airbnb.com/rooms/5551282,200,Jeju-si, Jeju-do, South Korea
https://www.airbnb.com/rooms/5551409,200,Portland, OR, United States
https://www.airbnb.com/rooms/5551415,200,深圳, 广东, China
https://www.airbnb.com/rooms/5551418,200,Marmari, Euboea Region, Greece
https://www.airbnb.com/rooms/5551419,200,East Melbourne, VIC, Australia
https://www.airbnb.com/rooms/5551421,200,Bol, Splitsko-dalmatinska županija, Croatia
https://www.airbnb.com/rooms/5551433,200,Waikoloa Village, HI, United States
https://www.airbnb.com/rooms/5551436,200,Kuta, Bali, Indonesia
https://www.airbnb.com/rooms/5551449,200,Bol, Splitsko-dalmatinska županija, Croatia
https://www.airbnb.com/rooms/5551464,200,Calonge, Catalunya, Spain
https://www.airbnb.com/rooms/5551468,200,San Francisco, CA, United States
https://www.airbnb.com/rooms/5551480,200,Tromsø, Troms, Norway
https://www.airbnb.com/rooms/5551493,200,Nilaveli, Trincomalee, Eastern Province, Sri Lanka
https://www.airbnb.com/rooms/5551619,200,台灣臺北, Taipei City, Taiwan
https://www.airbnb.com/rooms/5551622,200,Frederiksberg, Denmark
https://www.airbnb.com/rooms/5551636,200,Roma, Lazio, Italy
https://www.airbnb.com/rooms/5551641,200,Hjørring, North Denmark Region, Denmark
https://www.airbnb.com/rooms/5551643,200,İstanbul, Eminönü-GülhaneParkı, Turkey
https://www.airbnb.com/rooms/5551646,200,Kazan&#x27;, Respublika Tatarstan, Russia
https://www.airbnb.com/rooms/5551647,200,Kazan&#x27;, Respublika Tatarstan, Russia
https://www.airbnb.com/rooms/5551653,200,cesano di senigallia, ancona, Italy
https://www.airbnb.com/rooms/5551655,200,Alacant, Comunidad Valenciana, Spain
https://www.airbnb.com/rooms/5551664,200,Bangkok, Krung Thep Maha Nakhon, Thailand
https://www.airbnb.com/rooms/5551677,200,Paris, Île-de-France, France
https://www.airbnb.com/rooms/5551683,200,Las Vegas, NV, United States
https://www.airbnb.com/rooms/5551690,200,Hannover, Niedersachsen, Germany
https://www.airbnb.com/rooms/5551697,200,Shanghai, Shanghai Shi, China
https://www.airbnb.com/rooms/5551701,200,Kazan, Tatarstan, Russia
https://www.airbnb.com/rooms/5551703,200,Rennes, Brittany, France
https://www.airbnb.com/rooms/5551704,200,Miramar, Comunidad Valenciana, Spain
https://www.airbnb.com/rooms/5551727,200,Vence, Provence-Alpes-Côte d&#x27;Azur, France
https://www.airbnb.com/rooms/5551734,200,Valkenburg, Zuid-Holland, Netherlands
https://www.airbnb.com/rooms/5551735,200,Mount Helen, VIC, Australia
https://www.airbnb.com/rooms/5551742,200,Paris, Île-de-France, France
https://www.airbnb.com/rooms/5551743,200,Trincomalee, Eastern Province, Sri Lanka
https://www.airbnb.com/rooms/5551758,200,Yuchi Township, Taiwan
https://www.airbnb.com/rooms/5551764,200,Christchurch, Canterbury, New Zealand
https://www.airbnb.com/rooms/5551769,200,Sultanahmet, İstanbul, Turkey
https://www.airbnb.com/rooms/5551780,200,Hong Kong, East Tsim Sha Tsui, Hong Kong
https://www.airbnb.com/rooms/5551781,200,Cannes, Provence-Alpes-Côte d&#x27;Azur, France
https://www.airbnb.com/rooms/5551790,200,Hannover, Niedersachsen, Germany
https://www.airbnb.com/rooms/5551793,200,Cape Town, Western Cape, South Africa
https://www.airbnb.com/rooms/5551813,200,Hamar, Hedmark, Norway
https://www.airbnb.com/rooms/5551816,200,Novigrad, Istria County, Croatia
https://www.airbnb.com/rooms/5551927,200,Hannover, Niedersachsen, Germany
https://www.airbnb.com/rooms/5551931,200,København, København, Denmark
https://www.airbnb.com/rooms/5551935,200,Pambula Beach, NSW, Australia
https://www.airbnb.com/rooms/5551937,200,İstanbul, İstanbul, Turkey
https://www.airbnb.com/rooms/5551940,200,Paris, Île-de-France, France
https://www.airbnb.com/rooms/5551964,200,Njivice, Primorsko-goranska županija, Croatia
https://www.airbnb.com/rooms/5551971,200,İstanbul, İstanbul, Turkey
https://www.airbnb.com/rooms/5551977,200,George, Western Cape, South Africa
https://www.airbnb.com/rooms/5551988,200,Ubud, Bali, Indonesia
https://www.airbnb.com/rooms/5551989,200,İstanbul, İstanbul, Turkey
https://www.airbnb.com/rooms/5551990,200,Moosburg, Bayern, Germany
https://www.airbnb.com/rooms/5551993,200,Fisherhaven, Western Cape, South Africa
https://www.airbnb.com/rooms/5552016,200,Oliva, Comunidad Valenciana, Spain
https://www.airbnb.com/rooms/5552030,200,Finale Ligure, Liguria, Italy
https://www.airbnb.com/rooms/5552147,200,Uckfield, East Sussex, United Kingdom
https://www.airbnb.com/rooms/5552148,200,Hong Kong, Kowloon, Hong Kong
https://www.airbnb.com/rooms/5552154,200,Guangzhou, Guangdong, China
https://www.airbnb.com/rooms/5552171,200,Vielle-Soubiran, Aquitaine, France
https://www.airbnb.com/rooms/5552185,200,Calpe, Comunidad Valenciana, Spain
https://www.airbnb.com/rooms/5552186,200,Paris, Île-de-France, France
https://www.airbnb.com/rooms/5552198,200,Ρόδος, dodecanese, Greece
https://www.airbnb.com/rooms/5552200,200,Singapore, Singapore
https://www.airbnb.com/rooms/5552202,200,Genève, Genève, Switzerland
https://www.airbnb.com/rooms/5552203,200,Ortonovo, Liguria, Italy
https://www.airbnb.com/rooms/5552207,200,Hellerup, Denmark
https://www.airbnb.com/rooms/5552212,200,Nice, Provence-Alpes-Côte d&#x27;Azur, France
https://www.airbnb.com/rooms/5552227,200,Jerusalem, Jerusalem District, Israel
https://www.airbnb.com/rooms/5552230,200,Alesund, Møre og Romsdal, Norway
https://www.airbnb.com/rooms/5552236,200,Kenmare, Kerry, Ireland
https://www.airbnb.com/rooms/5552244,200,名古屋市, 愛知県, Japan
https://www.airbnb.com/rooms/5552264,200,Imola, Emilia-Romagna, Italy
https://www.airbnb.com/rooms/5552268,200,Zhongzheng District, Taipei City, Taiwan
https://www.airbnb.com/rooms/5552311,200,Paris, Île-de-France, France
https://www.airbnb.com/rooms/5552312,200,Makati City, Metro Manila, Philippines
https://www.airbnb.com/rooms/5552313,200,Castiglione di Sicilia, Sicilia, Italy
https://www.airbnb.com/rooms/5552315,200,Warszawa, mazowieckie, Poland
https://www.airbnb.com/rooms/5552320,200,Dovje, Jesenice, Slovenia
https://www.airbnb.com/rooms/5552322,200,Melbourne, VIC, Australia
https://www.airbnb.com/rooms/5552324,200,Florence, Tuscany, Italy
https://www.airbnb.com/rooms/5552331,200,Seminyak, Bali, Indonesia
https://www.airbnb.com/rooms/5552465,200,Osaka, Osaka Prefecture, Japan
https://www.airbnb.com/rooms/5552473,200,Kyoto, Kyoto Prefecture, Japan
https://www.airbnb.com/rooms/5552481,200,Sankt-Peterburg, Saint Petersburg, Russia
https://www.airbnb.com/rooms/5552482,200,Cape Town, Western Cape, South Africa
https://www.airbnb.com/rooms/5552484,200,COLONZELLE, Rhône-Alpes, France
https://www.airbnb.com/rooms/5552487,200,Aix-en-Provence, Provence-Alpes-Côte d&#x27;Azur, France
https://www.airbnb.com/rooms/5552488,200,Tel Aviv-Yafo, Tel Aviv District, Israel
https://www.airbnb.com/rooms/5552496,200,Njivice, Primorsko-goranska županija, Croatia
https://www.airbnb.com/rooms/5552512,200,Seocho-gu, Seoul, South Korea
https://www.airbnb.com/rooms/5552526,200,Firenze, Toscana, Italy
https://www.airbnb.com/rooms/5552528,200,Hermosa Beach, CA, United States
https://www.airbnb.com/rooms/5552530,200,Gili Trawangan, West Nusa Tenggara, Indonesia
https://www.airbnb.com/rooms/5552533,200,Nuits-Saint-Georges, Bourgogne, France
https://www.airbnb.com/rooms/5552536,200,Randwick, NSW, Australia
https://www.airbnb.com/rooms/5552538,200,Margaret River, Western Australia, Australia
https://www.airbnb.com/rooms/5552542,200,Olbia, Sardegna, Italy
https://www.airbnb.com/rooms/5552543,200,Calpe, Comunidad Valenciana, Spain
https://www.airbnb.com/rooms/5552546,200,La Quinta, CA, United States
https://www.airbnb.com/rooms/5552549,200,Sassari, Sardegna, Italy
https://www.airbnb.com/rooms/5552556,200,Helsinki, Finland
https://www.airbnb.com/rooms/5552633,200,Alcabideche, Lisboa, Portugal
https://www.airbnb.com/rooms/5552635,200,Koundouros, Egeo, Greece
https://www.airbnb.com/rooms/5552636,200,Scherpenzeel, Gelderland, Netherlands
https://www.airbnb.com/rooms/5552653,200,Lyon, Rhône-Alpes, France
https://www.airbnb.com/rooms/5552658,200,Bol, Splitsko-dalmatinska županija, Croatia
https://www.airbnb.com/rooms/5552661,200,Mount Macedon, VIC, Australia
https://www.airbnb.com/rooms/5552664,200,Fucecchio, Toscana, Italy
https://www.airbnb.com/rooms/5552668,200,Venezia, Veneto, Italy
https://www.airbnb.com/rooms/5552689,200,Austin, TX, United States
https://www.airbnb.com/rooms/5552691,200,Strasbourg, Alsace, France
https://www.airbnb.com/rooms/5552695,200,Lignano Sabbiadoro, Friuli-Venezia Giulia, Italy
https://www.airbnb.com/rooms/5552702,200,Bol, Splitsko-dalmatinska županija, Croatia
https://www.airbnb.com/rooms/5552703,200,Jerusalem, Jerusalem District, Israel
https://www.airbnb.com/rooms/5552707,200,Bol, Splitsko-dalmatinska županija, Croatia
https://www.airbnb.com/rooms/5552710,200,València, Comunidad Valenciana, Spain
https://www.airbnb.com/rooms/5552714,200,Paris, Île-de-France, France
https://www.airbnb.com/rooms/5552716,200,Celle, Niedersachsen, Germany
https://www.airbnb.com/rooms/5552722,200,Batumi, Adjara, Georgia
https://www.airbnb.com/rooms/5552729,200,Vinkeveen, Utrecht, Netherlands
https://www.airbnb.com/rooms/5552740,200,Jarilla, Extremadura, Spain
https://www.airbnb.com/rooms/5552744,200,汐止區, 新北市, Taiwan
https://www.airbnb.com/rooms/5552751,200,Paris, Île-de-France, France
https://www.airbnb.com/rooms/5552754,200,Bretignolles-sur-Mer, Pays de la Loire, France
https://www.airbnb.com/rooms/5552757,200,Yarrahapinni, NSW, Australia
https://www.airbnb.com/rooms/5552769,200,Aigues-Mortes, Languedoc-Roussillon, France
https://www.airbnb.com/rooms/5552771,200,Sarbinowo, Województwo zachodniopomorskie, Poland
https://www.airbnb.com/rooms/5552773,200,Gordes, Provence-Alpes-Côte d&#x27;Azur, France
https://www.airbnb.com/rooms/5552775,200,Nelly Bay, Queensland, Australia
https://www.airbnb.com/rooms/5552776,200,Saint-Étienne, RA, France
https://www.airbnb.com/rooms/5552778,200,Yuchi Township, Taiwan
https://www.airbnb.com/rooms/5552784,200,Chiang Mai, Chang Wat Chiang Mai, Thailand
https://www.airbnb.com/rooms/5552791,200,Milano, Lombardia, Italy
https://www.airbnb.com/rooms/5552799,200,Milano, Lombardia, Italy
https://www.airbnb.com/rooms/5552803,200,Agnes Water, QLD, Australia
https://www.airbnb.com/rooms/5552817,200,Saint-Maurice-en-Chalencon, Rhône-Alpes, France
https://www.airbnb.com/rooms/5552933,200,Datong District, Taipei City, Taiwan
https://www.airbnb.com/rooms/5552935,200,Maisons-Alfort, Île-de-France, France
https://www.airbnb.com/rooms/5552937,200,Elduvík, Eysturoy, Faroe Islands
https://www.airbnb.com/rooms/5552943,200,Szentes, Csongrád, Hungary
https://www.airbnb.com/rooms/5552951,200,Roma, Lazio, Italy
https://www.airbnb.com/rooms/5552954,200,København, Denmark
https://www.airbnb.com/rooms/5552956,200,L&#x27;Hospitalet de l&#x27;Infant, Catalunya, Spain
https://www.airbnb.com/rooms/5552959,200,Orșova, Județul Mehedinți, Romania
https://www.airbnb.com/rooms/5552986,200,Hinterthal, Land Salzburg, Austria
https://www.airbnb.com/rooms/5552987,200,Marganell, Catalunya, Spain
https://www.airbnb.com/rooms/5552989,200,Favignana, Sicilia, Italy
https://www.airbnb.com/rooms/5552993,200,Bellagio, Lombardia, Italy
https://www.airbnb.com/rooms/5553000,200,Hong Kong, Kowloon, Hong Kong
https://www.airbnb.com/rooms/5553004,200,Chiang Mai, Chiang Mai, Thailand
https://www.airbnb.com/rooms/5553005,200,Kuala Lumpur, Wilayah Persekutuan Kuala Lumpur, Malaysia
https://www.airbnb.com/rooms/5553006,200,Cagliari, Sardegna, Italy
https://www.airbnb.com/rooms/5553012,200,Verzenay, Champagne-Ardenne, France
https://www.airbnb.com/rooms/5553016,200,Corte, Corse, France
https://www.airbnb.com/rooms/5553022,200,gili trawangan, lombok NTB, Indonesia
https://www.airbnb.com/rooms/5553029,200,Aberdeen, United Kingdom
https://www.airbnb.com/rooms/5553034,200,S&#x27;Agaró, Catalonia, Spain
https://www.airbnb.com/rooms/5553035,200,Gąski, West Pomeranian Voivodeship, Poland
https://www.airbnb.com/rooms/5553046,200,Hua Hin, Prachuap Khiri Khan, Thailand
https://www.airbnb.com/rooms/5553049,200,Berlin, Berlin, Germany
https://www.airbnb.com/rooms/5553059,200,Kal nad Kanalom, Nova Gorica, Slovenia
https://www.airbnb.com/rooms/5553063,200,İstanbul, İstanbul, Turkey
https://www.airbnb.com/rooms/5553064,200,København, Denmark
https://www.airbnb.com/rooms/5553068,200,Dublin, Dublin, Ireland
https://www.airbnb.com/rooms/5553070,200,Alanya, Antalya, Turkey
https://www.airbnb.com/rooms/5553073,200,Paris, Île-de-France, France
https://www.airbnb.com/rooms/5553090,200,Santanyí, Illes Balears, Spain
https://www.airbnb.com/rooms/5553097,200,Marmaris, Muğla, Turkey
https://www.airbnb.com/rooms/5553099,200,Bormes-les-Mimosas, Provence-Alpes-Côte d&#x27;Azur, France
https://www.airbnb.com/rooms/5553101,200,Ribera Alta, Andalucía, Spain
https://www.airbnb.com/rooms/5553107,200,Villagonia, Sicilia, Italy
https://www.airbnb.com/rooms/5553109,200,Kuala Lumpur, Wilayah Persekutuan Kuala Lumpur, Malaysia
https://www.airbnb.com/rooms/5553111,200,Wickham, NSW, Australia
https://www.airbnb.com/rooms/5553112,200,London, Greater London, United Kingdom
https://www.airbnb.com/rooms/5553113,200,Sliema, Malta
https://www.airbnb.com/rooms/5553123,200,Málaga, Andalucía, Spain
https://www.airbnb.com/rooms/5553125,200,Sankt-Peterburg, Saint Petersburg, Russia
https://www.airbnb.com/rooms/5553126,200,Knysna, Western Cape, South Africa
https://www.airbnb.com/rooms/5553131,200,Toorak, VIC, Australia
https://www.airbnb.com/rooms/5553247,200,Paris, Île-de-France, France
https://www.airbnb.com/rooms/5553250,200,København, Denmark
https://www.airbnb.com/rooms/5553263,200,Spigno Saturnia, Lazio, Italy
https://www.airbnb.com/rooms/5553275,200,Pofi, Lazio, Italy
https://www.airbnb.com/rooms/5553276,200,Bosa, Sardegna, Italy
https://www.airbnb.com/rooms/5553277,200,Conil de la Frontera, Andalucía, Spain
https://www.airbnb.com/rooms/5553279,200,Roma, Lazio, Italy
https://www.airbnb.com/rooms/5553281,200,Paris, Île-de-France, France
https://www.airbnb.com/rooms/5553291,200,Kuala Lumpur, Wilayah Persekutuan Kuala Lumpur, Malaysia
https://www.airbnb.com/rooms/5553294,200,Alghero, Sardegna, Italy
https://www.airbnb.com/rooms/5553298,200,Slangerup, Denmark
https://www.airbnb.com/rooms/5553299,200,Saint-Gilles, Bruxelles, Belgium
https://www.airbnb.com/rooms/5553300,200,Torrent, Valencian Community, Spain
https://www.airbnb.com/rooms/5553304,200,Roma, Lazio, Italy
https://www.airbnb.com/rooms/5553313,200,Wiek, Mecklenburg-Vorpommern, Germany
https://www.airbnb.com/rooms/5553316,200,İstanbul, İstanbul, Turkey
https://www.airbnb.com/rooms/5553324,200,Taguig, Metro Manila, Philippines
https://www.airbnb.com/rooms/5553327,200,Cannes, Provence-Alpes-Côte d&#x27;Azur, France
https://www.airbnb.com/rooms/5553334,200,Catania, Sicilia, Italy
https://www.airbnb.com/rooms/5553451,200,Arenas del Rey, Andalucía, Spain
https://www.airbnb.com/rooms/5553457,200,Split, Splitsko-dalmatinska županija, Croatia
https://www.airbnb.com/rooms/5553460,200,Calvi, Corse, France
https://www.airbnb.com/rooms/5553472,200,Feltre, Veneto, Italy
https://www.airbnb.com/rooms/5553475,200,Aalborg, Denmark
https://www.airbnb.com/rooms/5553477,200,Lyon, Rhône-Alpes, France
https://www.airbnb.com/rooms/5553482,200,Grotta Giusti, Toscana, Italy
https://www.airbnb.com/rooms/5553483,200,Amsterdam, Noord-Holland, Netherlands
https://www.airbnb.com/rooms/5553486,200,Paraty, Rio de Janeiro, Brazil
https://www.airbnb.com/rooms/5553488,200,Yogyakarta City, Special Region of Yogyakarta, Indonesia
https://www.airbnb.com/rooms/5553498,200,Casa Santa, Sicilia, Italy
https://www.airbnb.com/rooms/5553500,200,Xirivella, Comunidad Valenciana, Spain
https://www.airbnb.com/rooms/5553502,200,Greenslopes, QLD, Australia
https://www.airbnb.com/rooms/5553504,200,Broken Hill, NSW, Australia
https://www.airbnb.com/rooms/5553505,200,Kilcolgan, Galway, Ireland
https://www.airbnb.com/rooms/5553510,200,Conil de la Frontera, Andalucía, Spain
https://www.airbnb.com/rooms/5553526,200,Gaillan-en-Médoc, Aquitaine, France
https://www.airbnb.com/rooms/5553533,200,Fussy, Centre, France
https://www.airbnb.com/rooms/5553534,200,Knysna, Western Cape, South Africa
https://www.airbnb.com/rooms/5553537,200,Amarilla Golf, Canarias, Spain
https://www.airbnb.com/rooms/5553541,200,Harare, Harare, Zimbabwe
https://www.airbnb.com/rooms/5553559,200,Paris, Île-de-France, France
https://www.airbnb.com/rooms/5553564,200,Manama, Capital Governorate, Bahrain
https://www.airbnb.com/rooms/5553568,200,Sankt-Peterburg, Saint Petersburg, Russia
https://www.airbnb.com/rooms/5553582,200,Sainte-Maxime, Provence-Alpes-Côte d&#x27;Azur, France
https://www.airbnb.com/rooms/5553589,200,Fussy, Centre, France
https://www.airbnb.com/rooms/5553599,200,HannoverHanover, Niedersachsen, Germany
https://www.airbnb.com/rooms/5553608,200,Paris, Île-de-France, France
https://www.airbnb.com/rooms/5553609,200,San Juan, San Juan, Puerto Rico
https://www.airbnb.com/rooms/5553615,200,Torremolinos, Andalucía, Spain
https://www.airbnb.com/rooms/5553619,200,Malinska, Primorje-Gorski Kotar County, Croatia
https://www.airbnb.com/rooms/5553623,200,Albufeira, Faro, Portugal
https://www.airbnb.com/rooms/5553630,200,Tel Aviv-Yafo, Tel Aviv District, Israel
https://www.airbnb.com/rooms/5553634,200,Guîtres, Aquitaine, France
https://www.airbnb.com/rooms/5553640,200,Knysna, Western Cape, South Africa
https://www.airbnb.com/rooms/5553644,200,Stockholm, Stockholms län, Sweden
https://www.airbnb.com/rooms/5553646,200,Eilat, South District, Israel
https://www.airbnb.com/rooms/5553764,200,Bordeaux, Aquitaine, France
https://www.airbnb.com/rooms/5553773,200,Cape Town, Western Cape, South Africa
https://www.airbnb.com/rooms/5553774,200,Fethiye, Turkey
https://www.airbnb.com/rooms/5553780,200,Emmen, Drenthe, Netherlands
https://www.airbnb.com/rooms/5553781,200,Paris, Île-de-France, France
https://www.airbnb.com/rooms/5553782,200,Borgagne, Puglia, Italy
https://www.airbnb.com/rooms/5553786,200,Martigues, Provence-Alpes-Côte d&#x27;Azur, France
https://www.airbnb.com/rooms/5553791,200,Dumaguete, Central Visayas, Philippines
https://www.airbnb.com/rooms/5553796,200,Foz do Iguaçu, Paraná, Brazil
https://www.airbnb.com/rooms/5553799,200,Leeds, England, United Kingdom
https://www.airbnb.com/rooms/5553803,200,Plettenberg Bay, Western Cape, South Africa
https://www.airbnb.com/rooms/5553808,200,Balestrate, Sicilia, Italy
https://www.airbnb.com/rooms/5553813,200,Roma, Lazio, Italy
https://www.airbnb.com/rooms/5553814,200,Rye, United Kingdom
https://www.airbnb.com/rooms/5553826,200,Knysna, Western Cape, South Africa
https://www.airbnb.com/rooms/5553827,200,Sutton, Greater London, United Kingdom
https://www.airbnb.com/rooms/5553830,200,London, United Kingdom
https://www.airbnb.com/rooms/5553832,200,Civitella Marittima, Grosseto, Italy
https://www.airbnb.com/rooms/5553833,200,Barcelona, Catalunya, Spain
https://www.airbnb.com/rooms/5553846,200,Fethiye, Muğla, Turkey
https://www.airbnb.com/rooms/5553847,200,London, United Kingdom
https://www.airbnb.com/rooms/5553852,200,Ibiza, Illes Balears, Spain
https://www.airbnb.com/rooms/5553853,200,Zürich, Zürich, Switzerland
https://www.airbnb.com/rooms/5553855,200,București, Municipiul București, Romania
https://www.airbnb.com/rooms/5553867,200,L&#x27;Hospitalet de l&#x27;Infant, Catalunya, Spain
https://www.airbnb.com/rooms/5553872,200,London, England, United Kingdom
https://www.airbnb.com/rooms/5553878,200,Arzon, Bretagne, France
https://www.airbnb.com/rooms/5553880,200,El Médano, Canarias, Spain
https://www.airbnb.com/rooms/5553882,200,Fairfield, Victoria, Australia
https://www.airbnb.com/rooms/5553890,200,Waregem, Vlaams Gewest, Belgium
https://www.airbnb.com/rooms/5553892,200,Chabanais, Poitou-Charentes, France
https://www.airbnb.com/rooms/5553894,200,Marina San Gregorio, Puglia, Italy
https://www.airbnb.com/rooms/5553898,200,şişli, İstanbul, Turkey
https://www.airbnb.com/rooms/5553913,200,Wiesmoor, Niedersachsen, Germany
https://www.airbnb.com/rooms/5553914,200,Lerici, Liguria, Italy
https://www.airbnb.com/rooms/5553916,200,Sukošan, Zadarska županija, Croatia
https://www.airbnb.com/rooms/5553918,200,Trapani, Sicilia, Italy
https://www.airbnb.com/rooms/5553920,200,Palermo, Sicilia, Italy
https://www.airbnb.com/rooms/5553922,200,Shibuya-ku, Tōkyō-to, Japan
https://www.airbnb.com/rooms/5553932,200,Amphoe Mueang Chiang Mai, Chang Wat Chiang Mai, Thailand
https://www.airbnb.com/rooms/5553941,200,Cetraro, Calabria, Italy
https://www.airbnb.com/rooms/5553944,200,Olbia, Sardegna, Italy
https://www.airbnb.com/rooms/5553945,200,Paris, Île-de-France, France
https://www.airbnb.com/rooms/5553950,200,Paris, Île-de-France, France
https://www.airbnb.com/rooms/5553952,200,L&#x27;Escala, Catalunya, Spain
https://www.airbnb.com/rooms/5553956,200,Żejtun, Malta
https://www.airbnb.com/rooms/5553959,200,London, England, United Kingdom
https://www.airbnb.com/rooms/5553962,200,Linden, Gauteng, South Africa
https://www.airbnb.com/rooms/5554081,200,Tiberias, North District, Israel
https://www.airbnb.com/rooms/5554085,200,Berlin, Berlin, Germany
https://www.airbnb.com/rooms/5554093,200,Panamá, Panamá, Panama
https://www.airbnb.com/rooms/5554095,200,Donnybrook, Dublin, Ireland
https://www.airbnb.com/rooms/5554119,200,Le Lavandou, Provence-Alpes-Côte d&#x27;Azur, France
https://www.airbnb.com/rooms/5554120,200,København, Denmark
https://www.airbnb.com/rooms/5554128,200,Siena, Toscana, Italy
https://www.airbnb.com/rooms/5554131,200,Loupiac, Aquitaine, France
https://www.airbnb.com/rooms/5554133,200,Ubud, Bali, Indonesia
https://www.airbnb.com/rooms/5554137,200,Punta Sardegna, Sardegna, Italy
https://www.airbnb.com/rooms/5554139,200,Piano Cesare, Abruzzo, Italy
https://www.airbnb.com/rooms/5554140,200,Boulogne-Billancourt, Île-de-France, France
https://www.airbnb.com/rooms/5554144,200,Leipzig, Sachsen, Germany
https://www.airbnb.com/rooms/5554149,200,Zagora, Souss-Massa-Draa, Morocco
https://www.airbnb.com/rooms/5554158,200,Sant&#x27;Isidoro, Sardegna, Italy
https://www.airbnb.com/rooms/5554161,200,Μπαλί, Κρήτη, Greece
https://www.airbnb.com/rooms/5554163,200,Barbaggio, Corse, France
https://www.airbnb.com/rooms/5554164,200,Rio de Janeiro, Rio de Janeiro, Brazil
https://www.airbnb.com/rooms/5554283,200,Foshan, Guangdong, China
https://www.airbnb.com/rooms/5554288,200,Los Angeles, CA, United States
https://www.airbnb.com/rooms/5554289,200,Vantačići, Primorje-Gorski Kotar County, Croatia
https://www.airbnb.com/rooms/5554295,200,montefiore dell&#x27;aso, Marche, Italy
https://www.airbnb.com/rooms/5554300,200,Paris, Île-de-France, France
https://www.airbnb.com/rooms/5554302,200,Paris, Île-de-France, France
https://www.airbnb.com/rooms/5554308,200,San Juan, San Juan, Puerto Rico
https://www.airbnb.com/rooms/5554319,200,Moutajup, Victoria, Australia
https://www.airbnb.com/rooms/5554324,200,Atlanta, GA, United States
https://www.airbnb.com/rooms/5554326,200,Atlanta, GA, United States
https://www.airbnb.com/rooms/5554328,200,Royan, Poitou-Charentes, France
https://www.airbnb.com/rooms/5554343,200,București, Municipiul București, Romania
https://www.airbnb.com/rooms/5554345,200,Las Palmas, Canarias, Spain
https://www.airbnb.com/rooms/5554356,200,Milano, Lombardia, Italy
https://www.airbnb.com/rooms/5554361,200,Guangzhou Shi, Guangdong Sheng, China
https://www.airbnb.com/rooms/5554362,200,Fortaleza, Ceará, Brazil
https://www.airbnb.com/rooms/5554364,200,Milano, Lombardia, Italy
https://www.airbnb.com/rooms/5554368,200,Granadilla, Canarias, Spain
https://www.airbnb.com/rooms/5554372,200,Kuala Terengganu, Terengganu, Malaysia
https://www.airbnb.com/rooms/5554373,200,København, S, Denmark
https://www.airbnb.com/rooms/5554380,200,Milano, Lombardia, Italy
https://www.airbnb.com/rooms/5554384,200,Zandvoort, Noord-Holland, Netherlands
https://www.airbnb.com/rooms/5554389,200,Roma, Lazio, Italy
https://www.airbnb.com/rooms/5554395,200,Sousse, Gouvernorat de Sousse, Tunisia
https://www.airbnb.com/rooms/5554397,200,Talakag, Northern Mindanao, Philippines
https://www.airbnb.com/rooms/5554404,200,Milano, Lombardia, Italy
https://www.airbnb.com/rooms/5554406,200,Miami, FL, United States
https://www.airbnb.com/rooms/5554410,200,Tramore, Waterford, Ireland
https://www.airbnb.com/rooms/5554413,200,Минск, Минская область, Belarus
https://www.airbnb.com/rooms/5554415,200,Alaró, Illes Balears, Spain
https://www.airbnb.com/rooms/5554416,200,Thenissey, Bourgogne, France
https://www.airbnb.com/rooms/5554420,200,Souillac, Midi-Pyrénées, France
https://www.airbnb.com/rooms/5554428,200,Cunit, Catalunya, Spain
https://www.airbnb.com/rooms/5554429,200,Paris, IDF, France
https://www.airbnb.com/rooms/5554433,200,Pocenia, Friuli-Venezia Giulia, Italy
https://www.airbnb.com/rooms/5554435,200,København, Denmark
https://www.airbnb.com/rooms/5554439,200,London, United Kingdom
https://www.airbnb.com/rooms/5554441,200,Paris, Île-de-France, France
https://www.airbnb.com/rooms/5554448,200,Arneevo, Moskovskaya oblast&#x27;, Russia
https://www.airbnb.com/rooms/5554466,200,Kumbor, Montenegro
https://www.airbnb.com/rooms/5554470,200,Trbounje, Šibensko-kninska županija, Croatia
https://www.airbnb.com/rooms/5554482,200,Astana, Akmola Region, Kazakhstan
https://www.airbnb.com/rooms/5554595,200,Минск, Минская область, Belarus
https://www.airbnb.com/rooms/5554600,200,Madonna di Campiglio - Sant&#x27;Antonio di Mavignola, Trentino-Alto Adige, Italy
https://www.airbnb.com/rooms/5554602,200,Vinné, Slovakia
https://www.airbnb.com/rooms/5554603,200,Aarhus, Denmark
https://www.airbnb.com/rooms/5554605,200,Toronto, Ontario, Canada
https://www.airbnb.com/rooms/5554608,200,Tallinn, Harjumaa, Estonia
https://www.airbnb.com/rooms/5554611,200,Toronto, ON, Canada
https://www.airbnb.com/rooms/5554613,200,El Médano, Canarias, Spain
https://www.airbnb.com/rooms/5554620,200,İstanbul, İstanbul, Turkey
https://www.airbnb.com/rooms/5554621,200,Malia, Greece
https://www.airbnb.com/rooms/5554622,200,Xàbia, Comunidad Valenciana, Spain
https://www.airbnb.com/rooms/5554623,200,İstanbul, İstanbul, Turkey
https://www.airbnb.com/rooms/5554630,200,Milano, Lombardia, Italy
https://www.airbnb.com/rooms/5554632,200,Split, Splitsko-dalmatinska županija, Croatia
https://www.airbnb.com/rooms/5554636,200,Sonnseite, Tirol, Austria
https://www.airbnb.com/rooms/5554642,200,Vannes, Bretagne, France
https://www.airbnb.com/rooms/5554645,200,Quezon City, Metro Manila, Philippines
https://www.airbnb.com/rooms/5554673,200,Eilat, South District, Israel
https://www.airbnb.com/rooms/5554675,200,Nanning, Guangxi, China
https://www.airbnb.com/rooms/5554678,200,Saint-Tropez, Provence-Alpes-Côte d&#x27;Azur, France
https://www.airbnb.com/rooms/5554680,200,Ruoni, Sardegna, Italy
https://www.airbnb.com/rooms/5554681,200,Aalborg, Denmark
https://www.airbnb.com/rooms/5554688,200,Prague, Hlavní město Praha, Czech Republic
https://www.airbnb.com/rooms/5554691,200,Haarlem, Noord-Holland, Netherlands
https://www.airbnb.com/rooms/5554692,200,Salvador, Bahia, Brazil
https://www.airbnb.com/rooms/5554693,200,Le François, martinique, Martinique
https://www.airbnb.com/rooms/5554695,200,Le Lavandou, Provence-Alpes-Côte d&#x27;Azur, France
https://www.airbnb.com/rooms/5554705,200,Berlin, Berlin, Germany
https://www.airbnb.com/rooms/5554708,200,İstanbul, İstanbul, Turkey
https://www.airbnb.com/rooms/5554709,200,New York, NY, United States
https://www.airbnb.com/rooms/5554723,200,Alcúdia, Illes Balears, Spain
https://www.airbnb.com/rooms/5554732,200,Lecce, Puglia, Italy
https://www.airbnb.com/rooms/5554735,200,Point Reyes Station, CA, United States
https://www.airbnb.com/rooms/5554737,200,Harare, Harare, Zimbabwe
https://www.airbnb.com/rooms/5554739,200,Saint-Priest, Rhône-Alpes, France
https://www.airbnb.com/rooms/5554740,200,Jablonec nad Nisou, Liberecký kraj, Czech Republic
https://www.airbnb.com/rooms/5554745,200,Salta, Salta, Argentina
https://www.airbnb.com/rooms/5554751,200,Saint Saud Lacoussière, Aquitaine, France
https://www.airbnb.com/rooms/5554754,200,Løkken, Denmark
https://www.airbnb.com/rooms/5554759,200,La Romana, La Romana, Dominican Republic
https://www.airbnb.com/rooms/5554764,200,Villeneuve-le-Roi, Île-de-France, France
https://www.airbnb.com/rooms/5554771,200,Paris, Île-de-France, France
https://www.airbnb.com/rooms/5554773,200,Santa Cruz de Tenerife, Canarias, Spain
https://www.airbnb.com/rooms/5554774,200,Marrakech, Marrakech-Tensift-Al Haouz, Morocco
https://www.airbnb.com/rooms/5554775,200,Adalar, İstanbul, Turkey
https://www.airbnb.com/rooms/5554779,200,Paris, Île-de-France, France
https://www.airbnb.com/rooms/5554781,200,Catania, Sicilia, Italy
https://www.airbnb.com/rooms/5554791,200,Milano, Lombardia, Italy
https://www.airbnb.com/rooms/5554804,200,Siófok, Somogy County, Hungary
https://www.airbnb.com/rooms/5554808,200,Castellammare del Golfo, Sicilia, Italy
https://www.airbnb.com/rooms/5554811,200,Rovinj, Istria County, Croatia
https://www.airbnb.com/rooms/5554812,200,Paris, Île-de-France, France
https://www.airbnb.com/rooms/5554817,200,Zagreb, City of Zagreb, Croatia
https://www.airbnb.com/rooms/5554819,200,Poitou, Poitou-Charentes, France
https://www.airbnb.com/rooms/5554822,200,Lodève, Languedoc-Roussillon, France
https://www.airbnb.com/rooms/5554837,200,San Juan, Calabarzon, Philippines
https://www.airbnb.com/rooms/5554851,200,Granadilla, Canarias, Spain
https://www.airbnb.com/rooms/5554853,200,Swakopmund, Erongo, Namibia
https://www.airbnb.com/rooms/5554855,200,Milano, Lombardia, Italy
https://www.airbnb.com/rooms/5554857,200,tp. Thủ Dầu Một, Bình Dương, Vietnam
https://www.airbnb.com/rooms/5554858,200,Prague, Hlavní město Praha, Czech Republic
https://www.airbnb.com/rooms/5554860,200,Madrid, Comunidad de Madrid, Spain
https://www.airbnb.com/rooms/5554863,200,København, Denmark
https://www.airbnb.com/rooms/5554869,200,Alcamo, Sicilia, Italy
https://www.airbnb.com/rooms/5554870,200,Playa del Ingles, Canarias, Spain
https://www.airbnb.com/rooms/5554871,200,Vedronza, Friuli-Venezia Giulia, Italy
https://www.airbnb.com/rooms/5554873,200,Miraflores, Lima, Peru
https://www.airbnb.com/rooms/5554874,200,Newcastle upon Tyne, United Kingdom
https://www.airbnb.com/rooms/5554881,200,Sainte-Soulle, Poitou-Charentes, France
https://www.airbnb.com/rooms/5554883,200,Dorking, Surrey, United Kingdom
https://www.airbnb.com/rooms/5554896,200,Split, Splitsko-dalmatinska županija, Croatia
https://www.airbnb.com/rooms/5555013,200,Agadir, Souss-Massa-Draâ, Morocco
https://www.airbnb.com/rooms/5555030,200,Mikonos, Egeo, Greece
https://www.airbnb.com/rooms/5555034,200,Portoscuso, Sardegna, Italy
https://www.airbnb.com/rooms/5555035,200,Hamburg, Hamburg, Germany
https://www.airbnb.com/rooms/5555038,200,Bogotá, Cundinamarca, Colombia
https://www.airbnb.com/rooms/5555043,200,Dax, Aquitaine, France
https://www.airbnb.com/rooms/5555050,200,Split, Splitsko-dalmatinska županija, Croatia
https://www.airbnb.com/rooms/5555052,200,Funchal, Madeira, Portugal
https://www.airbnb.com/rooms/5555053,200,Vantačići, Primorje-Gorski Kotar County, Croatia
https://www.airbnb.com/rooms/5555058,200,Pattaya , Chom Thian18, Chon Buri, Thailand
https://www.airbnb.com/rooms/5555061,200,渋谷, Tokyo, Japan
https://www.airbnb.com/rooms/5555063,200,München, Bayern, Germany
https://www.airbnb.com/rooms/5555068,200,Patong, Phuket, Thailand
https://www.airbnb.com/rooms/5555069,200,Porto Cervo, Sardegna, Italy
https://www.airbnb.com/rooms/5555079,200,El Puerto de Santa María, Andalucía, Spain
https://www.airbnb.com/rooms/5555083,200,Amsterdam, Noord-Holland, Netherlands
https://www.airbnb.com/rooms/5555087,200,Korfu , ionische Inseln, Greece
https://www.airbnb.com/rooms/5555102,200,Sankt Gallen, Sankt Gallen, Switzerland
https://www.airbnb.com/rooms/5555108,200,Ribaute-les-Tavernes, Languedoc-Roussillon, France
https://www.airbnb.com/rooms/5555215,200,Granada, Andalucía, Spain
https://www.airbnb.com/rooms/5555217,200,Rognes, Provence-Alpes-Côte d&#x27;Azur, France
https://www.airbnb.com/rooms/5555226,200,Liège, Région wallonne, Belgium
https://www.airbnb.com/rooms/5555228,200,Šišan, Istria, Croatia
https://www.airbnb.com/rooms/5555229,200,Agadir, Souss-Massa-Draa, Morocco
https://www.airbnb.com/rooms/5555234,200,Jelsa, Splitsko-dalmatinska županija, Croatia
https://www.airbnb.com/rooms/5555235,200,Paris, Île-de-France, France
https://www.airbnb.com/rooms/5555236,200,Croydon, London, United Kingdom
https://www.airbnb.com/rooms/5555239,200,Saint-Joseph, Réunion, Réunion
https://www.airbnb.com/rooms/5555241,200,Milano, Lombardia, Italy
https://www.airbnb.com/rooms/5555248,200,Ponza, Lazio, Italy
https://www.airbnb.com/rooms/5555249,200,Jelsa, Splitsko-dalmatinska županija, Croatia
https://www.airbnb.com/rooms/5555251,200,Playa del Carmen, Quintana Roo, Mexico
https://www.airbnb.com/rooms/5555258,200,Verona, Veneto, Italy
https://www.airbnb.com/rooms/5555260,200,Nice, Provence-Alpes-Côte d&#x27;Azur, France
https://www.airbnb.com/rooms/5555261,200,Hamburg, Hamburg, Germany
https://www.airbnb.com/rooms/5555262,200,Thun, Bern, Switzerland
https://www.airbnb.com/rooms/5555264,200,Tel Aviv-Yafo, Tel Aviv District, Israel
https://www.airbnb.com/rooms/5555276,200,Marseille, PACA, France
https://www.airbnb.com/rooms/5555277,200,Reggio Calabria, Calabria, Italy
https://www.airbnb.com/rooms/5555279,200,Novalja, Lika-Senj County, Croatia
https://www.airbnb.com/rooms/5555281,200,Santa Flavia, Sicilia, Italy
https://www.airbnb.com/rooms/5555282,200,Paris, Île-de-France, France
https://www.airbnb.com/rooms/5555283,200,Bern, Bern, Switzerland
https://www.airbnb.com/rooms/5555284,200,Santiniketan, West Bengal, India
https://www.airbnb.com/rooms/5555286,200,Punta Secca, Sicily, Italy
https://www.airbnb.com/rooms/5555288,200,Paris, Île-de-France, France
https://www.airbnb.com/rooms/5555289,200,Gramado, Rio Grande do Sul, Brazil
https://www.airbnb.com/rooms/5555290,200,Trabzon, Trabzon, Turkey
https://www.airbnb.com/rooms/5555299,200,Brejão, Portugal, Beja, Portugal
https://www.airbnb.com/rooms/5555308,200,Athina, Greece
https://www.airbnb.com/rooms/5555314,200,Brooklyn, NY, United States
https://www.airbnb.com/rooms/5555323,200,Malinska, Primorje-Gorski Kotar County, Croatia
https://www.airbnb.com/rooms/5555327,200,Pula, Istarska županija, Croatia
https://www.airbnb.com/rooms/5555332,200,Crotone, Calabria, Italy
https://www.airbnb.com/rooms/5555333,200,Shinjuku-ku, Tōkyō-to, Japan
https://www.airbnb.com/rooms/5555336,200,Ballyferriter, Kerry, Ireland
https://www.airbnb.com/rooms/5555337,200,Meersburg, Baden-Württemberg, Germany
https://www.airbnb.com/rooms/5555338,200,Bandol, Provence-Alpes-Côte d&#x27;Azur, France
https://www.airbnb.com/rooms/5555343,200,Suffolk, United Kingdom
https://www.airbnb.com/rooms/5555349,200,São Luís , Beja, Alentejo, Portugal
https://www.airbnb.com/rooms/5555359,200,Campiglia, Toscana, Italy
https://www.airbnb.com/rooms/5555370,200,San Ramón de Tres Ríos, Cartago, Costa Rica
https://www.airbnb.com/rooms/5555381,200,Dorval, Québec, Canada
https://www.airbnb.com/rooms/5555383,200,Saint-Hippolyte, Languedoc-Roussillon, France
https://www.airbnb.com/rooms/5555384,200,Agadir, Souss-Massa-Draa, Morocco
https://www.airbnb.com/rooms/5555385,200,Harrogate, United Kingdom
https://www.airbnb.com/rooms/5555391,200,Torrevieja, Comunidad Valenciana, Spain
https://www.airbnb.com/rooms/5555400,200,Beaumes-de-Venise, Provence-Alpes-Côte d&#x27;Azur, France
https://www.airbnb.com/rooms/5555405,200,Brooklyn, NY, United States
https://www.airbnb.com/rooms/5555412,200,Saguenay, Québec, Canada
https://www.airbnb.com/rooms/5555414,200,Belgrade, Serbia
https://www.airbnb.com/rooms/5555416,200,Montpellier, Languedoc-Roussillon, France
https://www.airbnb.com/rooms/5555522,200,Chamonix-Mont-Blanc, Rhône-Alpes, France
https://www.airbnb.com/rooms/5555526,200,Milano, Lombardia, Italy
https://www.airbnb.com/rooms/5555528,200,Albitreccia, Corse, France
https://www.airbnb.com/rooms/5555535,200,Antwerpen, Vlaams Gewest, Belgium
https://www.airbnb.com/rooms/5555542,200,Roma, Lazio, Italy
https://www.airbnb.com/rooms/5555545,200,San Giovanni, Toscana, Italy
https://www.airbnb.com/rooms/5555546,200,Dublin 15, Dublin, Ireland
https://www.airbnb.com/rooms/5555557,200,Cabannes, Provence-Alpes-Côte d&#x27;Azur, France
https://www.airbnb.com/rooms/5555560,200,Mezzolago, Trentino-Alto Adige, Italy
https://www.airbnb.com/rooms/5555565,200,Amsterdam, Noord-Holland, Netherlands
https://www.airbnb.com/rooms/5555568,200,Sunrise, FL, United States
https://www.airbnb.com/rooms/5555569,200,London, United Kingdom
https://www.airbnb.com/rooms/5555573,200,Miami Platja, Catalonia, Spain
https://www.airbnb.com/rooms/5555582,200,Davao City, Davao Region, Philippines
https://www.airbnb.com/rooms/5555587,200,Val-des-Prés, Provence-Alpes-Côte d&#x27;Azur, France
https://www.airbnb.com/rooms/5555596,200,Urrugne, Aquitaine, France
https://www.airbnb.com/rooms/5555597,200,La Baule-Escoublac, Pays de la Loire, France
https://www.airbnb.com/rooms/5555608,200,Nacka, Stockholms län, Sweden
https://www.airbnb.com/rooms/5555614,200,Roquefort-les-Pins, Provence-Alpes-Côte d&#x27;Azur, France
https://www.airbnb.com/rooms/5555619,200,Toronto, ON, Canada
https://www.airbnb.com/rooms/5555622,200,Cannes, Provence-Alpes-Côte d&#x27;Azur, France
https://www.airbnb.com/rooms/5555624,200,Paris, Île-de-France, France
https://www.airbnb.com/rooms/5555632,200,Arzachena, Sardegna, Italy
https://www.airbnb.com/rooms/5555635,200,Novalja, Lika-Senj County, Croatia
https://www.airbnb.com/rooms/5555638,200,Arlington, VA, United States
https://www.airbnb.com/rooms/5555648,200,Agadir, Souss-Massa-Draâ, Morocco
https://www.airbnb.com/rooms/5555649,200,Bastia, Corse, France
https://www.airbnb.com/rooms/5555650,200,Lviv, Lviv Oblast, Ukraine
https://www.airbnb.com/rooms/5555652,200,København, Denmark
https://www.airbnb.com/rooms/5555655,200,Marbella, Andalucía, Spain
https://www.airbnb.com/rooms/5555664,200,Vantačići, Primorje-Gorski Kotar County, Croatia
https://www.airbnb.com/rooms/5555669,200,Palermo, Sicilia, Italy
https://www.airbnb.com/rooms/5555671,200,Keaau, HI, United States
https://www.airbnb.com/rooms/5555672,200,Roma, Lazio, Italy
https://www.airbnb.com/rooms/5555676,200,London, England, United Kingdom
https://www.airbnb.com/rooms/5555677,200,St Martin, St Martin, Saint Martin
https://www.airbnb.com/rooms/5555679,200,London, United Kingdom
https://www.airbnb.com/rooms/5555680,200,Rogoznica, Šibensko-kninska županija, Croatia
https://www.airbnb.com/rooms/5555681,200,Cypress, TX, United States
https://www.airbnb.com/rooms/5555696,200,İstanbul, İstanbul, Turkey
https://www.airbnb.com/rooms/5555698,200,Berlin, Berlin, Germany
https://www.airbnb.com/rooms/5555702,200,Caldes d&#x27;Estrac, Barcelona, Spain
https://www.airbnb.com/rooms/5555705,200,Hohnstorf (Elbe), Niedersachsen, Germany
https://www.airbnb.com/rooms/5555706,200,Piolenc, Provence-Alpes-Côte d&#x27;Azur, France
https://www.airbnb.com/rooms/5555709,200,Paris, Île-de-France, France
https://www.airbnb.com/rooms/5555713,200,Sorso, Sardegna, Italy
https://www.airbnb.com/rooms/5555721,200,Beijing, Beijing, China
https://www.airbnb.com/rooms/5555722,200,Austin, TX, United States
https://www.airbnb.com/rooms/5555726,200,Split, Splitsko-dalmatinska županija, Croatia
https://www.airbnb.com/rooms/5555727,200,Agropoli, Campania, Italy
https://www.airbnb.com/rooms/5555728,200,Madrid, Comunidad de Madrid, Spain
https://www.airbnb.com/rooms/5555743,200,Amsterdam, Noord-Holland, Netherlands
https://www.airbnb.com/rooms/5555750,200,East Lansing, MI, United States
https://www.airbnb.com/rooms/5555753,200,Novalja, Lika-Senj County, Croatia
https://www.airbnb.com/rooms/5555759,200,Berlin, Berlin, Germany
https://www.airbnb.com/rooms/5555771,200,Écully, Rhône-Alpes, France
https://www.airbnb.com/rooms/5555778,200,Casablanca, Grand Casablanca, Morocco
https://www.airbnb.com/rooms/5555781,200,Amarinthos, EBOIA, Greece
https://www.airbnb.com/rooms/5555783,200,Saint-Francois, Grande-Terre, Guadeloupe
https://www.airbnb.com/rooms/5555784,200,Cortona, Toscana, Italy
https://www.airbnb.com/rooms/5555793,200,Zagreb, City of Zagreb, Croatia
https://www.airbnb.com/rooms/5555795,200,Santiago, Región Metropolitana, Chile
https://www.airbnb.com/rooms/5555798,200,Paris, Île-de-France, France
https://www.airbnb.com/rooms/5555799,200,Jūrmala, Jūrmalas pilsēta, Latvia
https://www.airbnb.com/rooms/5555800,200,Porto Rotondo, Sardegna, Italy
https://www.airbnb.com/rooms/5555807,200,Leynes, Bourgogne, France
https://www.airbnb.com/rooms/5555809,200,Tours, Centre, France
https://www.airbnb.com/rooms/5555811,200,Vigevano, Lombardia, Italy
https://www.airbnb.com/rooms/5555813,200,Miami Platja, Catalonia, Spain
https://www.airbnb.com/rooms/5555817,200,Valladolid, Castilla y León, Spain
https://www.airbnb.com/rooms/5555820,200,Paris, Île-de-France, France
https://www.airbnb.com/rooms/5555822,200,Portland, OR, United States
https://www.airbnb.com/rooms/5555823,200,Barcelona, Barcelona, Spain
https://www.airbnb.com/rooms/5555936,200,Bologna, Emilia-Romagna, Italy
https://www.airbnb.com/rooms/5555938,200,Naiton Beach, Phuket, Thailand
https://www.airbnb.com/rooms/5555939,200,Milano, Lombardia, Italy
https://www.airbnb.com/rooms/5555946,200,Anacapri, Campania, Italy
https://www.airbnb.com/rooms/5555948,200,Λιτόχωρο, ΄Πιερία, Greece
https://www.airbnb.com/rooms/5555950,200,Ottawa, ON, Canada
https://www.airbnb.com/rooms/5555952,200,Jelsa, Splitsko-dalmatinska županija, Croatia
https://www.airbnb.com/rooms/5555955,200,Fuseta, Faro, Portugal
https://www.airbnb.com/rooms/5555958,200,Milano, Lombardia, Italy
https://www.airbnb.com/rooms/5555960,200,Paris, Île-de-France, France
https://www.airbnb.com/rooms/5555964,200,Banjar, Bali, Indonesia
https://www.airbnb.com/rooms/5555971,200,Astoria , NY, United States
https://www.airbnb.com/rooms/5555974,200,Bocas del Toro, Bocas del Toro, Panama
https://www.airbnb.com/rooms/5555977,200,Bologna, Emilia-Romagna, Italy
https://www.airbnb.com/rooms/5555985,200,Milano, Lombardia, Italy
https://www.airbnb.com/rooms/5555992,200,Paris, Île-de-France, France
https://www.airbnb.com/rooms/5555993,200,Neuilly-sur-Seine, Île-de-France, France
https://www.airbnb.com/rooms/5555999,200,Bologna, Emilia-Romagna, Italy
https://www.airbnb.com/rooms/5556000,200,Palau, Sardegna, Italy
https://www.airbnb.com/rooms/5556002,200,Agadir, Souss-Massa-Draâ, Morocco
https://www.airbnb.com/rooms/5556007,200,Paris, Île-de-France, France
https://www.airbnb.com/rooms/5556010,200,Sant&#x27;Agata di Militello, Sicilia, Italy
https://www.airbnb.com/rooms/5556011,200,Marbella, Andalucía, Spain
https://www.airbnb.com/rooms/5556013,200,Viby, Denmark
https://www.airbnb.com/rooms/5556015,200,Isola d&#x27;Asti, Piemonte, Italy
https://www.airbnb.com/rooms/5556016,200,Njivice, Primorsko-goranska županija, Croatia
https://www.airbnb.com/rooms/5556018,200,Osaka, Osaka Prefecture, Japan
https://www.airbnb.com/rooms/5556019,200,Middlesbrough, Middlesbrough, United Kingdom
https://www.airbnb.com/rooms/5556024,200,København, Denmark
https://www.airbnb.com/rooms/5556027,200,Cottesloe, Western Australia, Australia
https://www.airbnb.com/rooms/5556030,200,Torrevieja, Comunidad Valenciana, Spain
https://www.airbnb.com/rooms/5556034,200,Port Angeles, WA, United States
https://www.airbnb.com/rooms/5556043,200,Osaka Miyakojima-ku, Osaka Prefecture, Japan
https://www.airbnb.com/rooms/5556044,200,Sankt Gallen, Sankt Gallen, Switzerland
https://www.airbnb.com/rooms/5556050,200,Aswan, Aswan Governorate, Egypt
https://www.airbnb.com/rooms/5556051,200,Asnières-sur-Seine, Île-de-France, France
https://www.airbnb.com/rooms/5556056,200,Marbella, Andalucía, Spain
https://www.airbnb.com/rooms/5556060,200,Osaka Miyakojima-ku, Osaka Prefecture, Japan
https://www.airbnb.com/rooms/5556063,200,Piegaro, Perugia, Italy
https://www.airbnb.com/rooms/5556068,200,Osaka Miyakojima-ku, Osaka Prefecture, Japan
https://www.airbnb.com/rooms/5556069,200,Montalcino, Toscana, Italy
https://www.airbnb.com/rooms/5556074,200,Sutton Coldfield, United Kingdom
https://www.airbnb.com/rooms/5556075,200,Lleida, Catalunya, Spain
https://www.airbnb.com/rooms/5556081,200,Josselin, Bretagne, France
https://www.airbnb.com/rooms/5556088,200,Zonza, Corse, France
https://www.airbnb.com/rooms/5556091,200,Osaka Miyakojima-ku, Osaka Prefecture, Japan
https://www.airbnb.com/rooms/5556092,200,Split, Splitsko-dalmatinska županija, Croatia
https://www.airbnb.com/rooms/5556093,200,L&#x27;Escala, Catalunya, Spain
https://www.airbnb.com/rooms/5556094,200,Bully-les-Mines, Nord-Pas-de-Calais, France
https://www.airbnb.com/rooms/5556098,200,Wien, Wien, Austria
https://www.airbnb.com/rooms/5556099,200,Sainte-Anne, Grande-Terre, Guadeloupe
https://www.airbnb.com/rooms/5556106,200,Sant&#x27;Anatolia di Narco, Umbria, Italy
https://www.airbnb.com/rooms/5556108,200,Roma, Lazio, Italy
https://www.airbnb.com/rooms/5556110,200,Stralsund, Mecklenburg-Vorpommern, Germany
https://www.airbnb.com/rooms/5556111,200,Potsdam, Brandenburg, Germany
https://www.airbnb.com/rooms/5556112,200,Arezzo, Toscana, Italy
https://www.airbnb.com/rooms/5556115,200,Amsterdam, Noord-Holland, Netherlands
https://www.airbnb.com/rooms/5556118,200,Paris, Île-de-France, France
https://www.airbnb.com/rooms/5556121,200,Psematismenos, Larnaca District, Cyprus
https://www.airbnb.com/rooms/5556124,200,San Martino Alla Palma, Toscana, Italy
https://www.airbnb.com/rooms/5556126,200,New York, NY, United States
https://www.airbnb.com/rooms/5556127,200,Santiago, Región Metropolitana, Chile
https://www.airbnb.com/rooms/5556135,200,Arzachena, Sardegna, Italy
https://www.airbnb.com/rooms/5556243,200,Bagnaia, Toscana, Italy
https://www.airbnb.com/rooms/5556252,200,Le Tablier, Pays de la Loire, France
https://www.airbnb.com/rooms/5556257,200,Grosseto, Toscana, Italy
https://www.airbnb.com/rooms/5556259,200,Banjar, Bali, Indonesia
https://www.airbnb.com/rooms/5556267,200,Phuket - Patong Beach, Phuket, Thailand
https://www.airbnb.com/rooms/5556268,200,Niterói, Rio de Janeiro, Brazil
https://www.airbnb.com/rooms/5556270,200,Checheng Township, Taiwan
https://www.airbnb.com/rooms/5556271,200,Palavas-les-Flots, Languedoc-Roussillon, France
https://www.airbnb.com/rooms/5556272,200,Knysna, Western Cape, South Africa
https://www.airbnb.com/rooms/5556273,200,San Diego, CA, United States
https://www.airbnb.com/rooms/5556277,200,Barjac, Languedoc-Roussillon, France
https://www.airbnb.com/rooms/5556291,200,Benidorm, Comunidad Valenciana, Spain
https://www.airbnb.com/rooms/5556294,200,New Orleans, LA, United States
https://www.airbnb.com/rooms/5556295,200,Porto Santo Stefano, Toscana, Italy
https://www.airbnb.com/rooms/5556296,200,Pula, Istarska županija, Croatia
https://www.airbnb.com/rooms/5556313,200,Torrent, Valencian Community, Spain
https://www.airbnb.com/rooms/5556321,200,Carmarthenshire, United Kingdom
https://www.airbnb.com/rooms/5556326,200,Stockton-on-Tees, United Kingdom
https://www.airbnb.com/rooms/5556330,200,San Diego, CA, United States
https://www.airbnb.com/rooms/5556336,200,Desenzano del Garda, Lombardia, Italy
https://www.airbnb.com/rooms/5556337,200,Phuket, Phuket, Thailand
https://www.airbnb.com/rooms/5556341,200,La Rochelle, Poitou-Charentes, France
https://www.airbnb.com/rooms/5556348,200,Sant Antoni de Portmany, Illes Balears, Spain
https://www.airbnb.com/rooms/5556349,200,Pantin, Île-de-France, France
https://www.airbnb.com/rooms/5556352,200,Épinal, Lorraine, France
https://www.airbnb.com/rooms/5556366,200,Roeland Park, KS, United States
https://www.airbnb.com/rooms/5556378,200,Catania, Sicilia, Italy
https://www.airbnb.com/rooms/5556383,200,Hanoi, Cau Giay, Hanoi, Viet Nam, Hanoi, Vietnam
https://www.airbnb.com/rooms/5556389,200,Santiago, Región Metropolitana, Chile
https://www.airbnb.com/rooms/5556390,200,Agadir, Souss-Massa-Draa, Morocco
https://www.airbnb.com/rooms/5556393,200,Ixelles, Bruxelles, Belgium
https://www.airbnb.com/rooms/5556396,200,La Oliva, Canarias, Spain
https://www.airbnb.com/rooms/5556399,200,Roma, Lazio, Italy
https://www.airbnb.com/rooms/5556403,200,Rio Grande, Río Grande, Puerto Rico
https://www.airbnb.com/rooms/5556409,200,Capannori, Toscana, Italy
https://www.airbnb.com/rooms/5556414,200,Huez, Rhône-Alpes, France
https://www.airbnb.com/rooms/5556419,200,Λιτόχωρο, Μακεδονία Θράκη, Greece
https://www.airbnb.com/rooms/5556422,200,Scicli, Sicilia, Italy
https://www.airbnb.com/rooms/5556425,200,Santa Marina Salina, Sicilia, Italy
https://www.airbnb.com/rooms/5556434,200,Williamsburg, Ontario, Canada
https://www.airbnb.com/rooms/5556444,200,Pollos, Castilla y León, Spain
https://www.airbnb.com/rooms/5556445,200,Roma, Lazio, Italy
https://www.airbnb.com/rooms/5556449,200,Paris, Île-de-France, France
https://www.airbnb.com/rooms/5556454,200,Milano, Lombardia, Italy
https://www.airbnb.com/rooms/5556472,200,Patong Beach - Phuket, Phuket, Thailand
https://www.airbnb.com/rooms/5556477,200,Las Americas, Avenida de Las Americas, 8, Spain
https://www.airbnb.com/rooms/5556479,200,Voorburg, Zuid-Holland, Netherlands
https://www.airbnb.com/rooms/5556483,200,Amoreira, Leiria, Portugal
https://www.airbnb.com/rooms/5556489,200,Rio de Janeiro, Rio de Janeiro, Brazil
https://www.airbnb.com/rooms/5556498,200,North Creek, NY, United States
https://www.airbnb.com/rooms/5556501,200,Sorso, Sardegna, Italy
https://www.airbnb.com/rooms/5556504,200,Agadir, Souss-Massa-Draa, Morocco
https://www.airbnb.com/rooms/5556505,200,Philadelphia, PA, United States
https://www.airbnb.com/rooms/5556507,200,Nice, Provence-Alpes-Côte d&#x27;Azur, France
https://www.airbnb.com/rooms/5556508,200,Olhão, Faro, Portugal
https://www.airbnb.com/rooms/5556523,200,Saint Petersburg, Saint Petersburg, Russia
https://www.airbnb.com/rooms/5556524,200,Agios Georgios Nilias, Greece
https://www.airbnb.com/rooms/5556525,200,Porto Ronco, Ticino, Switzerland
https://www.airbnb.com/rooms/5556533,200,Newtown Forbes, Longford, Ireland
https://www.airbnb.com/rooms/5556536,200,Progreso, Yucatán, Mexico
https://www.airbnb.com/rooms/5556649,200,Turrialba, Cartago, Costa Rica
https://www.airbnb.com/rooms/5556656,200,Kullavik, Hallands län, Sweden
https://www.airbnb.com/rooms/5556659,200,Santo Stefano, Sicilia, Italy
https://www.airbnb.com/rooms/5556660,200,Sofia, Sofia-city, Bulgaria
https://www.airbnb.com/rooms/5556662,200,İstanbul, Kozyatagi, Turkey
https://www.airbnb.com/rooms/5556668,200,Greve in Chianti, Toscana, Italy
https://www.airbnb.com/rooms/5556674,200,Favignana, Sicilia, Italy
https://www.airbnb.com/rooms/5556689,200,Bogotá, Cundinamarca, Colombia
https://www.airbnb.com/rooms/5556690,200,Koyunbaba, Muğla, Turkey
https://www.airbnb.com/rooms/5556708,200,Fornalutx, Islas Baleares, Spain
https://www.airbnb.com/rooms/5556712,200,Pringle Bay, Western Cape, South Africa
https://www.airbnb.com/rooms/5556714,200,Vantaa, Finland
https://www.airbnb.com/rooms/5556724,200,Agadir, Souss-Massa-Draa, Morocco
https://www.airbnb.com/rooms/5556726,200,Vir, Zadarska županija, Croatia
https://www.airbnb.com/rooms/5556727,200,Lido Pizzo, Puglia, Italy
https://www.airbnb.com/rooms/5556729,200,Manjadvorci, Istarska županija, Croatia
https://www.airbnb.com/rooms/5556736,200,Checheng Township, Taiwan
https://www.airbnb.com/rooms/5556739,200,Fontane Bianche, Siracusa, Italy
https://www.airbnb.com/rooms/5556740,200,Avignon, Provence-Alpes-Côte d&#x27;Azur, France
https://www.airbnb.com/rooms/5556741,200,Sunny beach, Burgas, Bulgaria
https://www.airbnb.com/rooms/5556743,200,İnlice, Muğla, Turkey
https://www.airbnb.com/rooms/5556746,200,Escazu, San Jose, Costa Rica
https://www.airbnb.com/rooms/5556753,200,Payson, AZ, United States
https://www.airbnb.com/rooms/5556755,200,L&#x27;Escala, Catalunya, Spain
https://www.airbnb.com/rooms/5556758,200,Budva, Budva, Montenegro
https://www.airbnb.com/rooms/5556760,200,Stomorska, Split-Dalmatia County, Croatia
https://www.airbnb.com/rooms/5556767,200,İzmir, İzmir, Turkey
https://www.airbnb.com/rooms/5556769,200,Güejar Sierra, Andalucía, Spain
https://www.airbnb.com/rooms/5556773,200,Mimizan, Aquitaine, France
https://www.airbnb.com/rooms/5556776,200,Montego Bay, Saint James Parish, Jamaica
https://www.airbnb.com/rooms/5556781,200,Minneapolis, MN, United States
https://www.airbnb.com/rooms/5556782,200,Mojácar, Andalucía, Spain
https://www.airbnb.com/rooms/5556786,200,Roses, Catalogne, Spain
https://www.airbnb.com/rooms/5556789,200,Cannigione (OT), Sardegna, Italy
https://www.airbnb.com/rooms/5556802,200,Málaga, Andalucía, Spain
https://www.airbnb.com/rooms/5556807,200,Berlin, Berlin, Germany
https://www.airbnb.com/rooms/5556816,200,Medellin, Antioquia, Colombia
https://www.airbnb.com/rooms/5556818,200,Sarapiqui, Heredia, Costa Rica
https://www.airbnb.com/rooms/5556824,200,Tallinn, Harjumaa, Estonia
https://www.airbnb.com/rooms/5556825,200,Madrid, Comunidad de Madrid, Spain
https://www.airbnb.com/rooms/5556826,200,Nuestra Señora de La Paz, La Paz Department, Bolivia
https://www.airbnb.com/rooms/5556832,200,Waianae, HI, United States
https://www.airbnb.com/rooms/5556838,200,Buenos Aires, Ciudad Autónoma de Buenos Aires, Argentina
https://www.airbnb.com/rooms/5556843,200,Red Wing, MN, United States
https://www.airbnb.com/rooms/5556844,200,Tukwila, WA, United States
https://www.airbnb.com/rooms/5556846,200,Bucine, Arezzo, Toscana, Italy
https://www.airbnb.com/rooms/5556847,200,Fontane Bianche, Sicily, Italy
https://www.airbnb.com/rooms/5556850,200,Marciana Marina, Toscana, Italy
https://www.airbnb.com/rooms/5556964,200,Portofino, Liguria, Italy
https://www.airbnb.com/rooms/5556966,200,Fire Island, NY, United States
https://www.airbnb.com/rooms/5556967,200,Mount Pleasant, SC, United States
https://www.airbnb.com/rooms/5556970,200,Las Vegas, NV, United States
https://www.airbnb.com/rooms/5556973,200,Portopalo Di Capo Passero , SR, Italy
https://www.airbnb.com/rooms/5556974,200,L&#x27;Escala, Catalunya, Spain
https://www.airbnb.com/rooms/5556976,200,Feusisberg, Canton of Schwyz, Switzerland
https://www.airbnb.com/rooms/5556978,200,Mississauga, ON, Canada
https://www.airbnb.com/rooms/5556979,200,Sneek, Friesland, Netherlands
https://www.airbnb.com/rooms/5556982,200,Madrid, Comunidad de Madrid, Spain
https://www.airbnb.com/rooms/5556988,200,Masdenverge, Catalunya, Spain
https://www.airbnb.com/rooms/5556989,200,London, United Kingdom
https://www.airbnb.com/rooms/5556991,200,Muang Pattaya, Chang Wat Chon Buri, Thailand
https://www.airbnb.com/rooms/5556992,200,London, Greater London, United Kingdom
https://www.airbnb.com/rooms/5556996,200,Vilamolat de Mur, Catalunya, Spain
https://www.airbnb.com/rooms/5556997,200,Ruifang District, New Taipei City, Taiwan
https://www.airbnb.com/rooms/5557000,200,Port Mouton, NS, Canada
https://www.airbnb.com/rooms/5557001,200,New Orleans, LA, United States
https://www.airbnb.com/rooms/5557002,200,London, Greater London, United Kingdom
https://www.airbnb.com/rooms/5557005,200,Casa Santa, Sicilia, Italy
https://www.airbnb.com/rooms/5557006,200,Zell am See, Land Salzburg, Austria
https://www.airbnb.com/rooms/5557008,200,Chicago, IL, United States
https://www.airbnb.com/rooms/5557015,200,Radhimë, Vlore, Albania
https://www.airbnb.com/rooms/5557016,200,Musano, Emilia-Romagna, Italy
https://www.airbnb.com/rooms/5557019,200,Barranquilla, Atlantico, Colombia
https://www.airbnb.com/rooms/5557036,200,Paris, Île-de-France, France
https://www.airbnb.com/rooms/5557059,200,Köln, Nordrhein-Westfalen, Germany
https://www.airbnb.com/rooms/5557065,200,Carmona, Andalucía, Spain
https://www.airbnb.com/rooms/5557067,200,London, Greater London, United Kingdom
https://www.airbnb.com/rooms/5557073,200,Paris, Île-de-France, France
https://www.airbnb.com/rooms/5557079,200,Pourcieux, Provence-Alpes-Côte d&#x27;Azur, France
https://www.airbnb.com/rooms/5557083,200,Positano, Campania, Italy
https://www.airbnb.com/rooms/5557087,200,Zrenjanin, Vojvodina, Serbia
https://www.airbnb.com/rooms/5557088,200,Barcelona, Catalunya, Spain
https://www.airbnb.com/rooms/5557091,200,New York, NY, United States
https://www.airbnb.com/rooms/5557092,200,Toronto, Ontario, Canada
https://www.airbnb.com/rooms/5557093,200,San Miguel de Allende, Guanajuato, Mexico
https://www.airbnb.com/rooms/5557097,200,New York, NY, United States
https://www.airbnb.com/rooms/5557106,200,Verona, Veneto, Italy
https://www.airbnb.com/rooms/5557112,200,San Jose, CA, United States
https://www.airbnb.com/rooms/5557115,200,San Casciano dei Bagni, Toscana, Italy
https://www.airbnb.com/rooms/5557118,200,Sevilla, Andalucía, Spain
https://www.airbnb.com/rooms/5557126,200,Dogana di Tiglio, Toscana, Italy
https://www.airbnb.com/rooms/5557129,200,Austin, TX, United States
https://www.airbnb.com/rooms/5557131,200,San Diego, CA, United States
https://www.airbnb.com/rooms/5557132,200,Roma, Lazio, Italy
https://www.airbnb.com/rooms/5557133,200,New York, NY, United States
https://www.airbnb.com/rooms/5557134,200,Bujumbura, Bujumbura Mairie, Burundi
https://www.airbnb.com/rooms/5557135,200,New York, NY, United States
https://www.airbnb.com/rooms/5557137,200,Torrevieja, Comunidad Valenciana, Spain
https://www.airbnb.com/rooms/5557138,200,Genève, Genève, Switzerland
https://www.airbnb.com/rooms/5557140,200,Mindo, Pichincha, Ecuador
https://www.airbnb.com/rooms/5557143,200,Playa del Carmen, Quintana Roo, Mexico
https://www.airbnb.com/rooms/5557151,200,Bangkok, Krung Thep Maha Nakhon, Thailand
https://www.airbnb.com/rooms/5557155,200,Cambridge, MA, United States
https://www.airbnb.com/rooms/5557157,200,Lido di Pomposa - Lido degli Scacchi, Emilia-Romagna, Italy
https://www.airbnb.com/rooms/5557275,200,Sirevåg, Rogaland, Norway
https://www.airbnb.com/rooms/5557278,200,Montréal, Québec, Canada
https://www.airbnb.com/rooms/5557280,200,Les Allues, Rhône-Alpes, France
https://www.airbnb.com/rooms/5557287,200,Ruifang District, New Taipei City, Taiwan
https://www.airbnb.com/rooms/5557291,200,Vilnius, Vilniaus apskritis, Lithuania
https://www.airbnb.com/rooms/5557294,200,Chamonix-Mont-Blanc, Rhône-Alpes, France
https://www.airbnb.com/rooms/5557300,200,Montréal, Québec, Canada
https://www.airbnb.com/rooms/5557304,200,Paris, Île-de-France, France
https://www.airbnb.com/rooms/5557308,200,Marbella, Malaga, Spain
https://www.airbnb.com/rooms/5557316,200,San Francisco, CA, United States
https://www.airbnb.com/rooms/5557317,200,Austin, TX, United States
https://www.airbnb.com/rooms/5557318,200,Split, Splitsko-dalmatinska županija, Croatia
https://www.airbnb.com/rooms/5557319,200,Matino, Puglia, Italy
https://www.airbnb.com/rooms/5557333,200,Mijas, Andalucía, Spain
https://www.airbnb.com/rooms/5557341,200,Rio de Janeiro, Rio de Janeiro, Brazil
https://www.airbnb.com/rooms/5557342,200,London, United Kingdom
https://www.airbnb.com/rooms/5557355,200,Montpinchon, Basse-Normandie, France
https://www.airbnb.com/rooms/5557358,200,Castelvetrano, Sicilia, Italy
https://www.airbnb.com/rooms/5557362,200,Fossé, Languedoc Roussillon, France
https://www.airbnb.com/rooms/5557366,200,Cannes, Provence-Alpes-Côte d&#x27;Azur, France
https://www.airbnb.com/rooms/5557368,200,London, Greater London, United Kingdom
https://www.airbnb.com/rooms/5557369,200,Saumur, Pays de la Loire, France
https://www.airbnb.com/rooms/5557372,200,Firenze, Toscana, Italy
https://www.airbnb.com/rooms/5557381,200,Bronx, NY, United States
https://www.airbnb.com/rooms/5557383,200,Jongno-gu, Seoul, South Korea
https://www.airbnb.com/rooms/5557385,200,Portsmouth, RI, United States
https://www.airbnb.com/rooms/5557386,200,Cambridge, MA, United States
https://www.airbnb.com/rooms/5557390,200,Cape Town, Western Cape, South Africa
https://www.airbnb.com/rooms/5557393,200,Ruifang District, New Taipei City, Taiwan
https://www.airbnb.com/rooms/5557396,200,Blue Bell, PA, United States
https://www.airbnb.com/rooms/5557397,200,中山區, 台北市, Taiwan
https://www.airbnb.com/rooms/5557401,200,Palaia, Toscana, Italy
https://www.airbnb.com/rooms/5557403,200,Austin, TX, United States
https://www.airbnb.com/rooms/5557416,200,Naberezhnye Chelny, Respublika Tatarstan, Russia
https://www.airbnb.com/rooms/5557418,200,Blousson-Sérian, Midi-Pyrénées, France
https://www.airbnb.com/rooms/5557419,200,Calhau, Pico, Azores, Portugal
https://www.airbnb.com/rooms/5557421,200,Lagos, Faro, Portugal
https://www.airbnb.com/rooms/5557424,200,Nominingue, Québec, Canada
https://www.airbnb.com/rooms/5557429,200,Mantova, Lombardia, Italy
https://www.airbnb.com/rooms/5557431,200,Toronto, ON, Canada
https://www.airbnb.com/rooms/5557434,200,Makarska, Splitsko-dalmatinska županija, Croatia
https://www.airbnb.com/rooms/5557435,200,Osimo, Marche, Italy
https://www.airbnb.com/rooms/5557440,200,Madrid, Comunidad de Madrid, Spain
https://www.airbnb.com/rooms/5557442,200,Verona, Veneto, Italy
https://www.airbnb.com/rooms/5557444,200,Ciutadella de Menorca, Illes Balears, Spain
https://www.airbnb.com/rooms/5557449,200,Chobham, United Kingdom
https://www.airbnb.com/rooms/5557455,200,San Miguel de Allende, Guanajuato, Mexico
https://www.airbnb.com/rooms/5557456,200,Milano, Lombardia, Italy
https://www.airbnb.com/rooms/5557460,200,Amsterdam, Noord-Holland, Netherlands
https://www.airbnb.com/rooms/5557466,200,Sedona, AZ, United States
https://www.airbnb.com/rooms/5557467,200,Florence, Tuscany, Italy
https://www.airbnb.com/rooms/5557470,200,Indianapolis, IN, United States
https://www.airbnb.com/rooms/5557582,200,Cortona, Toscana, Italy
https://www.airbnb.com/rooms/5557583,200,Radovići, Tivat, Montenegro
https://www.airbnb.com/rooms/5557586,200,Casamassella, Puglia, Italy
https://www.airbnb.com/rooms/5557596,200,Whitechapel, London, Greater London, United Kingdom
https://www.airbnb.com/rooms/5557597,200,Ciudad de México, Distrito Federal, Mexico
https://www.airbnb.com/rooms/5557602,200,Toronto, ON, Canada
https://www.airbnb.com/rooms/5557604,200,Reykjavík, Capital Region, Iceland
https://www.airbnb.com/rooms/5557605,200,Manjadvorci, Istarska županija, Croatia
https://www.airbnb.com/rooms/5557620,200,Brooklyn, NY, United States
https://www.airbnb.com/rooms/5557635,200,Préaux, Pays de la Loire, France
https://www.airbnb.com/rooms/5557641,200,Marrakech, Marrakech-Tensift-Al Haouz, Morocco
https://www.airbnb.com/rooms/5557644,200,Jelsa, Splitsko-dalmatinska županija, Croatia
https://www.airbnb.com/rooms/5557646,200,Lucca, Toscana, Italy
https://www.airbnb.com/rooms/5557650,200,Paris, Île-de-France, France
https://www.airbnb.com/rooms/5557653,200,Sabanilla, San José, Costa Rica
https://www.airbnb.com/rooms/5557654,200,København, København, Denmark
https://www.airbnb.com/rooms/5557655,200,L&#x27;Aquila, Abruzzo, Italy
https://www.airbnb.com/rooms/5557666,200,Beausoleil, Provence-Alpes-Côte d&#x27;Azur, France
https://www.airbnb.com/rooms/5557667,200,Skyros, Thessalia Sterea Ellada, Greece
https://www.airbnb.com/rooms/5557679,200,Alghero, Sardegna, Italy
https://www.airbnb.com/rooms/5557684,200,Brooklyn, NY, United States
https://www.airbnb.com/rooms/5557687,200,Rīga, Rīgas pilsēta, Latvia
https://www.airbnb.com/rooms/5557688,200,Milano, Lombardia, Italy
https://www.airbnb.com/rooms/5557694,200,Macerata, Marche, Italy
https://www.airbnb.com/rooms/5557696,200,Formia, Lazio, Italy
https://www.airbnb.com/rooms/5557699,200,Lisboa, Lisboa, Portugal
https://www.airbnb.com/rooms/5557701,200,Mirmande, Rhone-Alpes, France
https://www.airbnb.com/rooms/5557704,200,Brecon, Powys, United Kingdom
https://www.airbnb.com/rooms/5557705,200,Poznań, wielkopolskie, Poland
https://www.airbnb.com/rooms/5557707,200,Victoria, BC, Canada
https://www.airbnb.com/rooms/5557708,200,Pernate, NOVARA, Italy
https://www.airbnb.com/rooms/5557711,200,Bibbiena, Toscana, Italy
https://www.airbnb.com/rooms/5557713,200,Roquefort-les-Pins, Provence-Alpes-Côte d&#x27;Azur, France
https://www.airbnb.com/rooms/5557714,200,Huron, OH, United States
https://www.airbnb.com/rooms/5557716,200,Buenos Aires, Ciudad Autónoma de Buenos Aires, Argentina
https://www.airbnb.com/rooms/5557720,200,Villefranche-du-Queyran, Aquitaine, France
https://www.airbnb.com/rooms/5557727,200,Bonito, Mato Grosso do Sul, Brazil
https://www.airbnb.com/rooms/5557729,200,Tel Aviv-Yafo, Tel Aviv District, Israel
https://www.airbnb.com/rooms/5557735,200,Rincón, Puerto Rico, Puerto Rico
https://www.airbnb.com/rooms/5557737,200,Checheng Township, Taiwan
https://www.airbnb.com/rooms/5557742,200,Austin, TX, United States
https://www.airbnb.com/rooms/5557745,200,Champaign, IL, United States
https://www.airbnb.com/rooms/5557748,200,Barcelona, Catalunya, Spain
https://www.airbnb.com/rooms/5557752,200,Serris, Île-de-France, France
https://www.airbnb.com/rooms/5557758,200,Rotterdam, Zuid-Holland, Netherlands
https://www.airbnb.com/rooms/5557759,200,Lima, Lima, Peru
https://www.airbnb.com/rooms/5557762,200,San Pedro, Ambergris Caye, Belize, Belize
https://www.airbnb.com/rooms/5557763,200,Castelfiorentino, Toscana, Italy
https://www.airbnb.com/rooms/5557764,200,Holetown, St James, Barbados
https://www.airbnb.com/rooms/5557889,200,L aquila , Aq, Italy
https://www.airbnb.com/rooms/5557891,200,L aquila , Aq, Italy
https://www.airbnb.com/rooms/5557894,200,Porto Feliz, São Paulo, Brazil
https://www.airbnb.com/rooms/5557900,200,Porto San Paolo, Sardegna, Italy
https://www.airbnb.com/rooms/5557902,200,Barbate, Andalucía, Spain
https://www.airbnb.com/rooms/5557903,200,New York, NY, United States
https://www.airbnb.com/rooms/5557909,200,Habana, La Habana, Cuba
https://www.airbnb.com/rooms/5557911,200,Plouhinec, Bretagne, France
https://www.airbnb.com/rooms/5557913,200,Milano, Lombardia, Italy
https://www.airbnb.com/rooms/5557916,200,ΚΑΛΥΜΝΟΣ, Αιγαίο, Greece
https://www.airbnb.com/rooms/5557927,200,Firenze, Toscana, Italy
https://www.airbnb.com/rooms/5557930,200,Big Bear Lake, CA, United States
https://www.airbnb.com/rooms/5557931,200,Checheng Township, Taiwan
https://www.airbnb.com/rooms/5557932,200,Jerusalem, Jerusalem District, Israel
https://www.airbnb.com/rooms/5558062,200,Montego Bay, St James Parish, Jamaica
https://www.airbnb.com/rooms/5558065,200,Holetown, St James, Barbados
https://www.airbnb.com/rooms/5558070,200,Aci Castello, Sicilia, Italy
https://www.airbnb.com/rooms/5558077,200,Manilva, Málaga, Spain
https://www.airbnb.com/rooms/5558079,200,New York, NY, United States
https://www.airbnb.com/rooms/5558085,200,Bangkok, Bangkok, Thailand
https://www.airbnb.com/rooms/5558086,200,Fontane Bianche, Sicilia, Italy
https://www.airbnb.com/rooms/5558090,200,Fort Lauderdale, FL, United States
https://www.airbnb.com/rooms/5558092,200,Arles, Provence-Alpes-Côte d&#x27;Azur, France
https://www.airbnb.com/rooms/5558093,200,Palermo, Sicilia, Italy
https://www.airbnb.com/rooms/5558094,200,Milano, Lombardia, Italy
https://www.airbnb.com/rooms/5558105,200,Castro, Puglia, Italy
https://www.airbnb.com/rooms/5558115,200,Rocafort, Comunidad Valenciana, Spain
https://www.airbnb.com/rooms/5558118,200,Essaouira, Marrakech-Tensift-Al Haouz, Morocco
https://www.airbnb.com/rooms/5558121,200,Bangkok, Krung Thep Maha Nakhon, Thailand
https://www.airbnb.com/rooms/5558127,200,Jongno-gu, Seoul, South Korea
https://www.airbnb.com/rooms/5558128,200,Paderno Dugnano, Lombardia, Italy
https://www.airbnb.com/rooms/5558132,200,Saint Louis, MO, United States
https://www.airbnb.com/rooms/5558139,200,Hollywood, FL, United States
https://www.airbnb.com/rooms/5558142,200,Jūrmala, Jūrmalas pilsēta, Latvia
https://www.airbnb.com/rooms/5558147,200,Hermosa Beach, CA, United States
https://www.airbnb.com/rooms/5558275,200,Ciudad de México, DF, Mexico
https://www.airbnb.com/rooms/5558283,200,Miami Beach, FL, United States
https://www.airbnb.com/rooms/5558284,200,Recife, Pernambuco, Brazil
https://www.airbnb.com/rooms/5558289,200,São Paulo, São Paulo, Brazil
https://www.airbnb.com/rooms/5558299,200,Edinburgh, Scotland, United Kingdom
https://www.airbnb.com/rooms/5558301,200,Haleiwa, HI, United States
https://www.airbnb.com/rooms/5558307,200,Aposentillo, Chinandega, Nicaragua
https://www.airbnb.com/rooms/5558320,200,London, United Kingdom
https://www.airbnb.com/rooms/5558322,200,Ljubljana, Ljubljana, Slovenia
https://www.airbnb.com/rooms/5558324,200,Austin, TX, United States
https://www.airbnb.com/rooms/5558325,200,台灣臺北, 中山區, Taiwan
https://www.airbnb.com/rooms/5558328,200,Isola d&#x27;Elba, Comune di Marciana, frazione di Procchio, LI, Italy
https://www.airbnb.com/rooms/5558330,200,Champion, PA, United States
https://www.airbnb.com/rooms/5558332,200,Villefranche-sur-Saône, RA, France
https://www.airbnb.com/rooms/5558335,200,Lipari, Sicily, Italy
https://www.airbnb.com/rooms/5558340,200,Port Charlotte, FL, United States
https://www.airbnb.com/rooms/5558341,200,Vancouver Island, BC, Canada
https://www.airbnb.com/rooms/5558342,200,Londa, Toscana, Italy
https://www.airbnb.com/rooms/5558358,200,Washington, DC, United States
https://www.airbnb.com/rooms/5558361,200,Santa Caterina, Sardegna, Italy
https://www.airbnb.com/rooms/5558487,200,Keedysville, MD, United States
https://www.airbnb.com/rooms/5558489,200,Villeneuve-Loubet, Provence-Alpes-Côte d&#x27;Azur, France
https://www.airbnb.com/rooms/5558493,200,München, Bayern, Germany
https://www.airbnb.com/rooms/5558496,200,London, Greater London, United Kingdom
https://www.airbnb.com/rooms/5558498,200,Big Bear Lake, CA, United States
https://www.airbnb.com/rooms/5558502,200,İstanbul, Beyoğlu, Turkey
https://www.airbnb.com/rooms/5558504,200,Trapani, Sicilia, Italy
https://www.airbnb.com/rooms/5558505,200,San Francisco, CA, United States
https://www.airbnb.com/rooms/5558517,200,Berlin, Berlin, Germany
https://www.airbnb.com/rooms/5558522,200,Lisboa, Lisboa, Portugal
https://www.airbnb.com/rooms/5558528,200,London, United Kingdom
https://www.airbnb.com/rooms/5558529,200,İstanbul, beyoglu, Turkey
https://www.airbnb.com/rooms/5558530,200,Honolulu, HI, United States
https://www.airbnb.com/rooms/5558538,200,Breckenridge, CO, United States
https://www.airbnb.com/rooms/5558539,200,Omiš, Splitsko-dalmatinska županija, Croatia
https://www.airbnb.com/rooms/5558544,200,Sedona, AZ, United States
https://www.airbnb.com/rooms/5558549,200,Edmonton, AB, Canada
https://www.airbnb.com/rooms/5558550,200,London, Greater London, United Kingdom
https://www.airbnb.com/rooms/5558556,200,København, Denmark
https://www.airbnb.com/rooms/5558560,200,Montego Bay, St James Parish, Jamaica
https://www.airbnb.com/rooms/5558563,200,João Pessoa, Paraíba, Brazil
https://www.airbnb.com/rooms/5558564,200,Calp, Comunidad Valenciana, Spain
https://www.airbnb.com/rooms/5558567,200,Fasnia, Canarias, Spain
https://www.airbnb.com/rooms/5558570,200,Orléans, Centre, France
https://www.airbnb.com/rooms/5558573,200,Amsterdam, Noord-Holland, Netherlands
https://www.airbnb.com/rooms/5558709,200,Washington, DC, United States
https://www.airbnb.com/rooms/5558711,200,Rye Brook, NY, United States
https://www.airbnb.com/rooms/5558713,200,Cannes, Provence-Alpes-Côte d&#x27;Azur, France
https://www.airbnb.com/rooms/5558716,200,Colombo, WP, Sri Lanka
https://www.airbnb.com/rooms/5558719,200,Roatan, Bay Islands, Honduras
https://www.airbnb.com/rooms/5558720,200,Sonoma, CA, United States
https://www.airbnb.com/rooms/5558732,200,Korčula, Dubrovnik-Neretva County, Croatia
https://www.airbnb.com/rooms/5558735,200,Denver, CO, United States
https://www.airbnb.com/rooms/5558745,200,Étel, Bretagne, France
https://www.airbnb.com/rooms/5558748,200,Lindesberg N, Örebro län, Sweden
https://www.airbnb.com/rooms/5558749,200,Ablon, Basse-Normandie, France
https://www.airbnb.com/rooms/5558750,200,Paris, Île-de-France, France
https://www.airbnb.com/rooms/5558759,200,Champion, PA, United States
https://www.airbnb.com/rooms/5558762,200,Cavtat, Croatia /Dubrovnik-Neretva County, Croatia
https://www.airbnb.com/rooms/5558764,200,Manhattan Beach, CA, United States
https://www.airbnb.com/rooms/5558765,200,Catania, Sicilia, Italy
https://www.airbnb.com/rooms/5558773,200,Soave, Veneto, Italy
https://www.airbnb.com/rooms/5558778,200,Buenos Aires, Ciudad Autónoma de Buenos Aires, Argentina
https://www.airbnb.com/rooms/5558779,200,Big Bear Lake, CA, United States
https://www.airbnb.com/rooms/5558782,200,Madrid, Comunidad de Madrid, Spain
https://www.airbnb.com/rooms/5558898,200,Montalcino, Toscana, Italy
https://www.airbnb.com/rooms/5558901,200,Austin, TX, United States
https://www.airbnb.com/rooms/5558910,200,L aquila , Aq, Italy
https://www.airbnb.com/rooms/5558915,200,Valletta, Malta, Malta
https://www.airbnb.com/rooms/5558917,200,Rio de Janeiro, Rio de Janeiro, Brazil
https://www.airbnb.com/rooms/5558918,200,Sebastopol, CA, United States
https://www.airbnb.com/rooms/5558924,200,Kyoto, Kyoto Prefecture, Japan
https://www.airbnb.com/rooms/5558925,200,San Pedro, Ambergis Caye, Belize, Belize
https://www.airbnb.com/rooms/5558928,200,Wustermark, Brandenburg, Germany
https://www.airbnb.com/rooms/5558930,200,Curitiba, Paraná, Brazil
https://www.airbnb.com/rooms/5558933,200,San Francisco, CA, United States
https://www.airbnb.com/rooms/5558936,200,San Isidro, Buenos Aires, Argentina
https://www.airbnb.com/rooms/5558938,200,Big Bear Lake, CA, United States
https://www.airbnb.com/rooms/5558940,200,Gainesville, GA, United States
https://www.airbnb.com/rooms/5558957,200,La Baroche-sous-Lucé, Basse-Normandie, France
https://www.airbnb.com/rooms/5558961,200,Viterbo, Lazio, Italy
https://www.airbnb.com/rooms/5558965,200,Ablon, Basse-Normandie, France
https://www.airbnb.com/rooms/5558969,200,Barcelona, Catalunya, Spain
https://www.airbnb.com/rooms/5558972,200,Bournemouth, Dorset, United Kingdom
https://www.airbnb.com/rooms/5558974,200,Opatija, Primorsko-goranska županija, Croatia
https://www.airbnb.com/rooms/5558995,200,Dubrovnik, Dubrovačko-neretvanska županija, Croatia
https://www.airbnb.com/rooms/5559110,200,Kyōto-shi, Kyōto-fu, Japan
https://www.airbnb.com/rooms/5559115,200,Tel Aviv-Yafo, Tel Aviv District, Israel
https://www.airbnb.com/rooms/5559118,200,Makarska, Splitsko-dalmatinska županija, Croatia
https://www.airbnb.com/rooms/5559126,200,Philadelphia, PA, United States
https://www.airbnb.com/rooms/5559133,200,San Francisco, CA, United States
https://www.airbnb.com/rooms/5559134,200,Peterborough, ON, Canada
https://www.airbnb.com/rooms/5559136,200,Kyōto-shi, Kyōto-fu, Japan
https://www.airbnb.com/rooms/5559140,200,Spean Bridge, Inverness-shire, United Kingdom
https://www.airbnb.com/rooms/5559144,200,Chicago, IL, United States
https://www.airbnb.com/rooms/5559145,200,Basiglio, Lombardia, Italy
https://www.airbnb.com/rooms/5559160,200,Tinos, Cyclades, Greece
https://www.airbnb.com/rooms/5559162,200,Kyōto-shi, Kyōto-fu, Japan
https://www.airbnb.com/rooms/5559175,200,Kyōto-shi, Kyōto-fu, Japan
https://www.airbnb.com/rooms/5559176,200,Porto Cervo, Sardegna, Italy
https://www.airbnb.com/rooms/5559186,200,Altdorf, Uri, Switzerland
https://www.airbnb.com/rooms/5559190,200,Kyōto-shi, Kyōto-fu, Japan
https://www.airbnb.com/rooms/5559193,200,Marrakech-Tensift-Al Haouz, MA, Marrakesh-Tensift-El Haouz, Morocco
https://www.airbnb.com/rooms/5559199,200,Versoix, Genève, Switzerland
https://www.airbnb.com/rooms/5559200,200,Cape Town, WC, South Africa
https://www.airbnb.com/rooms/5559325,200,Morières-lès-Avignon, Provence-Alpes-Côte d&#x27;Azur, France
https://www.airbnb.com/rooms/5559328,200,London, Greater London, United Kingdom
https://www.airbnb.com/rooms/5559331,200,Washington, DC, United States
https://www.airbnb.com/rooms/5559332,200,New York, NY, United States
https://www.airbnb.com/rooms/5559347,200,Mammoth Lakes, CA, United States
https://www.airbnb.com/rooms/5559349,200,New York, NY, United States
https://www.airbnb.com/rooms/5559354,200,Big Bear Lake, CA, United States
https://www.airbnb.com/rooms/5559364,200,Stockholm, Stockholms län, Sweden
https://www.airbnb.com/rooms/5559365,200,Opatija, Primorsko-goranska županija, Croatia
https://www.airbnb.com/rooms/5559366,200,Amalfi, Campania, Italy
https://www.airbnb.com/rooms/5559367,200,Osani, Corse, France
https://www.airbnb.com/rooms/5559369,200,São Paulo, São Paulo, Brazil
https://www.airbnb.com/rooms/5559371,200,Annapolis, MD, United States
https://www.airbnb.com/rooms/5559377,200,Palafrugell, Catalunya, Spain
https://www.airbnb.com/rooms/5559382,200,Indian Mound, TN, United States
https://www.airbnb.com/rooms/5559384,200,Madeira, PT, Madeira, Portugal
https://www.airbnb.com/rooms/5559385,200,Bad Münstereifel, Nordrhein-Westfalen, Germany
https://www.airbnb.com/rooms/5559386,200,Hamburg, Hamburg, Germany
https://www.airbnb.com/rooms/5559404,200,Fréjus, Provence-Alpes-Côte d&#x27;Azur, France
https://www.airbnb.com/rooms/5559407,200,Martinez, GA, United States
https://www.airbnb.com/rooms/5559420,200,Mayagüez, Mayagüez, Puerto Rico
https://www.airbnb.com/rooms/5559533,200,Cave Creek, AZ, United States
https://www.airbnb.com/rooms/5559534,200,Saint-Jean-sur-Richelieu, QC, Canada
https://www.airbnb.com/rooms/5559544,200,Ibiza, Balearic Islands, Spain
https://www.airbnb.com/rooms/5559551,200,Charleston, SC, United States
https://www.airbnb.com/rooms/5559557,200,Stockholm, Stockholms län, Sweden
https://www.airbnb.com/rooms/5559559,200,New York, NY, United States
https://www.airbnb.com/rooms/5559560,200,Big Bear Lake, CA, United States
https://www.airbnb.com/rooms/5559561,200,Sunny Isles Beach, FL, United States
https://www.airbnb.com/rooms/5559563,200,Portland, OR, United States
https://www.airbnb.com/rooms/5559566,200,La Quinta, CA, United States
https://www.airbnb.com/rooms/5559574,200,Rincón, Rincón, Puerto Rico
https://www.airbnb.com/rooms/5559575,200,Dover, VT, United States
https://www.airbnb.com/rooms/5559579,200,Kraków, małopolskie, Poland
https://www.airbnb.com/rooms/5559584,200,Miraflores, Lima, Peru
https://www.airbnb.com/rooms/5559590,200,Dartmouth, MA, United States
https://www.airbnb.com/rooms/5559593,200,Lisboa, Lisboa, Portugal
https://www.airbnb.com/rooms/5559594,200,Bardez, Goa, India
https://www.airbnb.com/rooms/5559602,200,Miraflores, Lima, Peru
https://www.airbnb.com/rooms/5559612,200,Montpellier, Languedoc-Roussillon, France
https://www.airbnb.com/rooms/5559618,200,Alkent 2000, İstanbul, Turkey
https://www.airbnb.com/rooms/5559624,200,Big Bear Lake, CA, United States
https://www.airbnb.com/rooms/5559741,200,Nelson, Nelson, New Zealand
https://www.airbnb.com/rooms/5559746,200,Vancouver, BC, Canada
https://www.airbnb.com/rooms/5559748,200,Los Angeles, CA, United States
https://www.airbnb.com/rooms/5559753,200,Rønne, Denmark
https://www.airbnb.com/rooms/5559758,200,New York, NY, United States
https://www.airbnb.com/rooms/5559759,200,Nitra, Slovakia
https://www.airbnb.com/rooms/5559762,200,Matosinhos, Porto, Portugal
https://www.airbnb.com/rooms/5559765,200,Los Angeles, CA, United States
https://www.airbnb.com/rooms/5559771,200,Williams Bay, WI, United States
https://www.airbnb.com/rooms/5559784,200,Toronto, ON, Canada
https://www.airbnb.com/rooms/5559793,200,Lepe, Andalucía, Spain
https://www.airbnb.com/rooms/5559796,200,Torino, Piemonte, Italy
https://www.airbnb.com/rooms/5559803,200,Oude Wetering, Zuid-Holland, Netherlands
https://www.airbnb.com/rooms/5559820,200,Tinos, Cyclades, Greece
https://www.airbnb.com/rooms/5559822,200,Tarifa, Andalucía, Spain
https://www.airbnb.com/rooms/5559825,200,Puerto Viejo de Talamanca, Limón, Costa Rica
https://www.airbnb.com/rooms/5559826,200,Puerto Viejo de Talamanca, Limón, Costa Rica
https://www.airbnb.com/rooms/5559827,200,Firenze, Toscana, Italy
https://www.airbnb.com/rooms/5559951,200,Bečići, Budva, Montenegro
https://www.airbnb.com/rooms/5559958,200,Brno, Jihomoravský kraj, Czech Republic
https://www.airbnb.com/rooms/5559968,200,Siracusa, Sicilia, Italy
https://www.airbnb.com/rooms/5559970,200,Haundorf, Bayern, Germany
https://www.airbnb.com/rooms/5559975,200,Lisboa, Lisboa, Portugal
https://www.airbnb.com/rooms/5559990,200,Minato-ku, Tōkyō-to, Japan
https://www.airbnb.com/rooms/5559992,200,Imnaha, OR, United States
