https://www.airbnb.com/rooms/5750001,200,Shanghai, Shanghai, China
https://www.airbnb.com/rooms/5750004,200,Austin, TX, United States
https://www.airbnb.com/rooms/5750006,200,Brooklyn , NY, United States
https://www.airbnb.com/rooms/5750009,200,South Fremantle, WA, Australia
https://www.airbnb.com/rooms/5750010,200,València, Comunidad Valenciana, Spain
https://www.airbnb.com/rooms/5750013,200,Portland, OR, United States
https://www.airbnb.com/rooms/5750019,200,Miami, FL, United States
https://www.airbnb.com/rooms/5750022,200,Bunkie, LA, United States
https://www.airbnb.com/rooms/5750030,200,Lion&#x27;s Head, ON, Canada
https://www.airbnb.com/rooms/5750039,200,Buckleys, St John, United Kingdom
https://www.airbnb.com/rooms/5750043,200,Laie, HI, United States
https://www.airbnb.com/rooms/5750046,200,Toronto, ON, Canada
https://www.airbnb.com/rooms/5750053,200,Buenos Aires, Ciudad Autónoma de Buenos Aires, Argentina
https://www.airbnb.com/rooms/5750059,200,Carmen, Central Visayas, Philippines
https://www.airbnb.com/rooms/5750064,200,Mount Buller, VIC, Australia
https://www.airbnb.com/rooms/5750065,200,Middleton, NS, Canada
https://www.airbnb.com/rooms/5750071,200,Berkeley, CA, United States
https://www.airbnb.com/rooms/5750075,200,Indian Valley, ID, United States
https://www.airbnb.com/rooms/5750076,200,Anacapri, Campania, Italy
https://www.airbnb.com/rooms/5750088,200,Brunswick Heads, New South Wales, Australia
https://www.airbnb.com/rooms/5750107,200,Venice, CA, United States
https://www.airbnb.com/rooms/5750112,200,New Smyrna Beach, FL, United States
https://www.airbnb.com/rooms/5750113,200,Binningup, Western Australia, Australia
https://www.airbnb.com/rooms/5750117,200,Boscobel, Saint Mary Parish, Jamaica
https://www.airbnb.com/rooms/5750120,200,广州, 广东省, China
https://www.airbnb.com/rooms/5750130,200,Le Diamant, Le diamant, Martinique
https://www.airbnb.com/rooms/5750131,200,Chattanooga, TN, United States
https://www.airbnb.com/rooms/5750138,200,Coles Bay, TAS, Australia
https://www.airbnb.com/rooms/5750140,200,Toronto, Ontario, Canada
https://www.airbnb.com/rooms/5750144,200,New York, NY, United States
https://www.airbnb.com/rooms/5750169,200,Sainte-Monique, QC, Canada
https://www.airbnb.com/rooms/5750174,200,Ciudad de México, Distrito Federal, Mexico
https://www.airbnb.com/rooms/5750176,200,Canggu, Bali, Indonesia
https://www.airbnb.com/rooms/5750182,200,Dover, VT, United States
https://www.airbnb.com/rooms/5750184,200,Sayulita, Nayarit, Mexico
https://www.airbnb.com/rooms/5750185,200,เทศบาลนครเชียงใหม่, จ.เชียงใหม่, Thailand
https://www.airbnb.com/rooms/5750193,200,Victoria, BC, Canada
https://www.airbnb.com/rooms/5750198,200,Erskineville, NSW, Australia
https://www.airbnb.com/rooms/5750208,200,Ciudad de México, Distrito Federal, Mexico
https://www.airbnb.com/rooms/5750219,200,Alexandria, NSW, Australia
https://www.airbnb.com/rooms/5750226,200,Paddington, NSW, Australia
https://www.airbnb.com/rooms/5750228,200,Port Melbourne, VIC, Australia
https://www.airbnb.com/rooms/5750242,200,tp. Hội An, Quảng Nam, Vietnam
https://www.airbnb.com/rooms/5750255,200,Malay, Philippines
https://www.airbnb.com/rooms/5750267,200,Sunny Isles Beach, FL, United States
https://www.airbnb.com/rooms/5750268,200,Canggu, Bali, Indonesia
https://www.airbnb.com/rooms/5750288,200,Wiang Nuea, Mae Hong Son, Thailand
https://www.airbnb.com/rooms/5750290,200,Lagun, Curaçao, Curaçao
https://www.airbnb.com/rooms/5750294,200,Pattaya, Chon Buri, Thailand
https://www.airbnb.com/rooms/5750302,200,Brunswick, VIC, Australia
https://www.airbnb.com/rooms/5750310,200,Hàng Gai, Hà Nội, Vietnam
https://www.airbnb.com/rooms/5750311,200,กรุงเทพมหานคร, กรุงเทพมหานคร, Thailand
https://www.airbnb.com/rooms/5750334,200,扬州, 江苏省, China
https://www.airbnb.com/rooms/5750343,200,Albany, NH, United States
https://www.airbnb.com/rooms/5750346,200,Boracay Island, Malay, Philippines
https://www.airbnb.com/rooms/5750351,200,Tambon Wat Chalo, จ.นนทบุรี, Thailand
https://www.airbnb.com/rooms/5750362,200,Kuala Lumpur, Wilayah Persekutuan Kuala Lumpur, Malaysia
https://www.airbnb.com/rooms/5750375,200,Bogota, Bogota, Colombia
https://www.airbnb.com/rooms/5750380,200,Tashkent, Tashkent Province, Uzbekistan
https://www.airbnb.com/rooms/5750381,200,Clovelly, NSW, Australia
https://www.airbnb.com/rooms/5750386,200,Miami, FL, United States
https://www.airbnb.com/rooms/5750405,200,Sáchica, Boyacá, Colombia
https://www.airbnb.com/rooms/5750409,200,Mueang Chiang Rai, Chiang Rai, Thailand
https://www.airbnb.com/rooms/5750412,200,Tambon Hua Hin, Chang Wat Prachuap Khiri Khan, Thailand
https://www.airbnb.com/rooms/5750425,200,Xiamen, Fujian, China
https://www.airbnb.com/rooms/5750426,200,Brooklyn, NY, United States
https://www.airbnb.com/rooms/5750435,200,Pattaya, Chon Buri, Thailand
https://www.airbnb.com/rooms/5750442,200,Whistler, British Columbia, Canada
https://www.airbnb.com/rooms/5750445,200,Tarpon Springs, FL, United States
https://www.airbnb.com/rooms/5750446,200,Budapest, Budapest, Hungary
https://www.airbnb.com/rooms/5750447,200,Jeju-si, Jeju-do, South Korea
https://www.airbnb.com/rooms/5750448,200,New Orleans, LA, United States
https://www.airbnb.com/rooms/5750451,200,Shanghai, Shanghai, China
https://www.airbnb.com/rooms/5750458,200,Gampo-eup, Gyeongju, Gyeongsangbuk-do, South Korea
https://www.airbnb.com/rooms/5750573,200,Crescent City, CA, United States
https://www.airbnb.com/rooms/5750587,200,Tsim Sha Tsui  尖沙咀, Kowloon  九龍, Hong Kong
https://www.airbnb.com/rooms/5750588,200,Miami Beach, FL, United States
https://www.airbnb.com/rooms/5750592,200,Collingswood, NJ, United States
https://www.airbnb.com/rooms/5750595,200,Lingya District, Kaohsiung City, Taiwan
https://www.airbnb.com/rooms/5750598,200,Miami Beach, FL, United States
https://www.airbnb.com/rooms/5750608,200,Champaign, IL, United States
https://www.airbnb.com/rooms/5750610,200,Santo Domingo Este. Ensanche Isabelita, National District, Dominican Republic
https://www.airbnb.com/rooms/5750612,200,Randwick, NSW, Australia
https://www.airbnb.com/rooms/5750616,200,Cisaat, West Java, Indonesia
https://www.airbnb.com/rooms/5750619,200,Kuta, Bali, Indonesia
https://www.airbnb.com/rooms/5750623,200,Toronto, ON, Canada
https://www.airbnb.com/rooms/5750626,200,Barrie, ON, Canada
https://www.airbnb.com/rooms/5750629,200,Ubud, Bali, Indonesia
https://www.airbnb.com/rooms/5750630,200,Kaslik, Mount Lebanon, Lebanon
https://www.airbnb.com/rooms/5750634,200,Richmond, VIC, Australia
https://www.airbnb.com/rooms/5750637,200,Singapore, Singapore, Singapore
https://www.airbnb.com/rooms/5750638,200,Onjuku, Chiba, Japan
https://www.airbnb.com/rooms/5750639,200,Wanhua District, Taipei City, Taiwan
https://www.airbnb.com/rooms/5750641,200,Dushanbe, Districts of Republican Subordination, Tajikistan
https://www.airbnb.com/rooms/5750647,200,Bangkok, Krung Thep Maha Nakhon, Thailand
https://www.airbnb.com/rooms/5750649,200,Mollymook Beach, New South Wales, Australia
https://www.airbnb.com/rooms/5750658,200,Άλινδα, ΔΩΔΕΚΑΝΗΣΑ, Greece
https://www.airbnb.com/rooms/5750662,200,Bronte, NSW, Australia
https://www.airbnb.com/rooms/5750669,200,Hong Kong, Kowloon, Hong Kong
https://www.airbnb.com/rooms/5750676,200,Los Angeles, CA, United States
https://www.airbnb.com/rooms/5750685,200,San Diego, CA, United States
https://www.airbnb.com/rooms/5750690,200,Beverly Hills, CA, United States
https://www.airbnb.com/rooms/5750696,200,San Francisco, CA, United States
https://www.airbnb.com/rooms/5750703,200,Kuta, Bali, Indonesia
https://www.airbnb.com/rooms/5750704,200,Santa Barbara, CA, United States
https://www.airbnb.com/rooms/5750716,200,Wulai District, New Taipei City, Taiwan
https://www.airbnb.com/rooms/5750724,200,Shibuya, Tokyo, Japan
https://www.airbnb.com/rooms/5750725,200,Ōsaka-shi, Ōsaka-fu, Japan
https://www.airbnb.com/rooms/5750729,200,Brunswick Heads, NSW, Australia
https://www.airbnb.com/rooms/5750731,200,Brampton, ON, Canada
https://www.airbnb.com/rooms/5750734,200,Bangkok, Bangkok, Thailand
https://www.airbnb.com/rooms/5750735,200,Tambor Beach, Puntarenas, Costa Rica
https://www.airbnb.com/rooms/5750741,200,Fort Kochi, Kerala, India
https://www.airbnb.com/rooms/5750896,200,Budoni, Sardegna, Italy
https://www.airbnb.com/rooms/5750897,200,New York, NY, United States
https://www.airbnb.com/rooms/5750901,200,Seoul, Mapo-gu, seoul, South Korea
https://www.airbnb.com/rooms/5750917,200,Toms River, NJ, United States
https://www.airbnb.com/rooms/5750919,200,Panama City Beach, FL, United States
https://www.airbnb.com/rooms/5750920,200,Kuta, Bali, Indonesia
https://www.airbnb.com/rooms/5750926,200,Badung, Bali, Indonesia
https://www.airbnb.com/rooms/5750931,200,Bangkok, Krung Thep Maha Nakhon, Thailand
https://www.airbnb.com/rooms/5750934,200,South Hobart, TAS, Australia
https://www.airbnb.com/rooms/5750935,200,Madrid, Comunidad de Madrid, Spain
https://www.airbnb.com/rooms/5750943,200,Stavanger, Rogaland, Norway
https://www.airbnb.com/rooms/5750948,200,Kathu, Phuket, Thailand
https://www.airbnb.com/rooms/5750956,200,Huddinge, Stockholms län, Sweden
https://www.airbnb.com/rooms/5750957,200,Crestone , CO, United States
https://www.airbnb.com/rooms/5750961,200,Pont-Audemer, Upper Normandy, France
https://www.airbnb.com/rooms/5750962,200,Giungano, Campania, Italy
https://www.airbnb.com/rooms/5750964,200,Cape Town, Western Cape, South Africa
https://www.airbnb.com/rooms/5750976,200,Tepoztlán, Morelos, Mexico
https://www.airbnb.com/rooms/5750977,200,Kuta, Bali, Indonesia
https://www.airbnb.com/rooms/5750984,200,Dinan, Bretagne, France
https://www.airbnb.com/rooms/5750986,200,Langkawi, Kedah, Malaysia
https://www.airbnb.com/rooms/5750993,200,Changsha, Hunan, China
https://www.airbnb.com/rooms/5750999,200,Langkawi, Kedah, Malaysia
https://www.airbnb.com/rooms/5751008,200,Milano, Lombardia, Italy
https://www.airbnb.com/rooms/5751021,200,Douarnenez, Bretagne, France
https://www.airbnb.com/rooms/5751038,200,Shenzhen Shi, Guangdong Sheng, China
https://www.airbnb.com/rooms/5751042,200,Koh Samui, , Surat Thani, Thailand
https://www.airbnb.com/rooms/5751048,200,Xian Shi, Shaanxi Sheng, China
https://www.airbnb.com/rooms/5751054,200,Kuta, Bali, Indonesia
https://www.airbnb.com/rooms/5751057,200,San Juan, Metro Manila, Philippines
https://www.airbnb.com/rooms/5751058,200,Tambon Choeng Thale, Chang Wat Phuket, Thailand
https://www.airbnb.com/rooms/5751061,200,小樽市 春香町, Hokkaido Prefecture, Japan
https://www.airbnb.com/rooms/5751064,200,Madrid, Comunidad de Madrid, Spain
https://www.airbnb.com/rooms/5751068,200,Los Angeles, CA, United States
https://www.airbnb.com/rooms/5751070,200,Brooklyn, NY, United States
https://www.airbnb.com/rooms/5751075,200,Bretignolles-sur-Mer, Pays de la Loire, France
https://www.airbnb.com/rooms/5751087,200,Ko Samui, Surat Thani, Thailand
https://www.airbnb.com/rooms/5751091,200,Muri bei Bern, Bern, Switzerland
https://www.airbnb.com/rooms/5751199,200,Dahlem, Nordrhein-Westfalen, Germany
https://www.airbnb.com/rooms/5751201,200,Stellenbosch, Western Cape, South Africa
https://www.airbnb.com/rooms/5751204,200,Paris, Île-de-France, France
https://www.airbnb.com/rooms/5751208,200,Singapore, Singapore
https://www.airbnb.com/rooms/5751211,200,Dubai, Dubai, United Arab Emirates
https://www.airbnb.com/rooms/5751219,200,Puna&#x27;auia, polynesie TAHITI, French Polynesia
https://www.airbnb.com/rooms/5751229,200,Душанбе, Ноҳияҳои тобеи ҷумҳурӣ, Tajikistan
https://www.airbnb.com/rooms/5751237,200,Lisboa, Lisboa, Portugal
https://www.airbnb.com/rooms/5751238,200,Roma, Lazio, Italy
https://www.airbnb.com/rooms/5751240,200,San Francisco, CA, United States
https://www.airbnb.com/rooms/5751244,200,小樽市 春香町, Hokkaido Prefecture, Japan
https://www.airbnb.com/rooms/5751246,200,Mutxamel, Comunidad Valenciana, Spain
https://www.airbnb.com/rooms/5751255,200,Tbilisi, Tbilisi, Georgia
https://www.airbnb.com/rooms/5751265,200,Castellammare del Golfo, Sicilia, Italy
https://www.airbnb.com/rooms/5751270,200,London, United Kingdom
https://www.airbnb.com/rooms/5751272,200,Vilnius, Vilniaus apskritis, Lithuania
https://www.airbnb.com/rooms/5751276,200,小樽市 春香町, Hokkaido Prefecture, Japan
https://www.airbnb.com/rooms/5751278,200,London, United Kingdom
https://www.airbnb.com/rooms/5751283,200,Millers Point, NSW, Australia
https://www.airbnb.com/rooms/5751285,200,Noha-gil, Gyeongju-si, Gyeongsangbuk-do, South Korea
https://www.airbnb.com/rooms/5751288,200,San Cristóbal de Las Casas, Chiapas, Mexico
https://www.airbnb.com/rooms/5751302,200,Tambon Choeng Thale, Phuket, Thailand
https://www.airbnb.com/rooms/5751304,200,Glendowie, Auckland, New Zealand
https://www.airbnb.com/rooms/5751418,200,Tricase, Puglia, Italy
https://www.airbnb.com/rooms/5751424,200,Hondon de las Nieves, Alicante, Spain
https://www.airbnb.com/rooms/5751430,200,Clovelly, NSW, Australia
https://www.airbnb.com/rooms/5751438,200,Diani Beach, Ukunda, Kwale, Kenya
https://www.airbnb.com/rooms/5751441,200,Torre Delle Stelle, Sardegna, Italy
https://www.airbnb.com/rooms/5751444,200,Firenze, Toscana, Italy
https://www.airbnb.com/rooms/5751445,200,Aubeterre-sur-Dronne, Poitou-Charentes, France
https://www.airbnb.com/rooms/5751448,200,San Giorgio, Cyclades, Greece
https://www.airbnb.com/rooms/5751449,200,Wiang Tai, Mae Hong Son, Thailand
https://www.airbnb.com/rooms/5751454,200,Passau, Bayern, Germany
https://www.airbnb.com/rooms/5751467,200,Đà Nẵng, Đà Nẵng, Vietnam
https://www.airbnb.com/rooms/5751468,200,Dunkeld, VIC, Australia
https://www.airbnb.com/rooms/5751471,200,Carrapateira, Faro District, Portugal
https://www.airbnb.com/rooms/5751475,200,Ix-Xagħra, Gozo, Malta
https://www.airbnb.com/rooms/5751478,200,Malgrat de Mar, Catalunya, Spain
https://www.airbnb.com/rooms/5751488,200,Useras, Comunidad Valenciana, Spain
https://www.airbnb.com/rooms/5751493,200,Dehradun, Uttarakhand, India
https://www.airbnb.com/rooms/5751499,200,Paris, Île-de-France, France
https://www.airbnb.com/rooms/5751507,200,Cuxhaven, Niedersachsen, Germany
https://www.airbnb.com/rooms/5751509,200,南京, 江苏省, China
https://www.airbnb.com/rooms/5751512,200,Patreksfjörður, Westfjords, Iceland
https://www.airbnb.com/rooms/5751634,200,Montefalco, Umbria, Italy
https://www.airbnb.com/rooms/5751644,200,Vaucluse, NSW, Australia
https://www.airbnb.com/rooms/5751653,200,Roma, Lazio, Italy
https://www.airbnb.com/rooms/5751665,200,Dehradun, Uttarakhand, India
https://www.airbnb.com/rooms/5751673,200,Cannes, Provence-Alpes-Côte d&#x27;Azur, France
https://www.airbnb.com/rooms/5751676,200,Rīga, Rīgas pilsēta, Latvia
https://www.airbnb.com/rooms/5751677,200,Berlin, Berlin, Germany
https://www.airbnb.com/rooms/5751680,200,Scunthorpe, North Lincolnshire, United Kingdom
https://www.airbnb.com/rooms/5751688,200,Fažana, Istarska županija, Croatia
https://www.airbnb.com/rooms/5751689,200,Lumbaldu, Sardegna, Italy
https://www.airbnb.com/rooms/5751691,200,成都, 四川省, China
https://www.airbnb.com/rooms/5751692,200,London, United Kingdom
https://www.airbnb.com/rooms/5751696,200,Invergordon, Highland, United Kingdom
https://www.airbnb.com/rooms/5751702,200,Carrières-sur-Seine, Île-de-France, France
https://www.airbnb.com/rooms/5751703,200,Yerevan, Yerevan, Armenia
https://www.airbnb.com/rooms/5751714,200,Avignon, Provence-Alpes-Côte d&#x27;Azur, France
https://www.airbnb.com/rooms/5751717,200,Bréville, Poitou-Charentes, France
https://www.airbnb.com/rooms/5751720,200,Pollica, Campania, Italy
https://www.airbnb.com/rooms/5751733,200,København, Denmark
https://www.airbnb.com/rooms/5751735,200,Paris, Île-de-France, France
https://www.airbnb.com/rooms/5751736,200,Cagnano Varano, Puglia, Italy
https://www.airbnb.com/rooms/5751737,200,Tel Aviv-Yafo, Tel Aviv District, Israel
https://www.airbnb.com/rooms/5751739,200,Szilvásvárad, Heves County, Hungary
https://www.airbnb.com/rooms/5751740,200,Plestin-les-Grèves, Bretagne, France
https://www.airbnb.com/rooms/5751741,200,Mahmutlar, Alanya, Turkey
https://www.airbnb.com/rooms/5751748,200,Kalamaki, Crete, Greece
https://www.airbnb.com/rooms/5751759,200,Shanghai, Shanghai, China
https://www.airbnb.com/rooms/5751761,200,Podgorica, Podgorica, Montenegro
https://www.airbnb.com/rooms/5751776,200,Dubrovnik, Dubrovačko-neretvanska županija, Croatia
https://www.airbnb.com/rooms/5751783,200,San Diego, CA, United States
https://www.airbnb.com/rooms/5751789,200,Зеленая роща, Московская область, Russia
https://www.airbnb.com/rooms/5751790,200,Fishguard, Wales, United Kingdom
https://www.airbnb.com/rooms/5751797,200,Mandelieu-La Napoule, Provence-Alpes-Côte d&#x27;Azur, France
https://www.airbnb.com/rooms/5751798,200,Sainte-Lucie-de-Tallano, Corse, France
https://www.airbnb.com/rooms/5751799,200,Καμάρι, Αιγαίο, Greece
https://www.airbnb.com/rooms/5751802,200,Palm Springs, CA, United States
https://www.airbnb.com/rooms/5751803,200,Palermo, Sicilia, Italy
https://www.airbnb.com/rooms/5751812,200,Barcelona, Catalunya, Spain
https://www.airbnb.com/rooms/5751814,200,Shanghai, Shanghai, China
https://www.airbnb.com/rooms/5751816,200,Quiliano, Savona, Italy
https://www.airbnb.com/rooms/5751824,200,Serranova, Puglia, Italy
https://www.airbnb.com/rooms/5751826,200,Karagita, Nakuru, Kenya
https://www.airbnb.com/rooms/5751827,200,Tel Aviv-Yafo, Tel Aviv District, Israel
https://www.airbnb.com/rooms/5751941,200,Stanford, Western Cape, South Africa
https://www.airbnb.com/rooms/5751942,200,Reykjavik, Höfuðborgarsvæðið, Iceland
https://www.airbnb.com/rooms/5751946,200,Amsterdam, Noord-Holland, Netherlands
https://www.airbnb.com/rooms/5751947,200,Paris, Île-de-France, France
https://www.airbnb.com/rooms/5751961,200,İstanbul, İstanbul, Turkey
https://www.airbnb.com/rooms/5751964,200,Lyon, Rhône-Alpes, France
https://www.airbnb.com/rooms/5751970,200,Suvereto, Toscana, Italy
https://www.airbnb.com/rooms/5751977,200,Minsk, Minskaja voblasć, Belarus
https://www.airbnb.com/rooms/5751982,200,La Motte-Servolex, RA, France
https://www.airbnb.com/rooms/5751984,200,Amsterdam, NH, Netherlands
https://www.airbnb.com/rooms/5751992,200,Pittulongu, Sardegna, Italy
https://www.airbnb.com/rooms/5751993,200,Calvi, Corse, France
https://www.airbnb.com/rooms/5752002,200,Berlin, Berlin, Germany
https://www.airbnb.com/rooms/5752006,200,Polenitsa, Blagoevgrad Province, Bulgaria
https://www.airbnb.com/rooms/5752013,200,Suwon, Gyeonggi-do, South Korea
https://www.airbnb.com/rooms/5752020,200,Navacerrada, Comunidad de Madrid, Spain
https://www.airbnb.com/rooms/5752024,200,Saint-Malo, Bretagne, France
https://www.airbnb.com/rooms/5752028,200,Paris, Île-de-France, France
https://www.airbnb.com/rooms/5752033,200,Dramalj, Primorsko-goranska županija, Croatia
https://www.airbnb.com/rooms/5752041,200,Kortenberg, Vlaams Gewest, Belgium
https://www.airbnb.com/rooms/5752042,200,Combloux, Rhône-Alpes, France
https://www.airbnb.com/rooms/5752043,200,Calarreona, Región de Murcia, Spain
https://www.airbnb.com/rooms/5752044,200,Peguerinos, Castilla y León, Spain
https://www.airbnb.com/rooms/5752048,200,Scoglitti, Sicilia, Italy
https://www.airbnb.com/rooms/5752050,200,Pachino, Sicilia, Italy
https://www.airbnb.com/rooms/5752053,200,Guérande, Pays de la Loire, France
https://www.airbnb.com/rooms/5752059,200,Old Bar, NSW, Australia
https://www.airbnb.com/rooms/5752066,200,İstanbul, İstanbul, Turkey
https://www.airbnb.com/rooms/5752071,200,Carvoeiro, Faro District, Portugal
https://www.airbnb.com/rooms/5752073,200,København, Denmark
https://www.airbnb.com/rooms/5752076,200,Paris, Île-de-France, France
https://www.airbnb.com/rooms/5752079,200,Barcelona, Catalunya, Spain
https://www.airbnb.com/rooms/5752080,200,Siracusa, Sicilia, Italy
https://www.airbnb.com/rooms/5752083,200,Firenze, Toscana, Italy
https://www.airbnb.com/rooms/5752092,200,İstanbul, Beyoğlu, Turkey
https://www.airbnb.com/rooms/5752095,200,Mariupol&#x27;, Donetsk Oblast, Ukraine
https://www.airbnb.com/rooms/5752097,200,Barcelona, Catalunya, Spain
https://www.airbnb.com/rooms/5752098,200,Tarifa, AL, Spain
https://www.airbnb.com/rooms/5752105,200,Paris, Île-de-France, France
https://www.airbnb.com/rooms/5752106,200,Budapest, Budapest, Hungary
https://www.airbnb.com/rooms/5752120,200,Algaida, Illes Balears, Spain
https://www.airbnb.com/rooms/5752123,200,Can Picafort, Illes Balears, Spain
https://www.airbnb.com/rooms/5752124,200,Balwyn North, VIC, Australia
https://www.airbnb.com/rooms/5752127,200,Stuttgart, Baden-Württemberg, Germany
https://www.airbnb.com/rooms/5752129,200,Matalascañas, Andalucía, Spain
https://www.airbnb.com/rooms/5752134,200,Jan Juc, VIC, Australia
https://www.airbnb.com/rooms/5752136,200,Vieille-Église-en-Yvelines, Île-de-France, France
https://www.airbnb.com/rooms/5752137,200,Xagħra, Gozo, Malta
https://www.airbnb.com/rooms/5752266,200,Tambon Saen Suk, Chang Wat Chon Buri, Thailand
https://www.airbnb.com/rooms/5752271,200,Beaumes-de-Venise, Provence-Alpes-Côte d&#x27;Azur, France
https://www.airbnb.com/rooms/5752273,200,Troyes, Champagne-Ardenne, France
https://www.airbnb.com/rooms/5752278,200,Porto, Porto, Portugal
https://www.airbnb.com/rooms/5752282,200,Leisi Vald, Saare County, Estonia
https://www.airbnb.com/rooms/5752287,200,Alayor, Urbanisacion Torre Soli Nou, Balearic Islands, Spain
https://www.airbnb.com/rooms/5752288,200,İstanbul, beyoğlu-taksim, Turkey
https://www.airbnb.com/rooms/5752295,200,Lerici - La Spezia, Liguria, Italy
https://www.airbnb.com/rooms/5752306,200,Galilee, North District, Israel
https://www.airbnb.com/rooms/5752307,200,Paris, Île-de-France, France
https://www.airbnb.com/rooms/5752313,200,Trou d&#x27;Eau Douce, Flacq, Mauritius
https://www.airbnb.com/rooms/5752319,200,Ploemeur, Bretagne, France
https://www.airbnb.com/rooms/5752320,200,Madrid, Comunidad de Madrid, Spain
https://www.airbnb.com/rooms/5752322,200,Cape Town, Western Cape, South Africa
https://www.airbnb.com/rooms/5752331,200,Cottbus, Brandenburg, Germany
https://www.airbnb.com/rooms/5752332,200,Puerto Princesa, MIMAROPA, Philippines
https://www.airbnb.com/rooms/5752335,200,Malakoff, Île-de-France, France
https://www.airbnb.com/rooms/5752339,200,花蓮縣, 花蓮市, Taiwan
https://www.airbnb.com/rooms/5752340,200,Saint Mabyn, United Kingdom
https://www.airbnb.com/rooms/5752341,200,花蓮縣, 台灣, Taiwan
https://www.airbnb.com/rooms/5752342,200,München, Bayern, Germany
https://www.airbnb.com/rooms/5752344,200,Fort Lauderdale, FL, United States
https://www.airbnb.com/rooms/5752353,200,Beaune, Bourgogne, France
https://www.airbnb.com/rooms/5752373,200,Kyoto-shi Simogyo-ku, Kyoto Prefecture, Japan
https://www.airbnb.com/rooms/5752376,200,Alcamo marina, Sicilia, Italy
https://www.airbnb.com/rooms/5752378,200,Milano, Lombardia, Italy
https://www.airbnb.com/rooms/5752379,200,Bratislava, Bratislava Region, Slovakia
https://www.airbnb.com/rooms/5752382,200,Tambon Karon, Chang Wat Phuket, Thailand
https://www.airbnb.com/rooms/5752384,200,Clichy, IDF, France
https://www.airbnb.com/rooms/5752385,200,Reykjavík, Capital Region, Iceland
https://www.airbnb.com/rooms/5752395,200,Puerto Pollensa, Illes Balears, Spain
https://www.airbnb.com/rooms/5752397,200,Aarhus, Denmark
https://www.airbnb.com/rooms/5752398,200,Aarhus, Denmark
https://www.airbnb.com/rooms/5752406,200,Léglise, Région wallonne, Belgium
https://www.airbnb.com/rooms/5752424,200,Paris, Île-de-France, France
https://www.airbnb.com/rooms/5752426,200,Rhinau, Alsace, France
https://www.airbnb.com/rooms/5752430,200,Ovens, VIC, Australia
https://www.airbnb.com/rooms/5752441,200,Malinska, Primorje-Gorski Kotar County, Croatia
https://www.airbnb.com/rooms/5752442,200,Firenze, Toscana, Italy
https://www.airbnb.com/rooms/5752564,200,İstanbul, İstanbul, Turkey
https://www.airbnb.com/rooms/5752575,200,Mosman, NSW, Australia
https://www.airbnb.com/rooms/5752586,200,Les Contamines-Montjoie, Rhône-Alpes, France
https://www.airbnb.com/rooms/5752590,200,Paris, Île-de-France, France
https://www.airbnb.com/rooms/5752595,200,Bolsena, Lazio, Italy
https://www.airbnb.com/rooms/5752616,200,S.mommè, Pistoia, Italy
https://www.airbnb.com/rooms/5752620,200,Xaghra, Gozo, Malta
https://www.airbnb.com/rooms/5752627,200,Corralejo, Canarias, Spain
https://www.airbnb.com/rooms/5752628,200,Bečići, Budva, Montenegro
https://www.airbnb.com/rooms/5752629,200,Torre Pali, Puglia, Italy
https://www.airbnb.com/rooms/5752654,200,København, Denmark
https://www.airbnb.com/rooms/5752656,200,Porto Rotondo, Sardegna, Italy
https://www.airbnb.com/rooms/5752659,200,Tel Aviv-Yafo, Tel Aviv District, Israel
https://www.airbnb.com/rooms/5752672,200,Rabac, Istarska županija, Croatia
https://www.airbnb.com/rooms/5752674,200,Brighton, The City of Brighton and Hove, United Kingdom
https://www.airbnb.com/rooms/5752680,200,Milano, Lombardia, Italy
https://www.airbnb.com/rooms/5752688,200,Lido di Noto, siracusa, Italy
https://www.airbnb.com/rooms/5752697,200,London, United Kingdom
https://www.airbnb.com/rooms/5752699,200,Planguenoual, Brittany, France
https://www.airbnb.com/rooms/5752705,200,Conil de la Frontera, Andalucía, Spain
https://www.airbnb.com/rooms/5752706,200,Tanjung Bungah, Pulau Pinang, Malaysia
https://www.airbnb.com/rooms/5752712,200,Olmedo, Sardegna, Italy
https://www.airbnb.com/rooms/5752717,200,Paris, Île-de-France, France
https://www.airbnb.com/rooms/5752718,200,Barnstaple, Devon, United Kingdom
https://www.airbnb.com/rooms/5752724,200,Aniane, Languedoc-Roussillon, France
https://www.airbnb.com/rooms/5752726,200,Inca, Illes Balears, Spain
https://www.airbnb.com/rooms/5752727,200,Saint-Drézéry, Languedoc-Roussillon, France
https://www.airbnb.com/rooms/5752733,200,Vejer de la Frontera, Andalucía, Spain
https://www.airbnb.com/rooms/5752736,200,Biarritz, Aquitaine, France
https://www.airbnb.com/rooms/5752740,200,Milano, Lombardia, Italy
https://www.airbnb.com/rooms/5752746,200,Paris, Île-de-France, France
https://www.airbnb.com/rooms/5752747,200,Uldale, United Kingdom
https://www.airbnb.com/rooms/5752748,200,Castellammare del Golfo, Sicilia, Italy
https://www.airbnb.com/rooms/5752754,200,Modena, Emilia-Romagna, Italy
https://www.airbnb.com/rooms/5752757,200,Ko Samui, Surattani, Thailand
https://www.airbnb.com/rooms/5752765,200,Neuilly-Plaisance, Île-de-France, France
https://www.airbnb.com/rooms/5752772,200,İstanbul, beyoğlu, Turkey
https://www.airbnb.com/rooms/5752775,200,Halenbeck-Rohlsdorf, Brandenburg, Germany
https://www.airbnb.com/rooms/5752777,200,Firenze, Toscana, Italy
https://www.airbnb.com/rooms/5752782,200,Amsterdam, Noord-Holland, Netherlands
https://www.airbnb.com/rooms/5752786,200,Bristol, United Kingdom
https://www.airbnb.com/rooms/5752787,200,Goa , Goa, India
https://www.airbnb.com/rooms/5752788,200,尖沙咀 ( Tsim Sha Tsui ), 九龍 ( Kowloon ), Hong Kong
https://www.airbnb.com/rooms/5752803,200,Dianella, WA, Australia
https://www.airbnb.com/rooms/5752807,200,Zollikerberg, Zürich, Switzerland
https://www.airbnb.com/rooms/5752813,200,Ičići, Primorje-Gorski Kotar County, Croatia
https://www.airbnb.com/rooms/5752926,200,Grubbenvorst, Limburg, Netherlands
https://www.airbnb.com/rooms/5752927,200,Brienz, Bern, Switzerland
https://www.airbnb.com/rooms/5752932,200,Quinta do Conde, SESIMBRA, Portugal
https://www.airbnb.com/rooms/5752935,200,Lumbarda, Dubrovačko-neretvanska županija, Croatia
https://www.airbnb.com/rooms/5752936,200,Kalkan, Turkey
https://www.airbnb.com/rooms/5752944,200,Amsterdam, Noord-Holland, Netherlands
https://www.airbnb.com/rooms/5752949,200,Oviedo, Principado de Asturias, Spain
https://www.airbnb.com/rooms/5752959,200,Athina, Greece
https://www.airbnb.com/rooms/5752961,200,Pula, Istria County, Croatia
https://www.airbnb.com/rooms/5752973,200,London, United Kingdom
https://www.airbnb.com/rooms/5752976,200,Venezia, Veneto, Italy
https://www.airbnb.com/rooms/5752977,200,South Yarra, VIC, Australia
https://www.airbnb.com/rooms/5752983,200,Orbetello, Toscana, Italy
https://www.airbnb.com/rooms/5752996,200,Gurgaon, Haryana, India
https://www.airbnb.com/rooms/5752997,200,Kyoto, Kyoto Prefecture, Japan
https://www.airbnb.com/rooms/5753001,200,Edinburgh, Scotland, United Kingdom
https://www.airbnb.com/rooms/5753003,200,Dubai, Dubai, United Arab Emirates
https://www.airbnb.com/rooms/5753005,200,Lystrup, Denmark
https://www.airbnb.com/rooms/5753006,200,Tanaunella, Sardegna, Italy
https://www.airbnb.com/rooms/5753010,200,Lanusei, Sardegna, Italy
https://www.airbnb.com/rooms/5753020,200,Moskva, Moscow, Russia
https://www.airbnb.com/rooms/5753022,200,Oslo, Oslo, Norway
https://www.airbnb.com/rooms/5753024,200,Sanremo, Liguria, Italy
https://www.airbnb.com/rooms/5753026,200,Marina di Campo, Toscana, Italy
https://www.airbnb.com/rooms/5753028,200,Jávea, Comunidad Valenciana, Spain
https://www.airbnb.com/rooms/5753029,200,Portofino, Liguria, Italy
https://www.airbnb.com/rooms/5753030,200,Kotor, Montenegro, Montenegro
https://www.airbnb.com/rooms/5753040,200,Milano, Lombardia, Italy
https://www.airbnb.com/rooms/5753041,200,Innsbruck, Tirol, Austria
https://www.airbnb.com/rooms/5753045,200,Herceg Novi, Montenegro, Montenegro
https://www.airbnb.com/rooms/5753046,200,Gorontalo City, Gorontalo, Indonesia
https://www.airbnb.com/rooms/5753051,200,Milano, MI, Italy
https://www.airbnb.com/rooms/5753052,200,Trou d&#x27;Eau Douce, Flacq, Mauritius
https://www.airbnb.com/rooms/5753053,200,Suvereto, Toscana, Italy
https://www.airbnb.com/rooms/5753057,200,Sovicille, Toscana, Italy
https://www.airbnb.com/rooms/5753062,200,Cape Town, Western Cape, South Africa
https://www.airbnb.com/rooms/5753073,200,Las Palmas de Gran Canaria, Canarias, Spain
https://www.airbnb.com/rooms/5753076,200,Marrakech, Marrakech-Tensift-Al Haouz, Morocco
https://www.airbnb.com/rooms/5753082,200,Lumbarda, Dubrovačko-neretvanska županija, Croatia
https://www.airbnb.com/rooms/5753083,200,København, Denmark
https://www.airbnb.com/rooms/5753088,200,Rennes, Bretagne, France
https://www.airbnb.com/rooms/5753090,200,Benidorm, Comunidad Valenciana, Spain
https://www.airbnb.com/rooms/5753094,200,Lisboa, Lisboa, Portugal
https://www.airbnb.com/rooms/5753097,200,Villeta, Cundinamarca, Colombia
https://www.airbnb.com/rooms/5753101,200,West Boldon, South Tyneside, United Kingdom
https://www.airbnb.com/rooms/5753102,200,Milano, Lombardia, Italy
https://www.airbnb.com/rooms/5753105,200,Barcelona, Catalunya, Spain
https://www.airbnb.com/rooms/5753106,200,Zečevo Rogozničko, Šibensko-kninska županija, Croatia
https://www.airbnb.com/rooms/5753107,200,Marseille, Provence-Alpes-Côte d&#x27;Azur, France
https://www.airbnb.com/rooms/5753110,200,Lion&#x27;s Head, ON, Canada
https://www.airbnb.com/rooms/5753111,200,Alcúdia, Illes Balears, Spain
https://www.airbnb.com/rooms/5753114,200,Taipei, Taiwan, Taiwan
https://www.airbnb.com/rooms/5753116,200,Setagaya-ku, Tōkyō-to, Japan
https://www.airbnb.com/rooms/5753118,200,Ölüdeniz Belediyesi, Muğla, Turkey
https://www.airbnb.com/rooms/5753125,200,Rye, Victoria, Australia
https://www.airbnb.com/rooms/5753234,200,Lausanne, Vaud, Switzerland
https://www.airbnb.com/rooms/5753239,200,Le Diamant, MARTINIQUE, Martinique
https://www.airbnb.com/rooms/5753241,200,Firenze, Toscana, Italy
https://www.airbnb.com/rooms/5753243,200,Utrecht, Utrecht, Netherlands
https://www.airbnb.com/rooms/5753249,200,Saint-Jeannet, Provence-Alpes-Côte d&#x27;Azur, France
https://www.airbnb.com/rooms/5753253,200,Blacktown, New South Wales, Australia
https://www.airbnb.com/rooms/5753254,200,Київ, город Киев, Ukraine
https://www.airbnb.com/rooms/5753256,200,Milano, Lombardia, Italy
https://www.airbnb.com/rooms/5753259,200,Pinel-Hauterive, Aquitaine, France
https://www.airbnb.com/rooms/5753262,200,Milano, Lombardia, Italy
https://www.airbnb.com/rooms/5753269,200,Milano, Lombardia, Italy
https://www.airbnb.com/rooms/5753270,200,Seo, Trentino-Alto Adige, Italy
https://www.airbnb.com/rooms/5753272,200,Pavia, Lombardia, Italy
https://www.airbnb.com/rooms/5753274,200,Aix-en-Provence, Provence-Alpes-Côte d&#x27;Azur, France
https://www.airbnb.com/rooms/5753275,200,Bilbao, Euskadi, Spain
https://www.airbnb.com/rooms/5753281,200,Verona, Veneto, Italy
https://www.airbnb.com/rooms/5753284,200,Seget Vranjica, Dalmatia County, Croatia
https://www.airbnb.com/rooms/5753285,200,Encamp, Encamp, Andorra
https://www.airbnb.com/rooms/5753288,200,Chamonix-Mont-Blanc, Rhône-Alpes, France
https://www.airbnb.com/rooms/5753290,200,Trogir, Splitsko-dalmatinska županija, Croatia
https://www.airbnb.com/rooms/5753296,200,Koblenz, Rheinland-Pfalz, Germany
https://www.airbnb.com/rooms/5753300,200,Jalón, Comunidad Valenciana, Spain
https://www.airbnb.com/rooms/5753307,200,Paris, Île-de-France, France
https://www.airbnb.com/rooms/5753313,200,Dubai Marina, Dubai, United Arab Emirates
https://www.airbnb.com/rooms/5753315,200,Ouderkerk aan de Amstel, Noord-Holland, Netherlands
https://www.airbnb.com/rooms/5753321,200,Konstancin-Jeziorna, mazowieckie, Poland
https://www.airbnb.com/rooms/5753328,200,Ko Samui, Surat Thani, Thailand
https://www.airbnb.com/rooms/5753334,200,Portobello, Sardegna, Italy
https://www.airbnb.com/rooms/5753453,200,Jerusalem, Jerusalem District, Israel
https://www.airbnb.com/rooms/5753457,200,Le Massegros, Languedoc-Roussillon, France
https://www.airbnb.com/rooms/5753472,200,Malinska, Primorje-Gorski Kotar County, Croatia
https://www.airbnb.com/rooms/5753477,200,Ajaccio, Corse, France
https://www.airbnb.com/rooms/5753480,200,Tunis, Gouvernorat de Tunis, Tunisia
https://www.airbnb.com/rooms/5753487,200,Bucine, Arezzo, Italy
https://www.airbnb.com/rooms/5753491,200,Sorrento, Campania, Italy
https://www.airbnb.com/rooms/5753499,200,Tradate, Lombardia, Italy
https://www.airbnb.com/rooms/5753502,200,Wien, Wien, Austria
https://www.airbnb.com/rooms/5753504,200,Zečevo Rogozničko, Šibensko-kninska županija, Croatia
https://www.airbnb.com/rooms/5753512,200,수원시 영통구 이의동, 경기도, South Korea
https://www.airbnb.com/rooms/5753516,200,London, Greater London, United Kingdom
https://www.airbnb.com/rooms/5753523,200,Passignano Sul Trasimeno, Umbria, Italy
https://www.airbnb.com/rooms/5753527,200,Torre Dell&#x27;orso, Puglia, Italy
https://www.airbnb.com/rooms/5753531,200,New Orleans, LA, United States
https://www.airbnb.com/rooms/5753539,200,Reykjavík, Capital Region, Iceland
https://www.airbnb.com/rooms/5753546,200,Ruhpolding, Bayern, Germany
https://www.airbnb.com/rooms/5753556,200,Pollença, Illes Balears, Spain
https://www.airbnb.com/rooms/5753559,200,Graz, Steiermark, Austria
https://www.airbnb.com/rooms/5753560,200,Afife, Viana do Castelo, Portugal
https://www.airbnb.com/rooms/5753563,200,Firenze, Toscana, Italy
https://www.airbnb.com/rooms/5753564,200,Outeirinho - Ericeira, Lisboa, Portugal
https://www.airbnb.com/rooms/5753568,200,Arenales del Sol, Alicante, Spain
https://www.airbnb.com/rooms/5753569,200,Lagos, Faro, Portugal
https://www.airbnb.com/rooms/5753578,200,Moskva, Moscow, Russia
https://www.airbnb.com/rooms/5753585,200,Bellaria-Igea Marina, Emilia-Romagna, Italy
https://www.airbnb.com/rooms/5753586,200,La Motte-Ternant, Bourgogne, France
https://www.airbnb.com/rooms/5753590,200,Budapest, Budapest, Hungary
https://www.airbnb.com/rooms/5753593,200,Sinseogwi-ro, Seogwipo-si, Jeju-do, South Korea
https://www.airbnb.com/rooms/5753595,200,Bayan Lepas, Penang, Malaysia
https://www.airbnb.com/rooms/5753606,200,Koh Samui, Suratthani, Surat Thani, Thailand
https://www.airbnb.com/rooms/5753607,200,Champigny-sur-Marne, Île-de-France, France
https://www.airbnb.com/rooms/5753611,200,vibonati, Campania, Italy
https://www.airbnb.com/rooms/5753612,200,Köln, Nordrhein-Westfalen, Germany
https://www.airbnb.com/rooms/5753614,200,Sevilla, Andalucía, Spain
https://www.airbnb.com/rooms/5753619,200,Eupilio, Lombardia, Italy
https://www.airbnb.com/rooms/5753622,200,Speen, United Kingdom
https://www.airbnb.com/rooms/5753625,200,Hua Hin, Prachuap Khiri Khan, Thailand
https://www.airbnb.com/rooms/5753626,200,Barking, Barking, United Kingdom
https://www.airbnb.com/rooms/5753632,200,Saint-Gilles, Bruxelles, Belgium
https://www.airbnb.com/rooms/5753633,200,Pollença, Illes Balears, Spain
https://www.airbnb.com/rooms/5753634,200,Nice, Provence-Alpes-Côte d&#x27;Azur, France
https://www.airbnb.com/rooms/5753635,200,Valletta, Malta
https://www.airbnb.com/rooms/5753636,200,Beausoleil, Provence-Alpes-Côte d&#x27;Azur, France
https://www.airbnb.com/rooms/5753637,200,Menotey, Franche-Comté, France
https://www.airbnb.com/rooms/5753754,200,Lambesc, Provence-Alpes-Côte d&#x27;Azur, France
https://www.airbnb.com/rooms/5753766,200,Tarragona, Tarragona, Spain
https://www.airbnb.com/rooms/5753768,200,Longueuil, Québec, Canada
https://www.airbnb.com/rooms/5753771,200,Jurançon, Aquitaine, France
https://www.airbnb.com/rooms/5753773,200,Randburg, Gauteng, South Africa
https://www.airbnb.com/rooms/5753778,200,Lisboa, Lisboa, Portugal
https://www.airbnb.com/rooms/5753781,200,Takayama, Gifu Prefecture, Japan
https://www.airbnb.com/rooms/5753784,200,Neuvic, Aquitaine, France
https://www.airbnb.com/rooms/5753785,200,Nardò, Puglia, Italy
https://www.airbnb.com/rooms/5753787,200,Malinska, Primorje-Gorski Kotar County, Croatia
https://www.airbnb.com/rooms/5753788,200,Wilton Manors, FL, United States
https://www.airbnb.com/rooms/5753789,200,Amsterdam, Noord-Holland, Netherlands
https://www.airbnb.com/rooms/5753791,200,San Diego, CA, United States
https://www.airbnb.com/rooms/5753811,200,Bologna, Emilia-Romagna, Italy
https://www.airbnb.com/rooms/5753812,200,Firenze, Toscana, Italy
https://www.airbnb.com/rooms/5753824,200,Málaga, Andalucía, Spain
https://www.airbnb.com/rooms/5753828,200,Catanauan, Calabarzon, Philippines
https://www.airbnb.com/rooms/5753831,200,número 431, apto 1, bajos, Vedado, La Habana, Cuba
https://www.airbnb.com/rooms/5753837,200,Tootgarook, Victoria, Australia
https://www.airbnb.com/rooms/5753841,200,York, England, United Kingdom
https://www.airbnb.com/rooms/5753844,200,Quarteira, Vilamoura, Faro, Portugal
https://www.airbnb.com/rooms/5753846,200,Roma, Lazio, Italy
https://www.airbnb.com/rooms/5753851,200,Vedado, La Habana, Cuba
https://www.airbnb.com/rooms/5753854,200,Lisboa, Lisboa, Portugal
https://www.airbnb.com/rooms/5753855,200,Medulin, Istarska županija, Croatia
https://www.airbnb.com/rooms/5753856,200,Phoenix, AZ, United States
https://www.airbnb.com/rooms/5753859,200,Les Avanchers-Valmorel, Rhône-Alpes, France
https://www.airbnb.com/rooms/5753867,200,恆春鎮, 屏東縣恆春鎮水泉里頂泉路22-3號, Taiwan
https://www.airbnb.com/rooms/5753869,200,Porto-Vecchio, Corse, France
https://www.airbnb.com/rooms/5753871,200,Berlin, Berlin, Germany
https://www.airbnb.com/rooms/5753874,200,Graz, Steiermark, Austria
https://www.airbnb.com/rooms/5753876,200,Lion-sur-Mer, Basse-Normandie, France
https://www.airbnb.com/rooms/5753880,200,Dublin, İreland, Ireland
https://www.airbnb.com/rooms/5753882,200,Firenze, Toscana, Italy
https://www.airbnb.com/rooms/5753883,200,Paris, Île-de-France, France
https://www.airbnb.com/rooms/5753885,200,San Lorenzo, Sicilia, Italy
https://www.airbnb.com/rooms/5753889,200,Porto Ercole, Toscana, Italy
https://www.airbnb.com/rooms/5753893,200,København, Nørrebro, Denmark
https://www.airbnb.com/rooms/5753894,200,Tel Aviv-Yafo, Tel Aviv District, Israel
https://www.airbnb.com/rooms/5753905,200,Roskilde, Denmark
https://www.airbnb.com/rooms/5753909,200,Belek, Antalya Province, Turkey
https://www.airbnb.com/rooms/5753913,200,Pollença, Illes Balears, Spain
https://www.airbnb.com/rooms/5753928,200,Šolta, Gornje Selo, Croatia
https://www.airbnb.com/rooms/5753930,200,Cortemaggiore, Emilia-Romagna, Italy
https://www.airbnb.com/rooms/5753934,200,Gentofte, Denmark
https://www.airbnb.com/rooms/5753939,200,Москва, город Москва, Russia
https://www.airbnb.com/rooms/5753941,200,Mallemort, Provence-Alpes-Côte d&#x27;Azur, France
https://www.airbnb.com/rooms/5754060,200,Yaroslavl&#x27;, Yaroslavskaya oblast&#x27;, Russia
https://www.airbnb.com/rooms/5754072,200,Edinburgh, Scotland, United Kingdom
https://www.airbnb.com/rooms/5754079,200,Madrid, Comunidad de Madrid, Spain
https://www.airbnb.com/rooms/5754082,200,Shenzhen Shi, Guangdong Sheng, China
https://www.airbnb.com/rooms/5754087,200,Breña Baja, Canarias, Spain
https://www.airbnb.com/rooms/5754088,200,Auvers-sur-Oise, Île-de-France, France
https://www.airbnb.com/rooms/5754097,200,Campolivar, Comunidad Valenciana, Spain
https://www.airbnb.com/rooms/5754098,200,Alaçatı, İzmir, Turkey
https://www.airbnb.com/rooms/5754099,200,Orihuela, Comunidad Valenciana, Spain
https://www.airbnb.com/rooms/5754107,200,Jeffreys Bay, Eastern Cape, South Africa
https://www.airbnb.com/rooms/5754109,200,Sidi Kaouki, Marrakesh-Tensift-El Haouz, Morocco
https://www.airbnb.com/rooms/5754113,200,Chiang Mai, Chiang Mai, Thailand
https://www.airbnb.com/rooms/5754119,200,Москва, город Москва, Russia
https://www.airbnb.com/rooms/5754124,200,Ičići, Primorje-Gorski Kotar County, Croatia
https://www.airbnb.com/rooms/5754134,200,Bayonne, Aquitaine, France
https://www.airbnb.com/rooms/5754138,200,Paris, Île-de-France, France
https://www.airbnb.com/rooms/5754144,200,Argostoli, LASSI,ARGOSTOLI,KEFALONIA, Greece
https://www.airbnb.com/rooms/5754146,200,Pêra, Faro, Portugal
https://www.airbnb.com/rooms/5754151,200,Varna, Varna, Bulgaria
https://www.airbnb.com/rooms/5754152,200,Málaga, Andalucía, Spain
https://www.airbnb.com/rooms/5754155,200,Den Haag, Zuid-Holland, Netherlands
https://www.airbnb.com/rooms/5754156,200,Córdoba, AL, Spain
https://www.airbnb.com/rooms/5754160,200,Lausanne, Vaud, Switzerland
https://www.airbnb.com/rooms/5754163,200,Yokohama-shi  Naka-ku, Kanagawa Prefecture, Japan
https://www.airbnb.com/rooms/5754164,200,Seltjarnarnes, Capital Region, Iceland
https://www.airbnb.com/rooms/5754167,200,Paris, Île-de-France, France
https://www.airbnb.com/rooms/5754173,200,Villefranche-du-Périgord, Aquitaine, France
https://www.airbnb.com/rooms/5754174,200,Québec, Québec, Canada
https://www.airbnb.com/rooms/5754198,200,Koblenz, Rheinland-Pfalz, Germany
https://www.airbnb.com/rooms/5754199,200,Rovaniemi, Lapland, Finland
https://www.airbnb.com/rooms/5754202,200,Adamantas, Egeo, Greece
https://www.airbnb.com/rooms/5754210,200,Coma-ruga, Catalunya, Spain
https://www.airbnb.com/rooms/5754217,200,Sevilla, Andalucía, Spain
https://www.airbnb.com/rooms/5754225,200,Bordeaux, Aquitaine, France
https://www.airbnb.com/rooms/5754226,200,Baška, Primorsko-goranska županija, Croatia
https://www.airbnb.com/rooms/5754234,200,Viana do Castelo, Viana do Castelo, Portugal
https://www.airbnb.com/rooms/5754235,200,Joondanna, Western Australia, Australia
https://www.airbnb.com/rooms/5754241,200,Lecce, Puglia, Italy
https://www.airbnb.com/rooms/5754242,200,Lecco, Lecco, Italy
https://www.airbnb.com/rooms/5754247,200,Hong Kong, Kowloon, Hong Kong
https://www.airbnb.com/rooms/5754261,200,Starigrad, Zadarska županija, Croatia
https://www.airbnb.com/rooms/5754375,200,Bangkok, Krung Thep Maha Nakhon, Thailand
https://www.airbnb.com/rooms/5754376,200,Galtellì, Sardegna, Italy
https://www.airbnb.com/rooms/5754377,200,Kodaikanal, Tamil Nadu, India
https://www.airbnb.com/rooms/5754382,200,Ulcinj, Montenegro
https://www.airbnb.com/rooms/5754388,200,Paris, Île-de-France, France
https://www.airbnb.com/rooms/5754389,200,Shinagawa , Tokyo, Japan
https://www.airbnb.com/rooms/5754391,200,Žvinje, Herceg Novi, Montenegro
https://www.airbnb.com/rooms/5754395,200,Vallauris, Provence-Alpes-Côte d&#x27;Azur, France
https://www.airbnb.com/rooms/5754400,200,Paris, Île-de-France, France
https://www.airbnb.com/rooms/5754404,200,Tías, Canarias, Spain
https://www.airbnb.com/rooms/5754405,200,Sitges, Catalunya, Spain
https://www.airbnb.com/rooms/5754408,200,Dallas, TX, United States
https://www.airbnb.com/rooms/5754411,200,Omaha, NE, United States
https://www.airbnb.com/rooms/5754415,200,Plate Cove East, NL, Canada
https://www.airbnb.com/rooms/5754417,200,L&#x27;Étang-Vergy, Burgandy, France
https://www.airbnb.com/rooms/5754421,200,Malinska, Primorje-Gorski Kotar County, Croatia
https://www.airbnb.com/rooms/5754424,200,Alexandria, VA, United States
https://www.airbnb.com/rooms/5754431,200,Split, Splitsko-dalmatinska županija, Croatia
https://www.airbnb.com/rooms/5754439,200,Monterey, NSW, Australia
https://www.airbnb.com/rooms/5754441,200,Moskva, Moscow, Russia
https://www.airbnb.com/rooms/5754444,200,Köln, Nordrhein-Westfalen, Germany
https://www.airbnb.com/rooms/5754458,200,Paris, Île-de-France, France
https://www.airbnb.com/rooms/5754459,200,İstanbul, Kadıköy, Turkey
https://www.airbnb.com/rooms/5754460,200,Sitges, Catalunya, Spain
https://www.airbnb.com/rooms/5754463,200,London, United Kingdom
https://www.airbnb.com/rooms/5754467,200,Sanur, Bali, Indonesia
https://www.airbnb.com/rooms/5754468,200,Palermo, Sicilia, Italy
https://www.airbnb.com/rooms/5754472,200,Hollywood, FL, United States
https://www.airbnb.com/rooms/5754475,200,Berlin, Berlin, Germany
https://www.airbnb.com/rooms/5754477,200,Ris-Orangis, Île-de-France, France
https://www.airbnb.com/rooms/5754479,200,Venezia, Veneto, Italy
https://www.airbnb.com/rooms/5754488,200,München, Bayern, Germany
https://www.airbnb.com/rooms/5754489,200,Aquiraz, Ceará, Brazil
https://www.airbnb.com/rooms/5754497,200,Pertuis, Provence-Alpes-Côte d&#x27;Azur, France
https://www.airbnb.com/rooms/5754503,200,Villeneuve-Loubet, Provence-Alpes-Côte d&#x27;Azur, France
https://www.airbnb.com/rooms/5754506,200,London, England, United Kingdom
https://www.airbnb.com/rooms/5754507,200,Milna, Splitsko-dalmatinska županija, Croatia
https://www.airbnb.com/rooms/5754511,200,Tel Aviv-Yafo, Tel Aviv District, Israel
https://www.airbnb.com/rooms/5754514,200,Saint-Saturnin-lès-Avignon, Provence-Alpes-Côte d&#x27;Azur, France
https://www.airbnb.com/rooms/5754521,200,Barcelona, Catalunya, Spain
https://www.airbnb.com/rooms/5754523,200,Nantes, Pays de la Loire, France
https://www.airbnb.com/rooms/5754527,200,Milano, Lombardia, Italy
https://www.airbnb.com/rooms/5754533,200,Barcelona, Catalunya, Spain
https://www.airbnb.com/rooms/5754541,200,San Juan, San Juan, Puerto Rico
https://www.airbnb.com/rooms/5754549,200,Termal, Yalova, Turkey
https://www.airbnb.com/rooms/5754552,200,Paris, Île-de-France, France
https://www.airbnb.com/rooms/5754555,200,Les Sables-d&#x27;Olonne, Pays de la Loire, France
https://www.airbnb.com/rooms/5754560,200,Saint-Chamas, Provence-Alpes-Côte d&#x27;Azur, France
https://www.airbnb.com/rooms/5754569,200,Sidi Ifni, Souss-Massa-Draa, Morocco
https://www.airbnb.com/rooms/5754682,200,Ashbourne, England, United Kingdom
https://www.airbnb.com/rooms/5754686,200,Pornic, Pays de la Loire, France
https://www.airbnb.com/rooms/5754689,200,Barcelona, Catalunya, Spain
https://www.airbnb.com/rooms/5754698,200,Hong Kong, Hong Kong Island, Hong Kong
https://www.airbnb.com/rooms/5754699,200,Pietrasanta, Toscana, Italy
https://www.airbnb.com/rooms/5754703,200,Roma, Lazio, Italy
https://www.airbnb.com/rooms/5754709,200,Nieuw Sloten, North Holland, Netherlands
https://www.airbnb.com/rooms/5754719,200,Ibiza, Balearic Islands, Spain
https://www.airbnb.com/rooms/5754722,200,Dubrovnik, Dubrovačko-neretvanska županija, Croatia
https://www.airbnb.com/rooms/5754723,200,Poreč, Istarska županija, Croatia
https://www.airbnb.com/rooms/5754726,200,Winter Park, FL, United States
https://www.airbnb.com/rooms/5754748,200,Alkmaar, Noord-Holland, Netherlands
https://www.airbnb.com/rooms/5754750,200,Amirim, North District, Israel
https://www.airbnb.com/rooms/5754752,200,Avignon, Provence-Alpes-Côte d&#x27;Azur, France
https://www.airbnb.com/rooms/5754762,200,Amsterdam, Noord-Holland, Netherlands
https://www.airbnb.com/rooms/5754766,200,Shropshire, United Kingdom
https://www.airbnb.com/rooms/5754768,200,Palermo, Sicilia, Italy
https://www.airbnb.com/rooms/5754770,200,Ayia Napa, Gazimağusa, Cyprus
https://www.airbnb.com/rooms/5754776,200,Paris, Île-de-France, France
https://www.airbnb.com/rooms/5754792,200,Donostia, Euskadi, Spain
https://www.airbnb.com/rooms/5754811,200,North Adams, MA, United States
https://www.airbnb.com/rooms/5754816,200,Edinburgh, United Kingdom
https://www.airbnb.com/rooms/5754818,200,Fiesole, Firenze, Italy
https://www.airbnb.com/rooms/5754824,200,Blanes, Catalunya, Spain
https://www.airbnb.com/rooms/5754825,200,Červar-porat, Istarska županija, Croatia
https://www.airbnb.com/rooms/5754827,200,Rovinj, Istria County, Croatia
https://www.airbnb.com/rooms/5754828,200,Habana, Habana, Cuba
https://www.airbnb.com/rooms/5754829,200,Deià, Illes Balears, Spain
https://www.airbnb.com/rooms/5754830,200,Habana, Habana, Cuba
https://www.airbnb.com/rooms/5754831,200,Habana, Habana, Cuba
https://www.airbnb.com/rooms/5754850,200,Emstek, Niedersachsen, Germany
https://www.airbnb.com/rooms/5754851,200,Castrop-Rauxel, Nordrhein-Westfalen, Germany
https://www.airbnb.com/rooms/5754852,200,Phoenix, AZ, United States
https://www.airbnb.com/rooms/5754855,200,Marrakesh, Marrakesh-Tensift-El Haouz, Morocco
https://www.airbnb.com/rooms/5754856,200,上海, 上海市, China
https://www.airbnb.com/rooms/5754862,200,Cocoa Beach, FL, United States
https://www.airbnb.com/rooms/5754868,200,Canet-en-Roussillon, Languedoc-Roussillon, France
https://www.airbnb.com/rooms/5754872,200,Granier, Rhône-Alpes, France
https://www.airbnb.com/rooms/5754875,200,London, UK, United Kingdom
https://www.airbnb.com/rooms/5754879,200,Bronte, NSW, Australia
https://www.airbnb.com/rooms/5754880,200,Fort Kochi, Kerala, India
https://www.airbnb.com/rooms/5755005,200,Seoul, Gangnam, South Korea
https://www.airbnb.com/rooms/5755007,200,Murter, Općina Murter, Croatia
https://www.airbnb.com/rooms/5755022,200,Miami Beach, FL, United States
https://www.airbnb.com/rooms/5755028,200,Saint-Jean-Pied-de-Port, Aquitaine, France
https://www.airbnb.com/rooms/5755029,200,Wrocław, Województwo dolnośląskie, Poland
https://www.airbnb.com/rooms/5755042,200,Berlin, Berlin, Germany
https://www.airbnb.com/rooms/5755045,200,Kisnyárád, Baranya, Hungary
https://www.airbnb.com/rooms/5755046,200,Agrigento, Sicilia, Italy
https://www.airbnb.com/rooms/5755054,200,Puchong, Selangor, Malaysia
https://www.airbnb.com/rooms/5755059,200,San Cristóbal de Las Casas, Chiapas, Mexico
https://www.airbnb.com/rooms/5755060,200,Belfast, Belfast, United Kingdom
https://www.airbnb.com/rooms/5755066,200,Ulcinj, Montenegro
https://www.airbnb.com/rooms/5755074,200,Roma, Lazio, Italy
https://www.airbnb.com/rooms/5755076,200,Frederiksberg, Denmark
https://www.airbnb.com/rooms/5755078,200,Menomonie, WI, United States
https://www.airbnb.com/rooms/5755079,200,Milano, Lombardia, Italy
https://www.airbnb.com/rooms/5755080,200,Didim, Aydın, Turkey
https://www.airbnb.com/rooms/5755081,200,Grebaštica, Šibensko-kninska županija, Croatia
https://www.airbnb.com/rooms/5755090,200,Aubervilliers, Île-de-France, France
https://www.airbnb.com/rooms/5755092,200,Vaughan, ON, Canada
https://www.airbnb.com/rooms/5755102,200,Mumbai, Maharashtra, India
https://www.airbnb.com/rooms/5755108,200,Nerja, Andalucía, Spain
https://www.airbnb.com/rooms/5755109,200,Shinagawa-ku, Tōkyō-to, Japan
https://www.airbnb.com/rooms/5755113,200,Donostia, Euskadi, Spain
https://www.airbnb.com/rooms/5755117,200,Paris, Île-de-France, France
https://www.airbnb.com/rooms/5755118,200,Tangermünde, Sachsen-Anhalt, Germany
https://www.airbnb.com/rooms/5755119,200,Porto Rotondo, Sardegna, Italy
https://www.airbnb.com/rooms/5755123,200,Sévérac, Pays de la Loire, France
https://www.airbnb.com/rooms/5755124,200,Brooklyn, NY, United States
https://www.airbnb.com/rooms/5755128,200,Grebaštica, Šibensko-kninska županija, Croatia
https://www.airbnb.com/rooms/5755134,200,Montreuil, Île-de-France, France
https://www.airbnb.com/rooms/5755140,200,Évian-les-Bains, Rhône-Alpes, France
https://www.airbnb.com/rooms/5755142,200,Barcelona, Barcelona, Spain
https://www.airbnb.com/rooms/5755146,200,Lille, Nord-Pas-de-Calais, France
https://www.airbnb.com/rooms/5755158,200,Versailles, Île-de-France, France
https://www.airbnb.com/rooms/5755159,200,Kemer, Antalya, Turkey
https://www.airbnb.com/rooms/5755161,200,Bromont, Québec, Canada
https://www.airbnb.com/rooms/5755164,200,Toronto, ON, Canada
https://www.airbnb.com/rooms/5755167,200,Mérignac, Aquitaine, France
https://www.airbnb.com/rooms/5755168,200,Toronto, ON, Canada
https://www.airbnb.com/rooms/5755170,200,Fažana, Croatia
https://www.airbnb.com/rooms/5755172,200,Quéven, Bretagne, France
https://www.airbnb.com/rooms/5755182,200,Sorrento, Campania, Italy
https://www.airbnb.com/rooms/5755188,200,Plouharnel, Bretagne, France
https://www.airbnb.com/rooms/5755189,200,Ville-d&#x27;Avray, Île-de-France, France
https://www.airbnb.com/rooms/5755190,200,Vaglia, Toscana, Italy
https://www.airbnb.com/rooms/5755194,200,Mont-Tremblant, Québec, Canada
https://www.airbnb.com/rooms/5755306,200,Cournon-d&#x27;Auvergne, Auvergne, France
https://www.airbnb.com/rooms/5755308,200,Barrême, Provence-Alpes-Côte d&#x27;Azur, France
https://www.airbnb.com/rooms/5755315,200,Montreal, QC, Canada
https://www.airbnb.com/rooms/5755319,200,Queens, NY, United States
https://www.airbnb.com/rooms/5755322,200,Reykjavík, Capital Region, Iceland
https://www.airbnb.com/rooms/5755335,200,Puerto Pollença, Illes Balears, Spain
https://www.airbnb.com/rooms/5755339,200,Fort Kochi, Kerala, India
https://www.airbnb.com/rooms/5755340,200,Villefranche-sur-Mer, Provence-Alpes-Côte d&#x27;Azur, France
https://www.airbnb.com/rooms/5755352,200,Kanthalloor, Kerala, India
https://www.airbnb.com/rooms/5755356,200,Clonegal, County Carlow, Ireland
https://www.airbnb.com/rooms/5755358,200,Paris, Île-de-France, France
https://www.airbnb.com/rooms/5755360,200,Kolagadalu, Coorg , Karnataka, India
https://www.airbnb.com/rooms/5755366,200,Paris, Île-de-France, France
https://www.airbnb.com/rooms/5755370,200,Milano, Lombardia, Italy
https://www.airbnb.com/rooms/5755371,200,Berlin, Berlin, Germany
https://www.airbnb.com/rooms/5755374,200,Riscone, Trentino-Alto Adige, Italy
https://www.airbnb.com/rooms/5755379,200,Sylt-Ost, Schleswig-Holstein, Germany
https://www.airbnb.com/rooms/5755380,200,Aberdeen, United Kingdom
https://www.airbnb.com/rooms/5755381,200,Davenport, FL, United States
https://www.airbnb.com/rooms/5755385,200,Greensborough, VIC, Australia
https://www.airbnb.com/rooms/5755387,200,Hualien City, Taiwan
https://www.airbnb.com/rooms/5755389,200,Tivat, Montenegro
https://www.airbnb.com/rooms/5755416,200,Austin, TX, United States
https://www.airbnb.com/rooms/5755419,200,Beaune, Bourgogne, France
https://www.airbnb.com/rooms/5755421,200,Porto, Porto, Portugal
https://www.airbnb.com/rooms/5755425,200,Lalitpur, Central Region, Nepal
https://www.airbnb.com/rooms/5755430,200,Newburyport, MA, United States
https://www.airbnb.com/rooms/5755436,200,Lille, Nord-Pas-de-Calais, France
https://www.airbnb.com/rooms/5755438,200,Auburn, CA, United States
https://www.airbnb.com/rooms/5755440,200,Greensborough, VIC, Australia
https://www.airbnb.com/rooms/5755441,200,Pensacola, FL, United States
https://www.airbnb.com/rooms/5755446,200,Perpignan, Languedoc-Roussillon, France
https://www.airbnb.com/rooms/5755454,200,Wien, Wien, Austria
https://www.airbnb.com/rooms/5755456,200,Paris, Île-de-France, France
https://www.airbnb.com/rooms/5755460,200,Bad Bergzabern, Rheinland-Pfalz, Germany
https://www.airbnb.com/rooms/5755471,200,Vallauris, Provence-Alpes-Côte d&#x27;Azur, France
https://www.airbnb.com/rooms/5755472,200,Riverdale, NY, United States
https://www.airbnb.com/rooms/5755474,200,Helsinki, Finland, Finland
https://www.airbnb.com/rooms/5755484,200,Castiglione della Pescaia, Toscana, Italy
https://www.airbnb.com/rooms/5755485,200,Paris, Île-de-France, France
https://www.airbnb.com/rooms/5755487,200,London, United Kingdom
https://www.airbnb.com/rooms/5755488,200,Durham, NC, United States
https://www.airbnb.com/rooms/5755491,200,Manhattan, KS, United States
https://www.airbnb.com/rooms/5755495,200,Grasse, France
https://www.airbnb.com/rooms/5755499,200,Encebras, Comunidad Valenciana, Spain
https://www.airbnb.com/rooms/5755500,200,Fishers, IN, United States
https://www.airbnb.com/rooms/5755615,200,London, United Kingdom
https://www.airbnb.com/rooms/5755618,200,Yamato, Kanagawa, Japan
https://www.airbnb.com/rooms/5755619,200,Hamburg, Hamburg, Germany
https://www.airbnb.com/rooms/5755621,200,Marseille, Provence-Alpes-Côte d&#x27;Azur, France
https://www.airbnb.com/rooms/5755635,200,Colombelles, Basse-Normandie, France
https://www.airbnb.com/rooms/5755644,200,Mosso Santa Maria, Piemonte, Italy
https://www.airbnb.com/rooms/5755654,200,Wien, Wien, Austria
https://www.airbnb.com/rooms/5755656,200,Paris, Île-de-France, France
https://www.airbnb.com/rooms/5755657,200,București, Municipiul București, Romania
https://www.airbnb.com/rooms/5755659,200,Habana, Habana, Cuba
https://www.airbnb.com/rooms/5755660,200,Sarasota, FL, United States
https://www.airbnb.com/rooms/5755663,200,Habana, Habana, Cuba
https://www.airbnb.com/rooms/5755670,200,Tallinn, Harju maakond, Estonia
https://www.airbnb.com/rooms/5755674,200,Loreto-Di-Casinca, Corse, France
https://www.airbnb.com/rooms/5755682,200,Barcelona, Catalunya, Spain
https://www.airbnb.com/rooms/5755686,200,Torremolinos, Andalucía, Spain
https://www.airbnb.com/rooms/5755688,200,Roma, Lazio, Italy
https://www.airbnb.com/rooms/5755696,200,New Orleans, LA, United States
https://www.airbnb.com/rooms/5755702,200,Portimão, Faro District, Portugal
https://www.airbnb.com/rooms/5755706,200,Stinica, Ličko-senjska županija, Croatia
https://www.airbnb.com/rooms/5755709,200,Trogir, Splitsko-dalmatinska županija, Croatia
https://www.airbnb.com/rooms/5755710,200,London, United Kingdom
https://www.airbnb.com/rooms/5755718,200,Seagrove Beach, FL, United States
https://www.airbnb.com/rooms/5755723,200,Lucca, Toscana, Italy
https://www.airbnb.com/rooms/5755738,200,Ericeira, Lisboa, Portugal
https://www.airbnb.com/rooms/5755746,200,Providence, RI, United States
https://www.airbnb.com/rooms/5755749,200,Candemil, Viana do Castelo, Portugal
https://www.airbnb.com/rooms/5755763,200,Firenze, Toscana, Italy
https://www.airbnb.com/rooms/5755765,200,München, Bayern, Germany
https://www.airbnb.com/rooms/5755766,200,Rio de Janeiro, Rio de Janeiro, Brazil
https://www.airbnb.com/rooms/5755767,200,Le Massegros, Languedoc-Roussillon, France
https://www.airbnb.com/rooms/5755770,200,London, United Kingdom
https://www.airbnb.com/rooms/5755774,200,København, Denmark
https://www.airbnb.com/rooms/5755777,200,LIPSI, DODEKANISA, Greece
https://www.airbnb.com/rooms/5755778,200,Tbilisi, Tbilisi, Georgia
https://www.airbnb.com/rooms/5755783,200,Palermo, Sicilia, Italy
https://www.airbnb.com/rooms/5755785,200,Saint-Cast-le-Guildo, Bretagne, France
https://www.airbnb.com/rooms/5755786,200,Milano, Lombardia, Italy
https://www.airbnb.com/rooms/5755789,200,Rochester, MN, United States
https://www.airbnb.com/rooms/5755791,200,Nice, Provence-Alpes-Côte d&#x27;Azur, France
https://www.airbnb.com/rooms/5755792,200,Bridge of Earn, United Kingdom
https://www.airbnb.com/rooms/5755804,200,Berlin, Berlin, Germany
https://www.airbnb.com/rooms/5755806,200,Blacksburg, VA, United States
https://www.airbnb.com/rooms/5755807,200,Briançon, Provence-Alpes-Côte d&#x27;Azur, France
https://www.airbnb.com/rooms/5755816,200,Greenwich, CT, United States
https://www.airbnb.com/rooms/5755925,200,Sliema, Tigne, Malta
https://www.airbnb.com/rooms/5755926,200,Cerbère, Languedoc-Roussillon, France
https://www.airbnb.com/rooms/5755928,200,Parzanica, Lombardia, Italy
https://www.airbnb.com/rooms/5755930,200,Kritinia, Egeo, Greece, Greece
https://www.airbnb.com/rooms/5755931,200,Amsterdam, Noord-Holland, Netherlands
https://www.airbnb.com/rooms/5755934,200,Chicago, IL, United States
https://www.airbnb.com/rooms/5755939,200,Habana, Habana, Cuba
https://www.airbnb.com/rooms/5755949,200,London, United Kingdom
https://www.airbnb.com/rooms/5755954,200,Milano, Lombardia, Italy
https://www.airbnb.com/rooms/5755964,200,London, Greater London, United Kingdom
https://www.airbnb.com/rooms/5755991,200,Braine-l&#x27;Alleud, Région wallonne, Belgium
https://www.airbnb.com/rooms/5755994,200,Roma, Lazio, Italy
https://www.airbnb.com/rooms/5756002,200,Beaune, Bourgogne, France
https://www.airbnb.com/rooms/5756004,200,Raub, Pahang, Malaysia
https://www.airbnb.com/rooms/5756005,200,Bournemouth, Dorset, United Kingdom
https://www.airbnb.com/rooms/5756011,200,São Paulo, São Paulo, Brazil
https://www.airbnb.com/rooms/5756013,200,Łódź, województwo łódzkie, Poland
https://www.airbnb.com/rooms/5756014,200,Kecamatan Buleleng, Bali, Indonesia
https://www.airbnb.com/rooms/5756016,200,Lisboa, Lisboa, Portugal
https://www.airbnb.com/rooms/5756018,200,Palm Springs, CA, United States
https://www.airbnb.com/rooms/5756024,200,London, United Kingdom
https://www.airbnb.com/rooms/5756039,200,Wako, Saitama, Japan
https://www.airbnb.com/rooms/5756042,200,Campagnan, Languedoc-Roussillon, France
https://www.airbnb.com/rooms/5756044,200,Paris, Île-de-France, France
https://www.airbnb.com/rooms/5756045,200,Biarritz, Aquitaine, France
https://www.airbnb.com/rooms/5756051,200,Toronto, ON, Canada
https://www.airbnb.com/rooms/5756052,200,Roma, Lazio, Italy
https://www.airbnb.com/rooms/5756053,200,Santa Teresa Gallura, Sardegna, Italy
https://www.airbnb.com/rooms/5756055,200,Beijing, Beijing, China
https://www.airbnb.com/rooms/5756057,200,Anderlecht, Bruxelles, Belgium
https://www.airbnb.com/rooms/5756059,200,Koblenz, Rheinland-Pfalz, Germany
https://www.airbnb.com/rooms/5756069,200,Honolulu, HI, United States
https://www.airbnb.com/rooms/5756075,200,Châtel-Guyon, Auvergne, France
https://www.airbnb.com/rooms/5756076,200,Los Baños, Calabarzon, Philippines
https://www.airbnb.com/rooms/5756079,200,Burbank, CA, United States
https://www.airbnb.com/rooms/5756085,200,Paris, Île-de-France, France
https://www.airbnb.com/rooms/5756089,200,Playa del Carmen, Quintana Roo, Mexico
https://www.airbnb.com/rooms/5756091,200,Beaune, Bourgogne, France
https://www.airbnb.com/rooms/5756093,200,Westport, Mayo, Ireland
https://www.airbnb.com/rooms/5756100,200,Palau, Sardegna, Italy
https://www.airbnb.com/rooms/5756101,200,San Miguel de Salinas, Comunidad Valenciana, Spain
https://www.airbnb.com/rooms/5756104,200,Elia, Egeo, Greece
https://www.airbnb.com/rooms/5756105,200,Eindhoven, Noord-Brabant, Netherlands
https://www.airbnb.com/rooms/5756116,200,Privlaka, Vukovarsko-srijemska županija, Croatia
https://www.airbnb.com/rooms/5756123,200,Montevideo, Montevideo, Uruguay
https://www.airbnb.com/rooms/5756235,200,Zaragoza, Zaragoza, Spain
https://www.airbnb.com/rooms/5756245,200,Vilnius, Vilniaus apskritis, Lithuania
https://www.airbnb.com/rooms/5756249,200,Playas Del Coco, Guanacaste, Costa Rica
https://www.airbnb.com/rooms/5756250,200,Tel Aviv-Yafo, Tel Aviv District, Israel
https://www.airbnb.com/rooms/5756262,200,Bois des Hauts-Marais, Région wallonne, Belgium
https://www.airbnb.com/rooms/5756265,200,tp. Huế, Thừa Thiên Huế, Vietnam
https://www.airbnb.com/rooms/5756273,200,Kullavik, Hallands län, Sweden
https://www.airbnb.com/rooms/5756278,200,Girona, Catalunya, Spain
https://www.airbnb.com/rooms/5756280,200,Neustrelitz, Mecklenburg-Vorpommern, Germany
https://www.airbnb.com/rooms/5756282,200,Milano, Lombardia, Italy
https://www.airbnb.com/rooms/5756288,200,Montréal, Québec, Canada
https://www.airbnb.com/rooms/5756290,200,Sopot, pomorskie, Poland
https://www.airbnb.com/rooms/5756291,200,Firenze, Toscana, Italy
https://www.airbnb.com/rooms/5756297,200,Čenej, Vojvodina, Serbia
https://www.airbnb.com/rooms/5756301,200,Rochefort, Région wallonne, Belgium
https://www.airbnb.com/rooms/5756302,200,Montréal, Québec, Canada
https://www.airbnb.com/rooms/5756303,200,Rio de Janeiro, Rio de Janeiro, Brazil
https://www.airbnb.com/rooms/5756308,200,Fleury, Languedoc-Roussillon, France
https://www.airbnb.com/rooms/5756309,200,Kampala, Central Region, Uganda
https://www.airbnb.com/rooms/5756310,200,Saint-Nolff, Bretagne, France
https://www.airbnb.com/rooms/5756312,200,ﾊﾞﾝｺｸ, Krung Thep Maha Nakhon, Thailand
https://www.airbnb.com/rooms/5756319,200,Cannes, Provence-Alpes-Côte d&#x27;Azur, France
https://www.airbnb.com/rooms/5756321,200,Cathkin Park, KwaZulu-Natal, South Africa
https://www.airbnb.com/rooms/5756327,200,Sotkamo, Suomi, Finland
https://www.airbnb.com/rooms/5756330,200,Porto, Porto, Portugal
https://www.airbnb.com/rooms/5756337,200,Paris, Île-de-France, France
https://www.airbnb.com/rooms/5756338,200,Tiger, GA, United States
https://www.airbnb.com/rooms/5756339,200,Mazara del Vallo, Sicilia, Italy
https://www.airbnb.com/rooms/5756343,200,Brighton , East Sussex, United Kingdom
https://www.airbnb.com/rooms/5756356,200,Omaha, NE, United States
https://www.airbnb.com/rooms/5756365,200,Venice, CA, United States
https://www.airbnb.com/rooms/5756368,200,Magnitogorsk, Chelyabinsk Oblast, Russia
https://www.airbnb.com/rooms/5756378,200,Pénestin, Bretagne, France
https://www.airbnb.com/rooms/5756391,200,Milano, Lombardia, Italy
https://www.airbnb.com/rooms/5756398,200,Tisno, Šibensko-kninska županija, Croatia
https://www.airbnb.com/rooms/5756412,200,Paris, Île-de-France, France
https://www.airbnb.com/rooms/5756415,200,Montréal, Québec, Canada
https://www.airbnb.com/rooms/5756426,200,Bordeaux, Aquitaine, France
https://www.airbnb.com/rooms/5756432,200,Santiago, Región Metropolitana, Chile
https://www.airbnb.com/rooms/5756433,200,London, United Kingdom
https://www.airbnb.com/rooms/5756539,200,North Yunderup, Western Australia, Australia
https://www.airbnb.com/rooms/5756547,200,London, United Kingdom
https://www.airbnb.com/rooms/5756549,200,Alicante, Comunidad Valenciana, Spain
https://www.airbnb.com/rooms/5756551,200,Campos do Jordão, SP, Brazil
https://www.airbnb.com/rooms/5756556,200,Aubervilliers, Île-de-France, France
https://www.airbnb.com/rooms/5756557,200,West Stour, Dorset, United Kingdom
https://www.airbnb.com/rooms/5756558,200,Koblenz, Rheinland-Pfalz, Germany
https://www.airbnb.com/rooms/5756565,200,Milano, Lombardia, Italy
https://www.airbnb.com/rooms/5756570,200,London, United Kingdom
https://www.airbnb.com/rooms/5756571,200,Roma, Lazio, Italy
https://www.airbnb.com/rooms/5756572,200,Rab, Primorje-Gorski Kotar County, Croatia
https://www.airbnb.com/rooms/5756574,200,Honolulu, HI, United States
https://www.airbnb.com/rooms/5756581,200,Tisno, Šibensko-kninska županija, Croatia
https://www.airbnb.com/rooms/5756583,200,Nantes, Pays de la Loire, France
https://www.airbnb.com/rooms/5756594,200,København, Denmark
https://www.airbnb.com/rooms/5756595,200,Twickenham, United Kingdom
https://www.airbnb.com/rooms/5756602,200,Las Vegas, NV, United States
https://www.airbnb.com/rooms/5756603,200,Ibiza, Illes Balears, Spain
https://www.airbnb.com/rooms/5756607,200,Edinburgh, United Kingdom
https://www.airbnb.com/rooms/5756613,200,Kyoto, Kyoto Prefecture, Japan
https://www.airbnb.com/rooms/5756621,200,Dubai, Dubai, United Arab Emirates
https://www.airbnb.com/rooms/5756622,200,Zhongshan District, Taipei City, Taiwan
https://www.airbnb.com/rooms/5756626,200,København, Denmark
https://www.airbnb.com/rooms/5756635,200,Kuşadası  Kirazlı, Aydın, Turkey
https://www.airbnb.com/rooms/5756637,200,Balestrate, Sicilia, Italy
https://www.airbnb.com/rooms/5756643,200,New York, NY, United States
https://www.airbnb.com/rooms/5756644,200,Tisno, Šibensko-kninska županija, Croatia
https://www.airbnb.com/rooms/5756646,200,Weston, VT, United States
https://www.airbnb.com/rooms/5756653,200,Dramalj, Primorsko-goranska županija, Croatia
https://www.airbnb.com/rooms/5756661,200,Lorton, VA, United States
https://www.airbnb.com/rooms/5756662,200,Blankenheim, Nordrhein-Westfalen, Germany
https://www.airbnb.com/rooms/5756663,200,Xàbia, Comunidad Valenciana, Spain
https://www.airbnb.com/rooms/5756664,200,London, United Kingdom
https://www.airbnb.com/rooms/5756666,200,Granada, Andalucía, Spain
https://www.airbnb.com/rooms/5756668,200,Perast, Kotor, Montenegro
https://www.airbnb.com/rooms/5756680,200,habana, habana, Cuba
https://www.airbnb.com/rooms/5756684,200,Stockholm, Stockholms län, Sweden
https://www.airbnb.com/rooms/5756691,200,Firenze, Toscana, Italy
https://www.airbnb.com/rooms/5756699,200,Hamburg, Hamburg, Germany
https://www.airbnb.com/rooms/5756701,200,Palma, Illes Balears, Spain
https://www.airbnb.com/rooms/5756703,200,Lorton, VA, United States
https://www.airbnb.com/rooms/5756719,200,Lloret de Mar, Catalunya, Spain
https://www.airbnb.com/rooms/5756722,200,Meschers-sur-Gironde, Poitou-Charentes, France
https://www.airbnb.com/rooms/5756724,200,תל אביב יפו, מחוז תל אביב, Israel
https://www.airbnb.com/rooms/5756728,200,Tambon Patong, Chang Wat Phuket, Thailand
https://www.airbnb.com/rooms/5756734,200,Vila Nova de Milfontes, Beja, Portugal
https://www.airbnb.com/rooms/5756742,200,Nashville, TN, United States
https://www.airbnb.com/rooms/5756854,200,Tisno, Šibensko-kninska županija, Croatia
https://www.airbnb.com/rooms/5756865,200,Chiavari, Liguria, Italy
https://www.airbnb.com/rooms/5756866,200,Southampton, United Kingdom
https://www.airbnb.com/rooms/5756867,200,Porto Alegre, Rio Grande do Sul, Brazil
https://www.airbnb.com/rooms/5756877,200,Gaylord, MI, United States
https://www.airbnb.com/rooms/5756878,200,Cagnes-sur-Mer, Provence-Alpes-Côte d&#x27;Azur, France
https://www.airbnb.com/rooms/5756880,200,İstanbul, İstanbul, Turkey
https://www.airbnb.com/rooms/5756882,200,Edinburgh, United Kingdom
https://www.airbnb.com/rooms/5756890,200,Srebreno, Dubrovačko-neretvanska županija, Croatia
https://www.airbnb.com/rooms/5756901,200,Milano, Lombardia, Italy
https://www.airbnb.com/rooms/5756904,200,Tambon Patong, Chang Wat Phuket, Thailand
https://www.airbnb.com/rooms/5756905,200,Autrans, Rhône-Alpes, France
https://www.airbnb.com/rooms/5756907,200,Mannheim, Baden-Württemberg, Germany
https://www.airbnb.com/rooms/5756908,200,Tarascon, Provence-Alpes-Côte d&#x27;Azur, France
https://www.airbnb.com/rooms/5756910,200,Antibes, Provence-Alpes-Côte d&#x27;Azur, France
https://www.airbnb.com/rooms/5756917,200,York, United Kingdom
https://www.airbnb.com/rooms/5756919,200,Bakersfield, CA, United States
https://www.airbnb.com/rooms/5756921,200,Jerez de la Frontera, Andalucía, Spain
https://www.airbnb.com/rooms/5756925,200,Piña, Colón, Panama
https://www.airbnb.com/rooms/5756931,200,
https://www.airbnb.com/rooms/5756947,200,Praiano, Salerno, Italy
https://www.airbnb.com/rooms/5756949,200,Marsala, TRAPANI, Italy
https://www.airbnb.com/rooms/5756951,200,Rogoznica, Šibensko-kninska županija, Croatia
https://www.airbnb.com/rooms/5756954,200,Pakoštane, Zadarska županija, Croatia
https://www.airbnb.com/rooms/5756957,200,Prague, Hlavní město Praha, Czech Republic
https://www.airbnb.com/rooms/5756962,200,Vodice, Šibensko-kninska županija, Croatia
https://www.airbnb.com/rooms/5756967,200,București, Municipiul București, Romania
https://www.airbnb.com/rooms/5756983,200,Saint-Jean Saverne, Alsace, France
https://www.airbnb.com/rooms/5756985,200,Stratford-upon-Avon, England, United Kingdom
https://www.airbnb.com/rooms/5756987,200,Roma, Lazio, Italy
https://www.airbnb.com/rooms/5756992,200,Plienciems, Latvia
https://www.airbnb.com/rooms/5756994,200,Verona, Veneto, Italy
https://www.airbnb.com/rooms/5756996,200,Минск, Минская область, Belarus
https://www.airbnb.com/rooms/5756997,200,London, Greater London, United Kingdom
https://www.airbnb.com/rooms/5756998,200,Kasauli, Himachal Pradesh, India
https://www.airbnb.com/rooms/5757006,200,Gamarde-les-Bains, Aquitaine, France
https://www.airbnb.com/rooms/5757016,200,Roiville, Basse-Normandie, France
https://www.airbnb.com/rooms/5757017,200,Khimki, Moskovskaya oblast&#x27;, Russia
https://www.airbnb.com/rooms/5757027,200,Mazzin di Fassa, Trentino-Alto Adige, Italy
https://www.airbnb.com/rooms/5757028,200,St Lucia, Castries, Saint Lucia
https://www.airbnb.com/rooms/5757029,200,Fort-de-France Bay, Fort-de-France, Martinique
https://www.airbnb.com/rooms/5757035,200,Palermo, Sicilia, Italy
https://www.airbnb.com/rooms/5757038,200,Sosúa, Puerto Plata, Dominican Republic
https://www.airbnb.com/rooms/5757050,200,Milano, Lombardia, Italy
https://www.airbnb.com/rooms/5757164,200,London, United Kingdom
https://www.airbnb.com/rooms/5757172,200,Milano, Lombardia, Italy
https://www.airbnb.com/rooms/5757174,200,Cabo Negro, Tangier-Tetouan, Morocco
https://www.airbnb.com/rooms/5757183,200,Firenze, Toscana, Italy
https://www.airbnb.com/rooms/5757189,200,Hải Châu, Đà Nẵng, Vietnam
https://www.airbnb.com/rooms/5757190,200,Borgagne, Puglia, Italy
https://www.airbnb.com/rooms/5757193,200,Pakoštane, Zadarska županija, Croatia
https://www.airbnb.com/rooms/5757200,200,Valledoria, Sardegna, Italy
https://www.airbnb.com/rooms/5757204,200,Jugon-les-Lacs, Bretagne, France
https://www.airbnb.com/rooms/5757215,200,Ko Chang, Trat, Thailand
https://www.airbnb.com/rooms/5757219,200,Los Angeles, CA, United States
https://www.airbnb.com/rooms/5757229,200,Ooty, Tamil Nadu, India
https://www.airbnb.com/rooms/5757230,200,Berlin, Berlin, Germany
https://www.airbnb.com/rooms/5757233,200,Firenze, Toscana, Italy
https://www.airbnb.com/rooms/5757234,200,Qala, Malta
https://www.airbnb.com/rooms/5757238,200,Roma, Lazio, Italy
https://www.airbnb.com/rooms/5757239,200,Stikovica, Dubrovačko-neretvanska županija, Croatia
https://www.airbnb.com/rooms/5757241,200,Cagliari, Sardegna, Italy
https://www.airbnb.com/rooms/5757243,200,Roma, Lazio, Italy
https://www.airbnb.com/rooms/5757253,200,Split, Splitsko-dalmatinska županija, Croatia
https://www.airbnb.com/rooms/5757263,200,Καλύβες, Κρήτη, Greece
https://www.airbnb.com/rooms/5757267,200,Jugon-les-Lacs, Bretagne, France
https://www.airbnb.com/rooms/5757269,200,Kassel, Hessen, Germany
https://www.airbnb.com/rooms/5757271,200,Moclín, Andalucía, Spain
https://www.airbnb.com/rooms/5757277,200,Roma, Lazio, Italy
https://www.airbnb.com/rooms/5757279,200,Granada, Granada, Nicaragua
https://www.airbnb.com/rooms/5757280,200,Gislaved V, Jönköpings län, Sweden
https://www.airbnb.com/rooms/5757281,200,Seget Vranjica, Splitsko-dalmatinska županija, Croatia
https://www.airbnb.com/rooms/5757289,200,Ischia, Campania, Italy
https://www.airbnb.com/rooms/5757292,200,Québec, Québec, Canada
https://www.airbnb.com/rooms/5757295,200,Hayes, United Kingdom
https://www.airbnb.com/rooms/5757308,200,Roma, Lazio, Italy
https://www.airbnb.com/rooms/5757312,200,Nice, Provence-Alpes-Côte d&#x27;Azur, France
https://www.airbnb.com/rooms/5757314,200,San Telmo, Mallorca. Baleares, Spain
https://www.airbnb.com/rooms/5757321,200,Brooklyn, NY, United States
https://www.airbnb.com/rooms/5757323,200,Providence, RI, United States
https://www.airbnb.com/rooms/5757325,200,Maldegem/ Kleit, Vlaams Gewest, Belgium
https://www.airbnb.com/rooms/5757330,200,Budva, Budva, Montenegro
https://www.airbnb.com/rooms/5757332,200,Milano, Lombardia, Italy
https://www.airbnb.com/rooms/5757334,200,Rio de Janeiro, Rio de Janeiro, Brazil
https://www.airbnb.com/rooms/5757340,200,Tissamaharama, Southern Province, Sri Lanka
https://www.airbnb.com/rooms/5757345,200,Roma, Lazio, Italy
https://www.airbnb.com/rooms/5757350,200,Parowan, UT, United States
https://www.airbnb.com/rooms/5757356,200,Lisboa, Lisboa, Portugal
https://www.airbnb.com/rooms/5757359,200,Paran, South District, Israel
https://www.airbnb.com/rooms/5757360,200,Hancock, MA, United States
https://www.airbnb.com/rooms/5757362,200,Paris, Île-de-France, France
https://www.airbnb.com/rooms/5757475,200,Modena, Emilia-Romagna, Italy
https://www.airbnb.com/rooms/5757476,200,Venezia, Veneto, Italy
https://www.airbnb.com/rooms/5757484,200,Bursa, Bursa, Turkey
https://www.airbnb.com/rooms/5757488,200,La Grande-Motte, Languedoc-Roussillon, France
https://www.airbnb.com/rooms/5757490,200,Gothenburg, Västra Götalands län, Sweden
https://www.airbnb.com/rooms/5757501,200,Σάρτη, Μακεδονία Θράκη, Greece
https://www.airbnb.com/rooms/5757502,200,Marina, Sicilia, Italy
https://www.airbnb.com/rooms/5757504,200,Il-Qala, Malta
https://www.airbnb.com/rooms/5757508,200,Λίμνη Κερίου, Πελοπόννησος Δυτική Ελλάδα και Ιόνιο, Greece
https://www.airbnb.com/rooms/5757509,200,New York, NY, United States
https://www.airbnb.com/rooms/5757513,200,Vodice, Šibensko-kninska županija, Croatia
https://www.airbnb.com/rooms/5757519,200,Nicholasville, KY, United States
https://www.airbnb.com/rooms/5757522,200,Boulogne-Billancourt, Île-de-France, France
https://www.airbnb.com/rooms/5757526,200,New Castle, St James Windward Parish, Saint Kitts and Nevis
https://www.airbnb.com/rooms/5757527,200,Tambon Patong, Chang Wat Phuket, Thailand
https://www.airbnb.com/rooms/5757528,200,Aglientu OT, Sardegna, Italy
https://www.airbnb.com/rooms/5757532,200,Bruxelles, Bruxelles, Belgium
https://www.airbnb.com/rooms/5757540,200,Saint-Malo, Bretagne, France
https://www.airbnb.com/rooms/5757541,200,Sorrento, Campania, Italy
https://www.airbnb.com/rooms/5757549,200,Batumi, Adjara, Georgia
https://www.airbnb.com/rooms/5757551,200,Amsterdam, Noord-Holland, Netherlands
https://www.airbnb.com/rooms/5757552,200,Zapopan, Jalisco, Mexico
https://www.airbnb.com/rooms/5757556,200,Honolulu, HI, United States
https://www.airbnb.com/rooms/5757563,200,Reggio Calabria, Reggio Calabria, Italy
https://www.airbnb.com/rooms/5757566,200,Basel, Basel-Stadt, Switzerland
https://www.airbnb.com/rooms/5757576,200,Marmaris, Muğla, Turkey
https://www.airbnb.com/rooms/5757577,200,Modena, Emilia-Romagna, Italy
https://www.airbnb.com/rooms/5757588,200,Berlin, Berlin, Germany
https://www.airbnb.com/rooms/5757589,200,Anse Marcel, Collectivité de Saint-Martin, Saint Martin
https://www.airbnb.com/rooms/5757593,200,Roma, Lazio, Italy
https://www.airbnb.com/rooms/5757600,200,Brindisi, Puglia, Italy
https://www.airbnb.com/rooms/5757602,200,Girona, Catalonia, Spain
https://www.airbnb.com/rooms/5757604,200,Richmond, VA, United States
https://www.airbnb.com/rooms/5757605,200,Kissimmee, FL, United States
https://www.airbnb.com/rooms/5757608,200,Hendersonville, NC, United States
https://www.airbnb.com/rooms/5757612,200,Somerville, MA, United States
https://www.airbnb.com/rooms/5757617,200,London, United Kingdom
https://www.airbnb.com/rooms/5757618,200,ANTSAKOA, NOSY KOMBA, Madagascar
https://www.airbnb.com/rooms/5757628,200,New York, NY, United States
https://www.airbnb.com/rooms/5757636,200,Stockholm, Stockholms län, Sweden
https://www.airbnb.com/rooms/5757638,200,Trapani, Sicilia, Italy
https://www.airbnb.com/rooms/5757640,200,Montréal, Québec, Canada
https://www.airbnb.com/rooms/5757650,200,Orosei, Sardegna, Italy
https://www.airbnb.com/rooms/5757656,200,Cambrils, Catalunya, Spain
https://www.airbnb.com/rooms/5757657,200,Seongbuk-gu, Seoul, South Korea
https://www.airbnb.com/rooms/5757658,200,St. Thomas 00802, USVI, St. Thomas, U.S. Virgin Islands
https://www.airbnb.com/rooms/5757659,200,Vaunaveys-la-Rochette, Rhône-Alpes, France
https://www.airbnb.com/rooms/5757662,200,Ennis, Clare, Ireland
https://www.airbnb.com/rooms/5757664,200,Montréal, Québec, Canada
https://www.airbnb.com/rooms/5757704,200,Roma, Lazio, Italy
https://www.airbnb.com/rooms/5757707,200,Qala, Gozo, Malta
https://www.airbnb.com/rooms/5757709,200,Sveti Stefan, Montenegro
https://www.airbnb.com/rooms/5757715,200,Portland, OR, United States
https://www.airbnb.com/rooms/5757723,200,Alvorninha -, Leiria, Portugal
https://www.airbnb.com/rooms/5757725,200,Teruel , Aragón, Spain
https://www.airbnb.com/rooms/5757731,200,Rodello, Piemonte, Italy
https://www.airbnb.com/rooms/5757732,200,Skyline Drive, St. Thomas 00802, USVI, St. Thomas, U.S. Virgin Islands
https://www.airbnb.com/rooms/5757741,200,Toulouse, Midi-Pyrénées, France
https://www.airbnb.com/rooms/5757744,200,Tambon Patong, Chang Wat Phuket, Thailand
https://www.airbnb.com/rooms/5757747,200,Benalmádena, Andalucía, Spain
https://www.airbnb.com/rooms/5757752,200,Puerto de santiago, Canarias, Spain
https://www.airbnb.com/rooms/5757756,200,Saint-Cyr-sur-Mer, Provence-Alpes-Côte d&#x27;Azur, France
https://www.airbnb.com/rooms/5757758,200,Malgrate, Lombardia, Italy
https://www.airbnb.com/rooms/5757761,200,Château-du-Loir, Pays de la Loire, France
https://www.airbnb.com/rooms/5757766,200,Asciano, Toscana, Italy
https://www.airbnb.com/rooms/5757770,200,Bornasco, Lombardia, Italy
https://www.airbnb.com/rooms/5757773,200,Paris, Île-de-France, France
https://www.airbnb.com/rooms/5757775,200,Avondale, AZ, United States
https://www.airbnb.com/rooms/5757778,200,Paris, Île-de-France, France
https://www.airbnb.com/rooms/5757786,200,Roma, Lazio, Italy
https://www.airbnb.com/rooms/5757790,200,Sannat, Gozo, Malta
https://www.airbnb.com/rooms/5757794,200,Firenze, FI, Italy
https://www.airbnb.com/rooms/5757795,200,Akbuk, Didim, Turkey
https://www.airbnb.com/rooms/5757796,200,Agadir, Souss-Massa-Draâ, Morocco
https://www.airbnb.com/rooms/5757798,200,La Flotte, Poitou-Charentes, France
https://www.airbnb.com/rooms/5757802,200,Malgrat de Mar, Catalunya, Spain
https://www.airbnb.com/rooms/5757805,200,Oakland, CA, United States
https://www.airbnb.com/rooms/5757806,200,Conilhac-Corbières, Languedoc-Roussillon, France
https://www.airbnb.com/rooms/5757810,200,Zagvozd, Splitsko-dalmatinska županija, Croatia
https://www.airbnb.com/rooms/5757813,200,Kailua-Kona, HI, United States
https://www.airbnb.com/rooms/5757815,200,Odder, Denmark
https://www.airbnb.com/rooms/5757817,200,La Habana, La Habana, Cuba
https://www.airbnb.com/rooms/5757820,200,Trancoso, State of Bahia, Brazil
https://www.airbnb.com/rooms/5757830,200,Valencia , Valencia, Spain
https://www.airbnb.com/rooms/5757834,200,Ubatuba, São Paulo, Brazil
https://www.airbnb.com/rooms/5757837,200,Montréal, Québec, Canada
https://www.airbnb.com/rooms/5757839,200,Cannes, Provence-Alpes-Côte d&#x27;Azur, France
https://www.airbnb.com/rooms/5757840,200,Ischia, Campania, Italy
https://www.airbnb.com/rooms/5757845,200,Santiago, Región Metropolitana, Chile
https://www.airbnb.com/rooms/5757846,200,Acireale, Sicilia, Italy
https://www.airbnb.com/rooms/5757848,200,Ocean Grove, NJ, United States
https://www.airbnb.com/rooms/5757863,200,Peyrins, Rhone-Alpes, France
https://www.airbnb.com/rooms/5757978,200,Nerja, Málaga - Andalucía - España, Spain
https://www.airbnb.com/rooms/5757980,200,València, Comunidad Valenciana, Spain
https://www.airbnb.com/rooms/5757988,200,Cancún, Quintana Roo, Mexico
https://www.airbnb.com/rooms/5757997,200,La Flotte, Poitou-Charentes, France
https://www.airbnb.com/rooms/5758001,200,Reggio Calabria, Calabria, Italy
https://www.airbnb.com/rooms/5758003,200,La Quinta, CA, United States
https://www.airbnb.com/rooms/5758008,200,Hannover, Niedersachsen, Germany
https://www.airbnb.com/rooms/5758009,200,Miami, FL, United States
https://www.airbnb.com/rooms/5758011,200,Rosario, Santa Fe, Argentina
https://www.airbnb.com/rooms/5758018,200,Palma, Illes Balears, Spain
https://www.airbnb.com/rooms/5758019,200,Paris, Île-de-France, France
https://www.airbnb.com/rooms/5758021,200,Granada, Andalucía, Spain
https://www.airbnb.com/rooms/5758033,200,Katra, Jammu &amp; Kashmir
https://www.airbnb.com/rooms/5758038,200,Malgrate, Lombardia, Italy
https://www.airbnb.com/rooms/5758039,200,Paris, Île-de-France, France
https://www.airbnb.com/rooms/5758046,200,Helsinki, Finland
https://www.airbnb.com/rooms/5758047,200,Bridlington, United Kingdom
https://www.airbnb.com/rooms/5758049,200,Logroño, La Rioja, Spain
https://www.airbnb.com/rooms/5758052,200,Levanzo- Favignana, Sicilia, Italy
https://www.airbnb.com/rooms/5758053,200,Sant Lluís, Illes Balears, Spain
https://www.airbnb.com/rooms/5758054,200,Campinas, São Paulo, Brazil
https://www.airbnb.com/rooms/5758055,200,Ocean City, MD, United States
https://www.airbnb.com/rooms/5758063,200,Milano, Lombardia, Italy
https://www.airbnb.com/rooms/5758066,200,Alghero, Sardegna, Italy
https://www.airbnb.com/rooms/5758072,200,New York, NY, United States
https://www.airbnb.com/rooms/5758075,200,Μυρτιές, Αιγαίο, Greece
https://www.airbnb.com/rooms/5758077,200,Contigné, Pays de la Loire, France
https://www.airbnb.com/rooms/5758080,200,Il-Munxar, Gozo, Malta
https://www.airbnb.com/rooms/5758085,200,Albufeira, Faro, Portugal
https://www.airbnb.com/rooms/5758091,200,Paris, Île-de-France, France
https://www.airbnb.com/rooms/5758095,200,Lanvéoc, Bretagne, France
https://www.airbnb.com/rooms/5758102,200,Nacka, Stockholms län, Sweden
https://www.airbnb.com/rooms/5758108,200,Split, Splitsko-dalmatinska županija, Croatia
https://www.airbnb.com/rooms/5758109,200,Paris, IDF, France
https://www.airbnb.com/rooms/5758125,200,Amsterdam, Noord-Holland, Netherlands
https://www.airbnb.com/rooms/5758134,200,Acireale, Sicilia, Italy
https://www.airbnb.com/rooms/5758139,200,Castelnau-de-Brassac, Midi-Pyrénées, France
https://www.airbnb.com/rooms/5758143,200,Lisboa, Lisboa, Portugal
https://www.airbnb.com/rooms/5758144,200,Buenos Aires, Ciudad Autónoma de Buenos Aires, Argentina
https://www.airbnb.com/rooms/5758145,200,Monterrey, Nuevo León, Mexico
https://www.airbnb.com/rooms/5758147,200,Foxford, Mayo, Ireland
https://www.airbnb.com/rooms/5758148,200,Blacksburg, VA, United States
https://www.airbnb.com/rooms/5758150,200,Denver, CO, United States
https://www.airbnb.com/rooms/5758151,200,Kevelaer, Nordrhein-Westfalen, Germany
https://www.airbnb.com/rooms/5758154,200,Sveti Stefan, Montenegro
https://www.airbnb.com/rooms/5758167,200,Tilcara, Jujuy, Argentina
https://www.airbnb.com/rooms/5758169,200,Berlin, Berlin, Germany
https://www.airbnb.com/rooms/5758171,200,Playa del Carmen, Quintana Roo, Mexico
https://www.airbnb.com/rooms/5758172,200,Collioure, Languedoc-Roussillon, France
https://www.airbnb.com/rooms/5758176,200,Torre San Gennaro, Puglia, Italy
https://www.airbnb.com/rooms/5758298,200,Marsillargues, Languedoc-Roussillon, France
https://www.airbnb.com/rooms/5758300,200,Bogotá, Bogotá, Colombia
https://www.airbnb.com/rooms/5758301,200,Antibes, Provence-Alpes-Côte d&#x27;Azur, France
https://www.airbnb.com/rooms/5758302,200,Ithaca, NY, United States
https://www.airbnb.com/rooms/5758303,200,Osage, IA, United States
https://www.airbnb.com/rooms/5758304,200,Sonora, CA, United States
https://www.airbnb.com/rooms/5758308,200,Tel Aviv-Yafo, Tel Aviv District, Israel
https://www.airbnb.com/rooms/5758310,200,Lahaina, HI, United States
https://www.airbnb.com/rooms/5758321,200,Nashville, TN, United States
https://www.airbnb.com/rooms/5758345,200,İstanbul, İstanbul, Turkey
https://www.airbnb.com/rooms/5758353,200,Pontevedra, Galicia, Spain
https://www.airbnb.com/rooms/5758359,200,Orebić, Dubrovačko-neretvanska županija, Croatia
https://www.airbnb.com/rooms/5758362,200,Armeñime, Santa cruz de tenerife, Spain
https://www.airbnb.com/rooms/5758374,200,Dresden, Saxony, Germany
https://www.airbnb.com/rooms/5758379,200,Granada, Andalucía, Spain
https://www.airbnb.com/rooms/5758384,200,Maubec, Provence-Alpes-Côte d&#x27;Azur, France
https://www.airbnb.com/rooms/5758388,200,Valras-Plage, Languedoc-Roussillon, France
https://www.airbnb.com/rooms/5758401,200,Pefki, Rhodes, Greece
https://www.airbnb.com/rooms/5758403,200,Toronto, ON, Canada
https://www.airbnb.com/rooms/5758405,200,Bruxelles, Bruxelles, Belgium
https://www.airbnb.com/rooms/5758406,200,Six-Fours-les-Plages, Provence-Alpes-Côte d&#x27;Azur, France
https://www.airbnb.com/rooms/5758421,200,Hamburg, Hamburg, Germany
https://www.airbnb.com/rooms/5758427,200,Maceió, Alagoas, Brazil
https://www.airbnb.com/rooms/5758430,200,Toronto, ON, Canada
https://www.airbnb.com/rooms/5758432,200,Paris, Île-de-France, France
https://www.airbnb.com/rooms/5758438,200,Bavaro, La Altagracia Province, Dominican Republic
https://www.airbnb.com/rooms/5758448,200,Orleans, MA, United States
https://www.airbnb.com/rooms/5758451,200,Lorca, Región de Murcia, Spain
https://www.airbnb.com/rooms/5758452,200,Dénia, Comunidad Valenciana, Spain
https://www.airbnb.com/rooms/5758463,200,Dumfries and Galloway, United Kingdom
https://www.airbnb.com/rooms/5758464,200,Plougastel-Daoulas, Bretagne, France
https://www.airbnb.com/rooms/5758472,200,Marbella, Andalucía, Spain
https://www.airbnb.com/rooms/5758475,200,Stintino, Sardegna, Italy
https://www.airbnb.com/rooms/5758481,200,Gilleleje, Denmark
https://www.airbnb.com/rooms/5758483,200,Nashville, TN, United States
https://www.airbnb.com/rooms/5758485,200,Lauro de Freitas, Bahia, Brazil
https://www.airbnb.com/rooms/5758487,200,Santiago, Región Metropolitana, Chile
https://www.airbnb.com/rooms/5758488,200,Indio, CA, United States
https://www.airbnb.com/rooms/5758612,200,Maceió, Alagoas, Brazil
https://www.airbnb.com/rooms/5758617,200,Roma, Lazio, Italy
https://www.airbnb.com/rooms/5758620,200,Okehampton, ,, United Kingdom
https://www.airbnb.com/rooms/5758624,200,майнило, Russia
https://www.airbnb.com/rooms/5758627,200,Franschhoek, Western Cape, South Africa
https://www.airbnb.com/rooms/5758632,200,New York, NY, United States
https://www.airbnb.com/rooms/5758638,200,Morciano di Leuca, Puglia, Italy
https://www.airbnb.com/rooms/5758639,200,Cres, Primorsko-goranska županija, Croatia
https://www.airbnb.com/rooms/5758642,200,London, United Kingdom
https://www.airbnb.com/rooms/5758661,200,Prospect, OR, United States
https://www.airbnb.com/rooms/5758671,200,Dublin, Dublin, Ireland
https://www.airbnb.com/rooms/5758683,200,Lacey, WA, United States
https://www.airbnb.com/rooms/5758688,200,Barcelona, Catalunya, Spain
https://www.airbnb.com/rooms/5758695,200,New York, NY, United States
https://www.airbnb.com/rooms/5758707,200,Genova, Liguria, Italy
https://www.airbnb.com/rooms/5758710,200,Cusano Milanino, Lombardia, Italy
https://www.airbnb.com/rooms/5758819,200,Aliki, Paros, Greece
https://www.airbnb.com/rooms/5758824,200,Davenport, FL, United States
https://www.airbnb.com/rooms/5758826,200,Montréal, Québec, Canada
https://www.airbnb.com/rooms/5758827,200,Padstow, England, United Kingdom
https://www.airbnb.com/rooms/5758830,200,Breckenridge, CO, United States
https://www.airbnb.com/rooms/5758832,200,Calgary, AB, Canada
https://www.airbnb.com/rooms/5758837,200,Lumio, Corsica, France
https://www.airbnb.com/rooms/5758840,200,Postira, Splitsko-dalmatinska županija, Croatia
https://www.airbnb.com/rooms/5758842,200,London, England, United Kingdom
https://www.airbnb.com/rooms/5758844,200,Pula, Istarska županija, Croatia
https://www.airbnb.com/rooms/5758851,200,Oslo, Oslo, Norway
https://www.airbnb.com/rooms/5758852,200,Älvdalen S, Dalarnas län, Sweden
https://www.airbnb.com/rooms/5758854,200,Florianópolis, Santa Catarina, Brazil
https://www.airbnb.com/rooms/5758880,200,San Miguel, Canarias, Spain
https://www.airbnb.com/rooms/5758884,200,Las Palmas de Gran Canaria, Canarias, Spain
https://www.airbnb.com/rooms/5758890,200,Nice, Provence-Alpes-Côte d&#x27;Azur, France
https://www.airbnb.com/rooms/5758891,200,Vieštovėnai, Telšiai County, Lithuania
https://www.airbnb.com/rooms/5758893,200,Stara Novalja, Ličko-senjska županija, Croatia
https://www.airbnb.com/rooms/5758894,200,Amsterdam, Noord-Holland, Netherlands
https://www.airbnb.com/rooms/5758905,200,Kennebunkport, ME, United States
https://www.airbnb.com/rooms/5758909,200,Ollon, Vaud, Switzerland
https://www.airbnb.com/rooms/5758919,200,Malinska, Primorsko-goranska županija, Croatia
https://www.airbnb.com/rooms/5759043,200,Villars-sur-Ollon, Vaud, Switzerland
https://www.airbnb.com/rooms/5759045,200,Athina, Greece
https://www.airbnb.com/rooms/5759047,200,Clearwater, British Columbia, Canada
https://www.airbnb.com/rooms/5759049,200,Philadelphia, PA, United States
https://www.airbnb.com/rooms/5759059,200,Aberdeen, NC, United States
https://www.airbnb.com/rooms/5759062,200,Villars-sur-Ollon, Vaud, Switzerland
https://www.airbnb.com/rooms/5759065,200,Ibiza, Illes Balears, Spain
https://www.airbnb.com/rooms/5759066,200,Irvine, CA, United States
https://www.airbnb.com/rooms/5759068,200,Tel Aviv-Yafo, Tel Aviv District, Israel
https://www.airbnb.com/rooms/5759082,200,Gonçalves, Minas Gerais, Brazil
https://www.airbnb.com/rooms/5759087,200,Görlitz, Sachsen, Germany
https://www.airbnb.com/rooms/5759092,200,Vall d&#x27;Aran, Catalunya, Spain
https://www.airbnb.com/rooms/5759094,200,Paros, Αιγαίο, Greece
https://www.airbnb.com/rooms/5759106,200,Beograd, Grad Beograd, Serbia
https://www.airbnb.com/rooms/5759111,200,Quito, Pichincha, Ecuador
https://www.airbnb.com/rooms/5759113,200,Marseille, Provence-Alpes-Côte d&#x27;Azur, France
https://www.airbnb.com/rooms/5759115,200,Berlin, Berlin, Germany
https://www.airbnb.com/rooms/5759120,200,Paris, Île-de-France, France
https://www.airbnb.com/rooms/5759123,200,Oslo, Oslo, Norway
https://www.airbnb.com/rooms/5759125,200,Lanvéoc, Bretagne, France
https://www.airbnb.com/rooms/5759126,200,New York, NY, United States
https://www.airbnb.com/rooms/5759132,200,Fusch an der Großglocknerstraße, Salzburg, Austria
https://www.airbnb.com/rooms/5759138,200,Boğaziçi, Muğla, Turkey
https://www.airbnb.com/rooms/5759141,200,Madison, WI, United States
https://www.airbnb.com/rooms/5759147,200,Klaipėda, Klaipėdos apskritis, Lithuania
https://www.airbnb.com/rooms/5759161,200,Whittier, CA, United States
https://www.airbnb.com/rooms/5759164,200,Paphos, Paphos, Cyprus
https://www.airbnb.com/rooms/5759174,200,Jerusalem, Jerusalem District, Israel
https://www.airbnb.com/rooms/5759189,200,Heraklion, Crete, Greece
https://www.airbnb.com/rooms/5759192,200,Galway City, Ireland
https://www.airbnb.com/rooms/5759194,200,Tullibody, United Kingdom
https://www.airbnb.com/rooms/5759197,200,Chalonnes-sur-Loire, Pays de la Loire, France
https://www.airbnb.com/rooms/5759211,200,Zürich, Zürich, Switzerland
https://www.airbnb.com/rooms/5759212,200,Milano, Lombardia, Italy
https://www.airbnb.com/rooms/5759225,200,Sierre, VS, Switzerland
https://www.airbnb.com/rooms/5759228,200,Amsterdam, NH, Netherlands
https://www.airbnb.com/rooms/5759349,200,Tunis, Gouvernorat de Tunis, Tunisia
https://www.airbnb.com/rooms/5759353,200,Figueira da Foz, Coimbra, Portugal
https://www.airbnb.com/rooms/5759355,200,Roquebrune-Cap-Martin, Provence-Alpes-Côte d&#x27;Azur, France
https://www.airbnb.com/rooms/5759357,200,Santa Maria Rezzonico, Lombardia, Italy
https://www.airbnb.com/rooms/5759370,200,Hol, Buskerud, Norway
https://www.airbnb.com/rooms/5759374,200,Weesp, Noord-Holland, Netherlands
https://www.airbnb.com/rooms/5759378,200,Москва, город Москва, Russia
https://www.airbnb.com/rooms/5759380,200,Montréal, Québec, Canada
https://www.airbnb.com/rooms/5759381,200,Saint-Jean, Centre, France
https://www.airbnb.com/rooms/5759384,200,Toronto, ON, Canada
https://www.airbnb.com/rooms/5759405,200,Tetouan, Tangier-Tetouan, Morocco
https://www.airbnb.com/rooms/5759413,200,Zadar, Zadar County, Croatia
https://www.airbnb.com/rooms/5759416,200,Stanley, VIC, Australia
https://www.airbnb.com/rooms/5759433,200,Amsterdam, Noord-Holland, Netherlands
https://www.airbnb.com/rooms/5759437,200,Nice, Provence-Alpes-Côte d&#x27;Azur, France
https://www.airbnb.com/rooms/5759445,200,Bryne, Rogaland, Norway
https://www.airbnb.com/rooms/5759446,200,Akureyri, Northeast, Iceland
https://www.airbnb.com/rooms/5759553,200,Warszawa, mazowieckie, Poland
https://www.airbnb.com/rooms/5759560,200,Villa Carlos Paz, Cordoba, Argentina
https://www.airbnb.com/rooms/5759572,200,Bloomington, IN, United States
https://www.airbnb.com/rooms/5759573,200,Marina del Rey, CA, United States
https://www.airbnb.com/rooms/5759577,200,London, United Kingdom
https://www.airbnb.com/rooms/5759580,200,Medellin, Antioquia, Colombia
https://www.airbnb.com/rooms/5759584,200,Vernouillet, Île-de-France, France
https://www.airbnb.com/rooms/5759585,200,Whittier, CA, United States
https://www.airbnb.com/rooms/5759590,200,Vancouver, BC, Canada
https://www.airbnb.com/rooms/5759594,200,Porto Ercole, orbetello, toscana, Italy
https://www.airbnb.com/rooms/5759599,200,Montalto, Toscana, Italy
https://www.airbnb.com/rooms/5759605,200,Habana, Habana, Cuba
https://www.airbnb.com/rooms/5759609,200,Abergwesyn, Wales, United Kingdom
https://www.airbnb.com/rooms/5759619,200,Lantana, FL, United States
https://www.airbnb.com/rooms/5759626,200,Austin, TX, United States
https://www.airbnb.com/rooms/5759627,200,Roma, Lazio, Italy
https://www.airbnb.com/rooms/5759630,200,Washington, DC, United States
https://www.airbnb.com/rooms/5759632,200,Lake Worth, FL, United States
https://www.airbnb.com/rooms/5759633,200,Barcelona, Catalunya, Spain
https://www.airbnb.com/rooms/5759636,200,Cambria, CA, United States
https://www.airbnb.com/rooms/5759646,200,Yarmouth, MA, United States
https://www.airbnb.com/rooms/5759654,200,Omaha, NE, United States
https://www.airbnb.com/rooms/5759655,200,Woodridge, IL, United States
https://www.airbnb.com/rooms/5759768,200,Montréal, Québec, Canada
https://www.airbnb.com/rooms/5759769,200,Akureyri, Northeast, Iceland
https://www.airbnb.com/rooms/5759770,200,Львів, Львівська область, Ukraine
https://www.airbnb.com/rooms/5759781,200,Santa Teresa Gallura, Sardegna, Italy
https://www.airbnb.com/rooms/5759783,200,Ixelles, Bruxelles, Belgium
https://www.airbnb.com/rooms/5759784,200,Habana, habana, Cuba
https://www.airbnb.com/rooms/5759786,200,Cruz Bay, St John, U.S. Virgin Islands
https://www.airbnb.com/rooms/5759790,200,Habana, Habana, Cuba
https://www.airbnb.com/rooms/5759791,200,Région de Calvi, Corsica, France
https://www.airbnb.com/rooms/5759798,200,Wanchaq, Cuzco, Peru
https://www.airbnb.com/rooms/5759805,200,Leipzig, Sachsen, Germany
https://www.airbnb.com/rooms/5759807,200,Aci Castello, Sicilia, Italy
https://www.airbnb.com/rooms/5759819,200,Wellfleet, MA, United States
https://www.airbnb.com/rooms/5759820,200,Sarajevo, Federacija Bosne i Hercegovine, Bosnia and Herzegovina
https://www.airbnb.com/rooms/5759827,200,Vrsi, Zadarska županija, Croatia
https://www.airbnb.com/rooms/5759833,200,Burgos, Castilla y León, Spain
https://www.airbnb.com/rooms/5759844,200,Barcelona, Catalunya, Spain
https://www.airbnb.com/rooms/5759860,200,Glenorchy, Otago, New Zealand
https://www.airbnb.com/rooms/5759862,200,Cawston, BC, Canada
https://www.airbnb.com/rooms/5759866,200,Colle Sestriere, Piemonte, Italy
https://www.airbnb.com/rooms/5759867,200,Tonnara di Bonagia, Sicilia, Italy
https://www.airbnb.com/rooms/5759974,200,Lourmarin, Provence-Alpes-Côte d&#x27;Azur, France
https://www.airbnb.com/rooms/5759976,200,Vancouver, BC, Canada
https://www.airbnb.com/rooms/5759983,200,Madrid, Comunidad de Madrid, Spain
https://www.airbnb.com/rooms/5759989,200,Avon, NY, United States
https://www.airbnb.com/rooms/5759997,200,Hendaye, Aquitaine, France
https://www.airbnb.com/rooms/5759998,200,Fernão Ferro, Setúbal, Portugal
