https://www.airbnb.com/rooms/5850006,200,Brooklyn, NY, United States
https://www.airbnb.com/rooms/5850011,200,Crumlin Village, Dublin, Ireland
https://www.airbnb.com/rooms/5850023,200,Santa Maria al Bagno Nardò, (LE), Italy
https://www.airbnb.com/rooms/5850026,200,Toronto, ON, Canada
https://www.airbnb.com/rooms/5850032,200,Locri, Calabria, Italy
https://www.airbnb.com/rooms/5850037,200,San Francisco, CA, United States
https://www.airbnb.com/rooms/5850040,200,Brooklyn, NY, United States
https://www.airbnb.com/rooms/5850055,200,Los Cacaos, , San Cristobal, Dominican Republic
https://www.airbnb.com/rooms/5850064,200,Salerno, Campania, Italy
https://www.airbnb.com/rooms/5850066,200,Valmarchese, Piemonte, Italy
https://www.airbnb.com/rooms/5850067,200,Valle dell&#x27;Angelo, Campania, Italy
https://www.airbnb.com/rooms/5850075,200,Pacific Grove, CA, United States
https://www.airbnb.com/rooms/5850080,200,San Carlos de Bariloche, Río Negro, Argentina
https://www.airbnb.com/rooms/5850082,200,Lido Marini, Puglia, Italy
https://www.airbnb.com/rooms/5850106,200,Nocera Superiore, Campania, Italy
https://www.airbnb.com/rooms/5850107,200,Santo Domingo. Ensanche Isabelita, National District, Dominican Republic
https://www.airbnb.com/rooms/5850117,200,Biarritz, Aquitaine, France
https://www.airbnb.com/rooms/5850124,200,Fatih, İstanbul, Turkey
https://www.airbnb.com/rooms/5850125,200,Los Angeles, CA, United States
https://www.airbnb.com/rooms/5850148,200,Brooklyn, NY, United States
https://www.airbnb.com/rooms/5850155,200,Palm Springs, CA, United States
https://www.airbnb.com/rooms/5850157,200,Ixtapa, Guerrero, Mexico
https://www.airbnb.com/rooms/5850159,200,Lauro de Freitas, Bahia, Brazil
https://www.airbnb.com/rooms/5850163,200,T&#x27;bilisi, Tbilisi, Georgia
https://www.airbnb.com/rooms/5850168,200,Varigotti, Liguria, Italy
https://www.airbnb.com/rooms/5850173,200,Washington, DC, United States
https://www.airbnb.com/rooms/5850177,200,Paralimni, Famagusta, Cyprus
https://www.airbnb.com/rooms/5850182,200,Newport, NSW, Australia
https://www.airbnb.com/rooms/5850184,200,Shanghai, Shanghai Shi, China
https://www.airbnb.com/rooms/5850188,200,Cammeray, NSW, Australia
https://www.airbnb.com/rooms/5850191,200,Rio de Janeiro, Rio de Janeiro, Brazil
https://www.airbnb.com/rooms/5850196,200,Dunsborough, Western Australia, Australia
https://www.airbnb.com/rooms/5850199,200,Indianapolis, IN, United States
https://www.airbnb.com/rooms/5850203,200,Lisboa, Lisboa, Portugal
https://www.airbnb.com/rooms/5850205,200,Marrakech, Marrakech-Tensift-Al Haouz, Morocco
https://www.airbnb.com/rooms/5850206,200,Sedona, AZ, United States
https://www.airbnb.com/rooms/5850227,200,Harbourville, Nova Scotia, Canada
https://www.airbnb.com/rooms/5850229,200,Tracys Landing, MD, United States
https://www.airbnb.com/rooms/5850232,200,Santiago, Región Metropolitana de Santiago, Chile
https://www.airbnb.com/rooms/5850233,200,Omaha, NE, United States
https://www.airbnb.com/rooms/5850235,200,Truckee, CA, United States
https://www.airbnb.com/rooms/5850236,200,Augusta, GA, United States
https://www.airbnb.com/rooms/5850262,200,Alacant, Comunidad Valenciana, Spain
https://www.airbnb.com/rooms/5850265,200,Arlington, VA, United States
https://www.airbnb.com/rooms/5850266,200,Brunswick, VIC, Australia
https://www.airbnb.com/rooms/5850269,200,Juan Dolio, San Pedro de Macoris, Dominican Republic
https://www.airbnb.com/rooms/5850271,200,London, United Kingdom
https://www.airbnb.com/rooms/5850272,200,Indianapolis, IN, United States
https://www.airbnb.com/rooms/5850281,200,Wilderness, Western Cape, South Africa
https://www.airbnb.com/rooms/5850285,200,São Paulo, São Paulo, Brazil
https://www.airbnb.com/rooms/5850286,200,Milano, Lombardia, Italy
https://www.airbnb.com/rooms/5850288,200,Wien, Wien, Austria
https://www.airbnb.com/rooms/5850293,200,Kailua, HI, United States
https://www.airbnb.com/rooms/5850297,200,Highland Falls, NY, United States
https://www.airbnb.com/rooms/5850300,200,Anaheim, CA, United States
https://www.airbnb.com/rooms/5850311,200,Giardini-naxos, Sicilia, Italy
https://www.airbnb.com/rooms/5850313,200,Ginetes, Azores, Portugal
https://www.airbnb.com/rooms/5850316,200,Athina, Greece
https://www.airbnb.com/rooms/5850320,200,Athina, Greece
https://www.airbnb.com/rooms/5850322,200,Bogota, Bogota, Colombia
https://www.airbnb.com/rooms/5850330,200,Mount Tremper, NY, United States
https://www.airbnb.com/rooms/5850333,200,Abergavenny, Wales, United Kingdom
https://www.airbnb.com/rooms/5850338,200,Петропавловск-Камчатский, Камчатский край, Russia
https://www.airbnb.com/rooms/5850339,200,Pohara, Tasman, New Zealand
https://www.airbnb.com/rooms/5850340,200,san salvador de jujuy, Jujuy, Argentina
https://www.airbnb.com/rooms/5850344,200,Latera, Lazio, Italy
https://www.airbnb.com/rooms/5850356,200,Seaside, OR, United States
https://www.airbnb.com/rooms/5850370,200,Petropavlovsk-Kamchatskiy, Kamchatskiy kray, Russia
https://www.airbnb.com/rooms/5850372,200,Makati, Metro Manila, Philippines
https://www.airbnb.com/rooms/5850380,200,San Francisco, CA, United States
https://www.airbnb.com/rooms/5850381,200,San Francisco, CA, United States
https://www.airbnb.com/rooms/5850397,200,Ciudad de México, Distrito Federal, Mexico
https://www.airbnb.com/rooms/5850407,200,Talybont-on-Usk, United Kingdom
https://www.airbnb.com/rooms/5850417,200,Wien, Wien, Austria
https://www.airbnb.com/rooms/5850420,200,Tumbler Ridge, BC, Canada
https://www.airbnb.com/rooms/5850427,200,Coquitlam, BC, Canada
https://www.airbnb.com/rooms/5850435,200,Vancouver, BC, Canada
https://www.airbnb.com/rooms/5850436,200,Omaha, NE, United States
https://www.airbnb.com/rooms/5850563,200,el Pescadero, Baja California Sur, Mexico
https://www.airbnb.com/rooms/5850566,200,Miami Beach, FL, United States
https://www.airbnb.com/rooms/5850567,200,Rio de Janeiro, Rio de Janeiro, Brazil
https://www.airbnb.com/rooms/5850568,200,Vancouver, BC, Canada
https://www.airbnb.com/rooms/5850590,200,Hvar, Split-Dalmatia County, Croatia
https://www.airbnb.com/rooms/5850600,200,Martínez, Martinez, Argentina
https://www.airbnb.com/rooms/5850622,200,西屯區河南路二段, 台中市, Taiwan
https://www.airbnb.com/rooms/5850628,200,Bronx, NY, United States
https://www.airbnb.com/rooms/5850637,200,San Jose, San Jose, Costa Rica
https://www.airbnb.com/rooms/5850654,200,Red Hill, QLD, Australia
https://www.airbnb.com/rooms/5850662,200,Albanella, Campania, Italy
https://www.airbnb.com/rooms/5850777,200,Bakersville, NC, United States
https://www.airbnb.com/rooms/5850779,200,Wollstonecraft, New South Wales, Australia
https://www.airbnb.com/rooms/5850781,200,Yantai, Shandong, China
https://www.airbnb.com/rooms/5850785,200,São Bento do Sapucaí, São Paulo, Brazil
https://www.airbnb.com/rooms/5850786,200,Anna Maria, FL, United States
https://www.airbnb.com/rooms/5850791,200,西屯區河南路二段, 台中市, Taiwan
https://www.airbnb.com/rooms/5850799,200,tp. Đà Lạt, Lâm Đồng, Vietnam
https://www.airbnb.com/rooms/5850804,200,Santo Domingo, Distrito Nacional, Dominican Republic
https://www.airbnb.com/rooms/5850810,200,Montréal, Québec, Canada
https://www.airbnb.com/rooms/5850814,200,Montréal, Québec, Canada
https://www.airbnb.com/rooms/5850816,200,Suttons Bay, MI, United States
https://www.airbnb.com/rooms/5850817,200,Cochabamba, Cochabamba, Bolivia
https://www.airbnb.com/rooms/5850828,200,Dugi Rat, Splitsko-dalmatinska županija, Croatia
https://www.airbnb.com/rooms/5850835,200,Miami, FL, United States
https://www.airbnb.com/rooms/5850837,200,Mill Valley, CA, United States
https://www.airbnb.com/rooms/5850839,200,花蓮市, 花蓮縣, Taiwan
https://www.airbnb.com/rooms/5850844,200,Altona, VIC, Australia
https://www.airbnb.com/rooms/5850848,200,Reston, VA, United States
https://www.airbnb.com/rooms/5850861,200,Kyoto, Kyoto Prefecture, Japan
https://www.airbnb.com/rooms/5850864,200,London, United Kingdom
https://www.airbnb.com/rooms/5850866,200,Petit Bourg, Basse-Terre, Guadeloupe
https://www.airbnb.com/rooms/5850871,200,Myrtle Beach, SC, United States
https://www.airbnb.com/rooms/5850884,200,Fitzroy, VIC, Australia
https://www.airbnb.com/rooms/5850888,200,Teruel, Huila, Colombia
https://www.airbnb.com/rooms/5850897,200,Chicago, IL, United States
https://www.airbnb.com/rooms/5850905,200,Indianapolis, IN, United States
https://www.airbnb.com/rooms/5850917,200,Brooklyn, NY, United States
https://www.airbnb.com/rooms/5850921,200,Shanghai, Shanghai, China
https://www.airbnb.com/rooms/5850922,200,Bourne, MA, United States
https://www.airbnb.com/rooms/5850927,200,Reykjavik, Capital Region, Iceland
https://www.airbnb.com/rooms/5850937,200,Phuket, Phuket, Thailand
https://www.airbnb.com/rooms/5850947,200,Dugi Rat, Splitsko-dalmatinska županija, Croatia
https://www.airbnb.com/rooms/5850948,200,Palo Alto, CA, United States
https://www.airbnb.com/rooms/5850951,200,Altona, VIC, Australia
https://www.airbnb.com/rooms/5850976,200,Puerto Viejo de Talamanca, Limon, Costa Rica
https://www.airbnb.com/rooms/5851108,200,Cambridge, MD, United States
https://www.airbnb.com/rooms/5851113,200,Augusta, GA, United States
https://www.airbnb.com/rooms/5851115,200,Chicago, IL, United States
https://www.airbnb.com/rooms/5851116,200,Victoria, BC, Canada
https://www.airbnb.com/rooms/5851129,200,Indianapolis, IN, United States
https://www.airbnb.com/rooms/5851134,200,Sandy, UT, United States
https://www.airbnb.com/rooms/5851139,200,Gilford, NH, United States
https://www.airbnb.com/rooms/5851141,200,Lamoine, ME, United States
https://www.airbnb.com/rooms/5851146,200,Falmouth, MA, United States
https://www.airbnb.com/rooms/5851161,200,Milford, MA, United States
https://www.airbnb.com/rooms/5851166,200,Salvador, Bahia, Brazil
https://www.airbnb.com/rooms/5851174,200,São Paulo, SP, Brazil
https://www.airbnb.com/rooms/5851175,200,Shanghai, Shanghai Shi, China
https://www.airbnb.com/rooms/5851184,200,Kota Kinabalu, Sabah, Malaysia
https://www.airbnb.com/rooms/5851188,200,Kalimpong, Darjeeling district, West Bengal, India
https://www.airbnb.com/rooms/5851191,200,Naucalpan de Juárez, Estado de México, Mexico
https://www.airbnb.com/rooms/5851195,200,Málaga, AL, Spain
https://www.airbnb.com/rooms/5851196,200,Málaga, Andalucía, Spain
https://www.airbnb.com/rooms/5851204,200,Yungaburra, QLD, Australia
https://www.airbnb.com/rooms/5851212,200,Fitzroy North, VIC, Australia
https://www.airbnb.com/rooms/5851228,200,Miami, FL, United States
https://www.airbnb.com/rooms/5851230,200,Sils im Engadin/Segl, Graubünden, Switzerland
https://www.airbnb.com/rooms/5851231,200,Sils im Engadin/Segl, Grisons, Switzerland
https://www.airbnb.com/rooms/5851235,200,New Orleans, LA, United States
https://www.airbnb.com/rooms/5851243,200,North Bethesda, MD, United States
https://www.airbnb.com/rooms/5851244,200,Ansan-si Singil dong, Gyeonggi-do, South Korea
https://www.airbnb.com/rooms/5851249,200,Guangzhou, Guangdong, China
https://www.airbnb.com/rooms/5851274,200,São Paulo, São Paulo, Brazil
https://www.airbnb.com/rooms/5851278,200,Kuta, Bali, Indonesia
https://www.airbnb.com/rooms/5851288,200,Naintré, Poitou-Charentes, France
https://www.airbnb.com/rooms/5851295,200,New York, NY, United States
https://www.airbnb.com/rooms/5851412,200,Fort Lauderdale, FL, United States
https://www.airbnb.com/rooms/5851433,200,Kyōto-shi, Kyōto-fu, Japan
https://www.airbnb.com/rooms/5851437,200,Palazzolo Acreide, Sicilia, Italy
https://www.airbnb.com/rooms/5851444,200,Bowen Hills, QLD, Australia
https://www.airbnb.com/rooms/5851448,200,La Honda, CA, United States
https://www.airbnb.com/rooms/5851453,200,Boyce, VA, United States
https://www.airbnb.com/rooms/5851455,200,Honolulu, HI, United States
https://www.airbnb.com/rooms/5851461,200,Austin, TX, United States
https://www.airbnb.com/rooms/5851463,200,Surry Hills, NSW, Australia
https://www.airbnb.com/rooms/5851470,200,Busuanga, Palawan, Philippines
https://www.airbnb.com/rooms/5851477,200,Ponchatoula, LA, United States
https://www.airbnb.com/rooms/5851481,200,Los Angeles, CA, United States
https://www.airbnb.com/rooms/5851482,200,Buenos Aires, Ciudad Autónoma de Buenos Aires, Argentina
https://www.airbnb.com/rooms/5851488,200,Nanjing, Jiangsu, China
https://www.airbnb.com/rooms/5851491,200,State College, PA, United States
https://www.airbnb.com/rooms/5851498,200,Indio, CA, United States
https://www.airbnb.com/rooms/5851500,200,Queens, NY, United States
https://www.airbnb.com/rooms/5851503,200,Richmond, CA, United States
https://www.airbnb.com/rooms/5851505,200,são miguel, santa catarina, Brazil
https://www.airbnb.com/rooms/5851628,200,Honolulu, HI, United States
https://www.airbnb.com/rooms/5851632,200,Bangkok, Thailand
https://www.airbnb.com/rooms/5851649,200,New York, NY, United States
https://www.airbnb.com/rooms/5851655,200,Lorne, VIC, Australia
https://www.airbnb.com/rooms/5851658,200,Rio de Janeiro, RJ, Brazil
https://www.airbnb.com/rooms/5851672,200,Ubud, Bali, Indonesia
https://www.airbnb.com/rooms/5851676,200,Sri Jayawardenepura Kotte, Western Province, Sri Lanka
https://www.airbnb.com/rooms/5851677,200,Warkworth, Auckland, New Zealand
https://www.airbnb.com/rooms/5851680,200,Kingstown, Saint Vincent and the Grenadines
https://www.airbnb.com/rooms/5851682,200,Como, Lombardia, Italy
https://www.airbnb.com/rooms/5851706,200,Tambon Choeng Thale, Chang Wat Phuket, Thailand
https://www.airbnb.com/rooms/5851707,200,Payson, AZ, United States
https://www.airbnb.com/rooms/5851709,200,Houston, TX, United States
https://www.airbnb.com/rooms/5851714,200,Bar Beach, NSW, Australia
https://www.airbnb.com/rooms/5851716,200,Camden Park, SA, Australia
https://www.airbnb.com/rooms/5851717,200,Juan Dolio, San Pedro de Macoris, Dominican Republic
https://www.airbnb.com/rooms/5851720,200,Cuiabá, Mato Grosso, Brazil
https://www.airbnb.com/rooms/5851721,200,Saint John, NB, Canada
https://www.airbnb.com/rooms/5851849,200,Toronto, ON, Canada
https://www.airbnb.com/rooms/5851852,200,Ulaanbaatar, Ulaanbaatar, Mongolia
https://www.airbnb.com/rooms/5851860,200,Los Angeles, CA, United States
https://www.airbnb.com/rooms/5851865,200,Lincoln City, OR, United States
https://www.airbnb.com/rooms/5851869,200,西東京市, 東京都, Japan
https://www.airbnb.com/rooms/5851880,200,Camden, SC, United States
https://www.airbnb.com/rooms/5851881,200,Union City, NJ, United States
https://www.airbnb.com/rooms/5851884,200,Mount Nelson, TAS, Australia
https://www.airbnb.com/rooms/5851888,200,Tel Aviv-Yafo, Israel
https://www.airbnb.com/rooms/5851889,200,Arlington, VA, United States
https://www.airbnb.com/rooms/5851894,200,Tagaytay, Calabarzon, Philippines
https://www.airbnb.com/rooms/5851905,200,Annapolis, MD, United States
https://www.airbnb.com/rooms/5851906,200,Melaka, Melaka, Malaysia
https://www.airbnb.com/rooms/5851908,200,Augusta, GA, United States
https://www.airbnb.com/rooms/5851914,200,Big Bear Lake, CA, United States
https://www.airbnb.com/rooms/5851916,200,Corte Madera, CA, United States
https://www.airbnb.com/rooms/5851922,200,Cempaka Putih, Jawa Barat, Indonesia
https://www.airbnb.com/rooms/5852047,200,Baga Beach, Goa, India
https://www.airbnb.com/rooms/5852052,200,Castro Valley, CA, United States
https://www.airbnb.com/rooms/5852053,200,
https://www.airbnb.com/rooms/5852061,200,Lund, BC, Canada
https://www.airbnb.com/rooms/5852066,200,San Francisco, CA, United States
https://www.airbnb.com/rooms/5852081,200,Jinan Shi, Shandong Sheng, China
https://www.airbnb.com/rooms/5852095,200,Ngatangiia District, Cook Islands
https://www.airbnb.com/rooms/5852097,200,Mapo-gu, Seoul, Seoul, South Korea
https://www.airbnb.com/rooms/5852105,200,杭州, 浙江, China
https://www.airbnb.com/rooms/5852109,200,Avalon Beach, NSW, Australia
https://www.airbnb.com/rooms/5852118,200,Duisburg, Nordrhein-Westfalen, Germany
https://www.airbnb.com/rooms/5852124,200,Medellín, Antioquia, Colombia
https://www.airbnb.com/rooms/5852126,200,Medellin, Antioquia, Colombia
https://www.airbnb.com/rooms/5852128,200,Zadar, Zadarska županija, Croatia
https://www.airbnb.com/rooms/5852131,200,大连, 辽宁省, China
https://www.airbnb.com/rooms/5852142,200,İstanbul, İstanbul, Turkey
https://www.airbnb.com/rooms/5852148,200,Kyōto-shi, Kyōto-fu, Japan
https://www.airbnb.com/rooms/5852154,200,Ulverston, Lindal-in-Furness, England, United Kingdom
https://www.airbnb.com/rooms/5852155,200,Roma, Lazio, Italy
https://www.airbnb.com/rooms/5852156,200,Panauti, Central Region, Nepal
https://www.airbnb.com/rooms/5852157,200,Marina del Rey, CA, United States
https://www.airbnb.com/rooms/5852162,200,East Gosford, NSW, Australia
https://www.airbnb.com/rooms/5852173,200,Acapulco, Guerrero, Mexico
https://www.airbnb.com/rooms/5852179,200,Torri del Benaco, Veneto, Italy
https://www.airbnb.com/rooms/5852184,200,Qingdao Shi, Shandong Sheng, China
https://www.airbnb.com/rooms/5852195,200,Cannes, Provence-Alpes-Côte d&#x27;Azur, France
https://www.airbnb.com/rooms/5852201,200,Patong, Phuket, Thailand
https://www.airbnb.com/rooms/5852204,200,San Francisco, CA, United States
https://www.airbnb.com/rooms/5852208,200,Rose Bay, NSW, Australia
https://www.airbnb.com/rooms/5852209,200,Modesto, CA, United States
https://www.airbnb.com/rooms/5852219,200,Las Vegas, NV, United States
https://www.airbnb.com/rooms/5852220,200,Tel Aviv-Yafo, Tel Aviv District, Israel
https://www.airbnb.com/rooms/5852224,200,Djerba Midun, Médenine, Tunisia
https://www.airbnb.com/rooms/5852225,200,Meguro-ku, Tōkyō-to, Japan
https://www.airbnb.com/rooms/5852226,200,Oxley, QLD, Australia
https://www.airbnb.com/rooms/5852229,200,Criccieth, Gw, United Kingdom
https://www.airbnb.com/rooms/5852240,200,Watson, Australian Capital Territory, Australia
https://www.airbnb.com/rooms/5852246,200,Kathmandu, Central Region, Nepal
https://www.airbnb.com/rooms/5852247,200,Conversano, Puglia, Italy
https://www.airbnb.com/rooms/5852359,200,Lavra, Porto, Portugal
https://www.airbnb.com/rooms/5852365,200,Honolulu, HI, United States
https://www.airbnb.com/rooms/5852370,200,São Paulo, São Paulo, Brazil
https://www.airbnb.com/rooms/5852374,200,Plymouth, United Kingdom
https://www.airbnb.com/rooms/5852379,200,Santa Marinella, Lazio, Italy
https://www.airbnb.com/rooms/5852386,200,Yeongdeungpo-gu, Seoul, South Korea
https://www.airbnb.com/rooms/5852400,200,Sri Jayawardenepura Kotte, Western Province, Sri Lanka
https://www.airbnb.com/rooms/5852402,200,Vancouver, BC, Canada
https://www.airbnb.com/rooms/5852407,200,Santiago, Región Metropolitana, Chile
https://www.airbnb.com/rooms/5852410,200,Algaida, Illes Balears, Spain
https://www.airbnb.com/rooms/5852418,200,Sattahip, Chon Buri, Thailand
https://www.airbnb.com/rooms/5852425,200,Marseille, Provence-Alpes-Côte d&#x27;Azur, France
https://www.airbnb.com/rooms/5852434,200,Wolfeboro, NH, United States
https://www.airbnb.com/rooms/5852436,200,Rovinj, Istarska županija, Croatia
https://www.airbnb.com/rooms/5852439,200,Zhongshan District, Taipei City, Taiwan
https://www.airbnb.com/rooms/5852440,200,Chiang Mai, Chang Wat Chiang Mai, Thailand
https://www.airbnb.com/rooms/5852442,200,Orebić, Dubrovačko-neretvanska županija, Croatia
https://www.airbnb.com/rooms/5852445,200,Palm Cove, QLD, Australia
https://www.airbnb.com/rooms/5852448,200,Bol, Splitsko-dalmatinska županija, Croatia
https://www.airbnb.com/rooms/5852456,200,Ormont-Dessous, Vaud, Switzerland
https://www.airbnb.com/rooms/5852468,200,Nikko, Tochigi Prefecture, Japan
https://www.airbnb.com/rooms/5852474,200,firostefani, Egeo, Greece
https://www.airbnb.com/rooms/5852477,200,canoa quebrada, Ceará, Brazil
https://www.airbnb.com/rooms/5852481,200,Makati, Metro Manila, Philippines
https://www.airbnb.com/rooms/5852489,200,Pyrgos Kallistis, Egeo, Greece
https://www.airbnb.com/rooms/5852500,200,Gia Viễn, Ninh Bình, Vietnam
https://www.airbnb.com/rooms/5852503,200,Roma, Lazio, Italy
https://www.airbnb.com/rooms/5852509,200,Brugge, Vlaams Gewest, Belgium
https://www.airbnb.com/rooms/5852517,200,İstanbul, Turkey
https://www.airbnb.com/rooms/5852523,200,Solna, Stockholms län, Sweden
https://www.airbnb.com/rooms/5852530,200,Elsternwick, VIC, Australia
https://www.airbnb.com/rooms/5852542,200,La Garde, Provence-Alpes-Côte d&#x27;Azur, France
https://www.airbnb.com/rooms/5852546,200,Genadendal, Western Cape, South Africa
https://www.airbnb.com/rooms/5852556,200,Astrakhan&#x27;, Astrakhanskaya oblast&#x27;, Russia
https://www.airbnb.com/rooms/5852557,200,Beijing, Beijing, China
https://www.airbnb.com/rooms/5852559,200,Paris, Île-de-France, France
https://www.airbnb.com/rooms/5852624,200,Grenoble, Rhône-Alpes, France
https://www.airbnb.com/rooms/5852627,200,Moskva, Moscow, Russia
https://www.airbnb.com/rooms/5852636,200,Edgware, United Kingdom
https://www.airbnb.com/rooms/5852638,200,Trinità, Sardegna, Italy
https://www.airbnb.com/rooms/5852641,200,Μεσημέρι, Μακεδονία Θράκη, Greece
https://www.airbnb.com/rooms/5852647,200,Orebić, Dubrovačko-neretvanska županija, Croatia
https://www.airbnb.com/rooms/5852648,200,Torre Dell&#x27;orso, Puglia, Italy
https://www.airbnb.com/rooms/5852655,200,Gela, Sicilia, Italy
https://www.airbnb.com/rooms/5852660,200,San Giuliano Terme, Pisa, Toscana, Italy
https://www.airbnb.com/rooms/5852681,200,Stiava, Toscana, Italy
https://www.airbnb.com/rooms/5852684,200,Trinidad, Sancti Spíritus, Cuba
https://www.airbnb.com/rooms/5852694,200,방콕, Krung Thep Maha Nakhon, Thailand
https://www.airbnb.com/rooms/5852698,200,Inverness, Highland, United Kingdom
https://www.airbnb.com/rooms/5852702,200,Orebić, Dubrovačko-neretvanska županija, Croatia
https://www.airbnb.com/rooms/5852708,200,Lecchiore, Liguria, Italy
https://www.airbnb.com/rooms/5852712,200,Trinidad, Sancti Spíritus, Cuba
https://www.airbnb.com/rooms/5852714,200,Galle, Southern Province, Sri Lanka
https://www.airbnb.com/rooms/5852721,200,Пхукет, Phuket, Thailand
https://www.airbnb.com/rooms/5852722,200,Kotagiri, Tamil Nadu, India
https://www.airbnb.com/rooms/5852730,200,Milano, Lombardia, Italy
https://www.airbnb.com/rooms/5852740,200,Nilgiris, Tamil Nadu, India
https://www.airbnb.com/rooms/5852747,200,Orebić, Dubrovačko-neretvanska županija, Croatia
https://www.airbnb.com/rooms/5852756,200,Hangzhou Shi, Zhejiang Sheng, China
https://www.airbnb.com/rooms/5852763,200,Jūrkalne, Ventspils Municipality, Latvia
https://www.airbnb.com/rooms/5852769,200,Nice, Provence-Alpes-Côte d&#x27;Azur, France
https://www.airbnb.com/rooms/5852789,200,Souillac, Midi-Pyrénées, France
https://www.airbnb.com/rooms/5852791,200,Jaipur, Rajasthan, India
https://www.airbnb.com/rooms/5852796,200,Laverton, United Kingdom
https://www.airbnb.com/rooms/5852801,200,Siracusa, Sicilia, Italy
https://www.airbnb.com/rooms/5852809,200,Carruba-san Leonardello, Sicilia, Italy
https://www.airbnb.com/rooms/5852814,200,Pancoran, Daerah Khusus Ibukota Jakarta, Indonesia
https://www.airbnb.com/rooms/5852815,200,Hansestadt Havelberg, Sachsen-Anhalt, Germany
https://www.airbnb.com/rooms/5852924,200,Baška Voda, Splitsko-dalmatinska županija, Croatia
https://www.airbnb.com/rooms/5852927,200,Paris, Île-de-France, France
https://www.airbnb.com/rooms/5852928,200,Bowen, Queensland, Australia
https://www.airbnb.com/rooms/5852929,200,Sant&#x27;Isidoro, Puglia, Italy
https://www.airbnb.com/rooms/5852939,200,Palo Alto, CA, United States
https://www.airbnb.com/rooms/5852942,200,İstanbul, İstanbul, Turkey
https://www.airbnb.com/rooms/5852958,200,İstanbul, İstanbul, Turkey
https://www.airbnb.com/rooms/5852959,200,Bassens, Aquitaine, France
https://www.airbnb.com/rooms/5852962,200,Santa-Maria-Poggio, Corsica, France
https://www.airbnb.com/rooms/5852963,200,Vir, Zadarska županija, Croatia
https://www.airbnb.com/rooms/5852968,200,Yongsan-gu, Seoul, South Korea
https://www.airbnb.com/rooms/5852972,200,Paris, Île-de-France, France
https://www.airbnb.com/rooms/5852977,200,Villefranche-de-Rouergue, Midi-Pyrénées, France
https://www.airbnb.com/rooms/5852979,200,Pompei, Campania, Italy
https://www.airbnb.com/rooms/5852980,200,Athina, Greece
https://www.airbnb.com/rooms/5852985,200,Figari, Corse, France
https://www.airbnb.com/rooms/5853000,200,Contrecoeur, Québec, Canada
https://www.airbnb.com/rooms/5853002,200,Upper Arlington, OH, United States
https://www.airbnb.com/rooms/5853003,200,Strasbourg, Alsace, France
https://www.airbnb.com/rooms/5853004,200,Montréal, Québec, Canada
https://www.airbnb.com/rooms/5853007,200,Alghero, Sardegna, Italy
https://www.airbnb.com/rooms/5853009,200,Ganpati Pule - Malgund, Maharashtra, India
https://www.airbnb.com/rooms/5853014,200,Soğucak, Aydın, Turkey
https://www.airbnb.com/rooms/5853015,200,Siena, Toscana, Italy
https://www.airbnb.com/rooms/5853025,200,Cape Maclear, Southern Region, Malawi
https://www.airbnb.com/rooms/5853138,200,Torrevieja, Comunidad Valenciana, Spain
https://www.airbnb.com/rooms/5853142,200,Orebić, Dubrovačko-neretvanska županija, Croatia
https://www.airbnb.com/rooms/5853143,200,Patong, Phuket, Thailand
https://www.airbnb.com/rooms/5853149,200,Osaka, Osaka Prefecture, Japan
https://www.airbnb.com/rooms/5853151,200,Firenze, Toscana, Italy
https://www.airbnb.com/rooms/5853152,200,Nagoya-shi, Aichi-ken, Japan
https://www.airbnb.com/rooms/5853153,200,Novate Milanese, Lombardia, Italy
https://www.airbnb.com/rooms/5853165,200,Katoomba, NSW, Australia
https://www.airbnb.com/rooms/5853170,200,Gela, Sicilia, Italy
https://www.airbnb.com/rooms/5853171,200,Illa da Toxa - O Grove, Galicia, Spain
https://www.airbnb.com/rooms/5853174,200,Genova, Liguria, Italy
https://www.airbnb.com/rooms/5853175,200,Bade District, Taoyuan City, Taiwan
https://www.airbnb.com/rooms/5853177,200,Osaka-shi,, Osaka,, Japan
https://www.airbnb.com/rooms/5853179,200,Prague, Hlavní město Praha, Czech Republic
https://www.airbnb.com/rooms/5853189,200,Plettenberg Bay, Western Cape, South Africa
https://www.airbnb.com/rooms/5853190,200,Wien, Wien, Austria
https://www.airbnb.com/rooms/5853193,200,Stara Novalja, Croatia
https://www.airbnb.com/rooms/5853201,200,Rome, Lazio, Italy
https://www.airbnb.com/rooms/5853205,200,Arbatax, Sardegna, Italy
https://www.airbnb.com/rooms/5853209,200,Szálka, Tolna, Hungary
https://www.airbnb.com/rooms/5853216,200,Sungai Petani, Kedah, Malaysia
https://www.airbnb.com/rooms/5853230,200,Tel Aviv-Yafo, Tel Aviv District, Israel
https://www.airbnb.com/rooms/5853345,200,Paris, Île-de-France, France
https://www.airbnb.com/rooms/5853349,200,Olmeto, Corse, France
https://www.airbnb.com/rooms/5853350,200,Saint-Egrève, Rhône-Alpes, France
https://www.airbnb.com/rooms/5853351,200,Pulheim, Nordrhein-Westfalen, Germany
https://www.airbnb.com/rooms/5853357,200,汐止區, 新北市, Taiwan
https://www.airbnb.com/rooms/5853360,200,Amsterdam, Noord-Holland, Netherlands
https://www.airbnb.com/rooms/5853361,200,Bodrum, muğla, Turkey
https://www.airbnb.com/rooms/5853362,200,Dankotuwa, North Western Province, Sri Lanka
https://www.airbnb.com/rooms/5853365,200,Rīga, Rīgas pilsēta, Latvia
https://www.airbnb.com/rooms/5853371,200,Baguio, Cordillera Administrative Region, Philippines
https://www.airbnb.com/rooms/5853375,200,마포구, Seoul, South Korea
https://www.airbnb.com/rooms/5853379,200,Roma, Lazio, Italy
https://www.airbnb.com/rooms/5853380,200,Chiang Mai, Chang Wat Chiang Mai, Thailand
https://www.airbnb.com/rooms/5853381,200,Rarotonga, Cook Islands, Cook Islands
https://www.airbnb.com/rooms/5853386,200,Torre Pali, Puglia, Italy
https://www.airbnb.com/rooms/5853397,200,Paris, Île-de-France, France
https://www.airbnb.com/rooms/5853406,200,Trinidad, Sancti Spíritus, Cuba
https://www.airbnb.com/rooms/5853407,200,Saint-Lary-Soulan, Midi-Pyrénées, France
https://www.airbnb.com/rooms/5853408,200,Trinidad, Sancti Spíritus, Cuba
https://www.airbnb.com/rooms/5853410,200,Wendtorf, Schleswig-Holstein, Germany
https://www.airbnb.com/rooms/5853411,200,Patong, Phuket, Thailand
https://www.airbnb.com/rooms/5853416,200,Fiumefreddo di Sicilia, Sicilia, Italy
https://www.airbnb.com/rooms/5853422,200,Kita-ku Okayama, Okayama Prefecture, Japan
https://www.airbnb.com/rooms/5853424,200,Stöðvarfjörður, East, Iceland
https://www.airbnb.com/rooms/5853430,200,Granada, Andalucía, Spain
https://www.airbnb.com/rooms/5853432,200,Tinjan, Istarska županija, Croatia
https://www.airbnb.com/rooms/5853433,200,Tel Aviv-Yafo, Tel Aviv District, Israel
https://www.airbnb.com/rooms/5853434,200,Hangzhou, Zhejiang, China
https://www.airbnb.com/rooms/5853438,200,Ko Lanta Yai, Krabi, Thailand
https://www.airbnb.com/rooms/5853445,200,Kisumu, Kisumu, Kenya
https://www.airbnb.com/rooms/5853446,200,Sankt-Peterburg, Saint Petersburg, Russia
https://www.airbnb.com/rooms/5853448,200,Riva del Garda, Trentino-Alto Adige, Italy
https://www.airbnb.com/rooms/5853449,200,Gibraltar, Gibraltar
https://www.airbnb.com/rooms/5853452,200,舟山, 岱山县, China
https://www.airbnb.com/rooms/5853453,200,Tambon Chalong, Chang Wat Phuket, Thailand
https://www.airbnb.com/rooms/5853457,200,Wien, Wien, Austria
https://www.airbnb.com/rooms/5853459,200,Mijas, Andalucía, Spain
https://www.airbnb.com/rooms/5853463,200,Vernazza, Liguria, Italy
https://www.airbnb.com/rooms/5853467,200,Vénéjan, Languedoc-Roussillon, France
https://www.airbnb.com/rooms/5853468,200,La Garde, Provence-Alpes-Côte d&#x27;Azur, France
https://www.airbnb.com/rooms/5853469,200,Figueres, Catalunya, Spain
https://www.airbnb.com/rooms/5853471,200,Sibiu, Județul Sibiu, Romania
https://www.airbnb.com/rooms/5853481,200,Baguio, Cordillera Administrative Region, Philippines
https://www.airbnb.com/rooms/5853488,200,Würzburg, Bayern, Germany
https://www.airbnb.com/rooms/5853493,200,Montpellier, Languedoc-Roussillon, France
https://www.airbnb.com/rooms/5853494,200,Bogotá, Cundinamarca, Colombia
https://www.airbnb.com/rooms/5853499,200,Shenzhen Shi, Guangdong Sheng, China
https://www.airbnb.com/rooms/5853510,200,Hannover, Niedersachsen, Germany
https://www.airbnb.com/rooms/5853515,200,Paris, Île-de-France, France
https://www.airbnb.com/rooms/5853521,200,Rochefort, Poitou-Charentes, France
https://www.airbnb.com/rooms/5853529,200,Allonnes, Pays de la Loire, France
https://www.airbnb.com/rooms/5853530,200,Palermo, Sicilia, Italy
https://www.airbnb.com/rooms/5853533,200,Sankt-Peterburg, Saint Petersburg, Russia
https://www.airbnb.com/rooms/5853539,200,Santry, Dublin, Ireland
https://www.airbnb.com/rooms/5853653,200,Ko Samui, Suratthani, Thailand
https://www.airbnb.com/rooms/5853655,200,Bedizzole, Lombardia, Italy
https://www.airbnb.com/rooms/5853659,200,Balestrate, Sicilia, Italy
https://www.airbnb.com/rooms/5853660,200,Taormina, Sicilia, Italy
https://www.airbnb.com/rooms/5853661,200,Vilnius, Vilniaus apskritis, Lithuania
https://www.airbnb.com/rooms/5853663,200,Palermo, Sicilia, Italy
https://www.airbnb.com/rooms/5853664,200,Trinidad, Sancti Spíritus, Cuba
https://www.airbnb.com/rooms/5853666,200,Trinidad, Cuba
https://www.airbnb.com/rooms/5853670,200,İstanbul, İstanbul, Turkey
https://www.airbnb.com/rooms/5853673,200,Barcelona, Catalunya, Spain
https://www.airbnb.com/rooms/5853682,200,Novo mesto, Novo mesto, Slovenia
https://www.airbnb.com/rooms/5853689,200,Conversano, Puglia, Italy
https://www.airbnb.com/rooms/5853694,200,San Vicente, MIMAROPA, Philippines
https://www.airbnb.com/rooms/5853701,200,Torino, Piemonte, Italy
https://www.airbnb.com/rooms/5853702,200,Torquay, United Kingdom
https://www.airbnb.com/rooms/5853711,200,Roma, Lazio, Italy
https://www.airbnb.com/rooms/5853714,200,Wesseling, Nordrhein-Westfalen, Germany
https://www.airbnb.com/rooms/5853717,200,Prague, Hlavní město Praha, Czech Republic
https://www.airbnb.com/rooms/5853718,200,Cavalaire-sur-Mer, Provence-Alpes-Côte d&#x27;Azur, France
https://www.airbnb.com/rooms/5853720,200,Санкт-Петербург, город Санкт-Петербург, Russia
https://www.airbnb.com/rooms/5853721,200,Larnaca, Larnaca, Cyprus
https://www.airbnb.com/rooms/5853723,200,Míkonos, Egeo, Greece
https://www.airbnb.com/rooms/5853728,200,Magrie, Languedoc-Roussillon, France
https://www.airbnb.com/rooms/5853729,200,Luka Dubrava, Dubrovačko-neretvanska županija, Croatia
https://www.airbnb.com/rooms/5853733,200,San Felice Circeo, Lazio, Italy
https://www.airbnb.com/rooms/5853735,200,Marina, Sicilia, Italy
https://www.airbnb.com/rooms/5853736,200,Ranzanico, Lombardia, Italy
https://www.airbnb.com/rooms/5853741,200,Tiberias, North District, Israel
https://www.airbnb.com/rooms/5853748,200,Pula, Istarska županija, Croatia
https://www.airbnb.com/rooms/5853760,200,Seal Rocks, NSW, Australia
https://www.airbnb.com/rooms/5853763,200,Carnota, Galicia, Spain
https://www.airbnb.com/rooms/5853767,200,Alghero, Sardegna, Italy
https://www.airbnb.com/rooms/5853786,200,Bonnetan, Aquitaine, France
https://www.airbnb.com/rooms/5853791,200,Trinidad, Sancti Spíritus, Cuba
https://www.airbnb.com/rooms/5853792,200,Rehovot, Center District, Israel
https://www.airbnb.com/rooms/5853793,200,Trinidad, Sancti Spíritus, Cuba
https://www.airbnb.com/rooms/5853794,200,Podstrana, Splitsko-dalmatinska županija, Croatia
https://www.airbnb.com/rooms/5853795,200,Tenby, Pembrokeshire, United Kingdom
https://www.airbnb.com/rooms/5853802,200,Alba Adriatica, Abruzzo, Italy
https://www.airbnb.com/rooms/5853816,200,İstanbul, İstanbul, Turkey
https://www.airbnb.com/rooms/5853821,200,Alba Adriatica, Abruzzo, Italy
https://www.airbnb.com/rooms/5853832,200,Milano, Lombardia, Italy
https://www.airbnb.com/rooms/5853834,200,London, United Kingdom
https://www.airbnb.com/rooms/5853836,200,Paris, Île-de-France, France
https://www.airbnb.com/rooms/5853837,200,Cassinetta di Lugagnano, Milano, Italy
https://www.airbnb.com/rooms/5853845,200,Sciacca, AGRIGENTO Sicilia, Italy
https://www.airbnb.com/rooms/5853847,200,Sorrento, Campania, Italy
https://www.airbnb.com/rooms/5853848,200,Taormina, Sicilia, Italy
https://www.airbnb.com/rooms/5853858,200,Xitun District, Taichung City, Taiwan
https://www.airbnb.com/rooms/5853968,200,Zaragoza, Aragón, Spain
https://www.airbnb.com/rooms/5853971,200,Blanes, Catalunya, Spain
https://www.airbnb.com/rooms/5853976,200,Doizieux, Rhône-Alpes, France
https://www.airbnb.com/rooms/5853981,200,Pamplona, Navarra, Spain
https://www.airbnb.com/rooms/5853983,200,Conversano, Puglia, Italy
https://www.airbnb.com/rooms/5853986,200,Tolyatti, Samarskaya oblast&#x27;, Russia
https://www.airbnb.com/rooms/5853992,200,Sa Pobla, Illes Balears, Spain
https://www.airbnb.com/rooms/5853993,200,Paris, Île-de-France, France
https://www.airbnb.com/rooms/5853994,200,Cape Town, Western Cape, South Africa
https://www.airbnb.com/rooms/5853995,200,Málaga, Andalucía, Spain
https://www.airbnb.com/rooms/5854000,200,Rilly-sur-Loire, Centre, France
https://www.airbnb.com/rooms/5854002,200,Milano, Lombardia, Italy
https://www.airbnb.com/rooms/5854004,200,Milano, Lombardia, Italy
https://www.airbnb.com/rooms/5854006,200,Nice, Provence-Alpes-Côte d&#x27;Azur, France
https://www.airbnb.com/rooms/5854008,200,Rovagnate, Lombardia, Italy
https://www.airbnb.com/rooms/5854012,200,Zagreb, City of Zagreb, Croatia
https://www.airbnb.com/rooms/5854016,200,Trinidad, Sancti Spíritus, Cuba
https://www.airbnb.com/rooms/5854019,200,Tisno, Šibensko-kninska županija, Croatia
https://www.airbnb.com/rooms/5854024,200,Taormina, Sicilia, Italy
https://www.airbnb.com/rooms/5854040,200,South Hobart, Tasmania, Australia
https://www.airbnb.com/rooms/5854048,200,Vyborg, Leningrad Oblast, Russia
https://www.airbnb.com/rooms/5854051,200,Cedillo de la Torre, Segovia, Castilla y León, Spain
https://www.airbnb.com/rooms/5854052,200,Alvor, Faro, Portugal
https://www.airbnb.com/rooms/5854053,200,Benitachell, Comunidad Valenciana, Spain
https://www.airbnb.com/rooms/5854059,200,South Kuta, Bali, Indonesia
https://www.airbnb.com/rooms/5854060,200,Milano, Città Metropolitana di Milano, Italy
https://www.airbnb.com/rooms/5854065,200,Mansle, Poitou-Charentes, France
https://www.airbnb.com/rooms/5854069,200,Roma, Lazio, Italy
https://www.airbnb.com/rooms/5854070,200,Roma, Lazio, Italy
https://www.airbnb.com/rooms/5854071,200,Rochefort, Poitou-Charentes, France
https://www.airbnb.com/rooms/5854073,200,Ammerzoden, Gelderland, Netherlands
https://www.airbnb.com/rooms/5854074,200,Athina, Greece
https://www.airbnb.com/rooms/5854075,200,Madrid, Comunidad de Madrid, Spain
https://www.airbnb.com/rooms/5854082,200,Maracalagonis, Sardegna, Italy
https://www.airbnb.com/rooms/5854094,200,Roma, Lazio, Italy
https://www.airbnb.com/rooms/5854101,200,München, Bayern, Germany
https://www.airbnb.com/rooms/5854107,200,Trinidad, Sancti Spíritus, Cuba
https://www.airbnb.com/rooms/5854109,200,Pompegnino di Vobarno, BS, Italy
https://www.airbnb.com/rooms/5854110,200,santorini, cyclades, Greece
https://www.airbnb.com/rooms/5854114,200,paros, cyclades, Greece
https://www.airbnb.com/rooms/5854117,200,London, Greater London, United Kingdom
https://www.airbnb.com/rooms/5854118,200,Dubai, Dubai, United Arab Emirates
https://www.airbnb.com/rooms/5854130,200,Sankt-Peterburg, Saint Petersburg, Russia
https://www.airbnb.com/rooms/5854136,200,West Wickham, United Kingdom
https://www.airbnb.com/rooms/5854140,200,cap d&#x27;agde, Languedoc-Roussillon, France
https://www.airbnb.com/rooms/5854141,200,Trinidad, Sancti Spíritus, Cuba
https://www.airbnb.com/rooms/5854149,200,Desenzano del Garda, Lombardia, Italy
https://www.airbnb.com/rooms/5854150,200,Trinidad, Sancti Spíritus, Cuba
https://www.airbnb.com/rooms/5854152,200,Leros, Attica, Greece
https://www.airbnb.com/rooms/5854162,200,Sirmione, Lombardia, Italy
https://www.airbnb.com/rooms/5854282,200,Taormina, Sicilia, Italy
https://www.airbnb.com/rooms/5854283,200,District 2, Hồ Chí Minh, Vietnam
https://www.airbnb.com/rooms/5854284,200,Roma, Lazio, Italy
https://www.airbnb.com/rooms/5854285,200,Marrakesh, Marrakesh-Tensift-El Haouz, Morocco
https://www.airbnb.com/rooms/5854290,200,Marseille, Provence-Alpes-Côte d&#x27;Azur, France
https://www.airbnb.com/rooms/5854294,200,Deventer, Overijssel, Netherlands
https://www.airbnb.com/rooms/5854306,200,Milano, Lombardia, Italy
https://www.airbnb.com/rooms/5854319,200,Faliraki, Greece
https://www.airbnb.com/rooms/5854327,200,Trinidad, Sancti Spíritus, Cuba
https://www.airbnb.com/rooms/5854329,200,Trinidad, Sancti Spíritus, Cuba
https://www.airbnb.com/rooms/5854330,200,London, Greater London, United Kingdom
https://www.airbnb.com/rooms/5854340,200,London, Greater London, United Kingdom
https://www.airbnb.com/rooms/5854342,200,Nice, Provence-Alpes-Côte d&#x27;Azur, France
https://www.airbnb.com/rooms/5854353,200,London, Greater London, United Kingdom
https://www.airbnb.com/rooms/5854354,200,Bilbao, País Vasco, Spain
https://www.airbnb.com/rooms/5854365,200,Pioltello, Lombardia, Italy
https://www.airbnb.com/rooms/5854368,200,Sankt-Peterburg, Saint Petersburg, Russia
https://www.airbnb.com/rooms/5854370,200,Bangkok, Thailand
https://www.airbnb.com/rooms/5854371,200,Luz, Faro, Portugal
https://www.airbnb.com/rooms/5854376,200,Chiclana de la Frontera, Andalucía, Spain
https://www.airbnb.com/rooms/5854381,200,Šimuni, Zadarska županija, Croatia
https://www.airbnb.com/rooms/5854384,200,Thessaloníki, Greece
https://www.airbnb.com/rooms/5854386,200,Oslo, Oslo, Norway
https://www.airbnb.com/rooms/5854390,200,marritza, ss, Italy
https://www.airbnb.com/rooms/5854398,200,Castelnuovo Berardenga, Siena, Italy
https://www.airbnb.com/rooms/5854400,200,Firenze, Toscana, Italy
https://www.airbnb.com/rooms/5854404,200,Granitzen, Steiermark, Austria
https://www.airbnb.com/rooms/5854405,200,La Spezia, Liguria, Italy
https://www.airbnb.com/rooms/5854406,200,Córdoba, Andalucía, Spain
https://www.airbnb.com/rooms/5854417,200,Yerevan, Yerevan, Armenia
https://www.airbnb.com/rooms/5854418,200,Paleo Faliro, Greece
https://www.airbnb.com/rooms/5854424,200,Barcelona, Catalunya, Spain
https://www.airbnb.com/rooms/5854430,200,Queenstown, Otago, New Zealand
https://www.airbnb.com/rooms/5854432,200,Ceglie Messapica, Puglia, Italy
https://www.airbnb.com/rooms/5854433,200,PESCHIERA BORROMEO, MILANO, Italy
https://www.airbnb.com/rooms/5854440,200,Flachslanden, Bayern, Germany
https://www.airbnb.com/rooms/5854442,200,Paris, Île-de-France, France
https://www.airbnb.com/rooms/5854452,200,Trinidad, Sancti Spíritus, Cuba
https://www.airbnb.com/rooms/5854454,200,Trinidad, Sancti Spíritus, Cuba
https://www.airbnb.com/rooms/5854455,200,Victoria, Pointe La Rue, Seychelles
https://www.airbnb.com/rooms/5854457,200,Trinidad, Sancti Spíritus, Cuba
https://www.airbnb.com/rooms/5854458,200,Paxinos, PA, United States
https://www.airbnb.com/rooms/5854461,200,Bodrum, Muğla, Turkey
https://www.airbnb.com/rooms/5854462,200,København, Denmark
https://www.airbnb.com/rooms/5854465,200,Odense, Denmark
https://www.airbnb.com/rooms/5854466,200,Whitby, United Kingdom
https://www.airbnb.com/rooms/5854473,200,San Felice Circeo, Lazio, Italy
https://www.airbnb.com/rooms/5854595,200,Ruoni, Sardegna, Italy
https://www.airbnb.com/rooms/5854600,200,Tel Aviv-Yafo, Tel Aviv District, Israel
https://www.airbnb.com/rooms/5854603,200,İstanbul, İstanbul, Turkey
https://www.airbnb.com/rooms/5854607,200,Paxinos, PA, United States
https://www.airbnb.com/rooms/5854610,200,Guia, Faro, Portugal
https://www.airbnb.com/rooms/5854615,200,Sopot, pomorskie, Poland
https://www.airbnb.com/rooms/5854617,200,Passo Lanciano, Abruzzo, Italy
https://www.airbnb.com/rooms/5854620,200,Provincetown, MA, United States
https://www.airbnb.com/rooms/5854622,200,Chiang Mai, Chang Wat Chiang Mai, Thailand
https://www.airbnb.com/rooms/5854627,200,Bordeaux, Aquitaine, France
https://www.airbnb.com/rooms/5854629,200,Zarautz, Euskadi, Spain
https://www.airbnb.com/rooms/5854633,200,Санкт-Петербург, город Санкт-Петербург, Russia
https://www.airbnb.com/rooms/5854634,200,Skradin, Šibenik-Knin County, Croatia
https://www.airbnb.com/rooms/5854639,200,Neuilly-sur-Seine, Île-de-France, France
https://www.airbnb.com/rooms/5854647,200,Milano, Lombardia, Italy
https://www.airbnb.com/rooms/5854651,200,Palma, Illes Balears, Spain
https://www.airbnb.com/rooms/5854654,200,Loches, Centre, France
https://www.airbnb.com/rooms/5854659,200,Stintino, Sardegna, Italy
https://www.airbnb.com/rooms/5854660,200,Legnano, Lombardia, Italy
https://www.airbnb.com/rooms/5854662,200,Massafra, Puglia, Italy
https://www.airbnb.com/rooms/5854663,200,Castelló d&#x27;Empúries, Catalunya, Spain
https://www.airbnb.com/rooms/5854664,200,Monacizzo-librari-truglione, Puglia, Italy
https://www.airbnb.com/rooms/5854666,200,Columbus, OH, United States
https://www.airbnb.com/rooms/5854676,200,Torino, Piemonte, Italy
https://www.airbnb.com/rooms/5854679,200,Broken Hill, NSW, Australia
https://www.airbnb.com/rooms/5854682,200,Göcek, Muğla, Turkey
https://www.airbnb.com/rooms/5854687,200,Primrose Hill, London, United Kingdom
https://www.airbnb.com/rooms/5854688,200,Budapest, Budapest, Hungary
https://www.airbnb.com/rooms/5854689,200,Bandung, West Java, Indonesia
https://www.airbnb.com/rooms/5854697,200,El Time, Canarias, Spain
https://www.airbnb.com/rooms/5854708,200,Vilnius, Vilniaus apskritis, Lithuania
https://www.airbnb.com/rooms/5854711,200,Conil de la Frontera, Andalucía, Spain
https://www.airbnb.com/rooms/5854713,200,santorini, cyclades, Greece
https://www.airbnb.com/rooms/5854717,200,Berlin, Berlin, Germany
https://www.airbnb.com/rooms/5854727,200,Criccieth, Gw, United Kingdom
https://www.airbnb.com/rooms/5854734,200,Jimbaran, Bali, Indonesia
https://www.airbnb.com/rooms/5854738,200,London Borough of Lambeth, England, United Kingdom
https://www.airbnb.com/rooms/5854741,200,Dénia, Comunidad Valenciana, Spain
https://www.airbnb.com/rooms/5854742,200,Scarborough, WA, Australia
https://www.airbnb.com/rooms/5854744,200,Venice, Veneto, Italy
https://www.airbnb.com/rooms/5854748,200,Santa Marinella, Lazio, Italy
https://www.airbnb.com/rooms/5854752,200,Gilgil, Nakuru, Kenya
https://www.airbnb.com/rooms/5854758,200,Specchia, Puglia, Italy
https://www.airbnb.com/rooms/5854779,200,Torino, Piemonte, Italy
https://www.airbnb.com/rooms/5854782,200,San Felice A Cancello, Campania, Italy
https://www.airbnb.com/rooms/5854786,200,Cape Town, Western Cape, South Africa
https://www.airbnb.com/rooms/5854787,200,Kuta, Indonesia / Bali / Badung / Kuta-Selatan, Indonesia
https://www.airbnb.com/rooms/5854901,200,Salford, Greater Manchester, United Kingdom
https://www.airbnb.com/rooms/5854905,200,Sevilla, Andalucía, Spain
https://www.airbnb.com/rooms/5854907,200,Saint Julian&#x27;s, Malta
https://www.airbnb.com/rooms/5854923,200,Lumbarda 20263, Dubrovačko-neretvanska županija, Croatia
https://www.airbnb.com/rooms/5854925,200,Hamburg, Hamburg, Germany
https://www.airbnb.com/rooms/5854938,200,Val Lumnezia, Grisons, Switzerland
https://www.airbnb.com/rooms/5854939,200,Dénia, Comunidad Valenciana, Spain
https://www.airbnb.com/rooms/5854941,200,Kylerhea, Scotland, United Kingdom
https://www.airbnb.com/rooms/5854944,200,København, Hovedstaden, Denmark
https://www.airbnb.com/rooms/5854946,200,Guangzhou Shi, Guangdong Sheng, China
https://www.airbnb.com/rooms/5854952,200,Tel Aviv-Yafo, Tel Aviv District, Israel
https://www.airbnb.com/rooms/5854954,200,Göteborg, Västra Götalands län, Sweden
https://www.airbnb.com/rooms/5854960,200,Marseille, Provence-Alpes-Côte d&#x27;Azur, France
https://www.airbnb.com/rooms/5854961,200,Barcelona, Catalunya, Spain
https://www.airbnb.com/rooms/5854967,200,Jelsa, Splitsko-dalmatinska županija, Croatia
https://www.airbnb.com/rooms/5854969,200,McCrae, Victoria, Australia
https://www.airbnb.com/rooms/5854973,200,Kaštel Lukšić, Splitsko-dalmatinska županija, Croatia
https://www.airbnb.com/rooms/5854976,200,Tuglie, Lecce, Italy
https://www.airbnb.com/rooms/5854977,200,Split, Splitsko-dalmatinska županija, Croatia
https://www.airbnb.com/rooms/5854982,200,Paris, Île-de-France, France
https://www.airbnb.com/rooms/5854991,200,Vilvoorde, Vlaams Gewest, Belgium
https://www.airbnb.com/rooms/5854993,200,Woodmancote, Cheltenham, Cotswolds, Gloucestershire, United Kingdom
https://www.airbnb.com/rooms/5854994,200,Antequera, Andalucía, Spain
https://www.airbnb.com/rooms/5854996,200,Frederikshavn, V, Denmark
https://www.airbnb.com/rooms/5854998,200,Bridgetown, christ church, Barbados
https://www.airbnb.com/rooms/5855006,200,Santa Eulària des Riu, Illes Balears, Spain
https://www.airbnb.com/rooms/5855007,200,Cherbourg-Octeville, Basse-Normandie, France
https://www.airbnb.com/rooms/5855012,200,Tisbury, MA, United States
https://www.airbnb.com/rooms/5855013,200,Mae Nam, Surat Thani, Thailand
https://www.airbnb.com/rooms/5855015,200,Paris, Île-de-France, France
https://www.airbnb.com/rooms/5855017,200,Dresden, Sachsen, Germany
https://www.airbnb.com/rooms/5855024,200,Osaka, Osaka Prefecture, Japan
https://www.airbnb.com/rooms/5855035,200,Sofia, Sofia-city, Bulgaria
https://www.airbnb.com/rooms/5855036,200,Marino, Lazio, Italy
https://www.airbnb.com/rooms/5855038,200,Местийский муниципалитет, Самегрело-Земо-Сванети, Georgia
https://www.airbnb.com/rooms/5855041,200,Costa Rei, Sardegna, Italy
https://www.airbnb.com/rooms/5855045,200,Санкт-Петербург, город Санкт-Петербург, Russia
https://www.airbnb.com/rooms/5855049,200,Barcelona, Catalunya, Spain
https://www.airbnb.com/rooms/5855056,200,Taggia, Liguria, Italy
https://www.airbnb.com/rooms/5855070,200,Berlin, Berlin, Germany
https://www.airbnb.com/rooms/5855073,200,Serra Alimini II, Puglia, Italy
https://www.airbnb.com/rooms/5855081,200,Deventer, Overijssel, Netherlands
https://www.airbnb.com/rooms/5855087,200,Sant&#x27;Agata sui due golfi, Campania, Italy
https://www.airbnb.com/rooms/5855088,200,Suzhou Shi, Jiangsu Sheng, China
https://www.airbnb.com/rooms/5855096,200,Cesano Boscone, Lombardia, Italy
https://www.airbnb.com/rooms/5855099,200,Roma, Lazio, Italy
https://www.airbnb.com/rooms/5855209,200,Πολύχρονο, Μακεδονία Θράκη, Greece
https://www.airbnb.com/rooms/5855211,200,Zagreb, City of Zagreb, Croatia
https://www.airbnb.com/rooms/5855213,200,台北市, 台北市, Taiwan
https://www.airbnb.com/rooms/5855214,200,São Paulo, SP, Brazil
https://www.airbnb.com/rooms/5855221,200,Saint-Martin-de-Ré, Poitou-Charentes, France
https://www.airbnb.com/rooms/5855226,200,Milano, Lombardia, Italy
https://www.airbnb.com/rooms/5855229,200,Oberschöna, Sachsen, Germany
https://www.airbnb.com/rooms/5855233,200,Saint-Martin-du-Var, Provence-Alpes-Côte d&#x27;Azur, France
https://www.airbnb.com/rooms/5855246,200,Camogli, Liguria, Italy
https://www.airbnb.com/rooms/5855252,200,Nijmegen, Gelderland, Netherlands
https://www.airbnb.com/rooms/5855265,200,Milano, Lombardia, Italy
https://www.airbnb.com/rooms/5855269,200,Forest, Bruxelles, Belgium
https://www.airbnb.com/rooms/5855270,200,Cavalaire-sur-Mer, France
https://www.airbnb.com/rooms/5855272,200,Milano, Lombardia, Italy
https://www.airbnb.com/rooms/5855274,200,Le Pouliguen, Pays de la Loire, France
https://www.airbnb.com/rooms/5855276,200,Málaga, Andalucía, Spain
https://www.airbnb.com/rooms/5855277,200,Saint-Rémy-de-Provence, Provence-Alpes-Côte d&#x27;Azur, France
https://www.airbnb.com/rooms/5855291,200,Ramallah, Ramallah
https://www.airbnb.com/rooms/5855295,200,Plouharnel, Brittany, France
https://www.airbnb.com/rooms/5855298,200,Concorezzo, Lombardia, Italy
https://www.airbnb.com/rooms/5855316,200,Cannes, Provence-Alpes-Côte d&#x27;Azur, France
https://www.airbnb.com/rooms/5855327,200,Luka Dubrava, Dubrovačko-neretvanska županija, Croatia
https://www.airbnb.com/rooms/5855332,200,Buenos Aires, CABA, Argentina
https://www.airbnb.com/rooms/5855346,200,Saint-Prix, Saone et Loire, Bourgogne, France
https://www.airbnb.com/rooms/5855350,200,Torre Dell&#x27;orso, Puglia, Italy
https://www.airbnb.com/rooms/5855351,200,Marseille, Provence-Alpes-Côte d&#x27;Azur, France
https://www.airbnb.com/rooms/5855361,200,Tavistock, England, United Kingdom
https://www.airbnb.com/rooms/5855366,200,Rose Bay, NSW, Australia
https://www.airbnb.com/rooms/5855370,200,Fiano Romano, Lazio, Italy
https://www.airbnb.com/rooms/5855371,200,Linz, Oberösterreich, Austria
https://www.airbnb.com/rooms/5855373,200,Milano, Lombardia, Italy
https://www.airbnb.com/rooms/5855397,200,Lacona, Toscana, Italy
https://www.airbnb.com/rooms/5855398,200,Glasgow, United Kingdom
https://www.airbnb.com/rooms/5855399,200,Sant&#x27;Agata sui due golfi, Campania, Italy
https://www.airbnb.com/rooms/5855401,200,Moscow, Moscow, Russia
https://www.airbnb.com/rooms/5855402,200,Mohnton, PA, United States
https://www.airbnb.com/rooms/5855404,200,Köln, Nordrhein-Westfalen, Germany
https://www.airbnb.com/rooms/5855519,200,Málaga, Andalucía, Spain
https://www.airbnb.com/rooms/5855521,200,Milano, Lombardia, Italy
https://www.airbnb.com/rooms/5855522,200,Torre del Mar, Andalucía, Spain
https://www.airbnb.com/rooms/5855526,200,Sirac, Midi-Pyrénées, France
https://www.airbnb.com/rooms/5855527,200,Montevarchi, Toscana, Italy
https://www.airbnb.com/rooms/5855529,200,Chelmer, QLD, Australia
https://www.airbnb.com/rooms/5855531,200,Finale Ligure, Savona, Italy
https://www.airbnb.com/rooms/5855532,200,Sigtuna, Stockholms län, Sweden
https://www.airbnb.com/rooms/5855533,200,Thessaloníki, Thessaloniki, Greece
https://www.airbnb.com/rooms/5855539,200,Oudtshoorn, Western Cape, South Africa
https://www.airbnb.com/rooms/5855554,200,Near Lewes, East Sussex, United Kingdom
https://www.airbnb.com/rooms/5855558,200,Miami Beach, FL, United States
https://www.airbnb.com/rooms/5855561,200,Amsterdam, Noord-Holland, Netherlands
https://www.airbnb.com/rooms/5855563,200,Paris, Île-de-France, France
https://www.airbnb.com/rooms/5855567,200,Lyon, Rhône-Alpes, France
https://www.airbnb.com/rooms/5855569,200,Toronto, ON, Canada
https://www.airbnb.com/rooms/5855579,200,Saint-Prix, Bourgogne, France
https://www.airbnb.com/rooms/5855580,200,Paros, Egeo, Greece
https://www.airbnb.com/rooms/5855585,200,Les Trois-Îlets, Martinique
https://www.airbnb.com/rooms/5855586,200,Wrocław, Województwo dolnośląskie, Poland
https://www.airbnb.com/rooms/5855588,200,Yungaburra, QLD, Australia
https://www.airbnb.com/rooms/5855591,200,Rio de Janeiro, Rio de Janeiro, Brazil
https://www.airbnb.com/rooms/5855595,200,Chicago, IL, United States
https://www.airbnb.com/rooms/5855597,200,London, United Kingdom
https://www.airbnb.com/rooms/5855599,200,Manacor, Illes Balears, Spain
https://www.airbnb.com/rooms/5855604,200,Deauville, Lower Normandy, France
https://www.airbnb.com/rooms/5855613,200,München, Bayern, Germany
https://www.airbnb.com/rooms/5855627,200,Beggingen, Schaffhausen, Switzerland
https://www.airbnb.com/rooms/5855629,200,Ibiza, Illes Balears, Spain
https://www.airbnb.com/rooms/5855630,200,Adeje, Canarias, Spain
https://www.airbnb.com/rooms/5855631,200,Moëlan-sur-Mer, Bretagne, France
https://www.airbnb.com/rooms/5855638,200,1373 Chavornay, Vaud, Switzerland
https://www.airbnb.com/rooms/5855642,200,København, Denmark
https://www.airbnb.com/rooms/5855647,200,Oisterwijk, Noord-Brabant, Netherlands
https://www.airbnb.com/rooms/5855648,200,Charlottetown, PE, Canada
https://www.airbnb.com/rooms/5855651,200,Qingdao, Shandong, China
https://www.airbnb.com/rooms/5855653,200,Osaka, Osaka Prefecture, Japan
https://www.airbnb.com/rooms/5855655,200,Montpellier, Languedoc-Roussillon, France
https://www.airbnb.com/rooms/5855657,200,Pointe-Noire, Kouilou, Congo
https://www.airbnb.com/rooms/5855659,200,Minsk, Minskaja voblasć, Belarus
https://www.airbnb.com/rooms/5855662,200,重庆, 重庆市, China
https://www.airbnb.com/rooms/5855663,200,Chongqing, Chongqing Shi, China
https://www.airbnb.com/rooms/5855680,200,La Ciotat, Provence-Alpes-Côte d&#x27;Azur, France
https://www.airbnb.com/rooms/5855682,200,Brabrand, Denmark
https://www.airbnb.com/rooms/5855694,200,Augsburg, Bayern, Germany
https://www.airbnb.com/rooms/5855696,200,Buenos Aires, CABA, Argentina
https://www.airbnb.com/rooms/5855704,200,Miami Beach, FL, United States
https://www.airbnb.com/rooms/5855718,200,Split, Splitsko-dalmatinska županija, Croatia
https://www.airbnb.com/rooms/5855724,200,Nice, Provence-Alpes-Côte d&#x27;Azur, France
https://www.airbnb.com/rooms/5855834,200,Verona, Veneto, Italy
https://www.airbnb.com/rooms/5855836,200,Kowloon, Hong Kong, Kowloon, Hong Kong
https://www.airbnb.com/rooms/5855845,200,Ermoupoli, Greece
https://www.airbnb.com/rooms/5855848,200,Hamburg, Hamburg, Germany
https://www.airbnb.com/rooms/5855862,200,Saint-Rémy-de-Provence, Provence-Alpes-Côte d&#x27;Azur, France
https://www.airbnb.com/rooms/5855870,200,São Paulo, São Paulo, Brazil
https://www.airbnb.com/rooms/5855877,200,Sitges, Catalunya, Spain
https://www.airbnb.com/rooms/5855879,200,Kuala Lumpur, Wilayah Persekutuan Kuala Lumpur, Malaysia
https://www.airbnb.com/rooms/5855888,200,Пампорово, Смолян, Bulgaria
https://www.airbnb.com/rooms/5855891,200,Mascali, Sicilia, Italy
https://www.airbnb.com/rooms/5855896,200,Dobrița, comuna Runcu, Județul Gorj, Romania
https://www.airbnb.com/rooms/5855907,200,Motta Visconti, Lombardia, Italy
https://www.airbnb.com/rooms/5855916,200,Monza, Lombardia, Italy
https://www.airbnb.com/rooms/5855919,200,Calasetta, Sardegna, Italy
https://www.airbnb.com/rooms/5855934,200,Neauphlette, Île-de-France, France
https://www.airbnb.com/rooms/5855937,200,Lambesc, Provence-Alpes-Côte d&#x27;Azur, France
https://www.airbnb.com/rooms/5855953,200,Hamburg, Hamburg, Germany
https://www.airbnb.com/rooms/5855954,200,Shanghai, Shanghai, China
https://www.airbnb.com/rooms/5855966,200,Rio de Janeiro, Rio de Janeiro, Brazil
https://www.airbnb.com/rooms/5855967,200,Nairn, United Kingdom
https://www.airbnb.com/rooms/5855972,200,Πολύχρονο, Μακεδονία Θράκη, Greece
https://www.airbnb.com/rooms/5855975,200,Düsseldorf, Nordrhein-Westfalen, Germany
https://www.airbnb.com/rooms/5855979,200,North Bethesda, MD, United States
https://www.airbnb.com/rooms/5855985,200,Moskva, Moscow, Russia
https://www.airbnb.com/rooms/5855987,200,Columbus Landing, Christiansted, St. Croix, U.S. Virgin Islands
https://www.airbnb.com/rooms/5855999,200,Portimão, Faro, Portugal
https://www.airbnb.com/rooms/5856013,200,Lisciano Niccone, Umbria, Italy
https://www.airbnb.com/rooms/5856014,200,Chicago, IL, United States
https://www.airbnb.com/rooms/5856019,200,Antalya, Antalya, Turkey
https://www.airbnb.com/rooms/5856020,200,Pullman, WA, United States
https://www.airbnb.com/rooms/5856026,200,Eurasburg, Bayern, Germany
https://www.airbnb.com/rooms/5856028,200,Hajdúszoboszló, Hajdú-Bihar, Hungary
https://www.airbnb.com/rooms/5856031,200,Genève, Genève, Switzerland
https://www.airbnb.com/rooms/5856145,200,Stara Kapela, Brodsko-posavska županija, Croatia
https://www.airbnb.com/rooms/5856147,200,Ottawa, Ontario, Canada
https://www.airbnb.com/rooms/5856165,200,Granada, Granada, Nicaragua
https://www.airbnb.com/rooms/5856166,200,Granada, Granada, Nicaragua
https://www.airbnb.com/rooms/5856174,200,Miami Beach, FL, United States
https://www.airbnb.com/rooms/5856180,200,Andora, Liguria, Italy
https://www.airbnb.com/rooms/5856189,200,Boston, MA, United States
https://www.airbnb.com/rooms/5856190,200,Royal Tunbridge Wells, England, United Kingdom
https://www.airbnb.com/rooms/5856197,200,Carthago, Gouvernorat de Tunis, Tunisia
https://www.airbnb.com/rooms/5856209,200,Míkonos, Egeo, Greece
https://www.airbnb.com/rooms/5856210,200,Hamburg, Hamburg, Germany
https://www.airbnb.com/rooms/5856211,200,Barcelona , Catalunya, Spain
https://www.airbnb.com/rooms/5856212,200,Varese, Lombardia, Italy
https://www.airbnb.com/rooms/5856214,200,New Orleans, LA, United States
https://www.airbnb.com/rooms/5856220,200,Desenzano del Garda, Lombardia, Italy
https://www.airbnb.com/rooms/5856223,200,Shelton, WA, United States
https://www.airbnb.com/rooms/5856234,200,Torrent, Valencian Community, Spain
https://www.airbnb.com/rooms/5856238,200,Lampedusa, Sicilia, Italy
https://www.airbnb.com/rooms/5856244,200,Aviré, Pays de la Loire, France
https://www.airbnb.com/rooms/5856245,200,Tel Aviv-Yafo, Tel Aviv District, Israel
https://www.airbnb.com/rooms/5856246,200,Messina, Sicilia, Italy
https://www.airbnb.com/rooms/5856247,200,Haut-le-Wastia/Anhée, Région wallonne, Belgium
https://www.airbnb.com/rooms/5856248,200,Marbella, Andalucía, Spain
https://www.airbnb.com/rooms/5856250,200,Sopot, pomorskie, Poland
https://www.airbnb.com/rooms/5856253,200,Kaštel Novi, Splitsko-dalmatinska županija, Croatia
https://www.airbnb.com/rooms/5856254,200,Trouville-sur-Mer, Basse-Normandie, France
https://www.airbnb.com/rooms/5856256,200,Miami Beach, FL, United States
https://www.airbnb.com/rooms/5856260,200,Hyères, Provence-Alpes-Côte d&#x27;Azur, France
https://www.airbnb.com/rooms/5856267,200,Brabrand, Denmark
https://www.airbnb.com/rooms/5856268,200,Millstreet, Cork, Ireland
https://www.airbnb.com/rooms/5856270,200,Kaštel Novi, Splitsko-dalmatinska županija, Croatia
https://www.airbnb.com/rooms/5856271,200,Hyères, Provence-Alpes-Côte d&#x27;Azur, France
https://www.airbnb.com/rooms/5856278,200,Lapseki, Çanakkale, Turkey
https://www.airbnb.com/rooms/5856283,200,Mutare, Manicaland, Zimbabwe
https://www.airbnb.com/rooms/5856297,200,Kaštel Novi, Splitsko-dalmatinska županija, Croatia
https://www.airbnb.com/rooms/5856307,200,Kazan&#x27;, Respublika Tatarstan, Russia
https://www.airbnb.com/rooms/5856310,200,Tel Aviv-Yafo, Tel Aviv District, Israel
https://www.airbnb.com/rooms/5856311,200,Dubrovnik, Dubrovačko-neretvanska županija, Croatia
https://www.airbnb.com/rooms/5856323,200,Cannes, Provence-Alpes-Côte d&#x27;Azur, France
https://www.airbnb.com/rooms/5856329,200,Miami Beach, FL, United States
https://www.airbnb.com/rooms/5856333,200,Kaštel Novi, Splitsko-dalmatinska županija, Croatia
https://www.airbnb.com/rooms/5856347,200,Goudargues, Languedoc-Roussillon, France
https://www.airbnb.com/rooms/5856349,200,Egling, Bayern, Germany
https://www.airbnb.com/rooms/5856350,200,Berlin, Berlin, Germany
https://www.airbnb.com/rooms/5856356,200,Kaštel Novi, Splitsko-dalmatinska županija, Croatia
https://www.airbnb.com/rooms/5856359,200,Paris, Île-de-France, France
https://www.airbnb.com/rooms/5856366,200,Nice, Provence-Alpes-Côte d&#x27;Azur, France
https://www.airbnb.com/rooms/5856369,200,Castiglion Fiorentino, Toscana, Italy
https://www.airbnb.com/rooms/5856376,200,Porto Alabe, Sardegna, Italy
https://www.airbnb.com/rooms/5856384,200,Paris, Île-de-France, France
https://www.airbnb.com/rooms/5856385,200,Roma, Lazio, Italy
https://www.airbnb.com/rooms/5856386,200,Miami Beach, FL, United States
https://www.airbnb.com/rooms/5856389,200,Riec-sur-Bélon, Bretagne, France
https://www.airbnb.com/rooms/5856401,200,Ballycarry, Antrim, United Kingdom
https://www.airbnb.com/rooms/5856405,200,Byala, Varna, Bulgaria
https://www.airbnb.com/rooms/5856408,200,Serris, Île-de-France, France
https://www.airbnb.com/rooms/5856410,200,Ljubljana, Ljubljana, Slovenia
https://www.airbnb.com/rooms/5856412,200,Emmen, DR, Netherlands
https://www.airbnb.com/rooms/5856419,200,London, United Kingdom
https://www.airbnb.com/rooms/5856431,200,Oslo, Oslo, Norway
https://www.airbnb.com/rooms/5856433,200,Ixelles, Bruxelles, Belgium
https://www.airbnb.com/rooms/5856435,200,Dubrovnik, Dubrovačko-neretvanska županija, Croatia
https://www.airbnb.com/rooms/5856444,200,Philadelphia, PA, United States
https://www.airbnb.com/rooms/5856559,200,豐坪村, 台灣花蓮縣壽豐鄉, Taiwan
https://www.airbnb.com/rooms/5856576,200,Winnipeg, MB, Canada
https://www.airbnb.com/rooms/5856580,200,San Felice Circeo, Lazio, Italy
https://www.airbnb.com/rooms/5856582,200,Altavilla Silentina, SALERNO, Italy
https://www.airbnb.com/rooms/5856586,200,Prague, Hlavní město Praha, Czech Republic
https://www.airbnb.com/rooms/5856588,200,Bruguières, Midi-Pyrénées, France
https://www.airbnb.com/rooms/5856589,200,Žgaljići, Primorsko-goranska županija, Croatia
https://www.airbnb.com/rooms/5856593,200,Montegrosso, Corse, France
https://www.airbnb.com/rooms/5856594,200,Cebu City, Central Visayas, Philippines
https://www.airbnb.com/rooms/5856622,200,Sevilla, Andalucía, Spain
https://www.airbnb.com/rooms/5856624,200,Cologno Monzese, Lombardia, Italy
https://www.airbnb.com/rooms/5856629,200,Malaucène, Provence-Alpes-Côte d&#x27;Azur, France
https://www.airbnb.com/rooms/5856631,200,Netanya, Center District, Israel
https://www.airbnb.com/rooms/5856632,200,Ceglie Messapica, Puglia, Italy
https://www.airbnb.com/rooms/5856633,200,Boston, MA, United States
https://www.airbnb.com/rooms/5856636,200,San Juan, San Juan, Puerto Rico
https://www.airbnb.com/rooms/5856644,200,Córdoba, Cordoba, Argentina
https://www.airbnb.com/rooms/5856646,200,Priseltsi, Varna, Bulgaria
https://www.airbnb.com/rooms/5856651,200,Tarragona, Catalunya, Spain
https://www.airbnb.com/rooms/5856653,200,London, Greater London, United Kingdom
https://www.airbnb.com/rooms/5856654,200,New Orleans, LA, United States
https://www.airbnb.com/rooms/5856660,200,Avignon, Provence-Alpes-Côte d&#x27;Azur, France
https://www.airbnb.com/rooms/5856664,200,Nürnberg, Bayern, Germany
https://www.airbnb.com/rooms/5856685,200,Brooklyn, NY, United States
https://www.airbnb.com/rooms/5856693,200,Gloucester Township, NJ, United States
https://www.airbnb.com/rooms/5856697,200,Habana, Cuba, Cuba
https://www.airbnb.com/rooms/5856698,200,Habana, Cuba, Cuba
https://www.airbnb.com/rooms/5856711,200,Cape Town, WC, South Africa
https://www.airbnb.com/rooms/5856715,200,Davenport, FL, United States
https://www.airbnb.com/rooms/5856726,200,Mandello del Lario , Lecco, Italy
https://www.airbnb.com/rooms/5856727,200,Villamassargia, Sardegna, Italy
https://www.airbnb.com/rooms/5856728,200,Milano, Lombardia, Italy
https://www.airbnb.com/rooms/5856734,200,Caen, Basse-Normandie, France
https://www.airbnb.com/rooms/5856742,200,Yerevan, Yerevan, Armenia
https://www.airbnb.com/rooms/5856747,200,Sesimbra, Setúbal, Portugal
https://www.airbnb.com/rooms/5856749,200,Ko Phayam, Ranong, Thailand
https://www.airbnb.com/rooms/5856751,200,Galway, Galway, Ireland
https://www.airbnb.com/rooms/5856756,200,Mâcot-la-Plagne, Rhône-Alpes, France
https://www.airbnb.com/rooms/5856868,200,Cisternino, Puglia, Italy
https://www.airbnb.com/rooms/5856877,200,Bacolod, Western Visayas, Philippines
https://www.airbnb.com/rooms/5856878,200,Biarritz, Aquitaine, France
https://www.airbnb.com/rooms/5856890,200,Jerusalem, Jerusalem District, Israel
https://www.airbnb.com/rooms/5856891,200,Saint-Romain-de-Benet, Poitou-Charentes, France
https://www.airbnb.com/rooms/5856893,200,Barcelona, Catalunya, Spain
https://www.airbnb.com/rooms/5856894,200,Miami Beach, FL, United States
https://www.airbnb.com/rooms/5856897,200,Kissimmee, FL, United States
https://www.airbnb.com/rooms/5856898,200,Gallipoli, Puglia, Italy
https://www.airbnb.com/rooms/5856902,200,Lyon, Rhône-Alpes, France
https://www.airbnb.com/rooms/5856903,200,Palma, Illes Balears, Spain
https://www.airbnb.com/rooms/5856905,200,Paris, Île-de-France, France
https://www.airbnb.com/rooms/5856918,200,ADABÜKÜ, Muğla, Turkey
https://www.airbnb.com/rooms/5856921,200,Indianapolis, IN, United States
https://www.airbnb.com/rooms/5856925,200,Vassalini, Lombardia, Italy
https://www.airbnb.com/rooms/5856932,200,Castelnau-le-Lez, Languedoc-Roussillon, France
https://www.airbnb.com/rooms/5856937,200,München, Bayern, Germany
https://www.airbnb.com/rooms/5856941,200,Vulaines-sur-Seine, Île-de-France, France
https://www.airbnb.com/rooms/5856943,200,Brooklyn, NY, United States
https://www.airbnb.com/rooms/5856948,200,Clermont, FL, United States
https://www.airbnb.com/rooms/5856950,200,Miami Platja, Tarragona, Spain
https://www.airbnb.com/rooms/5856952,200,Luka Dubrava, Dubrovačko-neretvanska županija, Croatia
https://www.airbnb.com/rooms/5856959,200,Fontenay-aux-Roses, Île-de-France, France
https://www.airbnb.com/rooms/5857081,200,Hannover, Niedersachsen, Germany
https://www.airbnb.com/rooms/5857089,200,Conil de la Frontera, Andalucía, Spain
https://www.airbnb.com/rooms/5857090,200,Indianapolis, IN, United States
https://www.airbnb.com/rooms/5857091,200,Kfar Shamai, North District, Israel
https://www.airbnb.com/rooms/5857095,200,Miami Beach, FL, United States
https://www.airbnb.com/rooms/5857098,200,Bidart, Aquitaine, France
https://www.airbnb.com/rooms/5857110,200,Rotterdam, Zuid-Holland, Netherlands
https://www.airbnb.com/rooms/5857111,200,Santiago, Región Metropolitana, Chile
https://www.airbnb.com/rooms/5857116,200,Minsk, Minskaja voblasć, Belarus
https://www.airbnb.com/rooms/5857120,200,Houston, TX, United States
https://www.airbnb.com/rooms/5857125,200,Taitō-ku, Tōkyō-to, Japan
https://www.airbnb.com/rooms/5857134,200,Reykjavík, Capital Region, Iceland
https://www.airbnb.com/rooms/5857136,200,Cambridge, MA, United States
https://www.airbnb.com/rooms/5857140,200,st martin des puits, Languedoc-Roussillon, France
https://www.airbnb.com/rooms/5857147,200,Ipoh, Perak, Malaysia
https://www.airbnb.com/rooms/5857149,200,Gent, Vlaams Gewest, Belgium
https://www.airbnb.com/rooms/5857150,200,Rawai, Phuket, Thailand
https://www.airbnb.com/rooms/5857151,200,Санкт-Петербург, город Санкт-Петербург, Russia
https://www.airbnb.com/rooms/5857153,200,Amsterdam, Noord-Holland, Netherlands
https://www.airbnb.com/rooms/5857162,200,Montréal, Québec, Canada
https://www.airbnb.com/rooms/5857166,200,Shibuya-ku, Tokyo, Japan
https://www.airbnb.com/rooms/5857168,200,Charleston, SC, United States
https://www.airbnb.com/rooms/5857170,200,Clermont, FL, United States
https://www.airbnb.com/rooms/5857177,200,Nymet Rowland, England, United Kingdom
https://www.airbnb.com/rooms/5857182,200,Warszawa, mazowieckie, Poland
https://www.airbnb.com/rooms/5857185,200,Aytré, Poitou-Charentes, France
https://www.airbnb.com/rooms/5857187,200,Besançon, Franche-Comté, France
https://www.airbnb.com/rooms/5857190,200,Napoli, Campania, Italy
https://www.airbnb.com/rooms/5857194,200,Vancouver, BC, Canada
https://www.airbnb.com/rooms/5857200,200,Parma, Emilia-Romagna, Italy
https://www.airbnb.com/rooms/5857212,200,New York, NY, United States
https://www.airbnb.com/rooms/5857213,200,Hamburg, Hamburg, Germany
https://www.airbnb.com/rooms/5857218,200,Cancún, Quintana Roo, Mexico
https://www.airbnb.com/rooms/5857220,200,Singapore, Singapore
https://www.airbnb.com/rooms/5857224,200,İstanbul, İstanbul, Turkey
https://www.airbnb.com/rooms/5857242,200,Hannut, Région wallonne, Belgium
https://www.airbnb.com/rooms/5857246,200,De Koog, Noord-Holland, Netherlands
https://www.airbnb.com/rooms/5857248,200,Clermont, FL, United States
https://www.airbnb.com/rooms/5857252,200,Milano, Lombardia, Italy
https://www.airbnb.com/rooms/5857259,200,Moskva, Moscow, Russia
https://www.airbnb.com/rooms/5857260,200,Riec-sur-Bélon, Bretagne, France
https://www.airbnb.com/rooms/5857263,200,Torredembarra, Catalunya, Spain
https://www.airbnb.com/rooms/5857265,200,Viareggio, lu, Italy
https://www.airbnb.com/rooms/5857276,200,Cartagena, Bolivar, Colombia
https://www.airbnb.com/rooms/5857277,200,Freeport, Freeport, Bahamas
https://www.airbnb.com/rooms/5857388,200,Bormes-les-Mimosas, Provence-Alpes-Côte d&#x27;Azur, France
https://www.airbnb.com/rooms/5857390,200,New York, NY, United States
https://www.airbnb.com/rooms/5857394,200,Cannes, Provence-Alpes-Côte d&#x27;Azur, France
https://www.airbnb.com/rooms/5857402,200,Paris, Île-de-France, France
https://www.airbnb.com/rooms/5857406,200,North Bay Village, FL, United States
https://www.airbnb.com/rooms/5857408,200,Léon, Aquitaine, France
https://www.airbnb.com/rooms/5857412,200,Dublin, Dublin, Ireland
https://www.airbnb.com/rooms/5857417,200,Poros, Attica, Greece
https://www.airbnb.com/rooms/5857441,200,Podstrana, Splitsko-dalmatinska županija, Croatia
https://www.airbnb.com/rooms/5857445,200,Virignin, Rhône-Alpes, France
https://www.airbnb.com/rooms/5857447,200,Санкт-Петербург, город Санкт-Петербург, Russia
https://www.airbnb.com/rooms/5857454,200,Villa, Piemonte, Italy
https://www.airbnb.com/rooms/5857464,200,Reykjavík, Capital Region, Iceland
https://www.airbnb.com/rooms/5857465,200,Nice, Provence-Alpes-Côte d&#x27;Azur, France
https://www.airbnb.com/rooms/5857466,200,Amsterdam, Noord-Holland, Netherlands
https://www.airbnb.com/rooms/5857477,200,Montreuil, Île-de-France, France
https://www.airbnb.com/rooms/5857478,200,Nanjing Shi, Jiangsu Sheng, China
https://www.airbnb.com/rooms/5857485,200,Paris, Île-de-France, France
https://www.airbnb.com/rooms/5857486,200,Specchia, Puglia, Italy
https://www.airbnb.com/rooms/5857490,200,Cannes, Provence-Alpes-Côte d&#x27;Azur, France
https://www.airbnb.com/rooms/5857493,200,Bogota, Bogota, Colombia
https://www.airbnb.com/rooms/5857501,200,Marrakesh, Marrakesh-Tensift-El Haouz, Morocco
https://www.airbnb.com/rooms/5857505,200,Latina, Lazio, Italy
https://www.airbnb.com/rooms/5857510,200,Wirksworth, United Kingdom
https://www.airbnb.com/rooms/5857511,200,Narbonne, Languedoc-Roussillon, France
https://www.airbnb.com/rooms/5857512,200,Delray Beach, FL, United States
https://www.airbnb.com/rooms/5857515,200,Brooklyn, NY, United States
https://www.airbnb.com/rooms/5857519,200,New York, NY, United States
https://www.airbnb.com/rooms/5857526,200,Como, Lombardia, Italy
https://www.airbnb.com/rooms/5857530,200,cangas, pontevedra, Galicia, Spain
https://www.airbnb.com/rooms/5857531,200,Lille, Nord-Pas-de-Calais, France
https://www.airbnb.com/rooms/5857532,200,Pasig, NCR, Philippines
https://www.airbnb.com/rooms/5857534,200,Pozzallo, Sicilia, Italy
https://www.airbnb.com/rooms/5857536,200,Toronto, ON, Canada
https://www.airbnb.com/rooms/5857538,200,Augsburg, Bayern, Germany
https://www.airbnb.com/rooms/5857540,200,London, United Kingdom
https://www.airbnb.com/rooms/5857541,200,Noto, Sicilia, Italy
https://www.airbnb.com/rooms/5857545,200,Suni, Sardegna, Italy
https://www.airbnb.com/rooms/5857548,200,Dieblich, Rheinland-Pfalz, Germany
https://www.airbnb.com/rooms/5857556,200,Roses, Catalunya, Spain
https://www.airbnb.com/rooms/5857560,200,Ponte de Lima, Viana do Castelo, Portugal
https://www.airbnb.com/rooms/5857561,200,Kota Kinabalu, Sabah, Malaysia
https://www.airbnb.com/rooms/5857562,200,Pero, Lombardia, Italy
https://www.airbnb.com/rooms/5857563,200,Avignon, Provence-Alpes-Côte d&#x27;Azur, France
https://www.airbnb.com/rooms/5857564,200,Los Angeles, CA, United States
https://www.airbnb.com/rooms/5857567,200,Houston, TX, United States
https://www.airbnb.com/rooms/5857574,200,College Park, GA, United States
https://www.airbnb.com/rooms/5857578,200,Calgary, Alberta, Canada
https://www.airbnb.com/rooms/5857583,200,Prague, Hlavní město Praha, Czech Republic
https://www.airbnb.com/rooms/5857584,200,Lucca, Toscana, Italy
https://www.airbnb.com/rooms/5857585,200,Dorset, United Kingdom
https://www.airbnb.com/rooms/5857590,200,Rogoznica, Šibensko-kninska županija, Croatia
https://www.airbnb.com/rooms/5857596,200,Hoboken, NJ, United States
https://www.airbnb.com/rooms/5857598,200,Tbilisi, Tbilisi, Georgia
https://www.airbnb.com/rooms/5857601,200,Lyon, Rhône-Alpes, France
https://www.airbnb.com/rooms/5857607,200,Puerto Plata, Puerto Plata, Dominican Republic
https://www.airbnb.com/rooms/5857610,200,Miami Beach, FL, United States
https://www.airbnb.com/rooms/5857611,200,Port Aransas, TX, United States
https://www.airbnb.com/rooms/5857612,200,Caucana-finaiti-casuzze-finaiti Nord, Sicilia, Italy
https://www.airbnb.com/rooms/5857613,200,San Vittore Olona, Lombardia, Italy
https://www.airbnb.com/rooms/5857615,200,Paris, Île-de-France, France
https://www.airbnb.com/rooms/5857617,200,Oetrange, Luxembourg, Luxembourg
https://www.airbnb.com/rooms/5857618,200,Split, Splitsko-dalmatinska županija, Croatia
https://www.airbnb.com/rooms/5857622,200,Wauwatosa, WI, United States
https://www.airbnb.com/rooms/5857623,200,Clermont, FL, United States
https://www.airbnb.com/rooms/5857625,200,Givat Haim, Center District, Israel
https://www.airbnb.com/rooms/5857633,200,武汉, 武昌, China
https://www.airbnb.com/rooms/5857644,200,Lisboa, Lisboa, Portugal
https://www.airbnb.com/rooms/5857647,200,Nice, Provence-Alpes-Côte d&#x27;Azur, France
https://www.airbnb.com/rooms/5857655,200,Den Haag, Zuid-Holland, Netherlands
https://www.airbnb.com/rooms/5857658,200,Reykjavík, Capital Region, Iceland
https://www.airbnb.com/rooms/5857667,200,Firenze, Toscana, Italy
https://www.airbnb.com/rooms/5857669,200,Tbilisi, Tbilisi, Georgia
https://www.airbnb.com/rooms/5857670,200,Milano, Lombardia, Italy
https://www.airbnb.com/rooms/5857671,200,Wexford, Wexford, Ireland
https://www.airbnb.com/rooms/5857673,200,New York, NY, United States
https://www.airbnb.com/rooms/5857677,200,Beijing, 北京市, China
https://www.airbnb.com/rooms/5857678,200,Bogota, Cundinamarca, Colombia
https://www.airbnb.com/rooms/5857680,200,Dubrovnik, Dubrovačko-neretvanska županija, Croatia
https://www.airbnb.com/rooms/5857681,200,Boulogne-Billancourt, Île-de-France, France
https://www.airbnb.com/rooms/5857686,200,Mar de Las Pampas, Buenos Aires, Argentina
https://www.airbnb.com/rooms/5857688,200,montaione, Toscana, Italy
https://www.airbnb.com/rooms/5857692,200,Brooklyn, NY, United States
https://www.airbnb.com/rooms/5857696,200,Eppelheim, Baden-Württemberg, Germany
https://www.airbnb.com/rooms/5857702,200,Kota Kinabalu, Sabah, Malaysia
https://www.airbnb.com/rooms/5857703,200,Wien, Wien, Austria
https://www.airbnb.com/rooms/5857706,200,Bucharest, Bucharest, Romania
https://www.airbnb.com/rooms/5857710,200,Šolta, Split-Dalmatia County, Croatia
https://www.airbnb.com/rooms/5857719,200,Bisceglie, Puglia, Italy
https://www.airbnb.com/rooms/5857722,200,Bellevue Hill, NSW, Australia
https://www.airbnb.com/rooms/5857727,200,Indianapolis, IN, United States
https://www.airbnb.com/rooms/5857728,200,La Quinta, CA, United States
https://www.airbnb.com/rooms/5857734,200,Cabarete, Puerto Plata, Dominican Republic
https://www.airbnb.com/rooms/5857735,200,Servigliano, Marche, Italy
https://www.airbnb.com/rooms/5857736,200,Vilnius, Vilnius County, Lithuania
https://www.airbnb.com/rooms/5857742,200,Ajaccio, Corsica, France
https://www.airbnb.com/rooms/5857744,200,Toulouse, Midi-Pyrénées, France
https://www.airbnb.com/rooms/5857745,200,München, Bayern, Germany
https://www.airbnb.com/rooms/5857749,200,Kissimmee, FL, United States
https://www.airbnb.com/rooms/5857755,200,Huntington, WV, United States
https://www.airbnb.com/rooms/5857869,200,伊斯坦布尔, İstanbul, Turkey
https://www.airbnb.com/rooms/5857872,200,Orlando, FL, United States
https://www.airbnb.com/rooms/5857875,200,Courtenay, BC, Canada
https://www.airbnb.com/rooms/5857877,200,Gothenburg, Västra Götalands län, Sweden
https://www.airbnb.com/rooms/5857896,200,London, United Kingdom
https://www.airbnb.com/rooms/5857900,200,Rio de Janeiro, Rio de Janeiro, Brazil
https://www.airbnb.com/rooms/5857905,200,Barcelona, Catalunya, Spain
https://www.airbnb.com/rooms/5857910,200,Merrickville, ON, Canada
https://www.airbnb.com/rooms/5857911,200,Bargemon, Provence-Alpes-Côte d&#x27;Azur, France
https://www.airbnb.com/rooms/5857914,200,Alghero, Sardegna, Italy
https://www.airbnb.com/rooms/5857916,200,La Savina, Illes Balears, Spain
https://www.airbnb.com/rooms/5857917,200,New York, NY, United States
https://www.airbnb.com/rooms/5857922,200,Beckenham, United Kingdom
https://www.airbnb.com/rooms/5857927,200,Novafeltria, Emilia-Romagna, Italy
https://www.airbnb.com/rooms/5858048,200,Le Moule, Grande-Terre, Guadeloupe
https://www.airbnb.com/rooms/5858049,200,Ramona, CA, United States
https://www.airbnb.com/rooms/5858065,200,Mougins, Provence-Alpes-Côte d&#x27;Azur, France
https://www.airbnb.com/rooms/5858073,200,Frederiksberg, Sjælland, Denmark
https://www.airbnb.com/rooms/5858074,200,Philadelphia, PA, United States
https://www.airbnb.com/rooms/5858079,200,Rupe, Šibensko-kninska županija, Croatia
https://www.airbnb.com/rooms/5858080,200,Waterville, Co.Kerry, Ireland
https://www.airbnb.com/rooms/5858082,200,Los Angeles, CA, United States
https://www.airbnb.com/rooms/5858086,200,São Paulo, São Paulo, Brazil
https://www.airbnb.com/rooms/5858087,200,New York, NY, United States
https://www.airbnb.com/rooms/5858090,200,Indianapolis, IN, United States
https://www.airbnb.com/rooms/5858098,200,Lucca, Toscana, Italy
https://www.airbnb.com/rooms/5858100,200,Psichiko, Greece
https://www.airbnb.com/rooms/5858103,200,Rovaniemi, Suomi, Finland
https://www.airbnb.com/rooms/5858107,200,Kyoto, Kyoto Prefecture, Japan
https://www.airbnb.com/rooms/5858114,200,Paralimni, Gazimağusa, Cyprus
https://www.airbnb.com/rooms/5858117,200,Perugia, Umbria, Italy
https://www.airbnb.com/rooms/5858122,200,Beaverton, OR, United States
https://www.airbnb.com/rooms/5858126,200,Lisboa, Lisboa, Portugal
https://www.airbnb.com/rooms/5858130,200,Toshima-ku,Chihaya, Tokyo, Japan
https://www.airbnb.com/rooms/5858131,200,Arkutino, Sozopol, Bulgaria
https://www.airbnb.com/rooms/5858133,200,Boston, MA, United States
https://www.airbnb.com/rooms/5858134,200,Nashville, TN, United States
https://www.airbnb.com/rooms/5858137,200,Paris, IDF, France
https://www.airbnb.com/rooms/5858139,200,London, England, United Kingdom
https://www.airbnb.com/rooms/5858143,200,Gijón, Principado de Asturias, Spain
https://www.airbnb.com/rooms/5858262,200,MARRAKECH, Morocco
https://www.airbnb.com/rooms/5858264,200,Tarquinia, Viterbo, Italy
https://www.airbnb.com/rooms/5858274,200,Alcochete, Setúbal, Portugal
https://www.airbnb.com/rooms/5858275,200,Alónnisos, Thessalia Sterea Ellada, Greece
https://www.airbnb.com/rooms/5858282,200,Vitória, Espírito Santo, Brazil
https://www.airbnb.com/rooms/5858288,200,Chicago, IL, United States
https://www.airbnb.com/rooms/5858291,200,Amsterdam, Noord-Holland, Netherlands
https://www.airbnb.com/rooms/5858298,200,Arkutino, Sozopol, Bulgaria
https://www.airbnb.com/rooms/5858300,200,Batang Serangan, North Sumatra, Indonesia
https://www.airbnb.com/rooms/5858304,200,Montego Bay , St James Parish, Jamaica
https://www.airbnb.com/rooms/5858305,200,Lille, Nord-Pas-de-Calais, France
https://www.airbnb.com/rooms/5858308,200,Ballwin, MO, United States
https://www.airbnb.com/rooms/5858311,200,Proissans, Aquitaine, France
https://www.airbnb.com/rooms/5858317,200,Gangnam-gu, Seoul, South Korea
https://www.airbnb.com/rooms/5858320,200,Indian Wells, CA, United States
https://www.airbnb.com/rooms/5858327,200,Silvaplana, Graubünden, Switzerland
https://www.airbnb.com/rooms/5858331,200,Roma, Lazio, Italy
https://www.airbnb.com/rooms/5858348,200,Toulouse, Midi-Pyrénées, France
https://www.airbnb.com/rooms/5858351,200,Vicopisano, Toscana, Italy
https://www.airbnb.com/rooms/5858360,200,Arona, Canarias, Spain
https://www.airbnb.com/rooms/5858473,200,Indianapolis, IN, United States
https://www.airbnb.com/rooms/5858476,200,London, United Kingdom
https://www.airbnb.com/rooms/5858486,200,San Francisco, CA, United States
https://www.airbnb.com/rooms/5858488,200,Marseille, Provence-Alpes-Côte d&#x27;Azur, France
https://www.airbnb.com/rooms/5858489,200,Swanville, ME, United States
https://www.airbnb.com/rooms/5858498,200,Singapore, Singapore
https://www.airbnb.com/rooms/5858500,200,Roma, Lazio, Italy
https://www.airbnb.com/rooms/5858501,200,Reno, NV, United States
https://www.airbnb.com/rooms/5858503,200,Palermo, Sicilia, Italy
https://www.airbnb.com/rooms/5858505,200,New York, NY, United States
https://www.airbnb.com/rooms/5858511,200,Phoenix, AZ, United States
https://www.airbnb.com/rooms/5858526,200,Bath, United Kingdom
https://www.airbnb.com/rooms/5858528,200,Barcelona, Catalunya, Spain
https://www.airbnb.com/rooms/5858537,200,Breege, Mecklenburg-Vorpommern, Germany
https://www.airbnb.com/rooms/5858539,200,Saint-Ouen-l&#x27;Aumône, Île-de-France, France
https://www.airbnb.com/rooms/5858547,200,Marseille, Provence-Alpes-Côte d&#x27;Azur, France
https://www.airbnb.com/rooms/5858552,200,İstanbul, İstanbul, Turkey
https://www.airbnb.com/rooms/5858554,200,Anif, Salzburg, Austria
https://www.airbnb.com/rooms/5858556,200,Siracusa, Sicilia, Italy
https://www.airbnb.com/rooms/5858565,200,Paris, Île-de-France, France
https://www.airbnb.com/rooms/5858683,200,Rio de Janeiro, Rio de Janeiro, Brazil
https://www.airbnb.com/rooms/5858695,200,Lisboa, Lisboa, Portugal
https://www.airbnb.com/rooms/5858713,200,Macaé, Rio de Janeiro, Brazil
https://www.airbnb.com/rooms/5858714,200,Terneuzen, Zeeland, Netherlands
https://www.airbnb.com/rooms/5858715,200,Ios, Egeo, Greece
https://www.airbnb.com/rooms/5858716,200,Vancouver, BC, Canada
https://www.airbnb.com/rooms/5858718,200,Chicago, IL, United States
https://www.airbnb.com/rooms/5858720,200,Friedrichshafen, Baden-Württemberg, Germany
https://www.airbnb.com/rooms/5858722,200,Pendé, Picardie, France
https://www.airbnb.com/rooms/5858730,200,Ponta Delgada, Açores, Portugal
https://www.airbnb.com/rooms/5858732,200,Rio de Janeiro, Rio de Janeiro, Brazil
https://www.airbnb.com/rooms/5858738,200,Penzance, Cornwall, United Kingdom
https://www.airbnb.com/rooms/5858742,200,Guayaquil, Guayas, Ecuador
https://www.airbnb.com/rooms/5858750,200,LE MESNIL HUE, Basse-Normandie, France
https://www.airbnb.com/rooms/5858753,200,Den Ham, Overijssel, Netherlands
https://www.airbnb.com/rooms/5858754,200,København, Denmark
https://www.airbnb.com/rooms/5858756,200,Marseille, Provence-Alpes-Côte d&#x27;Azur, France
https://www.airbnb.com/rooms/5858761,200,Milano, Lombardia, Italy
https://www.airbnb.com/rooms/5858768,200,Oakland, CA, United States
https://www.airbnb.com/rooms/5858775,200,Dordrecht, Zuid-Holland, Netherlands
https://www.airbnb.com/rooms/5858778,200,ixelles, Brussels, Belgium
https://www.airbnb.com/rooms/5858893,200,New York, NY, United States
https://www.airbnb.com/rooms/5858905,200,Bar, Montenegro
https://www.airbnb.com/rooms/5858907,200,Washington, DC, United States
https://www.airbnb.com/rooms/5858914,200,Bogotá, Cundinamarca, Colombia
https://www.airbnb.com/rooms/5858928,200,天王寺区生玉前町5-28, 大阪府大阪市, Japan
https://www.airbnb.com/rooms/5858932,200,Clapiers, Languedoc-Roussillon, France
https://www.airbnb.com/rooms/5858936,200,Salò, Lombardia, Italy
https://www.airbnb.com/rooms/5858938,200,Tossa de Mar, Catalunya, Spain
https://www.airbnb.com/rooms/5858940,200,Санкт-Петербург, город Санкт-Петербург, Russia
https://www.airbnb.com/rooms/5858945,200,Dublin, Dublin, Ireland
https://www.airbnb.com/rooms/5858949,200,Lisboa, Lisboa, Portugal
https://www.airbnb.com/rooms/5858950,200,Vila Baleira, Madeira, Portugal
https://www.airbnb.com/rooms/5858958,200,Louisville, KY, United States
https://www.airbnb.com/rooms/5858962,200,Calgary, Alberta, Canada
https://www.airbnb.com/rooms/5858964,200,Pyla sur mer, Aquitaine, France
https://www.airbnb.com/rooms/5858966,200,Montevideo, Departamento de Montevideo, Uruguay
https://www.airbnb.com/rooms/5858973,200,San Francisco, CA, United States
https://www.airbnb.com/rooms/5858976,200,Hua Hin, Prachuap Khiri Khan, Thailand
https://www.airbnb.com/rooms/5858979,200,Oxford, Oxfordshire, United Kingdom
https://www.airbnb.com/rooms/5858980,200,Erquy, Bretagne, France
https://www.airbnb.com/rooms/5858982,200,Budva, Budva, Montenegro
https://www.airbnb.com/rooms/5858983,200,Parma, Emilia-Romagna, Italy
https://www.airbnb.com/rooms/5858984,200,Honolulu, HI, United States
https://www.airbnb.com/rooms/5859104,200,Vaxholm, Stockholms län, Sweden
https://www.airbnb.com/rooms/5859108,200,Lecce, Puglia, Italy
https://www.airbnb.com/rooms/5859109,200,Los Barriles, Baja California Sur, Mexico
https://www.airbnb.com/rooms/5859115,200,Kemback, United Kingdom
https://www.airbnb.com/rooms/5859119,200,Céreste, Provence-Alpes-Côte d&#x27;Azur, France
https://www.airbnb.com/rooms/5859130,200,Rennes, Bretagne, France
https://www.airbnb.com/rooms/5859133,200,Porto, Porto, Portugal
https://www.airbnb.com/rooms/5859134,200,Aachen, Nordrhein-Westfalen, Germany
https://www.airbnb.com/rooms/5859135,200,Split, Splitsko-dalmatinska županija, Croatia
https://www.airbnb.com/rooms/5859142,200,Paris, Île-de-France, France
https://www.airbnb.com/rooms/5859146,200,Ceyzériat, Rhône-Alpes, France
https://www.airbnb.com/rooms/5859148,200,Sainte-Marguerite-du-Lac-Masson, QC, Canada
https://www.airbnb.com/rooms/5859149,200,New York, NY, United States
https://www.airbnb.com/rooms/5859152,200,Seattle, WA, United States
https://www.airbnb.com/rooms/5859163,200,Córdoba, Córdoba, Argentina
https://www.airbnb.com/rooms/5859174,200,Koksijde Oostduinkerke, Flanders, Belgium
https://www.airbnb.com/rooms/5859180,200,Paris, Île-de-France, France
https://www.airbnb.com/rooms/5859184,200,Paris, Île-de-France, France
https://www.airbnb.com/rooms/5859203,200,Rio de Janeiro, Rio de Janeiro, Brazil
https://www.airbnb.com/rooms/5859327,200,Wrocław, Województwo dolnośląskie, Poland
https://www.airbnb.com/rooms/5859345,200,Pender Island, BC, Canada
https://www.airbnb.com/rooms/5859347,200,Nashville, TN, United States
https://www.airbnb.com/rooms/5859350,200,Clamart, IDF, France
https://www.airbnb.com/rooms/5859354,200,Mazamitla, Jalisco, Mexico
https://www.airbnb.com/rooms/5859357,200,Amsterdam, Noord-Holland, Netherlands
https://www.airbnb.com/rooms/5859363,200,Springfield Township, NJ, United States
https://www.airbnb.com/rooms/5859364,200,Argelès-sur-Mer, Languedoc-Roussillon, France
https://www.airbnb.com/rooms/5859368,200,Bordeaux, Aquitaine, France
https://www.airbnb.com/rooms/5859377,200,Pineda de Mar, Catalunya, Spain
https://www.airbnb.com/rooms/5859378,200,Bordeaux, Aquitaine, France
https://www.airbnb.com/rooms/5859380,200,Lund, Skåne län, Sweden
https://www.airbnb.com/rooms/5859383,200,Istro, Crete, Greece
https://www.airbnb.com/rooms/5859386,200,Stockholm, Stockholms län, Sweden
https://www.airbnb.com/rooms/5859388,200,Amsterdam, Noord-Holland, Netherlands
https://www.airbnb.com/rooms/5859389,200,Split, Splitsko-dalmatinska županija, Croatia
https://www.airbnb.com/rooms/5859390,200,Carloforte, Sardegna, Italy
https://www.airbnb.com/rooms/5859391,200,Villeneuve-lès-Avignon, Languedoc-Roussillon, France
https://www.airbnb.com/rooms/5859393,200,Stintino, Sardegna, Italy
https://www.airbnb.com/rooms/5859529,200,Indianapolis, IN, United States
https://www.airbnb.com/rooms/5859532,200,Toulouse, Midi-Pyrénées, France
https://www.airbnb.com/rooms/5859534,200,Oersberg, Schleswig-Holstein, Germany
https://www.airbnb.com/rooms/5859539,200,Split, Splitsko-dalmatinska županija, Croatia
https://www.airbnb.com/rooms/5859543,200,Abidjan, Lagunes, Ivory Coast
https://www.airbnb.com/rooms/5859544,200,Portland, OR, United States
https://www.airbnb.com/rooms/5859551,200,Lido di Noto, Sicilia, Italy
https://www.airbnb.com/rooms/5859553,200,Rio de Janeiro, Rio de Janeiro, Brazil
https://www.airbnb.com/rooms/5859556,200,TROIS-RIVIERES, Basse-Terre, Guadeloupe
https://www.airbnb.com/rooms/5859557,200,Sassalbo, Toscana, Italy
https://www.airbnb.com/rooms/5859564,200,Cabrera de Mar, Catalunya, Spain
https://www.airbnb.com/rooms/5859570,200,Tel Aviv-Yafo, Tel Aviv District, Israel
https://www.airbnb.com/rooms/5859571,200,Alicante, Comunidad Valenciana, Spain
https://www.airbnb.com/rooms/5859599,200,Tremosine, Lombardy, Italy
https://www.airbnb.com/rooms/5859609,200,Montréal, Québec, Canada
https://www.airbnb.com/rooms/5859610,200,Dublin, Dublin, Ireland
https://www.airbnb.com/rooms/5859617,200,Cape Town, Western Cape, South Africa
https://www.airbnb.com/rooms/5859622,200,Malmö, Skåne län, Sweden
https://www.airbnb.com/rooms/5859733,200,West Dennis, MA, United States
https://www.airbnb.com/rooms/5859735,200,San Francisco, CA, United States
https://www.airbnb.com/rooms/5859746,200,Kraków, małopolskie, Poland
https://www.airbnb.com/rooms/5859747,200,Paris, Île-de-France, France
https://www.airbnb.com/rooms/5859749,200,Demorestville, ON, Canada
https://www.airbnb.com/rooms/5859754,200,Nice, Provence-Alpes-Côte d&#x27;Azur, France
https://www.airbnb.com/rooms/5859759,200,Mazamitla, Jalisco, Mexico
https://www.airbnb.com/rooms/5859765,200,Galway, Galway, Ireland
https://www.airbnb.com/rooms/5859768,200,Nantes, Pays de la Loire, France
https://www.airbnb.com/rooms/5859775,200,Contrada Impalata, Puglia, Italy
https://www.airbnb.com/rooms/5859777,200,Moskva, Moscow, Russia
https://www.airbnb.com/rooms/5859781,200,Kralendijk, Bonaire, Caribbean Netherlands
https://www.airbnb.com/rooms/5859791,200,Supetar, Split-Dalmatia County, Croatia
https://www.airbnb.com/rooms/5859797,200,Budapest, Budapest, Hungary
https://www.airbnb.com/rooms/5859801,200,Paris, Île-de-France, France
https://www.airbnb.com/rooms/5859802,200,Ketchum, ID, United States
https://www.airbnb.com/rooms/5859821,200,Cancún, Quintana Roo, Mexico
https://www.airbnb.com/rooms/5859954,200,Combloux, Rhône-Alpes, France
https://www.airbnb.com/rooms/5859960,200,Arrondissement of Saint-Laurent-du-Maroni, Saint Laurent Du Maroni, French Guiana
https://www.airbnb.com/rooms/5859961,200,Woodstock, NY, United States
https://www.airbnb.com/rooms/5859966,200,Moskva, Moscow, Russia
https://www.airbnb.com/rooms/5859969,200,Palermo, Sicilia, Italy
https://www.airbnb.com/rooms/5859978,200,Orihuela, Comunidad Valenciana, Spain
https://www.airbnb.com/rooms/5859989,200,Playa del Carmen, Quintana Roo, Mexiko, Quintana Roo, Mexico
https://www.airbnb.com/rooms/5859997,200,Chicago, IL, United States
https://www.airbnb.com/rooms/5859998,200,Saltsjöbaden, Stockholm County, Sweden
https://www.airbnb.com/rooms/5859999,200,Amsterdam, Noord-Holland, Netherlands
