https://www.airbnb.com/rooms/5950007,200,Bunyola, Illes Balears, Spain
https://www.airbnb.com/rooms/5950008,200,Sant Llorenç des Cardassar, Illes Balears, Spain
https://www.airbnb.com/rooms/5950018,200,Sukošan, Zadarska županija, Croatia
https://www.airbnb.com/rooms/5950020,200,München, Bayern, Germany
https://www.airbnb.com/rooms/5950023,200,Amsterdam, Noord-Holland, Netherlands
https://www.airbnb.com/rooms/5950026,200,Salies-de-Béarn, Aquitaine, France
https://www.airbnb.com/rooms/5950036,200,Pontedeume, Galicia, Spain
https://www.airbnb.com/rooms/5950046,200,Sopron, Gyõr-Moson-Sopron, Hungary
https://www.airbnb.com/rooms/5950053,200,Megève, Rhône-Alpes, France
https://www.airbnb.com/rooms/5950058,200,Jongno-gu, Seoul, South Korea
https://www.airbnb.com/rooms/5950061,200,Ližnjan, Istarska županija, Croatia
https://www.airbnb.com/rooms/5950072,200,Dubrovnik, Dubrovačko-neretvanska županija, Croatia
https://www.airbnb.com/rooms/5950084,200,Будва, Montenegro
https://www.airbnb.com/rooms/5950085,200,Krong Siem Reap, Siem Reap, Cambodia
https://www.airbnb.com/rooms/5950088,200,Paris, Île-de-France, France
https://www.airbnb.com/rooms/5950091,200,Monforte de Lemos, Galicia, Spain
https://www.airbnb.com/rooms/5950092,200,Gallipoli, Puglia, Italy
https://www.airbnb.com/rooms/5950094,200,Roma, Lazio, Italy
https://www.airbnb.com/rooms/5950095,200,Paris, Île-de-France, France
https://www.airbnb.com/rooms/5950096,200,İstanbul, İstanbul, Turkey
https://www.airbnb.com/rooms/5950100,200,Bowen, QLD, Australia
https://www.airbnb.com/rooms/5950104,200,Turku, Southwest Finland, Finland
https://www.airbnb.com/rooms/5950105,200,Sant&#x27;Alessio Con Vialone, Lombardia, Italy
https://www.airbnb.com/rooms/5950106,200,Omiš, Splitsko-dalmatinska županija, Croatia
https://www.airbnb.com/rooms/5950109,200,厦门, 思明区, China
https://www.airbnb.com/rooms/5950110,200,Campanet, Illes Balears, Spain
https://www.airbnb.com/rooms/5950121,200,OUARZAZATE, Souss-Massa-Draâ, Morocco
https://www.airbnb.com/rooms/5950135,200,台南市, 台南市, Taiwan
https://www.airbnb.com/rooms/5950136,200,Anping District, Tainan City, Taiwan
https://www.airbnb.com/rooms/5950137,200,Wenshan District, Taipei City, Taiwan
https://www.airbnb.com/rooms/5950143,200,Hamburg, HH, Germany
https://www.airbnb.com/rooms/5950146,200,Châtel, Rhône-Alpes, France
https://www.airbnb.com/rooms/5950150,200,Riec-sur-Belon, Brittany, France
https://www.airbnb.com/rooms/5950151,200,Nieuwerkerk, Zeeland, Netherlands
https://www.airbnb.com/rooms/5950153,200,Imerovigli, Egeo, Greece
https://www.airbnb.com/rooms/5950157,200,Paris, Île-de-France, France
https://www.airbnb.com/rooms/5950158,200,Paris, Île-de-France, France
https://www.airbnb.com/rooms/5950161,200,成都市, 四川省, China
https://www.airbnb.com/rooms/5950162,200,Cape Town, Western Cape, South Africa
https://www.airbnb.com/rooms/5950172,200,Torre Grande, Sardegna, Italy
https://www.airbnb.com/rooms/5950175,200,Camaiore, Toscana, Italy
https://www.airbnb.com/rooms/5950176,200,Albufeira, Faro, Portugal
https://www.airbnb.com/rooms/5950185,200,Dubrovnik, Dubrovačko-neretvanska županija, Croatia
https://www.airbnb.com/rooms/5950187,200,Zoričići, Istarska županija, Croatia
https://www.airbnb.com/rooms/5950188,200,Solliès-Pont, Provence-Alpes-Côte d&#x27;Azur, France
https://www.airbnb.com/rooms/5950190,200,Lagos, Faro, Portugal
https://www.airbnb.com/rooms/5950197,200,İstanbul, İstanbul, Turkey
https://www.airbnb.com/rooms/5950198,200,Port Willunga, SA, Australia
https://www.airbnb.com/rooms/5950207,200,Rabac, Istarska županija, Croatia
https://www.airbnb.com/rooms/5950210,200,Saint-Léonard, Valle d&#x27;Aosta, Italy
https://www.airbnb.com/rooms/5950214,200,Rignano sull&#x27;Arno, Toscana, Italy
https://www.airbnb.com/rooms/5950217,200,Fife, United Kingdom
https://www.airbnb.com/rooms/5950218,200,Riccione, Emilia-Romagna, Italy
https://www.airbnb.com/rooms/5950223,200,Palau, Sardegna, Italy
https://www.airbnb.com/rooms/5950224,200,Kyiv, Kyiv city, Ukraine
https://www.airbnb.com/rooms/5950234,200,Zaragoza, Aragón, Spain
https://www.airbnb.com/rooms/5950239,200,pai thailand, Mae Hong Son, Thailand
https://www.airbnb.com/rooms/5950252,200,Zhubei City, Taiwan
https://www.airbnb.com/rooms/5950257,200,København, Denmark
https://www.airbnb.com/rooms/5950263,200,Palma, Illes Balears, Spain
https://www.airbnb.com/rooms/5950265,200,OUARZAZATE, Souss-Massa-Draâ, Morocco
https://www.airbnb.com/rooms/5950268,200,Mgarr, Malta, Malta
https://www.airbnb.com/rooms/5950270,200,Bangkok, Krung Thep Maha Nakhon, Thailand
https://www.airbnb.com/rooms/5950276,200,Auckland, Auckland, New Zealand
https://www.airbnb.com/rooms/5950278,200,Chambourg-sur-Indre, Centre, France
https://www.airbnb.com/rooms/5950280,200,Raslina, Šibensko-kninska županija, Croatia
https://www.airbnb.com/rooms/5950286,200,Capo d&#x27;Orlando, (ME), Italy
https://www.airbnb.com/rooms/5950290,200,Fontane Bianche, Sicilia, Italy
https://www.airbnb.com/rooms/5950294,200,Chiclana de la Frontera, Andalucía, Spain
https://www.airbnb.com/rooms/5950295,200,Hebden Bridge, West Yorkshire, United Kingdom
https://www.airbnb.com/rooms/5950308,200,Aabybro, Denmark
https://www.airbnb.com/rooms/5950318,200,Orgnac-l&#x27;Aven, Rhône-Alpes, France
https://www.airbnb.com/rooms/5950329,200,Aamby Valley, Maharashtra, India
https://www.airbnb.com/rooms/5950330,200,Montblanc, Catalunya, Spain
https://www.airbnb.com/rooms/5950336,200,Wien, Wien, Austria
https://www.airbnb.com/rooms/5950343,200,Sèvres, Île-de-France, France
https://www.airbnb.com/rooms/5950346,200,Cilfynydd, Rhondda Cynon Taff, United Kingdom
https://www.airbnb.com/rooms/5950351,200,Spittal an der Drau, Kärnten, Austria
https://www.airbnb.com/rooms/5950353,200,Saint-Malo, Bretagne, France
https://www.airbnb.com/rooms/5950356,200,Guadalajara, Castilla-La Mancha, Spain
https://www.airbnb.com/rooms/5950357,200,Nkwazi, KwaZulu-Natal, South Africa
https://www.airbnb.com/rooms/5950360,200,Pescoluse, Puglia, Italy
https://www.airbnb.com/rooms/5950365,200,Kyiv, Kyiv city, Ukraine
https://www.airbnb.com/rooms/5950366,200,Wellington, Wellington, New Zealand
https://www.airbnb.com/rooms/5950368,200,Roma, Lazio, Italy
https://www.airbnb.com/rooms/5950371,200,La Seyne-sur-Mer, Provence-Alpes-Côte d&#x27;Azur, France
https://www.airbnb.com/rooms/5950372,200,London, United Kingdom
https://www.airbnb.com/rooms/5950380,200,Auckland, Auckland, New Zealand
https://www.airbnb.com/rooms/5950382,200,Straden, Styria, Austria
https://www.airbnb.com/rooms/5950383,200,Dedinky, Košice Region, Slovakia
https://www.airbnb.com/rooms/5950386,200,Cape Town, Western Cape, South Africa
https://www.airbnb.com/rooms/5950389,200,Edmonton, AB, Canada
https://www.airbnb.com/rooms/5950404,200,Simoes soure, Coimbra, Portugal
https://www.airbnb.com/rooms/5950406,200,Ōsaka-shi, Ōsaka-fu, Japan
https://www.airbnb.com/rooms/5950410,200,Roma, Lazio, Italy
https://www.airbnb.com/rooms/5950411,200,Milano, Lombardia, Italy
https://www.airbnb.com/rooms/5950421,200,Barbizon, Île-de-France, France
https://www.airbnb.com/rooms/5950423,200,Санкт-Петербург, город Санкт-Петербург, Russia
https://www.airbnb.com/rooms/5950424,200,Warszawa, mazowieckie, Poland
https://www.airbnb.com/rooms/5950426,200,Sperlonga, Lazio, Italy
https://www.airbnb.com/rooms/5950431,200,Santa Marinella, Lazio, Italy
https://www.airbnb.com/rooms/5950433,200,København K, Denmark
https://www.airbnb.com/rooms/5950436,200,Ceuta, Spain
https://www.airbnb.com/rooms/5950440,200,Milano, Lombardia, Italy
https://www.airbnb.com/rooms/5950441,200,Garrucha, Andalucía, Spain
https://www.airbnb.com/rooms/5950449,200,Swellendam, Western Cape, South Africa
https://www.airbnb.com/rooms/5950451,200,Rota, Andalucía, Spain
https://www.airbnb.com/rooms/5950454,200,Rivas-Vaciamadrid, Comunidad de Madrid, Spain
https://www.airbnb.com/rooms/5950455,200,Lyon, Rhône-Alpes, France
https://www.airbnb.com/rooms/5950457,200,Lecce, Puglia, Italy
https://www.airbnb.com/rooms/5950461,200,Manila, Metro Manila, Philippines
https://www.airbnb.com/rooms/5950462,200,Mondariz, Galicia, Spain
https://www.airbnb.com/rooms/5950464,200,Milano, Lombardia, Italy
https://www.airbnb.com/rooms/5950466,200,Gallipoli, Puglia, Italy
https://www.airbnb.com/rooms/5950478,200,Bentota, Southern Province, Sri Lanka
https://www.airbnb.com/rooms/5950479,200,Cagliari, Sardegna, Italy
https://www.airbnb.com/rooms/5950484,200,Antwerpen, Vlaams Gewest, Belgium
https://www.airbnb.com/rooms/5950489,200,Amboise, Centre, France
https://www.airbnb.com/rooms/5950491,200,Porquera del Butrón, Castilla y León, Spain
https://www.airbnb.com/rooms/5950503,200,Orihuela, Comunidad Valenciana, Spain
https://www.airbnb.com/rooms/5950504,200,Ravenna, Emilia-Romagna, Italy
https://www.airbnb.com/rooms/5950505,200,Marrakesh, Marrakesh-Tensift-El Haouz, Morocco
https://www.airbnb.com/rooms/5950508,200,Warszawa, mazowieckie, Poland
https://www.airbnb.com/rooms/5950512,200,Sveti Vlas, Burgas, Bulgaria
https://www.airbnb.com/rooms/5950513,200,Kuala Lumpur, Federal Territory of Kuala Lumpur, Malaysia
https://www.airbnb.com/rooms/5950516,200,Madrid, Comunidad de Madrid, Spain
https://www.airbnb.com/rooms/5950517,200,Budapest, Budapest, Hungary
https://www.airbnb.com/rooms/5950521,200,Erslev, Denmark
https://www.airbnb.com/rooms/5950522,200,Barcelona, Catalunya, Spain
https://www.airbnb.com/rooms/5950525,200,Addis Ababa, Addis Ababa, Ethiopia
https://www.airbnb.com/rooms/5950531,200,Anping District, Tainan City, Taiwan
https://www.airbnb.com/rooms/5950534,200,Madrid, Comunidad de Madrid, Spain
https://www.airbnb.com/rooms/5950545,200,Islita, Guanacaste, Costa Rica
https://www.airbnb.com/rooms/5950546,200,Paris, Île-de-France, France
https://www.airbnb.com/rooms/5950551,200,Warszawa, mazowieckie, Poland
https://www.airbnb.com/rooms/5950554,200,Milano, Lombardia, Italy
https://www.airbnb.com/rooms/5950556,200,Assisi Loc. Santa Maria degli Angeli, Umbria, Italy
https://www.airbnb.com/rooms/5950557,200,Kuala Lumpur, Federal Territory of Kuala Lumpur, Malaysia
https://www.airbnb.com/rooms/5950560,200,Vilnius, Vilniaus apskritis, Lithuania
https://www.airbnb.com/rooms/5950563,200,Jávea, Comunidad Valenciana, Spain
https://www.airbnb.com/rooms/5950571,200,Argyll and Bute, United Kingdom
https://www.airbnb.com/rooms/5950575,200,San Francisco Javier, Illes Balears, Spain
https://www.airbnb.com/rooms/5950577,200,Saint-Hilaire-de-Riez, Pays de la Loire, France
https://www.airbnb.com/rooms/5950581,200,Waterloo, Région wallonne, Belgium
https://www.airbnb.com/rooms/5950584,200,Brunswick, VIC, Australia
https://www.airbnb.com/rooms/5950589,200,Anuradhapura, North Central Province, Sri Lanka
https://www.airbnb.com/rooms/5950603,200,Radlett, Hertfordshire, United Kingdom
https://www.airbnb.com/rooms/5950609,200,Koksijde, Vlaams Gewest, Belgium
https://www.airbnb.com/rooms/5950610,200,Roma, Lazio, Italy
https://www.airbnb.com/rooms/5950614,200,Ustica, Sicilia, Italy
https://www.airbnb.com/rooms/5950617,200,Sevid, Splitsko-dalmatinska županija, Croatia
https://www.airbnb.com/rooms/5950636,200,Anping District, Tainan City, Taiwan
https://www.airbnb.com/rooms/5950637,200,Sainte-Luce, Martinique
https://www.airbnb.com/rooms/5950640,200,İstanbul, İstanbul, Turkey
https://www.airbnb.com/rooms/5950641,200,Antibes, Provence-Alpes-Côte d&#x27;Azur, France
https://www.airbnb.com/rooms/5950642,200,Tarnos, Aquitaine, France
https://www.airbnb.com/rooms/5950644,200,Toowong, QLD, Australia
https://www.airbnb.com/rooms/5950647,200,Tirrenia, Toscana, Italy
https://www.airbnb.com/rooms/5950654,200,Marchionna, Puglia, Italy
https://www.airbnb.com/rooms/5950673,200,Medulin, Istarska županija, Croatia
https://www.airbnb.com/rooms/5950676,200,Bangkok, Bangkok, Thailand
https://www.airbnb.com/rooms/5950702,200,Paliano, Lazio, Italy
https://www.airbnb.com/rooms/5950704,200,Ocean Grove, VIC, Australia
https://www.airbnb.com/rooms/5950705,200,Torrão, Setúbal, Portugal
https://www.airbnb.com/rooms/5950710,200,Checheng Township, , Pingtung County, Taiwan, Taiwan
https://www.airbnb.com/rooms/5950722,200,Махмутлар, Анталья, Turkey
https://www.airbnb.com/rooms/5950723,200,Geppa, (PG) Umbria, Italy
https://www.airbnb.com/rooms/5950728,200,Verfeuil, Languedoc-Roussillon, France
https://www.airbnb.com/rooms/5950731,200,London, London, United Kingdom
https://www.airbnb.com/rooms/5950732,200,Bust, Alsace, France
https://www.airbnb.com/rooms/5950734,200,Teulat, Midi-Pyrénées, France
https://www.airbnb.com/rooms/5950741,200,De Bilt, Utrecht, Netherlands
https://www.airbnb.com/rooms/5950742,200,Cape Town, Western Cape, South Africa
https://www.airbnb.com/rooms/5950745,200,Cala Fornells, Illes Balears, Spain
https://www.airbnb.com/rooms/5950746,200,Cannes, Provence-Alpes-Côte d&#x27;Azur, France
https://www.airbnb.com/rooms/5950749,200,Ruino, Lombardia, Italy
https://www.airbnb.com/rooms/5950757,200,Verona, Veneto, Italy
https://www.airbnb.com/rooms/5950758,200,San Juan de los Terreros, Aguilas (Murcia), Spain
https://www.airbnb.com/rooms/5950762,200,Capo d&#x27;Orlando, ME, Italy
https://www.airbnb.com/rooms/5950763,200,İstanbul, beylikdüzü, Turkey
https://www.airbnb.com/rooms/5950771,200,Jung-gu, Seoul, South Korea
https://www.airbnb.com/rooms/5950773,200,Aubenas, Rhône-Alpes, France
https://www.airbnb.com/rooms/5950775,200,Monticello, Corse, France
https://www.airbnb.com/rooms/5950786,200,Paris, Île-de-France, France
https://www.airbnb.com/rooms/5950792,200,Madrid, Comunidad de Madrid, Spain
https://www.airbnb.com/rooms/5950797,200,Ballinode, Sligo, Ireland
https://www.airbnb.com/rooms/5950919,200,Tagaytay, Calabarzon, Philippines
https://www.airbnb.com/rooms/5950920,200,Paris, Île-de-France, France
https://www.airbnb.com/rooms/5950923,200,Ericeira, Lisboa, Portugal
https://www.airbnb.com/rooms/5950925,200,London, United Kingdom
https://www.airbnb.com/rooms/5950928,200,Dervio, Lombardia, Italy
https://www.airbnb.com/rooms/5950930,200,London, London, United Kingdom
https://www.airbnb.com/rooms/5950932,200,Mahmutlar, Antalya, Turkey
https://www.airbnb.com/rooms/5950935,200,Alcúdia, Illes Balears, Spain
https://www.airbnb.com/rooms/5950937,200,Trier, Rheinland-Pfalz, Germany
https://www.airbnb.com/rooms/5950939,200,Ravi, Toscana, Italy
https://www.airbnb.com/rooms/5950945,200,北京, 朝阳, China
https://www.airbnb.com/rooms/5950964,200,vidreres, Catalunya, Spain
https://www.airbnb.com/rooms/5950968,200,Cape Town, Western Cape, South Africa
https://www.airbnb.com/rooms/5950970,200,Minden Hills, ON, Canada
https://www.airbnb.com/rooms/5950971,200,Mijas, Andalucía, Spain
https://www.airbnb.com/rooms/5950976,200,Glasgow, Scotland, United Kingdom
https://www.airbnb.com/rooms/5950993,200,Toulouse, Midi-Pyrénées, France
https://www.airbnb.com/rooms/5950998,200,Felanitx, Illes Balears, Spain
https://www.airbnb.com/rooms/5951001,200,Morningside, Queensland, Australia
https://www.airbnb.com/rooms/5951005,200,İstanbul, İstanbul, Turkey
https://www.airbnb.com/rooms/5951006,200,Comillas, Cantabria, Spain
https://www.airbnb.com/rooms/5951008,200,Mairena del Alcor, Andalucía, Spain
https://www.airbnb.com/rooms/5951123,200,Dubrovnik, Dubrovačko-neretvanska županija, Croatia
https://www.airbnb.com/rooms/5951127,200,Владивосток, Приморский край, Russia
https://www.airbnb.com/rooms/5951130,200,Sevilla, Andalucía, Spain
https://www.airbnb.com/rooms/5951132,200,Muang Pattaya, Chang Wat Chon Buri, Thailand
https://www.airbnb.com/rooms/5951136,200,London, London, United Kingdom
https://www.airbnb.com/rooms/5951137,200,Kaliningrad, Kaliningradskaya oblast&#x27;, Russia
https://www.airbnb.com/rooms/5951138,200,Lisboa, Lisboa, Portugal
https://www.airbnb.com/rooms/5951141,200,Cinfães, Viseu, Portugal
https://www.airbnb.com/rooms/5951143,200,Cape Town, Western Cape, South Africa
https://www.airbnb.com/rooms/5951144,200,Berlin, Berlin, Germany
https://www.airbnb.com/rooms/5951147,200,Saint-Ouen, Île-de-France, France
https://www.airbnb.com/rooms/5951149,200,香港香港, 九龙, Hong Kong
https://www.airbnb.com/rooms/5951151,200,Segrate, Milano, Italy
https://www.airbnb.com/rooms/5951156,200,Negombo, Western Province, Sri Lanka
https://www.airbnb.com/rooms/5951159,200,Lisboa, Lisboa, Portugal
https://www.airbnb.com/rooms/5951166,200,London, United Kingdom
https://www.airbnb.com/rooms/5951176,200,La Roquette-sur-Siagne, Provence-Alpes-Côte d&#x27;Azur, France
https://www.airbnb.com/rooms/5951181,200,Cambrils, Catalunya, Spain
https://www.airbnb.com/rooms/5951189,200,Paris, Île-de-France, France
https://www.airbnb.com/rooms/5951190,200,Albufeira, Faro, Portugal
https://www.airbnb.com/rooms/5951191,200,Cefalù, Sicilia, Italy
https://www.airbnb.com/rooms/5951194,200,Berlin, Berlin, Germany
https://www.airbnb.com/rooms/5951207,200,Burnsall, England, United Kingdom
https://www.airbnb.com/rooms/5951217,200,Capo d&#x27;Orlando, Me, Italy
https://www.airbnb.com/rooms/5951219,200,Gnarabup, WA, Australia
https://www.airbnb.com/rooms/5951224,200,Woolloongabba, QLD, Australia
https://www.airbnb.com/rooms/5951229,200,Avignon, Provence-Alpes-Côte d&#x27;Azur, France
https://www.airbnb.com/rooms/5951231,200,Banqiao District, New Taipei City, Taiwan
https://www.airbnb.com/rooms/5951237,200,Freiburg, Baden-Württemberg, Germany
https://www.airbnb.com/rooms/5951239,200,Milano, Lombardia, Italy
https://www.airbnb.com/rooms/5951243,200,Toulouse, Midi-Pyrénées, France
https://www.airbnb.com/rooms/5951245,200,Seixas. Caminha., Viana do Castelo, Portugal
https://www.airbnb.com/rooms/5951249,200,Wien, Wien, Austria
https://www.airbnb.com/rooms/5951269,200,Cape Town, Western Cape, South Africa
https://www.airbnb.com/rooms/5951271,200,Sveti Vlas,  Nessebar, , Burgas, Bulgaria
https://www.airbnb.com/rooms/5951274,200,Almería, Andalucía, Spain
https://www.airbnb.com/rooms/5951275,200,Plymouth, Devon, United Kingdom
https://www.airbnb.com/rooms/5951278,200,Buddittogliu Straulas, Sardegna, Italy
https://www.airbnb.com/rooms/5951282,200,Kigali/Gasabo, Kigali, Rwanda
https://www.airbnb.com/rooms/5951285,200,Bidart, Aquitaine, France
https://www.airbnb.com/rooms/5951297,200,Vaison-la-Romaine, Provence-Alpes-Côte d&#x27;Azur, France
https://www.airbnb.com/rooms/5951301,200,Cádiz, Andalucía, Spain
https://www.airbnb.com/rooms/5951304,200,Sankt-Peterburg, Saint Petersburg, Russia
https://www.airbnb.com/rooms/5951314,200,Uttenreuth, Bayern, Germany
https://www.airbnb.com/rooms/5951432,200,Las Negras, AL, Spain
https://www.airbnb.com/rooms/5951438,200,Calvià, Illes Balears, Spain
https://www.airbnb.com/rooms/5951443,200,Solliès-Pont, Provence-Alpes-Côte d&#x27;Azur, France
https://www.airbnb.com/rooms/5951444,200,Milano, Lombardia, Italy
https://www.airbnb.com/rooms/5951451,200,Махмутлар, Анталья, Turkey
https://www.airbnb.com/rooms/5951455,200,Barcelona, Catalunya, Spain
https://www.airbnb.com/rooms/5951457,200,Pienza, Toscana, Italy
https://www.airbnb.com/rooms/5951462,200,Bowen, QLD, Australia
https://www.airbnb.com/rooms/5951464,200,Solliès-Pont, Provence-Alpes-Côte d&#x27;Azur, France
https://www.airbnb.com/rooms/5951468,200,Torino, Piemonte, Italy
https://www.airbnb.com/rooms/5951469,200,Pula, Istarska županija, Croatia
https://www.airbnb.com/rooms/5951472,200,Valparaiso, Región de Valparaíso, Chile
https://www.airbnb.com/rooms/5951474,200,Richmond, VIC, Australia
https://www.airbnb.com/rooms/5951478,200,Šegotići  - Duga Uvala, Istarska županija, Croatia
https://www.airbnb.com/rooms/5951482,200,Old Trafford, Manchester, United Kingdom
https://www.airbnb.com/rooms/5951485,200,West Central District, Tainan City, Taiwan
https://www.airbnb.com/rooms/5951486,200,Hua Hin, Prachuap Khiri Khan, Thailand
https://www.airbnb.com/rooms/5951490,200,Berlin, Berlin, Germany
https://www.airbnb.com/rooms/5951494,200,Paris, Île-de-France, France
https://www.airbnb.com/rooms/5951496,200,Milano, Mi, Italy
https://www.airbnb.com/rooms/5951497,200,Kathmandu, Central Region, Nepal
https://www.airbnb.com/rooms/5951501,200,Kyoto, Kyoto Prefecture, Japan
https://www.airbnb.com/rooms/5951504,200,Santa Pola, Comunidad Valenciana, Spain
https://www.airbnb.com/rooms/5951505,200,Ventabren, Provence-Alpes-Côte d&#x27;Azur, France
https://www.airbnb.com/rooms/5951506,200,Novi Sad, Vojvodina, Serbia
https://www.airbnb.com/rooms/5951508,200,Cygnet, TAS, Australia
https://www.airbnb.com/rooms/5951516,200,Milano, Lombardia, Italy
https://www.airbnb.com/rooms/5951519,200,Lerici, Liguria, Italy
https://www.airbnb.com/rooms/5951521,200,Lerici, Liguria, Italy
https://www.airbnb.com/rooms/5951532,200,Sanya, Hainan, China
https://www.airbnb.com/rooms/5951647,200,Tahoe Vista, CA, United States
https://www.airbnb.com/rooms/5951649,200,Milano, Lombardia, Italy
https://www.airbnb.com/rooms/5951654,200,Bali, ID, Bali, Indonesia
https://www.airbnb.com/rooms/5951655,200,Reims, Champagne-Ardenne, France
https://www.airbnb.com/rooms/5951658,200,Letojanni, Sicilia, Italy
https://www.airbnb.com/rooms/5951662,200,Sarasota, FL, United States
https://www.airbnb.com/rooms/5951665,200,Cambridge, MA, United States
https://www.airbnb.com/rooms/5951674,200,Dar es Salaam, Dar es Salaam, Tanzania
https://www.airbnb.com/rooms/5951682,200,Nice, Provence-Alpes-Côte d&#x27;Azur, France
https://www.airbnb.com/rooms/5951687,200,Murillo de Gállego, Aragón, Spain
https://www.airbnb.com/rooms/5951693,200,Paris, Île-de-France, France
https://www.airbnb.com/rooms/5951699,200,Porto Potenza Picena, Marche, Italy
https://www.airbnb.com/rooms/5951706,200,Stockholm, Stockholms län, Sweden
https://www.airbnb.com/rooms/5951713,200,Montpellier, Languedoc-Roussillon, France
https://www.airbnb.com/rooms/5951737,200,Beijing, 北京市, China
https://www.airbnb.com/rooms/5951739,200,Svendborg, Denmark
https://www.airbnb.com/rooms/5951740,200,Gassin, Provence-Alpes-Côte d&#x27;Azur, France
https://www.airbnb.com/rooms/5951744,200,Riveria Del Sol, Mijas Costa, Costa Del Sol, Spain , Andalusia, Spain
https://www.airbnb.com/rooms/5951761,200,Paris, Île-de-France, France
https://www.airbnb.com/rooms/5951762,200,Firenze, Toscana, Italy
https://www.airbnb.com/rooms/5951763,200,Oedoil-dong, Jeju-si, Jeju-do, South Korea
https://www.airbnb.com/rooms/5951777,200,Datong District, Taipei City, Taiwan
https://www.airbnb.com/rooms/5951783,200,Squinzano, Puglia, Italy
https://www.airbnb.com/rooms/5951794,200,Labenne, Aquitaine, France
https://www.airbnb.com/rooms/5951795,200,Marseille, Provence-Alpes-Côte d&#x27;Azur, France
https://www.airbnb.com/rooms/5951796,200,Palermo, Sicilia, Italy
https://www.airbnb.com/rooms/5951802,200,Warszawa, mazowieckie, Poland
https://www.airbnb.com/rooms/5951808,200,Cerano D&#x27;Intelvi, Lombardia, Italy
https://www.airbnb.com/rooms/5951817,200,Hamburg, Hamburg, Germany
https://www.airbnb.com/rooms/5951819,200,Chiang Mai, Chang Wat Chiang Mai, Thailand
https://www.airbnb.com/rooms/5951820,200,Villeneuve-lès-Montréal, Languedoc-Roussillon, France
https://www.airbnb.com/rooms/5951823,200,Northcote, VIC, Australia
https://www.airbnb.com/rooms/5951826,200,Lloret de Mar, Catalunya, Spain
https://www.airbnb.com/rooms/5951832,200,Nice, Provence-Alpes-Côte d&#x27;Azur, France
https://www.airbnb.com/rooms/5951839,200,Paris, Île-de-France, France
https://www.airbnb.com/rooms/5951840,200,København, Denmark
https://www.airbnb.com/rooms/5951973,200,Varzi, Lombardia, Italy
https://www.airbnb.com/rooms/5951980,200,Colonia de Sant Pere, Illes Balears, Spain
https://www.airbnb.com/rooms/5951995,200,Mae Hia, Chiang Mai, Thailand
https://www.airbnb.com/rooms/5951999,200,Almería, Andalucía, Spain
https://www.airbnb.com/rooms/5952000,200,Ez Zahra, Ben Arous, Tunisia
https://www.airbnb.com/rooms/5952002,200,Seia, Guarda, Portugal
https://www.airbnb.com/rooms/5952006,200,London, Greater London, United Kingdom
https://www.airbnb.com/rooms/5952018,200,Berlin, Berlin, Germany
https://www.airbnb.com/rooms/5952020,200,Milano, Lombardia, Italy
https://www.airbnb.com/rooms/5952022,200,Annemasse, Rhône-Alpes, France
https://www.airbnb.com/rooms/5952030,200,manacor, Islas Baleares, Spain
https://www.airbnb.com/rooms/5952038,200,Taitō-ku, Tōkyō-to, Japan
https://www.airbnb.com/rooms/5952040,200,Ajaccio, Corse, France
https://www.airbnb.com/rooms/5952043,200,Ashurst, Hampshire, United Kingdom
https://www.airbnb.com/rooms/5952047,200,Glastonbury, Somerset, United Kingdom
https://www.airbnb.com/rooms/5952049,200,Budapest, Budapest, Hungary
https://www.airbnb.com/rooms/5952051,200,Riposto, Sicilia, Italy
https://www.airbnb.com/rooms/5952054,200,Le Pian-Médoc, Aquitaine, France
https://www.airbnb.com/rooms/5952055,200,Urbanització Montferrutx, Illes Balears, Spain
https://www.airbnb.com/rooms/5952164,200,Plessé, Pays de la Loire, France
https://www.airbnb.com/rooms/5952166,200,Santa Maria al Bagno, Apulia, Italy
https://www.airbnb.com/rooms/5952167,200,Grimaud, Provence-Alpes-Côte d&#x27;Azur, France
https://www.airbnb.com/rooms/5952171,200,Seminyak, Bali, Indonesia
https://www.airbnb.com/rooms/5952176,200,Batu Feringghi, Pulau Pinang, Malaysia
https://www.airbnb.com/rooms/5952180,200,Berlin, Berlin, Germany
https://www.airbnb.com/rooms/5952189,200,Sète, Languedoc-Roussillon, France
https://www.airbnb.com/rooms/5952191,200,Greenough South, WA, Australia
https://www.airbnb.com/rooms/5952198,200,Meudon-la-forêt, Île-de-France, France
https://www.airbnb.com/rooms/5952204,200,Čurug, Vojvodina, Serbia
https://www.airbnb.com/rooms/5952206,200,Leicester, United Kingdom
https://www.airbnb.com/rooms/5952214,200,Milano, Lombardia, Italy
https://www.airbnb.com/rooms/5952228,200,Alcúdia, Illes Balears, Spain
https://www.airbnb.com/rooms/5952232,200,Mount Pleasant, SC, United States
https://www.airbnb.com/rooms/5952239,200,Ibiza, Illes Balears, Spain
https://www.airbnb.com/rooms/5952244,200,Lake Hawea, Otago, New Zealand
https://www.airbnb.com/rooms/5952245,200,Sutivan, Splitsko-dalmatinska županija, Croatia
https://www.airbnb.com/rooms/5952260,200,Cape Town, Western Cape, South Africa
https://www.airbnb.com/rooms/5952262,200,manacor, Islas Baleares, Spain
https://www.airbnb.com/rooms/5952266,200,es cubells, Balearic Islands, Spain
https://www.airbnb.com/rooms/5952376,200,London, United Kingdom
https://www.airbnb.com/rooms/5952379,200,Roca, Apulia, Italy
https://www.airbnb.com/rooms/5952381,200,Celle, Niedersachsen, Germany
https://www.airbnb.com/rooms/5952385,200,Lisboa, Lisboa, Portugal
https://www.airbnb.com/rooms/5952386,200,Helsinki, Finland
https://www.airbnb.com/rooms/5952389,200,Milano, Lombardia, Italy
https://www.airbnb.com/rooms/5952398,200,Pathumwan, Bangkok, Thailand
https://www.airbnb.com/rooms/5952399,200,Mosman, NSW, Australia
https://www.airbnb.com/rooms/5952403,200,Zadar, Zadarska županija, Croatia
https://www.airbnb.com/rooms/5952410,200,Tel Aviv-Yafo, Tel Aviv District, Israel
https://www.airbnb.com/rooms/5952416,200,Nerja, Andalucía, Spain
https://www.airbnb.com/rooms/5952423,200,Rimini, Emilia-Romagna, Italy
https://www.airbnb.com/rooms/5952425,200,Larnaca, Larnaca, Cyprus
https://www.airbnb.com/rooms/5952427,200,Tel aviv, Tel aviv, Israel
https://www.airbnb.com/rooms/5952430,200,Paris, Île-de-France, France
https://www.airbnb.com/rooms/5952433,200,Cape Town, Western Cape, South Africa
https://www.airbnb.com/rooms/5952440,200,London, United Kingdom
https://www.airbnb.com/rooms/5952441,200,Brooklyn, NY, United States
https://www.airbnb.com/rooms/5952448,200,Cardiff, Glamorgan, United Kingdom
https://www.airbnb.com/rooms/5952452,200,Firenze, Toscana, Italy
https://www.airbnb.com/rooms/5952462,200,Kuala Lumpur, Federal Territory of Kuala Lumpur, Malaysia
https://www.airbnb.com/rooms/5952463,200,Esnandes, Poitou-Charentes, France
https://www.airbnb.com/rooms/5952470,200,은평구, 연서로24길7, South Korea
https://www.airbnb.com/rooms/5952474,200,Boston, MA, United States
https://www.airbnb.com/rooms/5952549,200,Santa Fe, NM, United States
https://www.airbnb.com/rooms/5952551,200,Bogotá, Cundinamarca, Colombia
https://www.airbnb.com/rooms/5952566,200,Nerja, Andalucía, Spain
https://www.airbnb.com/rooms/5952573,200,Castle Acre, Norfolk, United Kingdom
https://www.airbnb.com/rooms/5952578,200,Rio de Janeiro, Rio de Janeiro, Brazil
https://www.airbnb.com/rooms/5952580,200,Freiburg im Breisgau, Baden-Württemberg, Germany
https://www.airbnb.com/rooms/5952582,200,Hamburg, Hamburg, Germany
https://www.airbnb.com/rooms/5952585,200,L&#x27;Haÿ-les-Roses, Île-de-France, France
https://www.airbnb.com/rooms/5952587,200,Ji&#x27;an Township, Taiwan
https://www.airbnb.com/rooms/5952597,200,Ribamar - Ericeira, Lisboa, Portugal
https://www.airbnb.com/rooms/5952605,200,Hove, United Kingdom
https://www.airbnb.com/rooms/5952608,200,Montpellier, Languedoc-Roussillon, France
https://www.airbnb.com/rooms/5952611,200,Buenos Aires, Ciudad Autónoma de Buenos Aires, Argentina
https://www.airbnb.com/rooms/5952624,200,Bodrum, Muğla, Turkey
https://www.airbnb.com/rooms/5952628,200,Mallorca, Islas Baleares, España, Balearic Islands, Spain
https://www.airbnb.com/rooms/5952631,200,Clermont-Ferrand, Auvergne, France
https://www.airbnb.com/rooms/5952634,200,La Londe-les-Maures, Provence-Alpes-Côte d&#x27;Azur, France
https://www.airbnb.com/rooms/5952639,200,Baunei, Sardegna, Italy
https://www.airbnb.com/rooms/5952640,200,Cabanas, Faro, Portugal
https://www.airbnb.com/rooms/5952642,200,Sanremo, Liguria, Italy
https://www.airbnb.com/rooms/5952643,200,Київ, город Киев, Ukraine
https://www.airbnb.com/rooms/5952649,200,Shibuya-ku, Tokyo-to, Japan
https://www.airbnb.com/rooms/5952651,200,Zakinthos, Peloponnisos Dytiki Ellada ke Ionio, Greece
https://www.airbnb.com/rooms/5952653,200,London, United Kingdom
https://www.airbnb.com/rooms/5952662,200,Alghero, Ss, Italy
https://www.airbnb.com/rooms/5952668,200,Bologna, Emilia-Romagna, Italy
https://www.airbnb.com/rooms/5952676,200,Siracusa, Sicilia, Italy
https://www.airbnb.com/rooms/5952681,200,Dazaifu-shi, Fukuoka-ken, Japan
https://www.airbnb.com/rooms/5952683,200,Dazaifu-shi, Fukuoka-ken, Japan
https://www.airbnb.com/rooms/5952691,200,Milazzo, Sicilia, Italy
https://www.airbnb.com/rooms/5952715,200,Taipei City, Taiwan
https://www.airbnb.com/rooms/5952718,200,London, United Kingdom
https://www.airbnb.com/rooms/5952726,200,Amsterdam, North Holland, Netherlands
https://www.airbnb.com/rooms/5952731,200,Cavaillon, France
https://www.airbnb.com/rooms/5952734,200,Hangzhou Shi, Zhejiang Sheng, China
https://www.airbnb.com/rooms/5952842,200,Malay, Philippines
https://www.airbnb.com/rooms/5952845,200,London, United Kingdom
https://www.airbnb.com/rooms/5952851,200,London, United Kingdom
https://www.airbnb.com/rooms/5952854,200,Hamburg, Hamburg, Germany
https://www.airbnb.com/rooms/5952855,200,Chişinău, Chișinău, Moldova
https://www.airbnb.com/rooms/5952865,200,Ghent, Flanders, Belgium
https://www.airbnb.com/rooms/5952866,200,Tas-Sliema, Malta
https://www.airbnb.com/rooms/5952867,200,San Casciano in Val di pesa, Toscana, Italy
https://www.airbnb.com/rooms/5952868,200,Kyiv, Kyiv city, Ukraine
https://www.airbnb.com/rooms/5952871,200,Cogolin, Provence-Alpes-Côte d&#x27;Azur, France
https://www.airbnb.com/rooms/5952872,200,Fão, Braga, Portugal
https://www.airbnb.com/rooms/5952887,200,Gatineau, Québec, Canada
https://www.airbnb.com/rooms/5952891,200,Amsterdam, Noord-Holland, Netherlands
https://www.airbnb.com/rooms/5952895,200,Ittiri, Sardegna, Italy
https://www.airbnb.com/rooms/5952898,200,Muro, Islas Baleares, Spain
https://www.airbnb.com/rooms/5952908,200,Wingate, NC, United States
https://www.airbnb.com/rooms/5952911,200,El Grao, Comunidad Valenciana, Spain
https://www.airbnb.com/rooms/5952912,200,Monteparano, Puglia, Italy
https://www.airbnb.com/rooms/5952913,200,Municipio Roma X, Lazio, Italy
https://www.airbnb.com/rooms/5952914,200,Cape Town, Western Cape, South Africa
https://www.airbnb.com/rooms/5952917,200,Budapest, Budapest, Hungary
https://www.airbnb.com/rooms/5952920,200,Southam, Warwickshire, United Kingdom
https://www.airbnb.com/rooms/5952921,200,Roma, RM, Italy
https://www.airbnb.com/rooms/5952928,200,Beaufort, Rhone-Alpes, France
https://www.airbnb.com/rooms/5952929,200,Taimali Township, 三和村, Taiwan
https://www.airbnb.com/rooms/5952930,200,Bracelli, Liguria, Italy
https://www.airbnb.com/rooms/5952932,200,Stanhope Gardens, NSW, Australia
https://www.airbnb.com/rooms/5952935,200,Arles, Provence-Alpes-Côte d&#x27;Azur, France
https://www.airbnb.com/rooms/5952937,200,Machynlleth, United Kingdom
https://www.airbnb.com/rooms/5952939,200,Kiel, Schleswig-Holstein, Germany
https://www.airbnb.com/rooms/5952940,200,Brighton, United Kingdom
https://www.airbnb.com/rooms/5952946,200,Marrakesh, Marrakesh-Tensift-El Haouz, Morocco
https://www.airbnb.com/rooms/5952953,200,Milano, Lombardia, Italy
https://www.airbnb.com/rooms/5952956,200,Silvi, Abruzzo, Italy
https://www.airbnb.com/rooms/5952960,200,Aix-en-Provence, Provence-Alpes-Côte d&#x27;Azur, France
https://www.airbnb.com/rooms/5952967,200,Firenze, Toscana, Italy
https://www.airbnb.com/rooms/5952972,200,Cannes, Provence-Alpes-Côte d&#x27;Azur, France
https://www.airbnb.com/rooms/5952974,200,Havana, Havana, Cuba
https://www.airbnb.com/rooms/5952977,200,São Paulo, São Paulo, Brazil
https://www.airbnb.com/rooms/5952982,200,Pinetown, KwaZulu-Natal, South Africa
https://www.airbnb.com/rooms/5952984,200,Saint Petersburg, Saint Petersburg, Russia
https://www.airbnb.com/rooms/5952985,200,Hannover, Niedersachsen, Germany
https://www.airbnb.com/rooms/5952991,200,Moskva, Moscow, Russia
https://www.airbnb.com/rooms/5953001,200,Marrakesh, Marrakesh-Tensift-El Haouz, Morocco
https://www.airbnb.com/rooms/5953004,200,Conversano, Puglia, Italy
https://www.airbnb.com/rooms/5953005,200,Hartbeespoort, North West, South Africa
https://www.airbnb.com/rooms/5953006,200,Hamburg, Hamburg, Germany
https://www.airbnb.com/rooms/5953024,200,La Cala del Moral, Andalucía, Spain
https://www.airbnb.com/rooms/5953027,200,Horgen, Zürich, Switzerland
https://www.airbnb.com/rooms/5953031,200,Lyon, Rhône-Alpes, France
https://www.airbnb.com/rooms/5953032,200,Kleinostheim, Bayern, Germany
https://www.airbnb.com/rooms/5953035,200,Foresto, Piemonte, Italy
https://www.airbnb.com/rooms/5953037,200,Novalja, Ličko-senjska županija, Croatia
https://www.airbnb.com/rooms/5953161,200,Salerno, Campania, Italy
https://www.airbnb.com/rooms/5953162,200,Weligama, Southern Province, Sri Lanka
https://www.airbnb.com/rooms/5953175,200,Toronto, ON, Canada
https://www.airbnb.com/rooms/5953179,200,Otranto, Puglia, Italy
https://www.airbnb.com/rooms/5953180,200,Szeged, Csongrád, Hungary
https://www.airbnb.com/rooms/5953183,200,Milano, Lombardia, Italy
https://www.airbnb.com/rooms/5953184,200,Warszawa, mazowieckie, Poland
https://www.airbnb.com/rooms/5953189,200,San Diego, CA, United States
https://www.airbnb.com/rooms/5953192,200,Red Hills District , Clarendon Parish, JM, Clarendon Parish, Jamaica
https://www.airbnb.com/rooms/5953194,200,Otranto, Puglia, Italy
https://www.airbnb.com/rooms/5953198,200,Utrecht, Utrecht, Netherlands
https://www.airbnb.com/rooms/5953200,200,Marrakesh, Marrakesh-Tensift-El Haouz, Morocco
https://www.airbnb.com/rooms/5953204,200,Terni, Umbria, Italy
https://www.airbnb.com/rooms/5953205,200,Drače, Dubrovačko-neretvanska županija, Croatia
https://www.airbnb.com/rooms/5953219,200,Porto Rotondo, Sardegna, Italy
https://www.airbnb.com/rooms/5953222,200,Orlando, FL, United States
https://www.airbnb.com/rooms/5953223,200,Napoli, Campania, Italy
https://www.airbnb.com/rooms/5953234,200,Melbourne, VIC, Australia
https://www.airbnb.com/rooms/5953235,200,Yerevan, Yerevan, Armenia
https://www.airbnb.com/rooms/5953236,200,Stuttgart, Baden-Württemberg, Germany
https://www.airbnb.com/rooms/5953237,200,Playa Grande, Guanacaste, Costa Rica
https://www.airbnb.com/rooms/5953246,200,Santa Clara, Villa Clara, Cuba
https://www.airbnb.com/rooms/5953249,200,Gilly-lès-Cîteaux, Bourgogne, France
https://www.airbnb.com/rooms/5953250,200,Marbella, Málaga., Spain
https://www.airbnb.com/rooms/5953251,200,Marrakesh, Marrakesh-Tensift-El Haouz, Morocco
https://www.airbnb.com/rooms/5953266,200,London, Greater London, United Kingdom
https://www.airbnb.com/rooms/5953269,200,Karaburun, İzmir, Turkey
https://www.airbnb.com/rooms/5953274,200,Ploemel, Brittany, France
https://www.airbnb.com/rooms/5953275,200,Milano, Lombardia, Italy
https://www.airbnb.com/rooms/5953276,200,Lisbon, Lisbon, Portugal
https://www.airbnb.com/rooms/5953278,200,San Pantaleo, Sardegna, Italy
https://www.airbnb.com/rooms/5953285,200,Adlestrop, Gloucestershire, United Kingdom
https://www.airbnb.com/rooms/5953289,200,Armação de Pêra, Faro, Portugal
https://www.airbnb.com/rooms/5953291,200,Hamburg, Hamburg, Germany
https://www.airbnb.com/rooms/5953293,200,Selfoss, South, Iceland
https://www.airbnb.com/rooms/5953295,200,Vieste, Puglia, Italy
https://www.airbnb.com/rooms/5953296,200,Richmond, VA, United States
https://www.airbnb.com/rooms/5953302,200,Санкт-Петербург, город Санкт-Петербург, Russia
https://www.airbnb.com/rooms/5953311,200,Varazze, Liguria, Italy
https://www.airbnb.com/rooms/5953312,200,Bion, Basse-Normandie, France
https://www.airbnb.com/rooms/5953315,200,La Torre Vella, Catalunya, Spain
https://www.airbnb.com/rooms/5953316,200,Quito, Pichincha, Ecuador
https://www.airbnb.com/rooms/5953323,200,Harbor Springs, MI, United States
https://www.airbnb.com/rooms/5953325,200,Sarnano, Marche, Italy
https://www.airbnb.com/rooms/5953327,200,Port Haywood, VA, United States
https://www.airbnb.com/rooms/5953330,200,Lucca, Toscana, Italy
https://www.airbnb.com/rooms/5953338,200,Marina di Mancaversa, Puglia, Italy
https://www.airbnb.com/rooms/5953340,200,Saint-Florent, Corsica, France
https://www.airbnb.com/rooms/5953343,200,bras mouton, Saint leu, Réunion
https://www.airbnb.com/rooms/5953346,200,Dogliani, Piemonte, Italy
https://www.airbnb.com/rooms/5953349,200,Wujie Township, Taiwan
https://www.airbnb.com/rooms/5953355,200,Novalja, Ličko-senjska županija, Croatia
https://www.airbnb.com/rooms/5953356,200,Gudauri, Mtskheta-Mtianeti, Georgia
https://www.airbnb.com/rooms/5953471,200,Amsterdam, Noord-Holland, Netherlands
https://www.airbnb.com/rooms/5953474,200,New Delhi, Delhi, India
https://www.airbnb.com/rooms/5953475,200,Darzlubie, pomorskie, Poland
https://www.airbnb.com/rooms/5953478,200,Velingrad, Pazardjik, Bulgaria
https://www.airbnb.com/rooms/5953481,200,Nancy, Lorraine, France
https://www.airbnb.com/rooms/5953482,200,Albi, Midi-Pyrénées, France
https://www.airbnb.com/rooms/5953485,200,Roma, Lazio, Italy
https://www.airbnb.com/rooms/5953486,200,Playa del Carmen, Quintana Roo, Mexico
https://www.airbnb.com/rooms/5953489,200,Pégomas, Provence-Alpes-Côte d&#x27;Azur, France
https://www.airbnb.com/rooms/5953496,200,Alaçatı, İzmir, Turkey
https://www.airbnb.com/rooms/5953498,200,Miami Beach, FL, United States
https://www.airbnb.com/rooms/5953501,200,İstanbul, İstanbul, Turkey
https://www.airbnb.com/rooms/5953506,200,Oliva, Comunidad Valenciana, Spain
https://www.airbnb.com/rooms/5953507,200,Kalkan/Kaş, Antalya, Turkey
https://www.airbnb.com/rooms/5953510,200,Buenos Aires, Ciudad Autónoma de Buenos Aires, Argentina
https://www.airbnb.com/rooms/5953512,200,São Carlos, São Paulo, Brazil
https://www.airbnb.com/rooms/5953514,200,Bosa, Sardegna, Italy
https://www.airbnb.com/rooms/5953515,200,Mojácar, Andalucía, Spain
https://www.airbnb.com/rooms/5953520,200,Francavilla al Mare, Abruzzo, Italy
https://www.airbnb.com/rooms/5953523,200,Lavannes, Champagne-Ardenne, France
https://www.airbnb.com/rooms/5953531,200,San Pantaleo, Sardegna, Italy
https://www.airbnb.com/rooms/5953537,200,Split, Splitsko-dalmatinska županija, Croatia
https://www.airbnb.com/rooms/5953548,200,Paris, Île-de-France, France
https://www.airbnb.com/rooms/5953549,200,Manilva, Andalucía, Spain
https://www.airbnb.com/rooms/5953550,200,Toledo, OH, United States
https://www.airbnb.com/rooms/5953551,200,Moskva, Moscow, Russia
https://www.airbnb.com/rooms/5953552,200,Rio de Janeiro, Rio de Janeiro, Brazil
https://www.airbnb.com/rooms/5953555,200,Cogolin, Provence-Alpes-Côte d&#x27;Azur, France
https://www.airbnb.com/rooms/5953568,200,Мишићи, Bar, Montenegro
https://www.airbnb.com/rooms/5953570,200,Kuala Lumpur, Federal Territory of Kuala Lumpur, Malaysia
https://www.airbnb.com/rooms/5953571,200,Γεννάδι, Greece
https://www.airbnb.com/rooms/5953572,200,Ischia, Campania, Italy
https://www.airbnb.com/rooms/5953574,200,Presepe, Puglia, Italy
https://www.airbnb.com/rooms/5953580,200,Paris, Île-de-France, France
https://www.airbnb.com/rooms/5953584,200,Syracuse, Sicily, Italy
https://www.airbnb.com/rooms/5953585,200,Ventimiglia, Liguria, Italy
https://www.airbnb.com/rooms/5953589,200,Empuriabrava, Catalunya, Spain
https://www.airbnb.com/rooms/5953590,200,Playa del Carmen, Quintana Roo, Mexico
https://www.airbnb.com/rooms/5953592,200,Austin, TX, United States
https://www.airbnb.com/rooms/5953595,200,Milano, Lombardia, Italy
https://www.airbnb.com/rooms/5953602,200,Misgav Am, North District, Israel
https://www.airbnb.com/rooms/5953617,200,Dresden, Sachsen, Germany
https://www.airbnb.com/rooms/5953619,200,Cambridge, MA, United States
https://www.airbnb.com/rooms/5953625,200,Mellieha, Malta
https://www.airbnb.com/rooms/5953629,200,Rena Majore, Sardegna, Italy
https://www.airbnb.com/rooms/5953641,200,Gower peninsula, West Glamorgan, United Kingdom
https://www.airbnb.com/rooms/5953643,200,Arcola, La Spezia, Italy
https://www.airbnb.com/rooms/5953644,200,Noord, Aruba
https://www.airbnb.com/rooms/5953646,200,Vasto, Abruzzo, Italy
https://www.airbnb.com/rooms/5953653,200,CASANOVA DE VENACO, Corse, France
https://www.airbnb.com/rooms/5953657,200,Köln, Nordrhein-Westfalen, Germany
https://www.airbnb.com/rooms/5953659,200,Milano, Lombardia, Italy
https://www.airbnb.com/rooms/5953661,200,Gent, Vlaams Gewest, Belgium
https://www.airbnb.com/rooms/5953662,200,Madrid, Comunidad de Madrid, Spain
https://www.airbnb.com/rooms/5953663,200,Budapest, Budapest, Hungary
https://www.airbnb.com/rooms/5953664,200,Vasto, Abruzzo, Italy
https://www.airbnb.com/rooms/5953773,200,Punta  Cana, La Altagracia, Dominican Republic
https://www.airbnb.com/rooms/5953783,200,Havana, Havana, Cuba
https://www.airbnb.com/rooms/5953789,200,Ostrava, Moravskoslezský kraj, Czech Republic
https://www.airbnb.com/rooms/5953804,200,Marathon, FL, United States
https://www.airbnb.com/rooms/5953807,200,Toronto, ON, Canada
https://www.airbnb.com/rooms/5953808,200,St Andrews, Fife, United Kingdom
https://www.airbnb.com/rooms/5953818,200,Cape Town, Western Cape, South Africa
https://www.airbnb.com/rooms/5953819,200,Lido Marini, Puglia, Italy
https://www.airbnb.com/rooms/5953822,200,Vilnius, Vilniaus apskritis, Lithuania
https://www.airbnb.com/rooms/5953835,200,Romanèche-Thorins, Bourgogne, France
https://www.airbnb.com/rooms/5953853,200,Dilsen-Stokkem, Vlaams Gewest, Belgium
https://www.airbnb.com/rooms/5953855,200,London, Greater London, United Kingdom
https://www.airbnb.com/rooms/5953856,200,Torino, Piemonte, Italy
https://www.airbnb.com/rooms/5953861,200,Berlin, Berlin, Germany
https://www.airbnb.com/rooms/5953862,200,Moskva, Moscow, Russia
https://www.airbnb.com/rooms/5953872,200,Adachi-ku, Tōkyō-to, Japan
https://www.airbnb.com/rooms/5953874,200,Datong District, Taipei City, Taiwan
https://www.airbnb.com/rooms/5953876,200,København, Denmark
https://www.airbnb.com/rooms/5953877,200,Park City, UT, United States
https://www.airbnb.com/rooms/5953881,200,Moskva, Moscow, Russia
https://www.airbnb.com/rooms/5953882,200,Catania, Sicilia, Italy
https://www.airbnb.com/rooms/5953887,200,北京, 大兴区, China
https://www.airbnb.com/rooms/5953900,200,Irkutsk, Irkutskaya oblast&#x27;, Russia
https://www.airbnb.com/rooms/5953904,200,Muslone, Lombardia, Italy
https://www.airbnb.com/rooms/5953905,200,Marseille, Provence-Alpes-Côte d&#x27;Azur, France
https://www.airbnb.com/rooms/5953910,200,Castellammare del Golfo, Sicilia, Italy
https://www.airbnb.com/rooms/5953911,200,Osaka city Naniwaku Shimodera, Osaka Prefecture, Japan
https://www.airbnb.com/rooms/5953912,200,Crikvenica, Primorsko-goranska županija, Croatia
https://www.airbnb.com/rooms/5953919,200,Brașov, Județul Brașov, Romania
https://www.airbnb.com/rooms/5953921,200,Sassoferrato, Marche, Italy
https://www.airbnb.com/rooms/5953927,200,La Bouilladisse, Provence-Alpes-Côte d&#x27;Azur, France
https://www.airbnb.com/rooms/5953931,200,Roma, Lazio, Italy
https://www.airbnb.com/rooms/5953937,200,Haliburton, ON, Canada
https://www.airbnb.com/rooms/5953944,200,København, Denmark
https://www.airbnb.com/rooms/5953945,200,TOURNECOUPE, Midi-Pyrénées, France
https://www.airbnb.com/rooms/5953958,200,London, Greater London, United Kingdom
https://www.airbnb.com/rooms/5953959,200,Pula, Sardegna, Italy
https://www.airbnb.com/rooms/5954086,200,Columbus, TX, United States
https://www.airbnb.com/rooms/5954087,200,Datong District, Taipei City, Taiwan
https://www.airbnb.com/rooms/5954095,200,Чамьюва, Turkey
https://www.airbnb.com/rooms/5954096,200,Reims, Champagne-Ardenne, France
https://www.airbnb.com/rooms/5954105,200,Poppel, Vlaams Gewest, Belgium
https://www.airbnb.com/rooms/5954108,200,Roma, Lazio, Italy
https://www.airbnb.com/rooms/5954110,200,Irkutsk, Irkutskaya oblast&#x27;, Russia
https://www.airbnb.com/rooms/5954112,200,Antibes, Provence-Alpes-Côte d&#x27;Azur, France
https://www.airbnb.com/rooms/5954119,200,Harrogate, United Kingdom
https://www.airbnb.com/rooms/5954124,200,Mijas, Andalucía, Spain
https://www.airbnb.com/rooms/5954126,200,Brașov, Județul Brașov, Romania
https://www.airbnb.com/rooms/5954131,200,Madrid, Comunidad de Madrid, Spain
https://www.airbnb.com/rooms/5954136,200,Lyon, Rhône-Alpes, France
https://www.airbnb.com/rooms/5954137,200,Красноярск, Красноярский край, Russia
https://www.airbnb.com/rooms/5954142,200,Presicce, Puglia, Italy
https://www.airbnb.com/rooms/5954145,200,Agadir, Souss-Massa-Draâ, Morocco
https://www.airbnb.com/rooms/5954147,200,Roma, Lazio, Italy
https://www.airbnb.com/rooms/5954148,200,Romanèche-Thorins, Bourgogne, France
https://www.airbnb.com/rooms/5954151,200,Golfo Aranci , Sardegna, Italy
https://www.airbnb.com/rooms/5954153,200,Dénia, Comunidad Valenciana, Spain
https://www.airbnb.com/rooms/5954163,200,Marseille, Provence-Alpes-Côte d&#x27;Azur, France
https://www.airbnb.com/rooms/5954166,200,Piaggine, Campania, Italy
https://www.airbnb.com/rooms/5954168,200,London, Greater London, United Kingdom
https://www.airbnb.com/rooms/5954190,200,Brașov, Județul Brașov, Romania
https://www.airbnb.com/rooms/5954192,200,Skopje, Skopje, Macedonia
https://www.airbnb.com/rooms/5954194,200,tourrettes, Provence-Alpes-Côte d&#x27;Azur, France
https://www.airbnb.com/rooms/5954195,200,Houston, TX, United States
https://www.airbnb.com/rooms/5954196,200,台北市西門町, 台北, Taiwan
https://www.airbnb.com/rooms/5954197,200,Karlovo, Plovdiv Province, Bulgaria
https://www.airbnb.com/rooms/5954199,200,Kissimmee, FL, United States
https://www.airbnb.com/rooms/5954202,200,Halifax, NS, Canada
https://www.airbnb.com/rooms/5954204,200,Miami Beach, FL, United States
https://www.airbnb.com/rooms/5954210,200,Wausau, WI, United States
https://www.airbnb.com/rooms/5954215,200,Moskva, Moscow, Russia
https://www.airbnb.com/rooms/5954217,200,Sant&#x27;Agata Dé Goti, Campania, Italy
https://www.airbnb.com/rooms/5954218,200,Buonconvento, Toscana, Italy
https://www.airbnb.com/rooms/5954221,200,Gujan-Mestras, Aquitaine, France
https://www.airbnb.com/rooms/5954226,200,Lipari, Sicilia, Italy
https://www.airbnb.com/rooms/5954229,200,Berlin, Berlin, Germany
https://www.airbnb.com/rooms/5954230,200,Tuolumne, CA, United States
https://www.airbnb.com/rooms/5954231,200,Pienza, Toscana, Italy
https://www.airbnb.com/rooms/5954234,200,Charlottesville, VA, United States
https://www.airbnb.com/rooms/5954240,200,Atlanta, GA, United States
https://www.airbnb.com/rooms/5954242,200,Edogawa-ku, Tōkyō-to, Japan
https://www.airbnb.com/rooms/5954246,200,Санкт-Петербург, город Санкт-Петербург, Russia
https://www.airbnb.com/rooms/5954250,200,Marina di Mancaversa , Puglia, Italy
https://www.airbnb.com/rooms/5954254,200,Bozeman, MT, United States
https://www.airbnb.com/rooms/5954256,200,Budva, Crna Gora, Montenegro
https://www.airbnb.com/rooms/5954265,200,Milano, Lombardia, Italy
https://www.airbnb.com/rooms/5954266,200,London, Greater London, United Kingdom
https://www.airbnb.com/rooms/5954267,200,Kippen, United Kingdom
https://www.airbnb.com/rooms/5954273,200,Ibiza, PM, Spain
https://www.airbnb.com/rooms/5954276,200,Marcols-les-Eaux, Rhone-Alpes, France
https://www.airbnb.com/rooms/5954283,200,Louisville, KY, United States
https://www.airbnb.com/rooms/5954286,200,Frederiksberg, Denmark
https://www.airbnb.com/rooms/5954295,200,Strömstad Ö, Västra Götalands län, Sweden
https://www.airbnb.com/rooms/5954298,200,Paris, Île-de-France, France
https://www.airbnb.com/rooms/5954305,200,Winnipeg, Manitoba, Canada
https://www.airbnb.com/rooms/5954306,200,London, United Kingdom
https://www.airbnb.com/rooms/5954307,200,Albufeira, Faro, Portugal
https://www.airbnb.com/rooms/5954313,200,Trouville-sur-Mer, Lower Normandy, France
https://www.airbnb.com/rooms/5954322,200,Milano, Lombardia, Italy
https://www.airbnb.com/rooms/5954329,200,Kuta, Bali, Indonesia
https://www.airbnb.com/rooms/5954332,200,Milano, Lombardia, Italy
https://www.airbnb.com/rooms/5954336,200,Monza, Lombardia, Italy
https://www.airbnb.com/rooms/5954346,200,Torre Dell&#x27;orso, Puglia, Italy
https://www.airbnb.com/rooms/5954347,200,Liuqiu Township, Taiwan
https://www.airbnb.com/rooms/5954350,200,Brookings, OR, United States
https://www.airbnb.com/rooms/5954370,200,Baltimore, MD, United States
https://www.airbnb.com/rooms/5954373,200,Punta Marina, Emilia-Romagna, Italy
https://www.airbnb.com/rooms/5954377,200,Cagliari, Sardegna, Italy
https://www.airbnb.com/rooms/5954380,200,Barneville-Carteret, Basse-Normandie, France
https://www.airbnb.com/rooms/5954381,200,Fernie, British Columbia, Canada
https://www.airbnb.com/rooms/5954384,200,Doral, FL, United States
https://www.airbnb.com/rooms/5954387,200,Punta Cana, La Altagracia Province, Dominican Republic
https://www.airbnb.com/rooms/5954500,200,Santa Eulària des Riu, Illes Balears, Spain
https://www.airbnb.com/rooms/5954505,200,Indianapolis, IN, United States
https://www.airbnb.com/rooms/5954507,200,La Quinta, CA, United States
https://www.airbnb.com/rooms/5954511,200,Charleroi, Région wallonne, Belgium
https://www.airbnb.com/rooms/5954514,200,Fasano, BR, Italy
https://www.airbnb.com/rooms/5954518,200,Mojácar, Andalucía, Spain
https://www.airbnb.com/rooms/5954520,200,Mus, Languedoc-Roussillon, France
https://www.airbnb.com/rooms/5954523,200,Calgary, Alberta, Canada
https://www.airbnb.com/rooms/5954524,200,Roanoke, VA, United States
https://www.airbnb.com/rooms/5954526,200,Ottawa, Ontario, Canada
https://www.airbnb.com/rooms/5954528,200,Finale Ligure, Liguria, Italy
https://www.airbnb.com/rooms/5954532,200,Paris, Île-de-France, France
https://www.airbnb.com/rooms/5954533,200,Vilnius, Vilniaus apskritis, Lithuania
https://www.airbnb.com/rooms/5954537,200,Havana/Vedado, Havana, Cuba
https://www.airbnb.com/rooms/5954540,200,İstanbul, İstanbul, Turkey
https://www.airbnb.com/rooms/5954541,200,Sant Anna Arresi, Sardegna, Italy
https://www.airbnb.com/rooms/5954543,200,San Giovanni D&#x27;asso, Toscana, Italy
https://www.airbnb.com/rooms/5954544,200,Beyoglu, İstanbul, Turkey
https://www.airbnb.com/rooms/5954547,200,Washington, DC, United States
https://www.airbnb.com/rooms/5954548,200,East Perth, Western Australia, Australia
https://www.airbnb.com/rooms/5954552,200,Venezia, Veneto, Italy
https://www.airbnb.com/rooms/5954553,200,Paris, Île-de-France, France
https://www.airbnb.com/rooms/5954555,200,Tokyo, Japan, Tokyo, Japan
https://www.airbnb.com/rooms/5954570,200,Hangzhou, Zhejiang, China
https://www.airbnb.com/rooms/5954573,200,Frederiksberg, Denmark
https://www.airbnb.com/rooms/5954574,200,San Diego, CA, United States
https://www.airbnb.com/rooms/5954577,200,Lloret de Mar, Catalunya, Spain
https://www.airbnb.com/rooms/5954586,200,Bois-Colombes, Île-de-France, France
https://www.airbnb.com/rooms/5954590,200,Capoliveri, Toscana, Italy
https://www.airbnb.com/rooms/5954592,200,North Vancouver, British Columbia, Canada
https://www.airbnb.com/rooms/5954593,200,København, Denmark
https://www.airbnb.com/rooms/5954599,200,Gilly-lès-Cîteaux, Bourgogne, France
https://www.airbnb.com/rooms/5954601,200,Ericeira, Lisboa, Portugal
https://www.airbnb.com/rooms/5954608,200,Ixelles, Bruxelles, Belgium
https://www.airbnb.com/rooms/5954615,200,Aventura, FL, United States
https://www.airbnb.com/rooms/5954616,200,Barcelona, Catalunya, Spain
https://www.airbnb.com/rooms/5954618,200,South Lake Tahoe, CA, United States
https://www.airbnb.com/rooms/5954619,200,Milano, Lombardia, Italy
https://www.airbnb.com/rooms/5954632,200,Centro Habana, La Habana, Cuba
https://www.airbnb.com/rooms/5954634,200,Dorado, Puerto Rico, Puerto Rico
https://www.airbnb.com/rooms/5954645,200,Saint Julian&#x27;s, Malta
https://www.airbnb.com/rooms/5954652,200,Lugano, Ticino, Switzerland
https://www.airbnb.com/rooms/5954657,200,Cagliari, Sardegna, Italy
https://www.airbnb.com/rooms/5954658,200,Saint-Julien-en-Born, Aquitaine, France
https://www.airbnb.com/rooms/5954665,200,Buenos Aires, Ciudad Autónoma de Buenos Aires, Argentina
https://www.airbnb.com/rooms/5954685,200,Hyères, Provence-Alpes-Côte d&#x27;Azur, France
https://www.airbnb.com/rooms/5954687,200,Lisboa, Lisboa, Portugal
https://www.airbnb.com/rooms/5954690,200,Saint-Julien-en-Born, Aquitaine, France
https://www.airbnb.com/rooms/5954691,200,Torino, Piemonte, Italy
https://www.airbnb.com/rooms/5954693,200,Quarteira, Faro, Portugal
https://www.airbnb.com/rooms/5954696,200,Roma, Lazio, Italy
https://www.airbnb.com/rooms/5954805,200,Collioure, Languedoc-Roussillon, France
https://www.airbnb.com/rooms/5954808,200,Marilleva 1400, Trentino-Alto Adige, Italy
https://www.airbnb.com/rooms/5954810,200,Arcachon, Aquitaine, France
https://www.airbnb.com/rooms/5954812,200,Chalfont, PA, United States
https://www.airbnb.com/rooms/5954819,200,Tui, Galicia, Spain
https://www.airbnb.com/rooms/5954820,200,Brussel, Brussel, Belgium
https://www.airbnb.com/rooms/5954830,200,Barcelona, Catalunya, Spain
https://www.airbnb.com/rooms/5954842,200,Tiberias, Israel
https://www.airbnb.com/rooms/5954847,200,Bagno di Romagna, Emilia-Romagna, Italy
https://www.airbnb.com/rooms/5954851,200,Westmount, Québec, Canada
https://www.airbnb.com/rooms/5954861,200,Beaune, Bourgogne, France
https://www.airbnb.com/rooms/5954871,200,Split, Splitsko-dalmatinska županija, Croatia
https://www.airbnb.com/rooms/5954872,200,Tabio, Cundinamarca, Colombia
https://www.airbnb.com/rooms/5954873,200,Sanmin District, Kaohsiung City, Taiwan
https://www.airbnb.com/rooms/5954875,200,Colvá, Goa, India
https://www.airbnb.com/rooms/5954883,200,Pefkochori, Makedonia Thraki, Greece
https://www.airbnb.com/rooms/5954885,200,Lille, Nord-Pas-de-Calais, France
https://www.airbnb.com/rooms/5954893,200,Fukuoka, Fukuoka Prefecture, Japan
https://www.airbnb.com/rooms/5954900,200,Bayonne, Aquitaine, France
https://www.airbnb.com/rooms/5955012,200,Muurame, Finland
https://www.airbnb.com/rooms/5955015,200,Saint Austell, England, United Kingdom
https://www.airbnb.com/rooms/5955017,200,Split, Splitsko-dalmatinska županija, Croatia
https://www.airbnb.com/rooms/5955018,200,Pattaya, Chon Buri, Thailand
https://www.airbnb.com/rooms/5955025,200,Krummhörn, Niedersachsen, Germany
https://www.airbnb.com/rooms/5955030,200,Sankt-Peterburg, Saint Petersburg, Russia
https://www.airbnb.com/rooms/5955037,200,Cagliari, Sardegna, Italy
https://www.airbnb.com/rooms/5955039,200,Homer, AK, United States
https://www.airbnb.com/rooms/5955060,200,Ponte de Lima, Viana do Castelo, Portugal
https://www.airbnb.com/rooms/5955067,200,Madison, WI, United States
https://www.airbnb.com/rooms/5955070,200,Artena, Lazio, Italy
https://www.airbnb.com/rooms/5955078,200,Paris, Île-de-France, France
https://www.airbnb.com/rooms/5955088,200,Saint Privat de Champclos, Languedoc-Roussillon, France
https://www.airbnb.com/rooms/5955090,200,Omaha, NE, United States
https://www.airbnb.com/rooms/5955091,200,Horse Shoe, NC, United States
https://www.airbnb.com/rooms/5955096,200,Los Llanos, Canarias, Spain
https://www.airbnb.com/rooms/5955103,200,Bayfield, CO, United States
https://www.airbnb.com/rooms/5955104,200,Los Angeles, CA, United States
https://www.airbnb.com/rooms/5955112,200,Canet de Mar, Catalunya, Spain
https://www.airbnb.com/rooms/5955114,200,London, United Kingdom
https://www.airbnb.com/rooms/5955117,200,Fornells, Islas Baleares, Spain
https://www.airbnb.com/rooms/5955119,200,San Luis Obispo, CA, United States
https://www.airbnb.com/rooms/5955123,200,İstanbul, İstanbul, Turkey
https://www.airbnb.com/rooms/5955128,200,Austin, TX, United States
https://www.airbnb.com/rooms/5955131,200,Brașov, Județul Brașov, Romania
https://www.airbnb.com/rooms/5955136,200,Amsterdam, Noord-Holland, Netherlands
https://www.airbnb.com/rooms/5955137,200,Cotia, São Paulo, Brazil
https://www.airbnb.com/rooms/5955139,200,Paris, Île-de-France, France
https://www.airbnb.com/rooms/5955140,200,Boston, MA, United States
https://www.airbnb.com/rooms/5955142,200,Colorado Springs, CO, United States
https://www.airbnb.com/rooms/5955143,200,Palma, Illes Balears, Spain
https://www.airbnb.com/rooms/5955144,200,Napoli, Campania, Italy
https://www.airbnb.com/rooms/5955150,200,Sarajevo, Federacija Bosne i Hercegovine, Bosnia and Herzegovina
https://www.airbnb.com/rooms/5955156,200,Montevideo, Departamento de Montevideo, Uruguay
https://www.airbnb.com/rooms/5955158,200,Valencia, Comunidad Valenciana, Spain
https://www.airbnb.com/rooms/5955160,200,Nice, Provence-Alpes-Côte d&#x27;Azur, France
https://www.airbnb.com/rooms/5955163,200,Carcans, Aquitaine, France
https://www.airbnb.com/rooms/5955169,200,Cabarete, Puerto Plata, Dominican Republic
https://www.airbnb.com/rooms/5955170,200,Vancouver, BC, Canada
https://www.airbnb.com/rooms/5955184,200,Ithaca, NY, United States
https://www.airbnb.com/rooms/5955186,200,Mexico City, Federal District, Mexico
https://www.airbnb.com/rooms/5955192,200,Hamburg, HH, Germany
https://www.airbnb.com/rooms/5955193,200,Manilva, Andalucía, Spain
https://www.airbnb.com/rooms/5955196,200,Barra de São Miguel, Alagoas, Brazil
https://www.airbnb.com/rooms/5955198,200,Les Sables-d&#x27;Olonne, Pays de la Loire, France
https://www.airbnb.com/rooms/5955204,200,Milano, Lombardia, Italy
https://www.airbnb.com/rooms/5955205,200,Irkutsk, Irkutskaya oblast&#x27;, Russia
https://www.airbnb.com/rooms/5955207,200,Philadelphia, PA, United States
https://www.airbnb.com/rooms/5955215,200,Cap-Zebib/Bizerte, Tunisia
https://www.airbnb.com/rooms/5955327,200,Kuta, Bali, Indonesia
https://www.airbnb.com/rooms/5955328,200,Toulon, Provence-Alpes-Côte d&#x27;Azur, France
https://www.airbnb.com/rooms/5955332,200,Tremont, ME, United States
https://www.airbnb.com/rooms/5955334,200,Vals Les Bains, France
https://www.airbnb.com/rooms/5955352,200,Paris, Île-de-France, France
https://www.airbnb.com/rooms/5955353,200,Offida, Marche, Italy
https://www.airbnb.com/rooms/5955363,200,Cheltenham, Gloucestershire, United Kingdom
https://www.airbnb.com/rooms/5955368,200,Sankt-Peterburg, Saint Petersburg, Russia
https://www.airbnb.com/rooms/5955379,200,Belavići, Karlovačka županija, Croatia
https://www.airbnb.com/rooms/5955383,200,Miami Beach, FL, United States
https://www.airbnb.com/rooms/5955384,200,Milano, Lombardia, Italy
https://www.airbnb.com/rooms/5955385,200,Dennis, MA, United States
https://www.airbnb.com/rooms/5955388,200,Montréal, Québec, Canada
https://www.airbnb.com/rooms/5955389,200,Washington, DC, United States
https://www.airbnb.com/rooms/5955390,200,Borðeyri, Westfjords, Iceland
https://www.airbnb.com/rooms/5955392,200,South Lake Tahoe, CA, United States
https://www.airbnb.com/rooms/5955398,200,San Francisco, CA, United States
https://www.airbnb.com/rooms/5955399,200,Whitehorse, Yukon Territory, Canada
https://www.airbnb.com/rooms/5955400,200,Faro District, Portugal, Faro District, Portugal
https://www.airbnb.com/rooms/5955401,200,Accous, Aquitaine, France
https://www.airbnb.com/rooms/5955405,200,Tulum, Quintana Roo, Mexico
https://www.airbnb.com/rooms/5955410,200,Dongan-gu, Anyang-si, Gyeonggi-do, South Korea
https://www.airbnb.com/rooms/5955417,200,İstanbul, İstanbul, Turkey
https://www.airbnb.com/rooms/5955423,200,Bibinje, Zadarska županija, Croatia
https://www.airbnb.com/rooms/5955428,200,Lisboa, Lisboa, Portugal
https://www.airbnb.com/rooms/5955431,200,Stavanger, Rogaland, Norway
https://www.airbnb.com/rooms/5955432,200,Amsterdam, Noord-Holland, Netherlands
https://www.airbnb.com/rooms/5955440,200,YCHOUX, Aquitaine, France
https://www.airbnb.com/rooms/5955442,200,Bodrum, Muğla, Turkey
https://www.airbnb.com/rooms/5955443,200,Lapte, Auvergne, France
https://www.airbnb.com/rooms/5955444,200,Destin, FL, United States
https://www.airbnb.com/rooms/5955485,200,L&#x27;Anse-Saint-Jean, Québec, Canada
https://www.airbnb.com/rooms/5955486,200,Pennadomo, Abruzzo, Italy
https://www.airbnb.com/rooms/5955489,200,Budva, Crna Gora, Montenegro
https://www.airbnb.com/rooms/5955493,200,Lagos, Faro, Portugal
https://www.airbnb.com/rooms/5955501,200,Fanore, Clare, Ireland
https://www.airbnb.com/rooms/5955502,200,Ivry-sur-Seine, Île-de-France, France
https://www.airbnb.com/rooms/5955504,200,Paris, Île-de-France, France
https://www.airbnb.com/rooms/5955506,200,Sankt-Peterburg, Saint Petersburg, Russia
https://www.airbnb.com/rooms/5955511,200,Equi Terme, Toscana, Italy
https://www.airbnb.com/rooms/5955523,200,İstanbul, İstanbul, Turkey
https://www.airbnb.com/rooms/5955634,200,New York, NY, United States
https://www.airbnb.com/rooms/5955647,200,Nazaré, Leiria, Portugal
https://www.airbnb.com/rooms/5955648,200,Playa del Carmen, Quintana Roo, Mexico
https://www.airbnb.com/rooms/5955652,200,Marina di Mancaversa, Puglia, Italy
https://www.airbnb.com/rooms/5955653,200,Miami Beach, FL, United States
https://www.airbnb.com/rooms/5955654,200,Mahabaleshwar, Maharashtra, India
https://www.airbnb.com/rooms/5955657,200,Douglas, Isle of Man, Isle of man, Isle of Man
https://www.airbnb.com/rooms/5955660,200,Trapani, Sicilia, Italy
https://www.airbnb.com/rooms/5955677,200,Málaga, Andalucía, Spain
https://www.airbnb.com/rooms/5955688,200,Сочи , Красная поляна, Краснодарский край, Russia
https://www.airbnb.com/rooms/5955692,200,IJmuiden, Noord-Holland, Netherlands
https://www.airbnb.com/rooms/5955693,200,Larache, Tangier-Tetouan, Morocco
https://www.airbnb.com/rooms/5955694,200,Banjol, Primorsko-goranska županija, Croatia
https://www.airbnb.com/rooms/5955700,200,Noord, Aruba
https://www.airbnb.com/rooms/5955702,200,Montpellier, Languedoc-Roussillon, France
https://www.airbnb.com/rooms/5955704,200,Lübeck, Schleswig-Holstein, Germany
https://www.airbnb.com/rooms/5955706,200,Sandton, Gauteng, South Africa
https://www.airbnb.com/rooms/5955709,200,Avignon, Provence-Alpes-Côte d&#x27;Azur, France
https://www.airbnb.com/rooms/5955710,200,King&#x27;s Cross, London, United Kingdom
https://www.airbnb.com/rooms/5955712,200,Cannes, Provence-Alpes-Côte d&#x27;Azur, France
https://www.airbnb.com/rooms/5955715,200,Marcols-les-Eaux, Rhone-Alpes, France
https://www.airbnb.com/rooms/5955719,200,Bombinhas, Santa Catarina, Brazil
https://www.airbnb.com/rooms/5955722,200,Brooklyn, NY, United States
https://www.airbnb.com/rooms/5955725,200,Jan Thiel, Curaçao, Curaçao
https://www.airbnb.com/rooms/5955731,200,Vallenay, Centre, France
https://www.airbnb.com/rooms/5955734,200,Minusio, Ticino, Switzerland
https://www.airbnb.com/rooms/5955735,200,Budva, Crna Gora, Montenegro
https://www.airbnb.com/rooms/5955736,200,Costa Mesa, CA, United States
https://www.airbnb.com/rooms/5955741,200,Chicago, IL, United States
https://www.airbnb.com/rooms/5955744,200,Castelldefels, Catalunya, Spain
https://www.airbnb.com/rooms/5955751,200,El Jadida, Doukkala-Abda, Morocco
https://www.airbnb.com/rooms/5955756,200,Quito, Pichincha, Ecuador
https://www.airbnb.com/rooms/5955759,200,Whitehorse, Yukon Territory, Canada
https://www.airbnb.com/rooms/5955765,200,Paris, Île-de-France, France
https://www.airbnb.com/rooms/5955768,200,Lézinnes, Bourgogne, France
https://www.airbnb.com/rooms/5955775,200,Milano, Lombardia, Italy
https://www.airbnb.com/rooms/5955778,200,Cannes, Provence-Alpes-Côte d&#x27;Azur, France
https://www.airbnb.com/rooms/5955784,200,Buenos Aires, Ciudad Autónoma de Buenos Aires, Argentina
https://www.airbnb.com/rooms/5955786,200,Rio de Janeiro, Rio de Janeiro, Brazil
https://www.airbnb.com/rooms/5955794,200,Carvoeira, Lisboa, Portugal
https://www.airbnb.com/rooms/5955800,200,Bend, OR, United States
https://www.airbnb.com/rooms/5955807,200,Seeboden, Kärnten, Austria
https://www.airbnb.com/rooms/5955811,200,Le Verdier, Midi-Pyrénées, France
https://www.airbnb.com/rooms/5955816,200,Valencia, Comunidad Valenciana, Spain
https://www.airbnb.com/rooms/5955819,200,Bordeaux, Aquitaine, France
https://www.airbnb.com/rooms/5955820,200,Icarai de Amontada, Ceará, Brazil
https://www.airbnb.com/rooms/5955943,200,Homer, AK, United States
https://www.airbnb.com/rooms/5955949,200,Tambon Bang Nam Chut, Chang Wat Samut Sakhon, Thailand
https://www.airbnb.com/rooms/5955953,200,Marrakesh, Marrakesh-Tensift-El Haouz, Morocco
https://www.airbnb.com/rooms/5955957,200,Oslo, Oslo, Norway
https://www.airbnb.com/rooms/5955975,200,Wanhua District, Taipei City, Taiwan
https://www.airbnb.com/rooms/5955976,200,Castellammare del Golfo, Sicilia, Italy
https://www.airbnb.com/rooms/5955977,200,Whitehorse, Yukon Territory, Canada
https://www.airbnb.com/rooms/5955989,200,Bologna, Emilia-Romagna, Italy
https://www.airbnb.com/rooms/5955991,200,Pisa, Toscana, Italy
https://www.airbnb.com/rooms/5955994,200,S&#x27;ena E Sa Chitta, Sardegna, Italy
https://www.airbnb.com/rooms/5955995,200,Las Vegas, NV, United States
https://www.airbnb.com/rooms/5955999,200,Jersey City, NJ, United States
https://www.airbnb.com/rooms/5956014,200,Jung-gu, Seoul, South Korea
https://www.airbnb.com/rooms/5956023,200,Itri, Lazio, Italy
https://www.airbnb.com/rooms/5956030,200,Las Vegas, NV, United States
https://www.airbnb.com/rooms/5956039,200,Moncarapacho, Faro, Portugal
https://www.airbnb.com/rooms/5956044,200,Manly, QLD, Australia
https://www.airbnb.com/rooms/5956156,200,Bagno di Romagna, Emilia-Romagna, Italy
https://www.airbnb.com/rooms/5956160,200,Gent, Vlaams Gewest, Belgium
https://www.airbnb.com/rooms/5956163,200,Sankt-Peterburg, Saint Petersburg, Russia
https://www.airbnb.com/rooms/5956165,200,Ljubljana, Ljubljana, Slovenia
https://www.airbnb.com/rooms/5956166,200,Venezia, Veneto, Italy
https://www.airbnb.com/rooms/5956171,200,Almazzago, Trentino-Alto Adige, Italy
https://www.airbnb.com/rooms/5956174,200,Lyon, Rhône-Alpes, France
https://www.airbnb.com/rooms/5956186,200,Mijas, Andalucía, Spain
https://www.airbnb.com/rooms/5956189,200,El Peñoncillo, Andalucía, Spain
https://www.airbnb.com/rooms/5956196,200,Saint Barthelemy, Saint Barthélemy
https://www.airbnb.com/rooms/5956211,200,Smardzewice, województwo łódzkie, Poland
https://www.airbnb.com/rooms/5956213,200,La Quinta, CA, United States
https://www.airbnb.com/rooms/5956214,200,Rochefort, Poitou-Charentes, France
https://www.airbnb.com/rooms/5956217,200,Port Dickson, Negeri Sembilan, Malaysia
https://www.airbnb.com/rooms/5956221,200,Sankt-Peterburg, Saint Petersburg, Russia
https://www.airbnb.com/rooms/5956227,200,Viagrande, Sicilia, Italy
https://www.airbnb.com/rooms/5956242,200,Bangkok, Bangkok, Thailand
https://www.airbnb.com/rooms/5956246,200,Søborg, Denmark
https://www.airbnb.com/rooms/5956253,200,Bagno di Romagna, Emilia-Romagna, Italy
https://www.airbnb.com/rooms/5956257,200,Brooklyn, NY, United States
https://www.airbnb.com/rooms/5956261,200,Salvador, Bahia, Brazil
https://www.airbnb.com/rooms/5956263,200,Greenville, NC, United States
https://www.airbnb.com/rooms/5956265,200,Arad, South District, Israel
https://www.airbnb.com/rooms/5956280,200,Ploemeur, Bretagne, France
https://www.airbnb.com/rooms/5956283,200,Dartmouth, Nova Scotia, Canada
https://www.airbnb.com/rooms/5956284,200,Milano, Lombardia, Italy
https://www.airbnb.com/rooms/5956288,200,Bodrum, Muğla, Turkey
https://www.airbnb.com/rooms/5956292,200,Paris, Île-de-France, France
https://www.airbnb.com/rooms/5956294,200,Lima, Lima, Peru
https://www.airbnb.com/rooms/5956299,200,Milano, Lombardia, Italy
https://www.airbnb.com/rooms/5956303,200,Miami, FL, United States
https://www.airbnb.com/rooms/5956304,200,Sorrento, Campania, Italy
https://www.airbnb.com/rooms/5956309,200,Denver, CO, United States
https://www.airbnb.com/rooms/5956310,200,Paris, Île-de-France, France
https://www.airbnb.com/rooms/5956312,200,Sidon District, South, Lebanon
https://www.airbnb.com/rooms/5956317,200,Fitzwilliam, NH, United States
https://www.airbnb.com/rooms/5956324,200,Gdynia, pomorskie, Poland
https://www.airbnb.com/rooms/5956330,200,London, United Kingdom
https://www.airbnb.com/rooms/5956344,200,New York, NY, United States
https://www.airbnb.com/rooms/5956350,200,Sorède, Languedoc-Roussillon, France
https://www.airbnb.com/rooms/5956352,200,Saint-André-de-Seignanx, Aquitaine, France
https://www.airbnb.com/rooms/5956460,200,Garopaba, Santa Catarina, Brazil
https://www.airbnb.com/rooms/5956472,200,London, United Kingdom
https://www.airbnb.com/rooms/5956481,200,Saint Barthelemy, Saint Barthélemy
https://www.airbnb.com/rooms/5956483,200,Weesp, Noord-Holland, Netherlands
https://www.airbnb.com/rooms/5956484,200,Methven, Canterbury, New Zealand
https://www.airbnb.com/rooms/5956500,200,Great Holm, United Kingdom
https://www.airbnb.com/rooms/5956501,200,Tibau do sul, RN, Brazil
https://www.airbnb.com/rooms/5956502,200,Borriol, Comunidad Valenciana, Spain
https://www.airbnb.com/rooms/5956506,200,Foz do Arelho, Leiria, Portugal
https://www.airbnb.com/rooms/5956511,200,Methven, Canterbury, New Zealand
https://www.airbnb.com/rooms/5956521,200,Ližnjan, Istarska županija, Croatia
https://www.airbnb.com/rooms/5956527,200,Calvisson, Languedoc-Roussillon, France
https://www.airbnb.com/rooms/5956530,200,Casenovole, Toscana, Italy
https://www.airbnb.com/rooms/5956534,200,Holmes Beach, FL, United States
https://www.airbnb.com/rooms/5956543,200,Sherman Oaks, CA, United States
https://www.airbnb.com/rooms/5956544,200,London, United Kingdom
https://www.airbnb.com/rooms/5956547,200,Cookham, United Kingdom
https://www.airbnb.com/rooms/5956552,200,Medulin, Istarska županija, Croatia
https://www.airbnb.com/rooms/5956558,200,Carmignano, Toscana, Italy
https://www.airbnb.com/rooms/5956561,200,Ugljan, Croatia
https://www.airbnb.com/rooms/5956672,200,Havana, Havana, Cuba
https://www.airbnb.com/rooms/5956685,200,Brela, Splitsko-dalmatinska županija, Croatia
https://www.airbnb.com/rooms/5956688,200,Milano, Lombardia, Italy
https://www.airbnb.com/rooms/5956692,200,Bologna, Emilia-Romagna, Italy
https://www.airbnb.com/rooms/5956695,200,Forest Hills, NY, United States
https://www.airbnb.com/rooms/5956699,200,Emeryville, CA, United States
https://www.airbnb.com/rooms/5956700,200,Hattingen, Nordrhein-Westfalen, Germany
https://www.airbnb.com/rooms/5956706,200,Rio de Janeiro, Rio de Janeiro, Brazil
https://www.airbnb.com/rooms/5956721,200,Pantin, Île-de-France, France
https://www.airbnb.com/rooms/5956722,200,Montpellier, Languedoc-Roussillon, France
https://www.airbnb.com/rooms/5956723,200,Port Seton, East Lothian, United Kingdom
https://www.airbnb.com/rooms/5956725,200,Cetara, Campania, Italy
https://www.airbnb.com/rooms/5956734,200,Brela, Splitsko-dalmatinska županija, Croatia
https://www.airbnb.com/rooms/5956742,200,Amsterdam, Noord-Holland, Netherlands
https://www.airbnb.com/rooms/5956747,200,Fiumaretta, Liguria, Italy
https://www.airbnb.com/rooms/5956753,200,Hyppeln, Öckerö, Sweden
https://www.airbnb.com/rooms/5956757,200,Castelraimondo, Marche, Italy
https://www.airbnb.com/rooms/5956760,200,La Habana Vieja, La Habana, Cuba
https://www.airbnb.com/rooms/5956766,200,Bretsch, Sachsen-Anhalt, Germany
https://www.airbnb.com/rooms/5956885,200,Saint-Malo, Bretagne, France
https://www.airbnb.com/rooms/5956887,200,Kharkiv, Kharkiv Oblast, Ukraine
https://www.airbnb.com/rooms/5956889,200,Noordwijkerhout, Zuid-Holland, Netherlands
https://www.airbnb.com/rooms/5956890,200,Halesworth, United Kingdom
https://www.airbnb.com/rooms/5956891,200,Hartland, VT, United States
https://www.airbnb.com/rooms/5956892,200,Calvi, Corse, France
https://www.airbnb.com/rooms/5956900,200,Lauderdale by the Sea, FL, United States
https://www.airbnb.com/rooms/5956901,200,València, Comunidad Valenciana, Spain
https://www.airbnb.com/rooms/5956910,200,Prosano, Marche, Italy
https://www.airbnb.com/rooms/5956911,200,Amsterdam, Noord-Holland, Netherlands
https://www.airbnb.com/rooms/5956915,200,Indian Trail, NC, United States
https://www.airbnb.com/rooms/5956919,200,La Chaussée-Saint-Victor, Centre, France
https://www.airbnb.com/rooms/5956922,200,San Diego, CA, United States
https://www.airbnb.com/rooms/5956923,200,Monale, Piemonte, Italy
https://www.airbnb.com/rooms/5956925,200,Sankt-Peterburg, Saint Petersburg, Russia
https://www.airbnb.com/rooms/5956932,200,Camaret-sur-Mer, Bretagne, France
https://www.airbnb.com/rooms/5956933,200,Cape Town, Western Cape, South Africa
https://www.airbnb.com/rooms/5956934,200,Milano, Lombardia, Italy
https://www.airbnb.com/rooms/5956938,200,Cuernavaca, Morelos, Mexico
https://www.airbnb.com/rooms/5956947,200,Rovinj, Istarska županija, Croatia
https://www.airbnb.com/rooms/5956948,200,Alcanar, Catalunya, Spain
https://www.airbnb.com/rooms/5956962,200,Saint-Malo, Bretagne, France
https://www.airbnb.com/rooms/5956968,200,Seattle, WA, United States
https://www.airbnb.com/rooms/5956969,200,Madrid, Comunidad de Madrid, Spain
https://www.airbnb.com/rooms/5956981,200,London, England, United Kingdom
https://www.airbnb.com/rooms/5956982,200,Acapulco, Guerrero, Mexico
https://www.airbnb.com/rooms/5956986,200,Ciudad de México, Distrito Federal, Mexico
https://www.airbnb.com/rooms/5956988,200,Novalja, Ličko-senjska županija, Croatia
https://www.airbnb.com/rooms/5956989,200,Stockholms Skargard, Norrtälje, Sweden
https://www.airbnb.com/rooms/5956990,200,Wanhua District, Taipei City, Taiwan
https://www.airbnb.com/rooms/5956993,200,Le Bouscat, Aquitaine, France
https://www.airbnb.com/rooms/5956996,200,Norrköping, Östergötlands län, Sweden
https://www.airbnb.com/rooms/5956999,200,Berkeley, CA, United States
https://www.airbnb.com/rooms/5957001,200,La Rochelle, Poitou-Charentes, France
https://www.airbnb.com/rooms/5957004,200,Villaviciosa de Odón, Comunidad de Madrid, Spain
https://www.airbnb.com/rooms/5957009,200,El Rosal, Cundinamarca, Colombia
https://www.airbnb.com/rooms/5957012,200,Tauranga, Bay Of Plenty, New Zealand
https://www.airbnb.com/rooms/5957016,200,Prague, Hlavní město Praha, Czech Republic
https://www.airbnb.com/rooms/5957018,200,Caldas Novas, Goiás, Brazil
https://www.airbnb.com/rooms/5957019,200,Martigues, Provence-Alpes-Côte d&#x27;Azur, France
https://www.airbnb.com/rooms/5957021,200,Strasbourg, Alsace, France
https://www.airbnb.com/rooms/5957023,200,Marseille, Provence-Alpes-Côte d&#x27;Azur, France
https://www.airbnb.com/rooms/5957024,200,Albufeira sesmarias , Algarve, Portugal
https://www.airbnb.com/rooms/5957025,200,Playa del Carmen, Quintana Roo, Mexico
https://www.airbnb.com/rooms/5957033,200,Siesta Key, FL, United States
https://www.airbnb.com/rooms/5957039,200,Seattle, WA, United States
https://www.airbnb.com/rooms/5957046,200,Amsterdam, Noord-Holland, Netherlands
https://www.airbnb.com/rooms/5957050,200,Mastrinka, Splitsko-dalmatinska županija, Croatia
https://www.airbnb.com/rooms/5957054,200,Ciudad de México, Distrito Federal, Mexico
https://www.airbnb.com/rooms/5957058,200,Landeronde, Pays de la Loire, France
https://www.airbnb.com/rooms/5957061,200,Saint Louis, MO, United States
https://www.airbnb.com/rooms/5957063,200,Augusta, SIRACUSA, Italy
https://www.airbnb.com/rooms/5957064,200,Salento, Quindío, Colombia
https://www.airbnb.com/rooms/5957065,200,Rouillac, Poitou-Charentes, France
https://www.airbnb.com/rooms/5957068,200,Roma, Lazio, Italy
https://www.airbnb.com/rooms/5957076,200,València, Comunidad Valenciana, Spain
https://www.airbnb.com/rooms/5957079,200,Firenze, Toscana, Italy
https://www.airbnb.com/rooms/5957081,200,La Couarde-sur-Mer, Poitou-Charentes, France
https://www.airbnb.com/rooms/5957082,200,Dorado, Dorado, Puerto Rico
https://www.airbnb.com/rooms/5957100,200,Idyllwild-Pine Cove, CA, United States
https://www.airbnb.com/rooms/5957107,200,Loubens-Lauragais, Midi-Pyrénées, France
https://www.airbnb.com/rooms/5957113,200,Cannes, Provence-Alpes-Côte d&#x27;Azur, France
https://www.airbnb.com/rooms/5957121,200,Los Angeles, CA, United States
https://www.airbnb.com/rooms/5957122,200,Camaguey, Camaguey, Cuba
https://www.airbnb.com/rooms/5957126,200,Milano, Lombardia, Italy
https://www.airbnb.com/rooms/5957129,200,Rødovre, Denmark
https://www.airbnb.com/rooms/5957137,200,Calgary, AB, Canada
https://www.airbnb.com/rooms/5957142,200,València, Comunidad Valenciana, Spain
https://www.airbnb.com/rooms/5957150,200,Milano, Lombardia, Italy
https://www.airbnb.com/rooms/5957162,200,Bellevue, KY, United States
https://www.airbnb.com/rooms/5957163,200,Санкт-Петербург, город Санкт-Петербург, Russia
https://www.airbnb.com/rooms/5957169,200,Knokke-Heist, Vlaams Gewest, Belgium
https://www.airbnb.com/rooms/5957171,200,Holmes Beach, FL, United States
https://www.airbnb.com/rooms/5957189,200,Roma, Lazio, Italy
https://www.airbnb.com/rooms/5957294,200,Le Tronchet, Bretagne, France
https://www.airbnb.com/rooms/5957297,200,Okuklje, Dubrovnik-Neretva County, Croatia
https://www.airbnb.com/rooms/5957299,200,Nice, Provence-Alpes-Côte d&#x27;Azur, France
https://www.airbnb.com/rooms/5957300,200,Roma, Lazio, Italy
https://www.airbnb.com/rooms/5957303,200,Psichiko, Greece
https://www.airbnb.com/rooms/5957306,200,Noord, Aruba
https://www.airbnb.com/rooms/5957307,200,Davis, CA, United States
https://www.airbnb.com/rooms/5957312,200,Dorado, Dorado, Puerto Rico
https://www.airbnb.com/rooms/5957316,200,Milano, Lombardia, Italy
https://www.airbnb.com/rooms/5957317,200,Rouillac, Poitou-Charentes, France
https://www.airbnb.com/rooms/5957323,200,Marina, GR, Italy
https://www.airbnb.com/rooms/5957332,200,Octon, Languedoc-Roussillon, France
https://www.airbnb.com/rooms/5957333,200,Solana Beach, CA, United States
https://www.airbnb.com/rooms/5957338,200,Mikulov, South Moravian Region, Czech Republic
https://www.airbnb.com/rooms/5957343,200,Beograd, Grad Beograd, Srbija, Serbia
https://www.airbnb.com/rooms/5957348,200,Paris, Île-de-France, France
https://www.airbnb.com/rooms/5957349,200,Vodice, Vodice, Croatia
https://www.airbnb.com/rooms/5957353,200,Milano, Lombardia, Italy
https://www.airbnb.com/rooms/5957363,200,Augusta, GA, United States
https://www.airbnb.com/rooms/5957366,200,Toronto, Ontario, Canada
https://www.airbnb.com/rooms/5957368,200,Toronto, ON, Canada
https://www.airbnb.com/rooms/5957381,200,Utrecht, Utrecht, Netherlands
https://www.airbnb.com/rooms/5957387,200,Köln, Nordrhein-Westfalen, Germany
https://www.airbnb.com/rooms/5957394,200,Kraków, małopolskie, Poland
https://www.airbnb.com/rooms/5957396,200,Sant&#x27;Egidio, Abruzzo, Italy
https://www.airbnb.com/rooms/5957399,200,Overland Park, KS, United States
https://www.airbnb.com/rooms/5957400,200,Katrineholm Ö, Södermanlands län, Sweden
https://www.airbnb.com/rooms/5957401,200,Baton Rouge, LA, United States
https://www.airbnb.com/rooms/5957408,200,Berlin, Berlin, Germany
https://www.airbnb.com/rooms/5957415,200,Nashville, TN, United States
https://www.airbnb.com/rooms/5957419,200,Breckenridge, CO, United States
https://www.airbnb.com/rooms/5957426,200,New Orleans, LA, United States
https://www.airbnb.com/rooms/5957433,200,Medulin, Istarska županija, Croatia
https://www.airbnb.com/rooms/5957460,200,Tbilisi, Tbilisi, Georgia
https://www.airbnb.com/rooms/5957463,200,Grecia, Alajuela, Costa Rica
https://www.airbnb.com/rooms/5957468,200,Stockholm, Stockholms län, Sweden
https://www.airbnb.com/rooms/5957469,200,Tiny, ON, Canada
https://www.airbnb.com/rooms/5957472,200,Roma, Lazio, Italy
https://www.airbnb.com/rooms/5957476,200,Beuron, Baden-Württemberg, Germany
https://www.airbnb.com/rooms/5957477,200,Barcelona, Barcelona, Spain
https://www.airbnb.com/rooms/5957484,200,Paris, Île-de-France, France
https://www.airbnb.com/rooms/5957493,200,Yodfat, North District, Israel
https://www.airbnb.com/rooms/5957494,200,Marrakesh, Marrakesh-Tensift-El Haouz, Morocco
https://www.airbnb.com/rooms/5957607,200,København, Denmark
https://www.airbnb.com/rooms/5957612,200,Santa Cruz de Tenerife, Canarias, Spain
https://www.airbnb.com/rooms/5957618,200,San Francisco, CA, United States
https://www.airbnb.com/rooms/5957621,200,Rīga, Rīgas pilsēta, Latvia
https://www.airbnb.com/rooms/5957622,200,Nashville, TN, United States
https://www.airbnb.com/rooms/5957626,200,Norman, OK, United States
https://www.airbnb.com/rooms/5957627,200,Corfu, Peloponnisos Dytiki Ellada ke Ionio, Greece
https://www.airbnb.com/rooms/5957631,200,Brighton, MA, United States
https://www.airbnb.com/rooms/5957636,200,Álora, Andalucía, Spain
https://www.airbnb.com/rooms/5957638,200,València, Comunidad Valenciana, Spain
https://www.airbnb.com/rooms/5957647,200,Roma, Lazio, Italy
https://www.airbnb.com/rooms/5957651,200,San Pedro Tlaquepaque, Jalisco, Mexico
https://www.airbnb.com/rooms/5957653,200,Roma, Lazio, Italy
https://www.airbnb.com/rooms/5957661,200,Ponta Delgada, Açores, Portugal
https://www.airbnb.com/rooms/5957663,200,Canet-en-Roussillon, Languedoc-Roussillon, France
https://www.airbnb.com/rooms/5957664,200,Athina, Greece
https://www.airbnb.com/rooms/5957666,200,Auckland, Auckland, New Zealand
https://www.airbnb.com/rooms/5957668,200,Thimari, Attica, Greece
https://www.airbnb.com/rooms/5957671,200,San Francisco, CA, United States
https://www.airbnb.com/rooms/5957678,200,Toronto, Ontario, Canada
https://www.airbnb.com/rooms/5957679,200,Budapest, Budapest, Hungary
https://www.airbnb.com/rooms/5957682,200,København K, Denmark
https://www.airbnb.com/rooms/5957686,200,Marinella di Selinunte, Sicilia, Italy
https://www.airbnb.com/rooms/5957692,200,San Dana, Puglia, Italy
https://www.airbnb.com/rooms/5957695,200,Providenciales, Turks and Caicos Islands
https://www.airbnb.com/rooms/5957706,200,University Place, WA, United States
https://www.airbnb.com/rooms/5957707,200,Southold, NY, United States
https://www.airbnb.com/rooms/5957714,200,Srokowo, Warmian-Masurian Voivodeship, Poland
https://www.airbnb.com/rooms/5957717,200,Paço de Arcos, Lisboa, Portugal
https://www.airbnb.com/rooms/5957720,200,Prague, Hlavní město Praha, Czech Republic
https://www.airbnb.com/rooms/5957723,200,Milano, Lombardia, Italy
https://www.airbnb.com/rooms/5957726,200,Paglieta
paglieta
, Abruzzo, Italy
https://www.airbnb.com/rooms/5957732,200,Jordan Valley, OR, United States
https://www.airbnb.com/rooms/5957733,200,Montreuil, Île-de-France, France
https://www.airbnb.com/rooms/5957743,200,Arcozelo, Porto, Portugal
https://www.airbnb.com/rooms/5957745,200,Lazkaomendi, Euskadi, Spain
https://www.airbnb.com/rooms/5957746,200,Vrboska, Split-Dalmatia County, Croatia
https://www.airbnb.com/rooms/5957748,200,Paris, Île-de-France, France
https://www.airbnb.com/rooms/5957749,200,São Paulo, State of São Paulo, Brazil
https://www.airbnb.com/rooms/5957750,200,Warsaw, MO, United States
https://www.airbnb.com/rooms/5957751,200,Kargıcak, Antalya, Turkey
https://www.airbnb.com/rooms/5957753,200,Meyersdale, PA, United States
https://www.airbnb.com/rooms/5957766,200,Boerne, TX, United States
https://www.airbnb.com/rooms/5957773,200,Beograd, Grad Beograd, Serbia
https://www.airbnb.com/rooms/5957779,200,Rimini, Emilia-Romagna, Italy
https://www.airbnb.com/rooms/5957898,200,La Grande-Motte, Languedoc-Roussillon, France
https://www.airbnb.com/rooms/5957899,200,Générargues, Languedoc-Roussillon, France
https://www.airbnb.com/rooms/5957902,200,Chattanooga, TN, United States
https://www.airbnb.com/rooms/5957908,200,Westport, Mayo, Ireland
https://www.airbnb.com/rooms/5957914,200,New York, NY, United States
https://www.airbnb.com/rooms/5957916,200,Leavenworth, WA, United States
https://www.airbnb.com/rooms/5957925,200,Selçuk, İzmir, Turkey
https://www.airbnb.com/rooms/5957926,200,Hialeah, FL, United States
https://www.airbnb.com/rooms/5957930,200,Zadar, Zadarska županija, Croatia
https://www.airbnb.com/rooms/5957931,200,West Hollywood, CA, United States
https://www.airbnb.com/rooms/5957944,200,Philadelphia, PA, United States
https://www.airbnb.com/rooms/5957946,200,Amman, Amman, Jordan
https://www.airbnb.com/rooms/5957952,200,Calafell, Catalunya, Spain
https://www.airbnb.com/rooms/5957967,200,Malè, Trentino-Alto Adige, Italy
https://www.airbnb.com/rooms/5957972,200,Barcelona, Catalunya, Spain
https://www.airbnb.com/rooms/5957973,200,Reykjavík, 大雷克雅未克区, Iceland
https://www.airbnb.com/rooms/5957975,200,Santiago de Cuba, Santiago de Cuba, Cuba
https://www.airbnb.com/rooms/5957976,200,Honolulu, HI, United States
https://www.airbnb.com/rooms/5957978,200,Paris, Île-de-France, France
https://www.airbnb.com/rooms/5957981,200,Bordeaux, Aquitaine, France
https://www.airbnb.com/rooms/5957991,200,Breckenridge, CO, United States
https://www.airbnb.com/rooms/5957993,200,Mannheim, Baden-Württemberg, Germany
https://www.airbnb.com/rooms/5957995,200,Whistler, BC, Canada
https://www.airbnb.com/rooms/5958003,200,Podstrana, Splitsko-dalmatinska županija, Croatia
https://www.airbnb.com/rooms/5958005,200,Rio de Janeiro, Rio de Janeiro, Brazil
https://www.airbnb.com/rooms/5958010,200,Mountain View, CA, United States
https://www.airbnb.com/rooms/5958013,200,New Orleans, LA, United States
https://www.airbnb.com/rooms/5958028,200,Healesville, VIC, Australia
https://www.airbnb.com/rooms/5958038,200,Bilgola Beach, NSW, Australia
https://www.airbnb.com/rooms/5958040,200,Montesquieu-des-Albères, Languedoc-Roussillon, France
https://www.airbnb.com/rooms/5958044,200,Lake Havasu City, AZ, United States
https://www.airbnb.com/rooms/5958046,200,Panamá, Panama
https://www.airbnb.com/rooms/5958050,200,Modi&#x27;in-Maccabim-Re&#x27;ut, Center District, Israel
https://www.airbnb.com/rooms/5958054,200,Montagnac, Languedoc-Roussillon, France
https://www.airbnb.com/rooms/5958065,200,Fatih, İstanbul, Turkey
https://www.airbnb.com/rooms/5958066,200,Mattituck, NY, United States
https://www.airbnb.com/rooms/5958080,200,Venice, Los Angeles, CA, United States
https://www.airbnb.com/rooms/5958089,200,Barcelona, Catalunya, Spain
https://www.airbnb.com/rooms/5958094,200,Domino , Poitou-Charentes, France
https://www.airbnb.com/rooms/5958096,200,Warszawa, mazowieckie, Poland
https://www.airbnb.com/rooms/5958212,200,Dublin, Dublin, Ireland
https://www.airbnb.com/rooms/5958216,200,Cisternino, Brindisi, Italy
https://www.airbnb.com/rooms/5958218,200,Ciudad de México, Distrito Federal, Mexico
https://www.airbnb.com/rooms/5958222,200,Redwood City, CA, United States
https://www.airbnb.com/rooms/5958230,200,Bilgola Beach, NSW, Australia
https://www.airbnb.com/rooms/5958249,200,Edinburgh, United Kingdom
https://www.airbnb.com/rooms/5958250,200,Havana, Havana, Cuba
https://www.airbnb.com/rooms/5958252,200,Washington, DC, United States
https://www.airbnb.com/rooms/5958253,200,Hamburg, Hamburg, Germany
https://www.airbnb.com/rooms/5958269,200,La Habana Vieja, La Habana, Cuba
https://www.airbnb.com/rooms/5958270,200,Chicago, IL, United States
https://www.airbnb.com/rooms/5958271,200,Rio de Janeiro, Rio de Janeiro, Brazil
https://www.airbnb.com/rooms/5958274,200,Nuevo Arenal , Guanacaste, Costa Rica
https://www.airbnb.com/rooms/5958283,200,Kuremaa, Jõgeva maakond, Estonia
https://www.airbnb.com/rooms/5958286,200,Lençóis, Bahia, Brazil
https://www.airbnb.com/rooms/5958295,200,Santa Clara, Villa Clara., Villa Clara, Cuba
https://www.airbnb.com/rooms/5958299,200,New York, NY, United States
https://www.airbnb.com/rooms/5958303,200,Xangri-Lá, Rio Grande do Sul, Brazil
https://www.airbnb.com/rooms/5958311,200,Póvoa de Varzim, Porto, Portugal
https://www.airbnb.com/rooms/5958430,200,Villacelama, León, Spain
https://www.airbnb.com/rooms/5958434,200,Montreal, QC, Canada
https://www.airbnb.com/rooms/5958436,200,Ciudad de México, Distrito Federal, Mexico
https://www.airbnb.com/rooms/5958441,200,Netanya, Center District, Israel
https://www.airbnb.com/rooms/5958445,200,Milano, Lombardia, Italy
https://www.airbnb.com/rooms/5958452,200,Palm Desert, CA, United States
https://www.airbnb.com/rooms/5958460,200,Licata, Sicilia, Italy
https://www.airbnb.com/rooms/5958461,200,Los Angeles, CA, United States
https://www.airbnb.com/rooms/5958462,200,Chandler, AZ, United States
https://www.airbnb.com/rooms/5958464,200,Chandler, AZ, United States
https://www.airbnb.com/rooms/5958468,200,Mount Washington, MA, United States
https://www.airbnb.com/rooms/5958472,200,Milano, Lombardia, Italy
https://www.airbnb.com/rooms/5958476,200,Sunnyvale, CA, United States
https://www.airbnb.com/rooms/5958480,200,Mainz, Rheinland-Pfalz, Germany
https://www.airbnb.com/rooms/5958486,200,Modena, Emilia-Romagna, Italy
https://www.airbnb.com/rooms/5958491,200,Stockholm, Stockholms län, Sweden
https://www.airbnb.com/rooms/5958492,200,Cawston, BC, Canada
https://www.airbnb.com/rooms/5958498,200,Seward, AK, United States
https://www.airbnb.com/rooms/5958501,200,Reykjavík, Capital Region, Iceland
https://www.airbnb.com/rooms/5958511,200,Demonte, Piemonte, Italy
https://www.airbnb.com/rooms/5958512,200,San Juan, San Juan, Puerto Rico
https://www.airbnb.com/rooms/5958518,200,East Warburton, Victoria, Australia
https://www.airbnb.com/rooms/5958521,200,Bellevue Hill, NSW, Australia
https://www.airbnb.com/rooms/5958528,200,Abuja, Federal Capital Territory, Nigeria
https://www.airbnb.com/rooms/5958529,200,Tempe, AZ, United States
https://www.airbnb.com/rooms/5958536,200,那覇市, 沖縄県, Japan
https://www.airbnb.com/rooms/5958556,200,Chatham, MA, United States
https://www.airbnb.com/rooms/5958567,200,Colares, Lisbon, Portugal
https://www.airbnb.com/rooms/5958578,200,Komarna, Dubrovačko-neretvanska županija, Croatia
https://www.airbnb.com/rooms/5958580,200,Hawthorn, VIC, Australia
https://www.airbnb.com/rooms/5958584,200,Los Angeles, CA, United States
https://www.airbnb.com/rooms/5958593,200,Charlotte Amalie East, St. Thomas, U.S. Virgin Islands
https://www.airbnb.com/rooms/5958606,200,Neutral Bay, NSW, Australia
https://www.airbnb.com/rooms/5958608,200,San Francisco, CA, United States
https://www.airbnb.com/rooms/5958622,200,Milano, Lombardia, Italy
https://www.airbnb.com/rooms/5958626,200,St&#x27;Patricks Grenada, Saint Patrick&#x27;s, Grenada
https://www.airbnb.com/rooms/5958737,200,Carini, Sicilia, Italy
https://www.airbnb.com/rooms/5958738,200,North Melbourne, VIC, Australia
https://www.airbnb.com/rooms/5958742,200,Wellington, Wellington, New Zealand
https://www.airbnb.com/rooms/5958745,200,Philadelphia, PA, United States
https://www.airbnb.com/rooms/5958749,200,Cow Bay, Queensland, Australia
https://www.airbnb.com/rooms/5958768,200,Indialantic, FL, United States
https://www.airbnb.com/rooms/5958769,200,Montréal, Québec, Canada
https://www.airbnb.com/rooms/5958772,200,Brooklyn, NY, United States
https://www.airbnb.com/rooms/5958777,200,Miraflores, Lima, Peru
https://www.airbnb.com/rooms/5958779,200,Indio, CA, United States
https://www.airbnb.com/rooms/5958784,200,Camberwell, VIC, Australia
https://www.airbnb.com/rooms/5958785,200,Paris, Île-de-France, France
https://www.airbnb.com/rooms/5958791,200,Salt Spring Island, BC, Canada
https://www.airbnb.com/rooms/5958792,200,Columbia, MO, United States
https://www.airbnb.com/rooms/5958805,200,Kailua-Kona, HI, United States
https://www.airbnb.com/rooms/5958807,200,Abuja, Federal Capital Territory, Nigeria
https://www.airbnb.com/rooms/5958809,200,Los Angeles, CA, United States
https://www.airbnb.com/rooms/5958815,200,Saint-Mandrier-sur-Mer, France
https://www.airbnb.com/rooms/5958827,200,Lancaster, PA, United States
https://www.airbnb.com/rooms/5958829,200,Miami, FL, United States
https://www.airbnb.com/rooms/5958839,200,Hurghada, Red Sea Governorate, Egypt
https://www.airbnb.com/rooms/5958841,200,Porto, Porto, Portugal
https://www.airbnb.com/rooms/5958960,200,East Hampton, NY, United States
https://www.airbnb.com/rooms/5958961,200,Louisville, KY, United States
https://www.airbnb.com/rooms/5958972,200,Porto, Porto, Portugal
https://www.airbnb.com/rooms/5958974,200,Calgary, Alberta, Canada
https://www.airbnb.com/rooms/5958976,200,Pasadena, CA, United States
https://www.airbnb.com/rooms/5958990,200,Rio de Janeiro, Rio de Janeiro, Brazil
https://www.airbnb.com/rooms/5958995,200,Te Horo Beach, Wellington, New Zealand
https://www.airbnb.com/rooms/5959010,200,La Quinta, CA, United States
https://www.airbnb.com/rooms/5959011,200,Haast, West Coast, New Zealand
https://www.airbnb.com/rooms/5959014,200,São Paulo, SP, Brazil
https://www.airbnb.com/rooms/5959016,200,Palo Alto, CA, United States
https://www.airbnb.com/rooms/5959019,200,Roma, Lazio, Italy
https://www.airbnb.com/rooms/5959020,200,Beverly Hills, CA, United States
https://www.airbnb.com/rooms/5959030,200,Bowen, QLD, Australia
https://www.airbnb.com/rooms/5959036,200,San Miguel de Allende, Guanajuato, Mexico
https://www.airbnb.com/rooms/5959037,200,Viña del Mar, Valparaíso, Chile
https://www.airbnb.com/rooms/5959039,200,San Diego, CA, United States
https://www.airbnb.com/rooms/5959040,200,Catheys Valley, CA, United States
https://www.airbnb.com/rooms/5959050,200,Tucson, AZ, United States
https://www.airbnb.com/rooms/5959053,200,Stafford, VA, United States
https://www.airbnb.com/rooms/5959060,200,大嶼山, 新界, Hong Kong
https://www.airbnb.com/rooms/5959062,200,Darlinghurst, NSW, Australia
https://www.airbnb.com/rooms/5959077,200,Toronto, ON, Canada
https://www.airbnb.com/rooms/5959079,200,Brno, South Moravian Region, Czech Republic
https://www.airbnb.com/rooms/5959084,200,Old Orchard Beach, ME, United States
https://www.airbnb.com/rooms/5959091,200,Mitcham, VIC, Australia
https://www.airbnb.com/rooms/5959095,200,Omaha, NE, United States
https://www.airbnb.com/rooms/5959096,200,Paraty, Rio de Janeiro, Brazil
https://www.airbnb.com/rooms/5959108,200,Shanghai, Shanghai Shi, China
https://www.airbnb.com/rooms/5959114,200,Springfield, QLD, Australia
https://www.airbnb.com/rooms/5959115,200,Chicago, IL, United States
https://www.airbnb.com/rooms/5959117,200,Trinidad, Sancti Spíritus, Cuba
https://www.airbnb.com/rooms/5959118,200,Singapore, Singapore
https://www.airbnb.com/rooms/5959121,200,Traverse City, MI, United States
https://www.airbnb.com/rooms/5959135,200,São Paulo, São Paulo, Brazil
https://www.airbnb.com/rooms/5959136,200,Federal, NSW, Australia
https://www.airbnb.com/rooms/5959138,200,Longueuil, Québec, Canada
https://www.airbnb.com/rooms/5959153,200,New York, NY, United States
https://www.airbnb.com/rooms/5959269,200,Managua, Managua, Nicaragua
https://www.airbnb.com/rooms/5959272,200,Los Angeles, CA, United States
https://www.airbnb.com/rooms/5959275,200,Glenorchy, Otago, New Zealand
https://www.airbnb.com/rooms/5959283,200,Collaroy, NSW, Australia
https://www.airbnb.com/rooms/5959285,200,Portland, OR, United States
https://www.airbnb.com/rooms/5959289,200,Miami Beach, FL, United States
https://www.airbnb.com/rooms/5959291,200,Los Angeles, CA, United States
https://www.airbnb.com/rooms/5959301,200,Bullet Tree Falls, Cayo, Belize
https://www.airbnb.com/rooms/5959304,200,Fairlight, NSW, Australia
https://www.airbnb.com/rooms/5959314,200,Zapopan, Jalisco, Mexico
https://www.airbnb.com/rooms/5959324,200,Lance aux Epines, Saint George, Grenada
https://www.airbnb.com/rooms/5959328,200,Auckland, Auckland, New Zealand
https://www.airbnb.com/rooms/5959330,200,Camberwell, VIC, Australia
https://www.airbnb.com/rooms/5959336,200,Phuket, Phuket, Thailand
https://www.airbnb.com/rooms/5959343,200,Queenscliff, NSW, Australia
https://www.airbnb.com/rooms/5959349,200,Richmond, BC, Canada
https://www.airbnb.com/rooms/5959353,200,Tambon Rawai, Chang Wat Phuket, Thailand
https://www.airbnb.com/rooms/5959355,200,Bondi Beach, NSW, Australia
https://www.airbnb.com/rooms/5959358,200,Omaha, NE, United States
https://www.airbnb.com/rooms/5959373,200,Tahoe City, CA, United States
https://www.airbnb.com/rooms/5959383,200,Rio Grande, Río Grande, Puerto Rico
https://www.airbnb.com/rooms/5959395,200,Minneapolis, MN, United States
https://www.airbnb.com/rooms/5959402,200,Pokhara, Lakeside, Nepal
https://www.airbnb.com/rooms/5959419,200,Paris, Île-de-France, France
https://www.airbnb.com/rooms/5959426,200,Jongno-gu, Seoul, South Korea
https://www.airbnb.com/rooms/5959436,200,Sanya, Hainan, China
https://www.airbnb.com/rooms/5959438,200,general luna, siargao island, surigao del norte, Philippines
https://www.airbnb.com/rooms/5959439,200,Pollença, Illes Balears, Spain
https://www.airbnb.com/rooms/5959443,200,Melaka, Melaka, Malaysia
https://www.airbnb.com/rooms/5959452,200,New York, NY, United States
https://www.airbnb.com/rooms/5959453,200,Miami, FL, United States
https://www.airbnb.com/rooms/5959456,200,Mizuho-machi, Tōkyō-to, Japan
https://www.airbnb.com/rooms/5959583,200,Denpasar Utara, Bali, Indonesia
https://www.airbnb.com/rooms/5959601,200,Parañaque, Metro Manila, Philippines
https://www.airbnb.com/rooms/5959611,200,Hải Châu, Đà Nẵng, Vietnam
https://www.airbnb.com/rooms/5959631,200,Stonehaven, Scotland, United Kingdom
https://www.airbnb.com/rooms/5959634,200,Jimbaran, Bali, Indonesia
https://www.airbnb.com/rooms/5959641,200,Hawaii, United States, HI, United States
https://www.airbnb.com/rooms/5959642,200,Guilin Shi, Guangxi Zhuangzuzizhiqu, China
https://www.airbnb.com/rooms/5959651,200,Guaymallen, Mendoza, Argentina
https://www.airbnb.com/rooms/5959666,200,Shinjuku, Tokyo, Japan
https://www.airbnb.com/rooms/5959675,200,Honolulu, HI, United States
https://www.airbnb.com/rooms/5959680,200,Stockholm, Stockholms län, Sweden
https://www.airbnb.com/rooms/5959682,200,St. Peter Parish, Barbados, Saint Peter, Barbados
https://www.airbnb.com/rooms/5959686,200,Boulder, CO, United States
https://www.airbnb.com/rooms/5959798,200,Guilin Shi, Guangxi Zhuangzuzizhiqu, China
https://www.airbnb.com/rooms/5959801,200,Dunedin, Otago, New Zealand
https://www.airbnb.com/rooms/5959804,200,Mae Hia sub district, Chiang Mai, Thailand
https://www.airbnb.com/rooms/5959808,200,Christchurch, Canterbury, New Zealand
https://www.airbnb.com/rooms/5959815,200,Máncora District, Piura, Peru
https://www.airbnb.com/rooms/5959816,200,Seattle, WA, United States
https://www.airbnb.com/rooms/5959830,200,Hudson, FL, United States
https://www.airbnb.com/rooms/5959835,200,Colorado Springs, CO, United States
https://www.airbnb.com/rooms/5959845,200,Los Angeles, CA, United States
https://www.airbnb.com/rooms/5959848,200,Beijing, Beijing, China
https://www.airbnb.com/rooms/5959853,200,Hourtin, Aquitaine, France
https://www.airbnb.com/rooms/5959865,200,Nelson, Nelson, New Zealand
https://www.airbnb.com/rooms/5959872,200,La Rochelle, Poitou-Charentes, France
https://www.airbnb.com/rooms/5959882,200,Los Angeles, CA, United States
